Determining if the function sgemm_ exists failed with the following output:
Change Dir: /home/yukki/Downloads/ros_ws/src/build/armor_tracker/CMakeFiles/CMakeTmp

Run Build Command(s):/usr/bin/gmake -f Makefile cmTC_fecd3/fast && /usr/bin/gmake  -f CMakeFiles/cmTC_fecd3.dir/build.make CMakeFiles/cmTC_fecd3.dir/build
gmake[1]: Entering directory '/home/yukki/Downloads/ros_ws/src/build/armor_tracker/CMakeFiles/CMakeTmp'
Building C object CMakeFiles/cmTC_fecd3.dir/CheckFunctionExists.c.o
/usr/bin/cc   -DCHECK_FUNCTION_EXISTS=sgemm_ -o CMakeFiles/cmTC_fecd3.dir/CheckFunctionExists.c.o -c /usr/share/cmake-3.22/Modules/CheckFunctionExists.c
Linking C executable cmTC_fecd3
/usr/bin/cmake -E cmake_link_script CMakeFiles/cmTC_fecd3.dir/link.txt --verbose=1
/usr/bin/cc  -DCHECK_FUNCTION_EXISTS=sgemm_ CMakeFiles/cmTC_fecd3.dir/CheckFunctionExists.c.o -o cmTC_fecd3 
/usr/bin/ld: CMakeFiles/cmTC_fecd3.dir/CheckFunctionExists.c.o: in function `main':
CheckFunctionExists.c:(.text+0x14): undefined reference to `sgemm_'
collect2: error: ld returned 1 exit status
gmake[1]: *** [CMakeFiles/cmTC_fecd3.dir/build.make:99: cmTC_fecd3] Error 1
gmake[1]: Leaving directory '/home/yukki/Downloads/ros_ws/src/build/armor_tracker/CMakeFiles/CMakeTmp'
gmake: *** [Makefile:127: cmTC_fecd3/fast] Error 2



Determining if the function cheev_ exists failed with the following output:
Change Dir: /home/yukki/Downloads/ros_ws/src/build/armor_tracker/CMakeFiles/CMakeTmp

Run Build Command(s):/usr/bin/gmake -f Makefile cmTC_dc5c3/fast && /usr/bin/gmake  -f CMakeFiles/cmTC_dc5c3.dir/build.make CMakeFiles/cmTC_dc5c3.dir/build
gmake[1]: Entering directory '/home/yukki/Downloads/ros_ws/src/build/armor_tracker/CMakeFiles/CMakeTmp'
Building C object CMakeFiles/cmTC_dc5c3.dir/CheckFunctionExists.c.o
/usr/bin/cc   -DCHECK_FUNCTION_EXISTS=cheev_ -o CMakeFiles/cmTC_dc5c3.dir/CheckFunctionExists.c.o -c /usr/share/cmake-3.22/Modules/CheckFunctionExists.c
Linking C executable cmTC_dc5c3
/usr/bin/cmake -E cmake_link_script CMakeFiles/cmTC_dc5c3.dir/link.txt --verbose=1
/usr/bin/cc  -DCHECK_FUNCTION_EXISTS=cheev_ CMakeFiles/cmTC_dc5c3.dir/CheckFunctionExists.c.o -o cmTC_dc5c3  /usr/lib/x86_64-linux-gnu/libblas.so /usr/lib/x86_64-linux-gnu/libf77blas.so /usr/lib/x86_64-linux-gnu/libatlas.so -lm -ldl 
/usr/bin/ld: CMakeFiles/cmTC_dc5c3.dir/CheckFunctionExists.c.o: in function `main':
CheckFunctionExists.c:(.text+0x14): undefined reference to `cheev_'
collect2: error: ld returned 1 exit status
gmake[1]: *** [CMakeFiles/cmTC_dc5c3.dir/build.make:102: cmTC_dc5c3] Error 1
gmake[1]: Leaving directory '/home/yukki/Downloads/ros_ws/src/build/armor_tracker/CMakeFiles/CMakeTmp'
gmake: *** [Makefile:127: cmTC_dc5c3/fast] Error 2



Determining if the function cheev_ exists failed with the following output:
Change Dir: /home/yukki/Downloads/ros_ws/src/build/armor_tracker/CMakeFiles/CMakeTmp

Run Build Command(s):/usr/bin/gmake -f Makefile cmTC_0e5dd/fast && /usr/bin/gmake  -f CMakeFiles/cmTC_0e5dd.dir/build.make CMakeFiles/cmTC_0e5dd.dir/build
gmake[1]: Entering directory '/home/yukki/Downloads/ros_ws/src/build/armor_tracker/CMakeFiles/CMakeTmp'
Building C object CMakeFiles/cmTC_0e5dd.dir/CheckFunctionExists.c.o
/usr/bin/cc   -DCHECK_FUNCTION_EXISTS=cheev_ -o CMakeFiles/cmTC_0e5dd.dir/CheckFunctionExists.c.o -c /usr/share/cmake-3.22/Modules/CheckFunctionExists.c
Linking C executable cmTC_0e5dd
/usr/bin/cmake -E cmake_link_script CMakeFiles/cmTC_0e5dd.dir/link.txt --verbose=1
/usr/bin/cc  -DCHECK_FUNCTION_EXISTS=cheev_ CMakeFiles/cmTC_0e5dd.dir/CheckFunctionExists.c.o -o cmTC_0e5dd  /usr/lib/x86_64-linux-gnu/liblapack.so /usr/lib/x86_64-linux-gnu/libblas.so /usr/lib/x86_64-linux-gnu/libf77blas.so /usr/lib/x86_64-linux-gnu/libatlas.so -fortranlibs 
cc: error: unrecognized command-line option ‘-fortranlibs’
gmake[1]: *** [CMakeFiles/cmTC_0e5dd.dir/build.make:103: cmTC_0e5dd] Error 1
gmake[1]: Leaving directory '/home/yukki/Downloads/ros_ws/src/build/armor_tracker/CMakeFiles/CMakeTmp'
gmake: *** [Makefile:127: cmTC_0e5dd/fast] Error 2



