[0.048s] Invoking command in '/home/yukki/Downloads/ros_ws/build/rm_auto_aim': AMENT_PREFIX_PATH=/home/yukki/Downloads/ros_ws/install/armor_tracker:/home/yukki/Downloads/ros_ws/install/armor_detector:/home/yukki/Downloads/ros_ws/install/auto_aim_interfaces:${AMENT_PREFIX_PATH} CMAKE_PREFIX_PATH=/home/yukki/Downloads/ros_ws/install/armor_tracker:/home/yukki/Downloads/ros_ws/install/armor_detector:/home/yukki/Downloads/ros_ws/install/auto_aim_interfaces:/opt/ros/humble LD_LIBRARY_PATH=/home/yukki/Downloads/ros_ws/install/armor_tracker/lib:/home/yukki/Downloads/ros_ws/install/armor_detector/lib:/home/yukki/Downloads/ros_ws/install/auto_aim_interfaces/lib:/opt/MVS/lib/64:/opt/MVS/lib/32:/opt/ros/humble/opt/rviz_ogre_vendor/lib:/opt/ros/humble/lib/x86_64-linux-gnu:/opt/ros/humble/lib:/opt/MVS/lib/64:/opt/MVS/lib/32:/opt/MVS/lib/64:/opt/MVS/lib/32 PYTHONPATH=/home/yukki/Downloads/ros_ws/install/auto_aim_interfaces/local/lib/python3.10/dist-packages:${PYTHONPATH} /usr/bin/cmake --build /home/yukki/Downloads/ros_ws/build/rm_auto_aim -- -j16 -l16
[0.085s] Invoked command in '/home/yukki/Downloads/ros_ws/build/rm_auto_aim' returned '0': AMENT_PREFIX_PATH=/home/yukki/Downloads/ros_ws/install/armor_tracker:/home/yukki/Downloads/ros_ws/install/armor_detector:/home/yukki/Downloads/ros_ws/install/auto_aim_interfaces:${AMENT_PREFIX_PATH} CMAKE_PREFIX_PATH=/home/yukki/Downloads/ros_ws/install/armor_tracker:/home/yukki/Downloads/ros_ws/install/armor_detector:/home/yukki/Downloads/ros_ws/install/auto_aim_interfaces:/opt/ros/humble LD_LIBRARY_PATH=/home/yukki/Downloads/ros_ws/install/armor_tracker/lib:/home/yukki/Downloads/ros_ws/install/armor_detector/lib:/home/yukki/Downloads/ros_ws/install/auto_aim_interfaces/lib:/opt/MVS/lib/64:/opt/MVS/lib/32:/opt/ros/humble/opt/rviz_ogre_vendor/lib:/opt/ros/humble/lib/x86_64-linux-gnu:/opt/ros/humble/lib:/opt/MVS/lib/64:/opt/MVS/lib/32:/opt/MVS/lib/64:/opt/MVS/lib/32 PYTHONPATH=/home/yukki/Downloads/ros_ws/install/auto_aim_interfaces/local/lib/python3.10/dist-packages:${PYTHONPATH} /usr/bin/cmake --build /home/yukki/Downloads/ros_ws/build/rm_auto_aim -- -j16 -l16
[0.110s] Invoking command in '/home/yukki/Downloads/ros_ws/build/rm_auto_aim': AMENT_PREFIX_PATH=/home/yukki/Downloads/ros_ws/install/armor_tracker:/home/yukki/Downloads/ros_ws/install/armor_detector:/home/yukki/Downloads/ros_ws/install/auto_aim_interfaces:${AMENT_PREFIX_PATH} CMAKE_PREFIX_PATH=/home/yukki/Downloads/ros_ws/install/armor_tracker:/home/yukki/Downloads/ros_ws/install/armor_detector:/home/yukki/Downloads/ros_ws/install/auto_aim_interfaces:/opt/ros/humble LD_LIBRARY_PATH=/home/yukki/Downloads/ros_ws/install/armor_tracker/lib:/home/yukki/Downloads/ros_ws/install/armor_detector/lib:/home/yukki/Downloads/ros_ws/install/auto_aim_interfaces/lib:/opt/MVS/lib/64:/opt/MVS/lib/32:/opt/ros/humble/opt/rviz_ogre_vendor/lib:/opt/ros/humble/lib/x86_64-linux-gnu:/opt/ros/humble/lib:/opt/MVS/lib/64:/opt/MVS/lib/32:/opt/MVS/lib/64:/opt/MVS/lib/32 PYTHONPATH=/home/yukki/Downloads/ros_ws/install/auto_aim_interfaces/local/lib/python3.10/dist-packages:${PYTHONPATH} /usr/bin/cmake --install /home/yukki/Downloads/ros_ws/build/rm_auto_aim
[0.117s] -- Install configuration: ""
[0.117s] -- Execute custom install script
[0.117s] -- Up-to-date symlink: /home/yukki/Downloads/ros_ws/install/rm_auto_aim/share/ament_index/resource_index/package_run_dependencies/rm_auto_aim
[0.118s] -- Up-to-date symlink: /home/yukki/Downloads/ros_ws/install/rm_auto_aim/share/ament_index/resource_index/parent_prefix_path/rm_auto_aim
[0.118s] -- Up-to-date symlink: /home/yukki/Downloads/ros_ws/install/rm_auto_aim/share/rm_auto_aim/environment/ament_prefix_path.sh
[0.118s] -- Up-to-date symlink: /home/yukki/Downloads/ros_ws/install/rm_auto_aim/share/rm_auto_aim/environment/ament_prefix_path.dsv
[0.118s] -- Up-to-date symlink: /home/yukki/Downloads/ros_ws/install/rm_auto_aim/share/rm_auto_aim/environment/path.sh
[0.118s] -- Up-to-date symlink: /home/yukki/Downloads/ros_ws/install/rm_auto_aim/share/rm_auto_aim/environment/path.dsv
[0.118s] -- Up-to-date symlink: /home/yukki/Downloads/ros_ws/install/rm_auto_aim/share/rm_auto_aim/local_setup.bash
[0.118s] -- Up-to-date symlink: /home/yukki/Downloads/ros_ws/install/rm_auto_aim/share/rm_auto_aim/local_setup.sh
[0.118s] -- Up-to-date symlink: /home/yukki/Downloads/ros_ws/install/rm_auto_aim/share/rm_auto_aim/local_setup.zsh
[0.118s] -- Up-to-date symlink: /home/yukki/Downloads/ros_ws/install/rm_auto_aim/share/rm_auto_aim/local_setup.dsv
[0.118s] -- Symlinking: /home/yukki/Downloads/ros_ws/install/rm_auto_aim/share/rm_auto_aim/package.dsv
[0.127s] -- Up-to-date symlink: /home/yukki/Downloads/ros_ws/install/rm_auto_aim/share/ament_index/resource_index/packages/rm_auto_aim
[0.128s] -- Up-to-date symlink: /home/yukki/Downloads/ros_ws/install/rm_auto_aim/share/rm_auto_aim/cmake/rm_auto_aimConfig.cmake
[0.128s] -- Up-to-date symlink: /home/yukki/Downloads/ros_ws/install/rm_auto_aim/share/rm_auto_aim/cmake/rm_auto_aimConfig-version.cmake
[0.128s] -- Up-to-date symlink: /home/yukki/Downloads/ros_ws/install/rm_auto_aim/share/rm_auto_aim/package.xml
[0.129s] Invoked command in '/home/yukki/Downloads/ros_ws/build/rm_auto_aim' returned '0': AMENT_PREFIX_PATH=/home/yukki/Downloads/ros_ws/install/armor_tracker:/home/yukki/Downloads/ros_ws/install/armor_detector:/home/yukki/Downloads/ros_ws/install/auto_aim_interfaces:${AMENT_PREFIX_PATH} CMAKE_PREFIX_PATH=/home/yukki/Downloads/ros_ws/install/armor_tracker:/home/yukki/Downloads/ros_ws/install/armor_detector:/home/yukki/Downloads/ros_ws/install/auto_aim_interfaces:/opt/ros/humble LD_LIBRARY_PATH=/home/yukki/Downloads/ros_ws/install/armor_tracker/lib:/home/yukki/Downloads/ros_ws/install/armor_detector/lib:/home/yukki/Downloads/ros_ws/install/auto_aim_interfaces/lib:/opt/MVS/lib/64:/opt/MVS/lib/32:/opt/ros/humble/opt/rviz_ogre_vendor/lib:/opt/ros/humble/lib/x86_64-linux-gnu:/opt/ros/humble/lib:/opt/MVS/lib/64:/opt/MVS/lib/32:/opt/MVS/lib/64:/opt/MVS/lib/32 PYTHONPATH=/home/yukki/Downloads/ros_ws/install/auto_aim_interfaces/local/lib/python3.10/dist-packages:${PYTHONPATH} /usr/bin/cmake --install /home/yukki/Downloads/ros_ws/build/rm_auto_aim
