[0.154s] Invoking command in '/home/yukki/Downloads/ros_ws/src/build/armor_tracker': AMENT_PREFIX_PATH=/home/yukki/Downloads/ros_ws/src/install/auto_aim_interfaces:${AMENT_PREFIX_PATH} CMAKE_PREFIX_PATH=/home/yukki/Downloads/ros_ws/src/install/auto_aim_interfaces:/home/yukki/Downloads/ros2_ws/install/rm_vision_bringup:/home/yukki/Downloads/ros2_ws/install/rm_serial_driver:/home/yukki/Downloads/ros2_ws/install/rm_gimbal_description:/home/yukki/Downloads/ros2_ws/install/rm_auto_aim:/home/yukki/Downloads/ros2_ws/install/pkg_hello_cpp:/home/yukki/Downloads/ros2_ws/install/mindvision_camera:/home/yukki/Downloads/ros2_ws/install/hik_camera:/home/yukki/Downloads/ros2_ws/install/armor_tracker:/home/yukki/Downloads/ros2_ws/install/armor_detector:/home/yukki/Downloads/ros2_ws/install/auto_aim_interfaces:/opt/ros/humble LD_LIBRARY_PATH=/home/yukki/Downloads/ros_ws/src/install/auto_aim_interfaces/lib:/home/yukki/Downloads/ros2_ws/install/rm_serial_driver/lib:/home/yukki/Downloads/ros2_ws/install/mindvision_camera/lib:/home/yukki/Downloads/ros2_ws/install/hik_camera/lib:/home/yukki/Downloads/ros2_ws/install/armor_tracker/lib:/home/yukki/Downloads/ros2_ws/install/armor_detector/lib:/home/yukki/Downloads/ros2_ws/install/auto_aim_interfaces/lib:/opt/MVS/lib/64:/opt/MVS/lib/32:/opt/ros/humble/opt/rviz_ogre_vendor/lib:/opt/ros/humble/lib/x86_64-linux-gnu:/opt/ros/humble/lib:/opt/MVS/lib/64:/opt/MVS/lib/32:/opt/MVS/lib/64:/opt/MVS/lib/32 PYTHONPATH=/home/yukki/Downloads/ros_ws/src/install/auto_aim_interfaces/local/lib/python3.10/dist-packages:${PYTHONPATH} /usr/bin/cmake /home/yukki/Downloads/ros_ws/src/rm_auto_aim/armor_tracker -DAMENT_CMAKE_SYMLINK_INSTALL=1 -DCMAKE_INSTALL_PREFIX=/home/yukki/Downloads/ros_ws/src/install/armor_tracker
[0.217s] -- The C compiler identification is GNU 11.4.0
[0.273s] -- The CXX compiler identification is GNU 11.4.0
[0.282s] -- Detecting C compiler ABI info
[0.356s] -- Detecting C compiler ABI info - done
[0.366s] -- Check for working C compiler: /usr/bin/cc - skipped
[0.366s] -- Detecting C compile features
[0.366s] -- Detecting C compile features - done
[0.370s] -- Detecting CXX compiler ABI info
[0.455s] -- Detecting CXX compiler ABI info - done
[0.461s] -- Check for working CXX compiler: /usr/bin/c++ - skipped
[0.461s] -- Detecting CXX compile features
[0.461s] -- Detecting CXX compile features - done
[0.465s] -- Found ament_cmake_auto: 1.3.6 (/opt/ros/humble/share/ament_cmake_auto/cmake)
[0.866s] -- Found Python3: /usr/bin/python3.10 (found version "3.10.12") found components: Interpreter 
[0.929s] -- Override CMake install command with custom implementation using symlinks instead of copying resources
[0.994s] -- Found OpenCV: /usr/local (found suitable version "4.8.0", minimum required is "4") 
[1.000s] -- Looking for pthread.h
[1.079s] -- Looking for pthread.h - found
[1.079s] -- Performing Test CMAKE_HAVE_LIBC_PTHREAD
[1.161s] -- Performing Test CMAKE_HAVE_LIBC_PTHREAD - Success
[1.162s] -- Found Threads: TRUE  
[1.190s] -- Found CXSparse: /usr/include/suitesparse (found suitable version "3.2.0", minimum required is "3.2.0") 
[1.761s] -- Found AMD headers in: /usr/include/suitesparse
[1.763s] -- Found AMD library: /usr/lib/x86_64-linux-gnu/libamd.so
[1.763s] -- Found CAMD headers in: /usr/include/suitesparse
[1.765s] -- Found CAMD library: /usr/lib/x86_64-linux-gnu/libcamd.so
[1.766s] -- Found CCOLAMD headers in: /usr/include/suitesparse
[1.767s] -- Found CCOLAMD library: /usr/lib/x86_64-linux-gnu/libccolamd.so
[1.768s] -- Found CHOLMOD headers in: /usr/include/suitesparse
[1.770s] -- Found CHOLMOD library: /usr/lib/x86_64-linux-gnu/libcholmod.so
[1.770s] -- Found COLAMD headers in: /usr/include/suitesparse
[1.773s] -- Found COLAMD library: /usr/lib/x86_64-linux-gnu/libcolamd.so
[1.773s] -- Found SPQR headers in: /usr/include/suitesparse
[1.775s] -- Found SPQR library: /usr/lib/x86_64-linux-gnu/libspqr.so
[1.776s] -- Found Config headers in: /usr/include/suitesparse
[1.777s] -- Found Config library: /usr/lib/x86_64-linux-gnu/libsuitesparseconfig.so
[1.783s] -- Found Intel Thread Building Blocks (TBB) library (2021.5 / ) include location: . Assuming SuiteSparseQR was compiled with TBB.
[1.783s] -- Looking for shm_open in rt
[1.866s] -- Looking for shm_open in rt - found
[1.866s] -- Adding librt to SuiteSparse_config libraries (required on Linux & Unix [not OSX] if SuiteSparse is compiled with timing).
[1.873s] -- Could NOT find METIS (missing: METIS_INCLUDE_DIR METIS_LIBRARY) 
[1.874s] -- Found SuiteSparse: /usr/include/suitesparse (found suitable version "5.10.1", minimum required is "5.10.1") found components: AMD CAMD CCOLAMD CHOLMOD COLAMD SPQR Config 
[1.880s] -- Found required Ceres dependency: Eigen version 3.4.0 in /usr/local/share/eigen3/cmake
[1.890s] -- Found required Ceres dependency: glog
[1.890s] -- Found required Ceres dependency: gflags
[1.891s] -- Found Ceres version: 2.1.0 installed in: /usr/local with components: [EigenSparse, SparseLinearAlgebraLibrary, LAPACK, SuiteSparse, CXSparse, SchurSpecializations, Multithreading]
[2.010s] -- Found rosidl_generator_c: 3.1.5 (/opt/ros/humble/share/rosidl_generator_c/cmake)
[2.018s] -- Found rosidl_adapter: 3.1.5 (/opt/ros/humble/share/rosidl_adapter/cmake)
[2.028s] -- Found rosidl_generator_cpp: 3.1.5 (/opt/ros/humble/share/rosidl_generator_cpp/cmake)
[2.044s] -- Using all available rosidl_typesupport_c: rosidl_typesupport_fastrtps_c;rosidl_typesupport_introspection_c
[2.066s] -- Using all available rosidl_typesupport_cpp: rosidl_typesupport_fastrtps_cpp;rosidl_typesupport_introspection_cpp
[2.143s] -- Found rmw_implementation_cmake: 6.1.1 (/opt/ros/humble/share/rmw_implementation_cmake/cmake)
[2.148s] -- Found rmw_fastrtps_cpp: 6.2.5 (/opt/ros/humble/share/rmw_fastrtps_cpp/cmake)
[2.286s] -- Found OpenSSL: /usr/lib/x86_64-linux-gnu/libcrypto.so (found version "3.0.2")  
[2.321s] -- Found FastRTPS: /opt/ros/humble/include  
[2.388s] -- Using RMW implementation 'rmw_fastrtps_cpp' as default
[2.967s] -- Found eigen3_cmake_module: 0.1.1 (/opt/ros/humble/share/eigen3_cmake_module/cmake)
[2.969s] -- Found Eigen3: TRUE (found version "3.4.0") 
[2.969s] -- Ensuring Eigen3 include directory is part of orocos-kdl CMake target
[3.431s] -- Found ament_lint_auto: 0.12.9 (/opt/ros/humble/share/ament_lint_auto/cmake)
[3.519s] -- Added test 'cppcheck' to perform static code analysis on C / C++ code
[3.520s] -- Configured cppcheck include dirs: /home/yukki/Downloads/ros_ws/src/rm_auto_aim/armor_tracker/include
[3.521s] -- Configured cppcheck exclude dirs and/or files: 
[3.524s] -- Added test 'lint_cmake' to check CMake code style
[3.527s] -- Added test 'xmllint' to check XML markup files
[3.533s] -- Added test 'clang_format' to check C / C++ code style
[3.551s] -- Configuring done
[3.634s] -- Generating done
[3.640s] -- Build files have been written to: /home/yukki/Downloads/ros_ws/src/build/armor_tracker
[3.686s] Invoked command in '/home/yukki/Downloads/ros_ws/src/build/armor_tracker' returned '0': AMENT_PREFIX_PATH=/home/yukki/Downloads/ros_ws/src/install/auto_aim_interfaces:${AMENT_PREFIX_PATH} CMAKE_PREFIX_PATH=/home/yukki/Downloads/ros_ws/src/install/auto_aim_interfaces:/home/yukki/Downloads/ros2_ws/install/rm_vision_bringup:/home/yukki/Downloads/ros2_ws/install/rm_serial_driver:/home/yukki/Downloads/ros2_ws/install/rm_gimbal_description:/home/yukki/Downloads/ros2_ws/install/rm_auto_aim:/home/yukki/Downloads/ros2_ws/install/pkg_hello_cpp:/home/yukki/Downloads/ros2_ws/install/mindvision_camera:/home/yukki/Downloads/ros2_ws/install/hik_camera:/home/yukki/Downloads/ros2_ws/install/armor_tracker:/home/yukki/Downloads/ros2_ws/install/armor_detector:/home/yukki/Downloads/ros2_ws/install/auto_aim_interfaces:/opt/ros/humble LD_LIBRARY_PATH=/home/yukki/Downloads/ros_ws/src/install/auto_aim_interfaces/lib:/home/yukki/Downloads/ros2_ws/install/rm_serial_driver/lib:/home/yukki/Downloads/ros2_ws/install/mindvision_camera/lib:/home/yukki/Downloads/ros2_ws/install/hik_camera/lib:/home/yukki/Downloads/ros2_ws/install/armor_tracker/lib:/home/yukki/Downloads/ros2_ws/install/armor_detector/lib:/home/yukki/Downloads/ros2_ws/install/auto_aim_interfaces/lib:/opt/MVS/lib/64:/opt/MVS/lib/32:/opt/ros/humble/opt/rviz_ogre_vendor/lib:/opt/ros/humble/lib/x86_64-linux-gnu:/opt/ros/humble/lib:/opt/MVS/lib/64:/opt/MVS/lib/32:/opt/MVS/lib/64:/opt/MVS/lib/32 PYTHONPATH=/home/yukki/Downloads/ros_ws/src/install/auto_aim_interfaces/local/lib/python3.10/dist-packages:${PYTHONPATH} /usr/bin/cmake /home/yukki/Downloads/ros_ws/src/rm_auto_aim/armor_tracker -DAMENT_CMAKE_SYMLINK_INSTALL=1 -DCMAKE_INSTALL_PREFIX=/home/yukki/Downloads/ros_ws/src/install/armor_tracker
[3.690s] Invoking command in '/home/yukki/Downloads/ros_ws/src/build/armor_tracker': AMENT_PREFIX_PATH=/home/yukki/Downloads/ros_ws/src/install/auto_aim_interfaces:${AMENT_PREFIX_PATH} CMAKE_PREFIX_PATH=/home/yukki/Downloads/ros_ws/src/install/auto_aim_interfaces:/home/yukki/Downloads/ros2_ws/install/rm_vision_bringup:/home/yukki/Downloads/ros2_ws/install/rm_serial_driver:/home/yukki/Downloads/ros2_ws/install/rm_gimbal_description:/home/yukki/Downloads/ros2_ws/install/rm_auto_aim:/home/yukki/Downloads/ros2_ws/install/pkg_hello_cpp:/home/yukki/Downloads/ros2_ws/install/mindvision_camera:/home/yukki/Downloads/ros2_ws/install/hik_camera:/home/yukki/Downloads/ros2_ws/install/armor_tracker:/home/yukki/Downloads/ros2_ws/install/armor_detector:/home/yukki/Downloads/ros2_ws/install/auto_aim_interfaces:/opt/ros/humble LD_LIBRARY_PATH=/home/yukki/Downloads/ros_ws/src/install/auto_aim_interfaces/lib:/home/yukki/Downloads/ros2_ws/install/rm_serial_driver/lib:/home/yukki/Downloads/ros2_ws/install/mindvision_camera/lib:/home/yukki/Downloads/ros2_ws/install/hik_camera/lib:/home/yukki/Downloads/ros2_ws/install/armor_tracker/lib:/home/yukki/Downloads/ros2_ws/install/armor_detector/lib:/home/yukki/Downloads/ros2_ws/install/auto_aim_interfaces/lib:/opt/MVS/lib/64:/opt/MVS/lib/32:/opt/ros/humble/opt/rviz_ogre_vendor/lib:/opt/ros/humble/lib/x86_64-linux-gnu:/opt/ros/humble/lib:/opt/MVS/lib/64:/opt/MVS/lib/32:/opt/MVS/lib/64:/opt/MVS/lib/32 PYTHONPATH=/home/yukki/Downloads/ros_ws/src/install/auto_aim_interfaces/local/lib/python3.10/dist-packages:${PYTHONPATH} /usr/bin/cmake --build /home/yukki/Downloads/ros_ws/src/build/armor_tracker -- -j16 -l16
[3.822s] [ 12%] [32mBuilding CXX object CMakeFiles/armor_tracker.dir/src/extended_kalman_filter.cpp.o[0m
[3.822s] [ 25%] [32mBuilding CXX object CMakeFiles/armor_tracker_node.dir/rclcpp_components/node_main_armor_tracker_node.cpp.o[0m
[3.832s] [ 50%] [32mBuilding CXX object CMakeFiles/armor_tracker.dir/src/particle_filter.cpp.o[0m
[3.833s] [ 50%] [32mBuilding CXX object CMakeFiles/armor_tracker.dir/src/rune_predictor.cpp.o[0m
[3.846s] [ 62%] [32mBuilding CXX object CMakeFiles/armor_tracker.dir/src/tracker.cpp.o[0m
[3.855s] [ 75%] [32mBuilding CXX object CMakeFiles/armor_tracker.dir/src/tracker_node.cpp.o[0m
[77.258s] [ 87%] [32m[1mLinking CXX executable armor_tracker_node[0m
[77.624s] [ 87%] Built target armor_tracker_node
[95.816s] [100%] [32m[1mLinking CXX shared library libarmor_tracker.so[0m
[97.662s] [100%] Built target armor_tracker
[97.678s] Invoked command in '/home/yukki/Downloads/ros_ws/src/build/armor_tracker' returned '0': AMENT_PREFIX_PATH=/home/yukki/Downloads/ros_ws/src/install/auto_aim_interfaces:${AMENT_PREFIX_PATH} CMAKE_PREFIX_PATH=/home/yukki/Downloads/ros_ws/src/install/auto_aim_interfaces:/home/yukki/Downloads/ros2_ws/install/rm_vision_bringup:/home/yukki/Downloads/ros2_ws/install/rm_serial_driver:/home/yukki/Downloads/ros2_ws/install/rm_gimbal_description:/home/yukki/Downloads/ros2_ws/install/rm_auto_aim:/home/yukki/Downloads/ros2_ws/install/pkg_hello_cpp:/home/yukki/Downloads/ros2_ws/install/mindvision_camera:/home/yukki/Downloads/ros2_ws/install/hik_camera:/home/yukki/Downloads/ros2_ws/install/armor_tracker:/home/yukki/Downloads/ros2_ws/install/armor_detector:/home/yukki/Downloads/ros2_ws/install/auto_aim_interfaces:/opt/ros/humble LD_LIBRARY_PATH=/home/yukki/Downloads/ros_ws/src/install/auto_aim_interfaces/lib:/home/yukki/Downloads/ros2_ws/install/rm_serial_driver/lib:/home/yukki/Downloads/ros2_ws/install/mindvision_camera/lib:/home/yukki/Downloads/ros2_ws/install/hik_camera/lib:/home/yukki/Downloads/ros2_ws/install/armor_tracker/lib:/home/yukki/Downloads/ros2_ws/install/armor_detector/lib:/home/yukki/Downloads/ros2_ws/install/auto_aim_interfaces/lib:/opt/MVS/lib/64:/opt/MVS/lib/32:/opt/ros/humble/opt/rviz_ogre_vendor/lib:/opt/ros/humble/lib/x86_64-linux-gnu:/opt/ros/humble/lib:/opt/MVS/lib/64:/opt/MVS/lib/32:/opt/MVS/lib/64:/opt/MVS/lib/32 PYTHONPATH=/home/yukki/Downloads/ros_ws/src/install/auto_aim_interfaces/local/lib/python3.10/dist-packages:${PYTHONPATH} /usr/bin/cmake --build /home/yukki/Downloads/ros_ws/src/build/armor_tracker -- -j16 -l16
[97.734s] Invoking command in '/home/yukki/Downloads/ros_ws/src/build/armor_tracker': AMENT_PREFIX_PATH=/home/yukki/Downloads/ros_ws/src/install/auto_aim_interfaces:${AMENT_PREFIX_PATH} CMAKE_PREFIX_PATH=/home/yukki/Downloads/ros_ws/src/install/auto_aim_interfaces:/home/yukki/Downloads/ros2_ws/install/rm_vision_bringup:/home/yukki/Downloads/ros2_ws/install/rm_serial_driver:/home/yukki/Downloads/ros2_ws/install/rm_gimbal_description:/home/yukki/Downloads/ros2_ws/install/rm_auto_aim:/home/yukki/Downloads/ros2_ws/install/pkg_hello_cpp:/home/yukki/Downloads/ros2_ws/install/mindvision_camera:/home/yukki/Downloads/ros2_ws/install/hik_camera:/home/yukki/Downloads/ros2_ws/install/armor_tracker:/home/yukki/Downloads/ros2_ws/install/armor_detector:/home/yukki/Downloads/ros2_ws/install/auto_aim_interfaces:/opt/ros/humble LD_LIBRARY_PATH=/home/yukki/Downloads/ros_ws/src/install/auto_aim_interfaces/lib:/home/yukki/Downloads/ros2_ws/install/rm_serial_driver/lib:/home/yukki/Downloads/ros2_ws/install/mindvision_camera/lib:/home/yukki/Downloads/ros2_ws/install/hik_camera/lib:/home/yukki/Downloads/ros2_ws/install/armor_tracker/lib:/home/yukki/Downloads/ros2_ws/install/armor_detector/lib:/home/yukki/Downloads/ros2_ws/install/auto_aim_interfaces/lib:/opt/MVS/lib/64:/opt/MVS/lib/32:/opt/ros/humble/opt/rviz_ogre_vendor/lib:/opt/ros/humble/lib/x86_64-linux-gnu:/opt/ros/humble/lib:/opt/MVS/lib/64:/opt/MVS/lib/32:/opt/MVS/lib/64:/opt/MVS/lib/32 PYTHONPATH=/home/yukki/Downloads/ros_ws/src/install/auto_aim_interfaces/local/lib/python3.10/dist-packages:${PYTHONPATH} /usr/bin/cmake --install /home/yukki/Downloads/ros_ws/src/build/armor_tracker
[97.743s] -- Install configuration: ""
[97.744s] -- Execute custom install script
[97.744s] -- Symlinking: /home/yukki/Downloads/ros_ws/src/install/armor_tracker/lib/armor_tracker/armor_tracker_node
[97.756s] -- Symlinking: /home/yukki/Downloads/ros_ws/src/install/armor_tracker/include/armor_tracker/extended_kalman_filter.hpp
[97.768s] -- Symlinking: /home/yukki/Downloads/ros_ws/src/install/armor_tracker/include/armor_tracker/tracker.hpp
[97.780s] -- Symlinking: /home/yukki/Downloads/ros_ws/src/install/armor_tracker/include/armor_tracker/tracker_node.hpp
[97.792s] -- Symlinking: /home/yukki/Downloads/ros_ws/src/install/armor_tracker/include/rune_predictor/particle_filter.hpp
[97.803s] -- Symlinking: /home/yukki/Downloads/ros_ws/src/install/armor_tracker/include/rune_predictor/rune_predictor.hpp
[97.815s] -- Symlinking: /home/yukki/Downloads/ros_ws/src/install/armor_tracker/share/armor_tracker/environment/library_path.sh
[97.827s] -- Symlinking: /home/yukki/Downloads/ros_ws/src/install/armor_tracker/share/armor_tracker/environment/library_path.dsv
[97.839s] -- Symlinking: /home/yukki/Downloads/ros_ws/src/install/armor_tracker/lib/libarmor_tracker.so
[97.851s] -- Symlinking: /home/yukki/Downloads/ros_ws/src/install/armor_tracker/share/ament_index/resource_index/package_run_dependencies/armor_tracker
[97.863s] -- Symlinking: /home/yukki/Downloads/ros_ws/src/install/armor_tracker/share/ament_index/resource_index/parent_prefix_path/armor_tracker
[97.875s] -- Symlinking: /home/yukki/Downloads/ros_ws/src/install/armor_tracker/share/armor_tracker/environment/ament_prefix_path.sh
[97.887s] -- Symlinking: /home/yukki/Downloads/ros_ws/src/install/armor_tracker/share/armor_tracker/environment/ament_prefix_path.dsv
[97.899s] -- Symlinking: /home/yukki/Downloads/ros_ws/src/install/armor_tracker/share/armor_tracker/environment/path.sh
[97.910s] -- Symlinking: /home/yukki/Downloads/ros_ws/src/install/armor_tracker/share/armor_tracker/environment/path.dsv
[97.922s] -- Symlinking: /home/yukki/Downloads/ros_ws/src/install/armor_tracker/share/armor_tracker/local_setup.bash
[97.934s] -- Symlinking: /home/yukki/Downloads/ros_ws/src/install/armor_tracker/share/armor_tracker/local_setup.sh
[97.945s] -- Symlinking: /home/yukki/Downloads/ros_ws/src/install/armor_tracker/share/armor_tracker/local_setup.zsh
[97.958s] -- Symlinking: /home/yukki/Downloads/ros_ws/src/install/armor_tracker/share/armor_tracker/local_setup.dsv
[97.970s] -- Symlinking: /home/yukki/Downloads/ros_ws/src/install/armor_tracker/share/armor_tracker/package.dsv
[97.983s] -- Symlinking: /home/yukki/Downloads/ros_ws/src/install/armor_tracker/share/ament_index/resource_index/packages/armor_tracker
[97.996s] -- Symlinking: /home/yukki/Downloads/ros_ws/src/install/armor_tracker/share/ament_index/resource_index/rclcpp_components/armor_tracker
[98.008s] -- Symlinking: /home/yukki/Downloads/ros_ws/src/install/armor_tracker/share/armor_tracker/cmake/ament_cmake_export_dependencies-extras.cmake
[98.021s] -- Symlinking: /home/yukki/Downloads/ros_ws/src/install/armor_tracker/share/armor_tracker/cmake/ament_cmake_export_include_directories-extras.cmake
[98.033s] -- Symlinking: /home/yukki/Downloads/ros_ws/src/install/armor_tracker/share/armor_tracker/cmake/ament_cmake_export_libraries-extras.cmake
[98.045s] -- Symlinking: /home/yukki/Downloads/ros_ws/src/install/armor_tracker/share/armor_tracker/cmake/armor_trackerConfig.cmake
[98.058s] -- Symlinking: /home/yukki/Downloads/ros_ws/src/install/armor_tracker/share/armor_tracker/cmake/armor_trackerConfig-version.cmake
[98.070s] -- Symlinking: /home/yukki/Downloads/ros_ws/src/install/armor_tracker/share/armor_tracker/package.xml
[98.087s] Invoked command in '/home/yukki/Downloads/ros_ws/src/build/armor_tracker' returned '0': AMENT_PREFIX_PATH=/home/yukki/Downloads/ros_ws/src/install/auto_aim_interfaces:${AMENT_PREFIX_PATH} CMAKE_PREFIX_PATH=/home/yukki/Downloads/ros_ws/src/install/auto_aim_interfaces:/home/yukki/Downloads/ros2_ws/install/rm_vision_bringup:/home/yukki/Downloads/ros2_ws/install/rm_serial_driver:/home/yukki/Downloads/ros2_ws/install/rm_gimbal_description:/home/yukki/Downloads/ros2_ws/install/rm_auto_aim:/home/yukki/Downloads/ros2_ws/install/pkg_hello_cpp:/home/yukki/Downloads/ros2_ws/install/mindvision_camera:/home/yukki/Downloads/ros2_ws/install/hik_camera:/home/yukki/Downloads/ros2_ws/install/armor_tracker:/home/yukki/Downloads/ros2_ws/install/armor_detector:/home/yukki/Downloads/ros2_ws/install/auto_aim_interfaces:/opt/ros/humble LD_LIBRARY_PATH=/home/yukki/Downloads/ros_ws/src/install/auto_aim_interfaces/lib:/home/yukki/Downloads/ros2_ws/install/rm_serial_driver/lib:/home/yukki/Downloads/ros2_ws/install/mindvision_camera/lib:/home/yukki/Downloads/ros2_ws/install/hik_camera/lib:/home/yukki/Downloads/ros2_ws/install/armor_tracker/lib:/home/yukki/Downloads/ros2_ws/install/armor_detector/lib:/home/yukki/Downloads/ros2_ws/install/auto_aim_interfaces/lib:/opt/MVS/lib/64:/opt/MVS/lib/32:/opt/ros/humble/opt/rviz_ogre_vendor/lib:/opt/ros/humble/lib/x86_64-linux-gnu:/opt/ros/humble/lib:/opt/MVS/lib/64:/opt/MVS/lib/32:/opt/MVS/lib/64:/opt/MVS/lib/32 PYTHONPATH=/home/yukki/Downloads/ros_ws/src/install/auto_aim_interfaces/local/lib/python3.10/dist-packages:${PYTHONPATH} /usr/bin/cmake --install /home/yukki/Downloads/ros_ws/src/build/armor_tracker
