[0.207s] Invoking command in '/home/yukki/Downloads/ros_ws/src/build/hik_camera': CMAKE_PREFIX_PATH=${CMAKE_PREFIX_PATH}:/opt/ros/humble /usr/bin/cmake /home/yukki/Downloads/ros_ws/src/ros2_hik_camera -DAMENT_CMAKE_SYMLINK_INSTALL=1 -DCMAKE_INSTALL_PREFIX=/home/yukki/Downloads/ros_ws/src/install/hik_camera
[0.309s] -- The C compiler identification is GNU 11.4.0
[0.383s] -- The CXX compiler identification is GNU 11.4.0
[0.393s] -- Detecting C compiler ABI info
[0.471s] -- Detecting C compiler ABI info - done
[0.477s] -- Check for working C compiler: /usr/bin/cc - skipped
[0.477s] -- Detecting C compile features
[0.478s] -- Detecting C compile features - done
[0.481s] -- Detecting CXX compiler ABI info
[0.570s] -- Detecting CXX compiler ABI info - done
[0.576s] -- Check for working CXX compiler: /usr/bin/c++ - skipped
[0.576s] -- Detecting CXX compile features
[0.576s] -- Detecting CXX compile features - done
[0.580s] -- Found ament_cmake_auto: 1.3.6 (/opt/ros/humble/share/ament_cmake_auto/cmake)
[0.942s] -- Found Python3: /usr/bin/python3.10 (found version "3.10.12") found components: Interpreter 
[1.002s] -- Override CMake install command with custom implementation using symlinks instead of copying resources
[1.184s] -- Found rosidl_generator_c: 3.1.5 (/opt/ros/humble/share/rosidl_generator_c/cmake)
[1.192s] -- Found rosidl_adapter: 3.1.5 (/opt/ros/humble/share/rosidl_adapter/cmake)
[1.203s] -- Found rosidl_generator_cpp: 3.1.5 (/opt/ros/humble/share/rosidl_generator_cpp/cmake)
[1.218s] -- Using all available rosidl_typesupport_c: rosidl_typesupport_fastrtps_c;rosidl_typesupport_introspection_c
[1.239s] -- Using all available rosidl_typesupport_cpp: rosidl_typesupport_fastrtps_cpp;rosidl_typesupport_introspection_cpp
[1.322s] -- Found rmw_implementation_cmake: 6.1.1 (/opt/ros/humble/share/rmw_implementation_cmake/cmake)
[1.327s] -- Found rmw_fastrtps_cpp: 6.2.5 (/opt/ros/humble/share/rmw_fastrtps_cpp/cmake)
[1.467s] -- Found OpenSSL: /usr/lib/x86_64-linux-gnu/libcrypto.so (found version "3.0.2")  
[1.512s] -- Found FastRTPS: /opt/ros/humble/include  
[1.577s] -- Using RMW implementation 'rmw_fastrtps_cpp' as default
[1.599s] -- Looking for pthread.h
[1.687s] -- Looking for pthread.h - found
[1.688s] -- Performing Test CMAKE_HAVE_LIBC_PTHREAD
[1.765s] -- Performing Test CMAKE_HAVE_LIBC_PTHREAD - Success
[1.766s] -- Found Threads: TRUE  
[2.196s] -- Found ament_lint_auto: 0.12.9 (/opt/ros/humble/share/ament_lint_auto/cmake)
[2.234s] -- Added test 'cppcheck' to perform static code analysis on C / C++ code
[2.234s] -- Configured cppcheck include dirs: /home/yukki/Downloads/ros_ws/src/ros2_hik_camera/hikSDK/include
[2.234s] -- Configured cppcheck exclude dirs and/or files: 
[2.235s] -- Added test 'flake8' to check Python code syntax and style conventions
[2.236s] -- Added test 'lint_cmake' to check CMake code style
[2.237s] -- Added test 'pep257' to check Python code against some of the docstring style conventions in PEP 257
[2.238s] -- Added test 'xmllint' to check XML markup files
[2.242s] -- Configuring done
[2.257s] -- Generating done
[2.258s] -- Build files have been written to: /home/yukki/Downloads/ros_ws/src/build/hik_camera
[2.269s] Invoked command in '/home/yukki/Downloads/ros_ws/src/build/hik_camera' returned '0': CMAKE_PREFIX_PATH=${CMAKE_PREFIX_PATH}:/opt/ros/humble /usr/bin/cmake /home/yukki/Downloads/ros_ws/src/ros2_hik_camera -DAMENT_CMAKE_SYMLINK_INSTALL=1 -DCMAKE_INSTALL_PREFIX=/home/yukki/Downloads/ros_ws/src/install/hik_camera
[2.271s] Invoking command in '/home/yukki/Downloads/ros_ws/src/build/hik_camera': CMAKE_PREFIX_PATH=${CMAKE_PREFIX_PATH}:/opt/ros/humble /usr/bin/cmake --build /home/yukki/Downloads/ros_ws/src/build/hik_camera -- -j16 -l16
[2.335s] [ 50%] [32mBuilding CXX object CMakeFiles/hik_camera.dir/src/hik_camera_node.cpp.o[0m
[2.335s] [ 50%] [32mBuilding CXX object CMakeFiles/hik_camera_node.dir/rclcpp_components/node_main_hik_camera_node.cpp.o[0m
[8.030s] [ 75%] [32m[1mLinking CXX executable hik_camera_node[0m
[8.215s] [ 75%] Built target hik_camera_node
[8.504s] [100%] [32m[1mLinking CXX shared library libhik_camera.so[0m
[8.646s] [100%] Built target hik_camera
[8.660s] Invoked command in '/home/yukki/Downloads/ros_ws/src/build/hik_camera' returned '0': CMAKE_PREFIX_PATH=${CMAKE_PREFIX_PATH}:/opt/ros/humble /usr/bin/cmake --build /home/yukki/Downloads/ros_ws/src/build/hik_camera -- -j16 -l16
[8.700s] Invoking command in '/home/yukki/Downloads/ros_ws/src/build/hik_camera': CMAKE_PREFIX_PATH=${CMAKE_PREFIX_PATH}:/opt/ros/humble /usr/bin/cmake --install /home/yukki/Downloads/ros_ws/src/build/hik_camera
[8.710s] -- Install configuration: ""
[8.710s] -- Execute custom install script
[8.711s] -- Symlinking: /home/yukki/Downloads/ros_ws/src/install/hik_camera/lib/libFormatConversion.so
[8.721s] -- Symlinking: /home/yukki/Downloads/ros_ws/src/install/hik_camera/lib/libMVRender.so
[8.731s] -- Symlinking: /home/yukki/Downloads/ros_ws/src/install/hik_camera/lib/libMediaProcess.so
[8.742s] -- Symlinking: /home/yukki/Downloads/ros_ws/src/install/hik_camera/lib/libMvCameraControl.so
[8.753s] -- Symlinking: /home/yukki/Downloads/ros_ws/src/install/hik_camera/lib/libMvUsb3vTL.so
[8.764s] -- Symlinking: /home/yukki/Downloads/ros_ws/src/install/hik_camera/lib/hik_camera/hik_camera_node
[8.776s] -- Symlinking: /home/yukki/Downloads/ros_ws/src/install/hik_camera/share/hik_camera/environment/library_path.sh
[8.792s] -- Symlinking: /home/yukki/Downloads/ros_ws/src/install/hik_camera/share/hik_camera/environment/library_path.dsv
[8.804s] -- Symlinking: /home/yukki/Downloads/ros_ws/src/install/hik_camera/lib/libhik_camera.so
[8.816s] -- Symlinking: /home/yukki/Downloads/ros_ws/src/install/hik_camera/share/hik_camera/config/camera_info.yaml
[8.826s] -- Symlinking: /home/yukki/Downloads/ros_ws/src/install/hik_camera/share/hik_camera/config/camera_params.yaml
[8.838s] -- Symlinking: /home/yukki/Downloads/ros_ws/src/install/hik_camera/share/hik_camera/launch/hik_camera.launch.py
[8.850s] -- Symlinking: /home/yukki/Downloads/ros_ws/src/install/hik_camera/share/ament_index/resource_index/package_run_dependencies/hik_camera
[8.862s] -- Symlinking: /home/yukki/Downloads/ros_ws/src/install/hik_camera/share/ament_index/resource_index/parent_prefix_path/hik_camera
[8.876s] -- Symlinking: /home/yukki/Downloads/ros_ws/src/install/hik_camera/share/hik_camera/environment/ament_prefix_path.sh
[8.888s] -- Symlinking: /home/yukki/Downloads/ros_ws/src/install/hik_camera/share/hik_camera/environment/ament_prefix_path.dsv
[8.901s] -- Symlinking: /home/yukki/Downloads/ros_ws/src/install/hik_camera/share/hik_camera/environment/path.sh
[8.912s] -- Symlinking: /home/yukki/Downloads/ros_ws/src/install/hik_camera/share/hik_camera/environment/path.dsv
[8.925s] -- Symlinking: /home/yukki/Downloads/ros_ws/src/install/hik_camera/share/hik_camera/local_setup.bash
[8.938s] -- Symlinking: /home/yukki/Downloads/ros_ws/src/install/hik_camera/share/hik_camera/local_setup.sh
[8.949s] -- Symlinking: /home/yukki/Downloads/ros_ws/src/install/hik_camera/share/hik_camera/local_setup.zsh
[8.961s] -- Symlinking: /home/yukki/Downloads/ros_ws/src/install/hik_camera/share/hik_camera/local_setup.dsv
[8.973s] -- Symlinking: /home/yukki/Downloads/ros_ws/src/install/hik_camera/share/hik_camera/package.dsv
[8.985s] -- Symlinking: /home/yukki/Downloads/ros_ws/src/install/hik_camera/share/ament_index/resource_index/packages/hik_camera
[8.996s] -- Symlinking: /home/yukki/Downloads/ros_ws/src/install/hik_camera/share/ament_index/resource_index/rclcpp_components/hik_camera
[9.008s] -- Symlinking: /home/yukki/Downloads/ros_ws/src/install/hik_camera/share/hik_camera/cmake/ament_cmake_export_dependencies-extras.cmake
[9.020s] -- Symlinking: /home/yukki/Downloads/ros_ws/src/install/hik_camera/share/hik_camera/cmake/ament_cmake_export_libraries-extras.cmake
[9.031s] -- Symlinking: /home/yukki/Downloads/ros_ws/src/install/hik_camera/share/hik_camera/cmake/hik_cameraConfig.cmake
[9.042s] -- Symlinking: /home/yukki/Downloads/ros_ws/src/install/hik_camera/share/hik_camera/cmake/hik_cameraConfig-version.cmake
[9.054s] -- Symlinking: /home/yukki/Downloads/ros_ws/src/install/hik_camera/share/hik_camera/package.xml
[9.069s] Invoked command in '/home/yukki/Downloads/ros_ws/src/build/hik_camera' returned '0': CMAKE_PREFIX_PATH=${CMAKE_PREFIX_PATH}:/opt/ros/humble /usr/bin/cmake --install /home/yukki/Downloads/ros_ws/src/build/hik_camera
