[0.082s] Invoking command in '/home/yukki/Downloads/ros_ws/src/build/rm_gimbal_description': CMAKE_PREFIX_PATH=${CMAKE_PREFIX_PATH}:/opt/ros/humble /usr/bin/cmake /home/yukki/Downloads/ros_ws/src/rm_gimbal_description -DAMENT_CMAKE_SYMLINK_INSTALL=1 -DCMAKE_INSTALL_PREFIX=/home/yukki/Downloads/ros_ws/src/install/rm_gimbal_description
[0.179s] -- The C compiler identification is GNU 11.4.0
[0.254s] -- The CXX compiler identification is GNU 11.4.0
[0.263s] -- Detecting C compiler ABI info
[0.341s] -- Detecting C compiler ABI info - done
[0.347s] -- Check for working C compiler: /usr/bin/cc - skipped
[0.347s] -- Detecting C compile features
[0.348s] -- Detecting C compile features - done
[0.351s] -- Detecting CXX compiler ABI info
[0.437s] -- Detecting CXX compiler ABI info - done
[0.444s] -- Check for working CXX compiler: /usr/bin/c++ - skipped
[0.444s] -- Detecting CXX compile features
[0.444s] -- Detecting CXX compile features - done
[0.450s] -- Found ament_cmake: 1.3.6 (/opt/ros/humble/share/ament_cmake/cmake)
[0.808s] -- Found Python3: /usr/bin/python3.10 (found version "3.10.12") found components: Interpreter 
[0.875s] -- Override CMake install command with custom implementation using symlinks instead of copying resources
[0.934s] -- Found ament_lint_auto: 0.12.9 (/opt/ros/humble/share/ament_lint_auto/cmake)
[1.029s] -- Added test 'lint_cmake' to check CMake code style
[1.031s] -- Added test 'xmllint' to check XML markup files
[1.033s] -- Configuring done
[1.036s] -- Generating done
[1.037s] -- Build files have been written to: /home/yukki/Downloads/ros_ws/src/build/rm_gimbal_description
[1.041s] Invoked command in '/home/yukki/Downloads/ros_ws/src/build/rm_gimbal_description' returned '0': CMAKE_PREFIX_PATH=${CMAKE_PREFIX_PATH}:/opt/ros/humble /usr/bin/cmake /home/yukki/Downloads/ros_ws/src/rm_gimbal_description -DAMENT_CMAKE_SYMLINK_INSTALL=1 -DCMAKE_INSTALL_PREFIX=/home/yukki/Downloads/ros_ws/src/install/rm_gimbal_description
[1.043s] Invoking command in '/home/yukki/Downloads/ros_ws/src/build/rm_gimbal_description': CMAKE_PREFIX_PATH=${CMAKE_PREFIX_PATH}:/opt/ros/humble /usr/bin/cmake --build /home/yukki/Downloads/ros_ws/src/build/rm_gimbal_description -- -j16 -l16
[1.091s] Invoked command in '/home/yukki/Downloads/ros_ws/src/build/rm_gimbal_description' returned '0': CMAKE_PREFIX_PATH=${CMAKE_PREFIX_PATH}:/opt/ros/humble /usr/bin/cmake --build /home/yukki/Downloads/ros_ws/src/build/rm_gimbal_description -- -j16 -l16
[1.133s] Invoking command in '/home/yukki/Downloads/ros_ws/src/build/rm_gimbal_description': CMAKE_PREFIX_PATH=${CMAKE_PREFIX_PATH}:/opt/ros/humble /usr/bin/cmake --install /home/yukki/Downloads/ros_ws/src/build/rm_gimbal_description
[1.142s] -- Install configuration: ""
[1.142s] -- Execute custom install script
[1.143s] -- Symlinking: /home/yukki/Downloads/ros_ws/src/install/rm_gimbal_description/share/rm_gimbal_description/urdf/rm_gimbal.urdf.xacro
[1.154s] -- Symlinking: /home/yukki/Downloads/ros_ws/src/install/rm_gimbal_description/share/ament_index/resource_index/package_run_dependencies/rm_gimbal_description
[1.165s] -- Symlinking: /home/yukki/Downloads/ros_ws/src/install/rm_gimbal_description/share/ament_index/resource_index/parent_prefix_path/rm_gimbal_description
[1.177s] -- Symlinking: /home/yukki/Downloads/ros_ws/src/install/rm_gimbal_description/share/rm_gimbal_description/environment/ament_prefix_path.sh
[1.187s] -- Symlinking: /home/yukki/Downloads/ros_ws/src/install/rm_gimbal_description/share/rm_gimbal_description/environment/ament_prefix_path.dsv
[1.198s] -- Symlinking: /home/yukki/Downloads/ros_ws/src/install/rm_gimbal_description/share/rm_gimbal_description/environment/path.sh
[1.210s] -- Symlinking: /home/yukki/Downloads/ros_ws/src/install/rm_gimbal_description/share/rm_gimbal_description/environment/path.dsv
[1.222s] -- Symlinking: /home/yukki/Downloads/ros_ws/src/install/rm_gimbal_description/share/rm_gimbal_description/local_setup.bash
[1.233s] -- Symlinking: /home/yukki/Downloads/ros_ws/src/install/rm_gimbal_description/share/rm_gimbal_description/local_setup.sh
[1.245s] -- Symlinking: /home/yukki/Downloads/ros_ws/src/install/rm_gimbal_description/share/rm_gimbal_description/local_setup.zsh
[1.256s] -- Symlinking: /home/yukki/Downloads/ros_ws/src/install/rm_gimbal_description/share/rm_gimbal_description/local_setup.dsv
[1.268s] -- Symlinking: /home/yukki/Downloads/ros_ws/src/install/rm_gimbal_description/share/rm_gimbal_description/package.dsv
[1.281s] -- Symlinking: /home/yukki/Downloads/ros_ws/src/install/rm_gimbal_description/share/ament_index/resource_index/packages/rm_gimbal_description
[1.292s] -- Symlinking: /home/yukki/Downloads/ros_ws/src/install/rm_gimbal_description/share/rm_gimbal_description/cmake/rm_gimbal_descriptionConfig.cmake
[1.304s] -- Symlinking: /home/yukki/Downloads/ros_ws/src/install/rm_gimbal_description/share/rm_gimbal_description/cmake/rm_gimbal_descriptionConfig-version.cmake
[1.318s] -- Symlinking: /home/yukki/Downloads/ros_ws/src/install/rm_gimbal_description/share/rm_gimbal_description/package.xml
[1.335s] Invoked command in '/home/yukki/Downloads/ros_ws/src/build/rm_gimbal_description' returned '0': CMAKE_PREFIX_PATH=${CMAKE_PREFIX_PATH}:/opt/ros/humble /usr/bin/cmake --install /home/yukki/Downloads/ros_ws/src/build/rm_gimbal_description
