[1.317s] DEBUG:colcon:Command line arguments: ['/usr/bin/colcon', 'list', '-p', '--base-paths', '/home/yukki/Downloads/ros_ws']
[1.318s] DEBUG:colcon:Parsed command line arguments: Namespace(log_base=None, log_level=None, verb_name='list', build_base='build', ignore_user_meta=False, metas=['./colcon.meta'], base_paths=['/home/yukki/Downloads/ros_ws'], packages_ignore=None, packages_ignore_regex=None, paths=None, packages_up_to=None, packages_up_to_regex=None, packages_above=None, packages_above_and_dependencies=None, packages_above_depth=None, packages_select_by_dep=None, packages_skip_by_dep=None, packages_skip_up_to=None, packages_select_build_failed=False, packages_skip_build_finished=False, packages_select_test_failures=False, packages_skip_test_passed=False, packages_select=None, packages_skip=None, packages_select_regex=None, packages_skip_regex=None, packages_start=None, packages_end=None, allow_overriding=[], topological_order=False, names_only=False, paths_only=True, topological_graph=False, topological_graph_dot=False, topological_graph_density=False, topological_graph_legend=False, topological_graph_dot_cluster=False, topological_graph_dot_include_skipped=False, verb_parser=<colcon_defaults.argument_parser.defaults.DefaultArgumentsDecorator object at 0x764cd167d810>, verb_extension=<colcon_package_information.verb.list.ListVerb object at 0x764cd1adfee0>, main=<bound method ListVerb.main of <colcon_package_information.verb.list.ListVerb object at 0x764cd1adfee0>>)
[1.421s] Level 1:colcon.colcon_core.package_discovery:discover_packages(colcon_meta) check parameters
[1.421s] Level 1:colcon.colcon_core.package_discovery:discover_packages(recursive) check parameters
[1.422s] Level 1:colcon.colcon_core.package_discovery:discover_packages(ignore) check parameters
[1.422s] Level 1:colcon.colcon_core.package_discovery:discover_packages(path) check parameters
[1.422s] Level 1:colcon.colcon_core.package_discovery:discover_packages(recursive) discover
[1.422s] INFO:colcon.colcon_core.package_discovery:Crawling recursively for packages in '/home/yukki/Downloads/ros_ws'
[1.422s] Level 1:colcon.colcon_core.package_identification:_identify(/home/yukki/Downloads/ros_ws) by extensions ['ignore', 'ignore_ament_install']
[1.422s] Level 1:colcon.colcon_core.package_identification:_identify(/home/yukki/Downloads/ros_ws) by extension 'ignore'
[1.422s] Level 1:colcon.colcon_core.package_identification:_identify(/home/yukki/Downloads/ros_ws) by extension 'ignore_ament_install'
[1.422s] Level 1:colcon.colcon_core.package_identification:_identify(/home/yukki/Downloads/ros_ws) by extensions ['colcon_pkg']
[1.422s] Level 1:colcon.colcon_core.package_identification:_identify(/home/yukki/Downloads/ros_ws) by extension 'colcon_pkg'
[1.422s] Level 1:colcon.colcon_core.package_identification:_identify(/home/yukki/Downloads/ros_ws) by extensions ['colcon_meta']
[1.422s] Level 1:colcon.colcon_core.package_identification:_identify(/home/yukki/Downloads/ros_ws) by extension 'colcon_meta'
[1.423s] Level 1:colcon.colcon_core.package_identification:_identify(/home/yukki/Downloads/ros_ws) by extensions ['ros']
[1.423s] Level 1:colcon.colcon_core.package_identification:_identify(/home/yukki/Downloads/ros_ws) by extension 'ros'
[1.450s] Level 1:colcon.colcon_core.package_identification:_identify(/home/yukki/Downloads/ros_ws) by extensions ['cmake', 'python']
[1.450s] Level 1:colcon.colcon_core.package_identification:_identify(/home/yukki/Downloads/ros_ws) by extension 'cmake'
[1.450s] Level 1:colcon.colcon_core.package_identification:_identify(/home/yukki/Downloads/ros_ws) by extension 'python'
[1.450s] Level 1:colcon.colcon_core.package_identification:_identify(/home/yukki/Downloads/ros_ws) by extensions ['python_setup_py']
[1.450s] Level 1:colcon.colcon_core.package_identification:_identify(/home/yukki/Downloads/ros_ws) by extension 'python_setup_py'
[1.451s] Level 1:colcon.colcon_core.package_identification:_identify(/home/yukki/Downloads/ros_ws/build) by extensions ['ignore', 'ignore_ament_install']
[1.451s] Level 1:colcon.colcon_core.package_identification:_identify(/home/yukki/Downloads/ros_ws/build) by extension 'ignore'
[1.451s] Level 1:colcon.colcon_core.package_identification:_identify(/home/yukki/Downloads/ros_ws/build) ignored
[1.451s] Level 1:colcon.colcon_core.package_identification:_identify(/home/yukki/Downloads/ros_ws/install) by extensions ['ignore', 'ignore_ament_install']
[1.451s] Level 1:colcon.colcon_core.package_identification:_identify(/home/yukki/Downloads/ros_ws/install) by extension 'ignore'
[1.451s] Level 1:colcon.colcon_core.package_identification:_identify(/home/yukki/Downloads/ros_ws/install) ignored
[1.452s] Level 1:colcon.colcon_core.package_identification:_identify(/home/yukki/Downloads/ros_ws/log) by extensions ['ignore', 'ignore_ament_install']
[1.452s] Level 1:colcon.colcon_core.package_identification:_identify(/home/yukki/Downloads/ros_ws/log) by extension 'ignore'
[1.452s] Level 1:colcon.colcon_core.package_identification:_identify(/home/yukki/Downloads/ros_ws/log) ignored
[1.452s] Level 1:colcon.colcon_core.package_identification:_identify(/home/yukki/Downloads/ros_ws/src) by extensions ['ignore', 'ignore_ament_install']
[1.452s] Level 1:colcon.colcon_core.package_identification:_identify(/home/yukki/Downloads/ros_ws/src) by extension 'ignore'
[1.452s] Level 1:colcon.colcon_core.package_identification:_identify(/home/yukki/Downloads/ros_ws/src) by extension 'ignore_ament_install'
[1.452s] Level 1:colcon.colcon_core.package_identification:_identify(/home/yukki/Downloads/ros_ws/src) by extensions ['colcon_pkg']
[1.452s] Level 1:colcon.colcon_core.package_identification:_identify(/home/yukki/Downloads/ros_ws/src) by extension 'colcon_pkg'
[1.452s] Level 1:colcon.colcon_core.package_identification:_identify(/home/yukki/Downloads/ros_ws/src) by extensions ['colcon_meta']
[1.452s] Level 1:colcon.colcon_core.package_identification:_identify(/home/yukki/Downloads/ros_ws/src) by extension 'colcon_meta'
[1.453s] Level 1:colcon.colcon_core.package_identification:_identify(/home/yukki/Downloads/ros_ws/src) by extensions ['ros']
[1.453s] Level 1:colcon.colcon_core.package_identification:_identify(/home/yukki/Downloads/ros_ws/src) by extension 'ros'
[1.453s] Level 1:colcon.colcon_core.package_identification:_identify(/home/yukki/Downloads/ros_ws/src) by extensions ['cmake', 'python']
[1.453s] Level 1:colcon.colcon_core.package_identification:_identify(/home/yukki/Downloads/ros_ws/src) by extension 'cmake'
[1.453s] Level 1:colcon.colcon_core.package_identification:_identify(/home/yukki/Downloads/ros_ws/src) by extension 'python'
[1.453s] Level 1:colcon.colcon_core.package_identification:_identify(/home/yukki/Downloads/ros_ws/src) by extensions ['python_setup_py']
[1.453s] Level 1:colcon.colcon_core.package_identification:_identify(/home/yukki/Downloads/ros_ws/src) by extension 'python_setup_py'
[1.453s] Level 1:colcon.colcon_core.package_identification:_identify(/home/yukki/Downloads/ros_ws/src/rm_auto_aim) by extensions ['ignore', 'ignore_ament_install']
[1.453s] Level 1:colcon.colcon_core.package_identification:_identify(/home/yukki/Downloads/ros_ws/src/rm_auto_aim) by extension 'ignore'
[1.453s] Level 1:colcon.colcon_core.package_identification:_identify(/home/yukki/Downloads/ros_ws/src/rm_auto_aim) by extension 'ignore_ament_install'
[1.453s] Level 1:colcon.colcon_core.package_identification:_identify(/home/yukki/Downloads/ros_ws/src/rm_auto_aim) by extensions ['colcon_pkg']
[1.453s] Level 1:colcon.colcon_core.package_identification:_identify(/home/yukki/Downloads/ros_ws/src/rm_auto_aim) by extension 'colcon_pkg'
[1.453s] Level 1:colcon.colcon_core.package_identification:_identify(/home/yukki/Downloads/ros_ws/src/rm_auto_aim) by extensions ['colcon_meta']
[1.454s] Level 1:colcon.colcon_core.package_identification:_identify(/home/yukki/Downloads/ros_ws/src/rm_auto_aim) by extension 'colcon_meta'
[1.454s] Level 1:colcon.colcon_core.package_identification:_identify(/home/yukki/Downloads/ros_ws/src/rm_auto_aim) by extensions ['ros']
[1.454s] Level 1:colcon.colcon_core.package_identification:_identify(/home/yukki/Downloads/ros_ws/src/rm_auto_aim) by extension 'ros'
[1.454s] Level 1:colcon.colcon_core.package_identification:_identify(/home/yukki/Downloads/ros_ws/src/rm_auto_aim) by extensions ['cmake', 'python']
[1.454s] Level 1:colcon.colcon_core.package_identification:_identify(/home/yukki/Downloads/ros_ws/src/rm_auto_aim) by extension 'cmake'
[1.454s] Level 1:colcon.colcon_core.package_identification:_identify(/home/yukki/Downloads/ros_ws/src/rm_auto_aim) by extension 'python'
[1.454s] Level 1:colcon.colcon_core.package_identification:_identify(/home/yukki/Downloads/ros_ws/src/rm_auto_aim) by extensions ['python_setup_py']
[1.454s] Level 1:colcon.colcon_core.package_identification:_identify(/home/yukki/Downloads/ros_ws/src/rm_auto_aim) by extension 'python_setup_py'
[1.454s] Level 1:colcon.colcon_core.package_identification:_identify(/home/yukki/Downloads/ros_ws/src/rm_auto_aim/armor_detector) by extensions ['ignore', 'ignore_ament_install']
[1.454s] Level 1:colcon.colcon_core.package_identification:_identify(/home/yukki/Downloads/ros_ws/src/rm_auto_aim/armor_detector) by extension 'ignore'
[1.454s] Level 1:colcon.colcon_core.package_identification:_identify(/home/yukki/Downloads/ros_ws/src/rm_auto_aim/armor_detector) by extension 'ignore_ament_install'
[1.455s] Level 1:colcon.colcon_core.package_identification:_identify(/home/yukki/Downloads/ros_ws/src/rm_auto_aim/armor_detector) by extensions ['colcon_pkg']
[1.455s] Level 1:colcon.colcon_core.package_identification:_identify(/home/yukki/Downloads/ros_ws/src/rm_auto_aim/armor_detector) by extension 'colcon_pkg'
[1.455s] Level 1:colcon.colcon_core.package_identification:_identify(/home/yukki/Downloads/ros_ws/src/rm_auto_aim/armor_detector) by extensions ['colcon_meta']
[1.455s] Level 1:colcon.colcon_core.package_identification:_identify(/home/yukki/Downloads/ros_ws/src/rm_auto_aim/armor_detector) by extension 'colcon_meta'
[1.455s] Level 1:colcon.colcon_core.package_identification:_identify(/home/yukki/Downloads/ros_ws/src/rm_auto_aim/armor_detector) by extensions ['ros']
[1.455s] Level 1:colcon.colcon_core.package_identification:_identify(/home/yukki/Downloads/ros_ws/src/rm_auto_aim/armor_detector) by extension 'ros'
[1.461s] DEBUG:colcon.colcon_core.package_identification:Package '/home/yukki/Downloads/ros_ws/src/rm_auto_aim/armor_detector' with type 'ros.ament_cmake' and name 'armor_detector'
[1.461s] Level 1:colcon.colcon_core.package_identification:_identify(/home/yukki/Downloads/ros_ws/src/rm_auto_aim/armor_tracker) by extensions ['ignore', 'ignore_ament_install']
[1.461s] Level 1:colcon.colcon_core.package_identification:_identify(/home/yukki/Downloads/ros_ws/src/rm_auto_aim/armor_tracker) by extension 'ignore'
[1.461s] Level 1:colcon.colcon_core.package_identification:_identify(/home/yukki/Downloads/ros_ws/src/rm_auto_aim/armor_tracker) by extension 'ignore_ament_install'
[1.461s] Level 1:colcon.colcon_core.package_identification:_identify(/home/yukki/Downloads/ros_ws/src/rm_auto_aim/armor_tracker) by extensions ['colcon_pkg']
[1.461s] Level 1:colcon.colcon_core.package_identification:_identify(/home/yukki/Downloads/ros_ws/src/rm_auto_aim/armor_tracker) by extension 'colcon_pkg'
[1.461s] Level 1:colcon.colcon_core.package_identification:_identify(/home/yukki/Downloads/ros_ws/src/rm_auto_aim/armor_tracker) by extensions ['colcon_meta']
[1.461s] Level 1:colcon.colcon_core.package_identification:_identify(/home/yukki/Downloads/ros_ws/src/rm_auto_aim/armor_tracker) by extension 'colcon_meta'
[1.462s] Level 1:colcon.colcon_core.package_identification:_identify(/home/yukki/Downloads/ros_ws/src/rm_auto_aim/armor_tracker) by extensions ['ros']
[1.462s] Level 1:colcon.colcon_core.package_identification:_identify(/home/yukki/Downloads/ros_ws/src/rm_auto_aim/armor_tracker) by extension 'ros'
[1.464s] DEBUG:colcon.colcon_core.package_identification:Package '/home/yukki/Downloads/ros_ws/src/rm_auto_aim/armor_tracker' with type 'ros.ament_cmake' and name 'armor_tracker'
[1.464s] Level 1:colcon.colcon_core.package_identification:_identify(/home/yukki/Downloads/ros_ws/src/rm_auto_aim/auto_aim_interfaces) by extensions ['ignore', 'ignore_ament_install']
[1.464s] Level 1:colcon.colcon_core.package_identification:_identify(/home/yukki/Downloads/ros_ws/src/rm_auto_aim/auto_aim_interfaces) by extension 'ignore'
[1.465s] Level 1:colcon.colcon_core.package_identification:_identify(/home/yukki/Downloads/ros_ws/src/rm_auto_aim/auto_aim_interfaces) by extension 'ignore_ament_install'
[1.465s] Level 1:colcon.colcon_core.package_identification:_identify(/home/yukki/Downloads/ros_ws/src/rm_auto_aim/auto_aim_interfaces) by extensions ['colcon_pkg']
[1.465s] Level 1:colcon.colcon_core.package_identification:_identify(/home/yukki/Downloads/ros_ws/src/rm_auto_aim/auto_aim_interfaces) by extension 'colcon_pkg'
[1.465s] Level 1:colcon.colcon_core.package_identification:_identify(/home/yukki/Downloads/ros_ws/src/rm_auto_aim/auto_aim_interfaces) by extensions ['colcon_meta']
[1.465s] Level 1:colcon.colcon_core.package_identification:_identify(/home/yukki/Downloads/ros_ws/src/rm_auto_aim/auto_aim_interfaces) by extension 'colcon_meta'
[1.465s] Level 1:colcon.colcon_core.package_identification:_identify(/home/yukki/Downloads/ros_ws/src/rm_auto_aim/auto_aim_interfaces) by extensions ['ros']
[1.465s] Level 1:colcon.colcon_core.package_identification:_identify(/home/yukki/Downloads/ros_ws/src/rm_auto_aim/auto_aim_interfaces) by extension 'ros'
[1.466s] DEBUG:colcon.colcon_core.package_identification:Package '/home/yukki/Downloads/ros_ws/src/rm_auto_aim/auto_aim_interfaces' with type 'ros.ament_cmake' and name 'auto_aim_interfaces'
[1.466s] Level 1:colcon.colcon_core.package_identification:_identify(/home/yukki/Downloads/ros_ws/src/rm_auto_aim/docs) by extensions ['ignore', 'ignore_ament_install']
[1.467s] Level 1:colcon.colcon_core.package_identification:_identify(/home/yukki/Downloads/ros_ws/src/rm_auto_aim/docs) by extension 'ignore'
[1.467s] Level 1:colcon.colcon_core.package_identification:_identify(/home/yukki/Downloads/ros_ws/src/rm_auto_aim/docs) by extension 'ignore_ament_install'
[1.467s] Level 1:colcon.colcon_core.package_identification:_identify(/home/yukki/Downloads/ros_ws/src/rm_auto_aim/docs) by extensions ['colcon_pkg']
[1.467s] Level 1:colcon.colcon_core.package_identification:_identify(/home/yukki/Downloads/ros_ws/src/rm_auto_aim/docs) by extension 'colcon_pkg'
[1.467s] Level 1:colcon.colcon_core.package_identification:_identify(/home/yukki/Downloads/ros_ws/src/rm_auto_aim/docs) by extensions ['colcon_meta']
[1.467s] Level 1:colcon.colcon_core.package_identification:_identify(/home/yukki/Downloads/ros_ws/src/rm_auto_aim/docs) by extension 'colcon_meta'
[1.467s] Level 1:colcon.colcon_core.package_identification:_identify(/home/yukki/Downloads/ros_ws/src/rm_auto_aim/docs) by extensions ['ros']
[1.467s] Level 1:colcon.colcon_core.package_identification:_identify(/home/yukki/Downloads/ros_ws/src/rm_auto_aim/docs) by extension 'ros'
[1.467s] Level 1:colcon.colcon_core.package_identification:_identify(/home/yukki/Downloads/ros_ws/src/rm_auto_aim/docs) by extensions ['cmake', 'python']
[1.467s] Level 1:colcon.colcon_core.package_identification:_identify(/home/yukki/Downloads/ros_ws/src/rm_auto_aim/docs) by extension 'cmake'
[1.467s] Level 1:colcon.colcon_core.package_identification:_identify(/home/yukki/Downloads/ros_ws/src/rm_auto_aim/docs) by extension 'python'
[1.467s] Level 1:colcon.colcon_core.package_identification:_identify(/home/yukki/Downloads/ros_ws/src/rm_auto_aim/docs) by extensions ['python_setup_py']
[1.467s] Level 1:colcon.colcon_core.package_identification:_identify(/home/yukki/Downloads/ros_ws/src/rm_auto_aim/docs) by extension 'python_setup_py'
[1.468s] Level 1:colcon.colcon_core.package_identification:_identify(/home/yukki/Downloads/ros_ws/src/rm_auto_aim/rm_auto_aim) by extensions ['ignore', 'ignore_ament_install']
[1.468s] Level 1:colcon.colcon_core.package_identification:_identify(/home/yukki/Downloads/ros_ws/src/rm_auto_aim/rm_auto_aim) by extension 'ignore'
[1.468s] Level 1:colcon.colcon_core.package_identification:_identify(/home/yukki/Downloads/ros_ws/src/rm_auto_aim/rm_auto_aim) by extension 'ignore_ament_install'
[1.468s] Level 1:colcon.colcon_core.package_identification:_identify(/home/yukki/Downloads/ros_ws/src/rm_auto_aim/rm_auto_aim) by extensions ['colcon_pkg']
[1.468s] Level 1:colcon.colcon_core.package_identification:_identify(/home/yukki/Downloads/ros_ws/src/rm_auto_aim/rm_auto_aim) by extension 'colcon_pkg'
[1.468s] Level 1:colcon.colcon_core.package_identification:_identify(/home/yukki/Downloads/ros_ws/src/rm_auto_aim/rm_auto_aim) by extensions ['colcon_meta']
[1.468s] Level 1:colcon.colcon_core.package_identification:_identify(/home/yukki/Downloads/ros_ws/src/rm_auto_aim/rm_auto_aim) by extension 'colcon_meta'
[1.468s] Level 1:colcon.colcon_core.package_identification:_identify(/home/yukki/Downloads/ros_ws/src/rm_auto_aim/rm_auto_aim) by extensions ['ros']
[1.468s] Level 1:colcon.colcon_core.package_identification:_identify(/home/yukki/Downloads/ros_ws/src/rm_auto_aim/rm_auto_aim) by extension 'ros'
[1.469s] DEBUG:colcon.colcon_core.package_identification:Package '/home/yukki/Downloads/ros_ws/src/rm_auto_aim/rm_auto_aim' with type 'ros.ament_cmake' and name 'rm_auto_aim'
[1.470s] Level 1:colcon.colcon_core.package_identification:_identify(/home/yukki/Downloads/ros_ws/src/rm_gimbal_description) by extensions ['ignore', 'ignore_ament_install']
[1.470s] Level 1:colcon.colcon_core.package_identification:_identify(/home/yukki/Downloads/ros_ws/src/rm_gimbal_description) by extension 'ignore'
[1.470s] Level 1:colcon.colcon_core.package_identification:_identify(/home/yukki/Downloads/ros_ws/src/rm_gimbal_description) by extension 'ignore_ament_install'
[1.470s] Level 1:colcon.colcon_core.package_identification:_identify(/home/yukki/Downloads/ros_ws/src/rm_gimbal_description) by extensions ['colcon_pkg']
[1.470s] Level 1:colcon.colcon_core.package_identification:_identify(/home/yukki/Downloads/ros_ws/src/rm_gimbal_description) by extension 'colcon_pkg'
[1.470s] Level 1:colcon.colcon_core.package_identification:_identify(/home/yukki/Downloads/ros_ws/src/rm_gimbal_description) by extensions ['colcon_meta']
[1.470s] Level 1:colcon.colcon_core.package_identification:_identify(/home/yukki/Downloads/ros_ws/src/rm_gimbal_description) by extension 'colcon_meta'
[1.470s] Level 1:colcon.colcon_core.package_identification:_identify(/home/yukki/Downloads/ros_ws/src/rm_gimbal_description) by extensions ['ros']
[1.470s] Level 1:colcon.colcon_core.package_identification:_identify(/home/yukki/Downloads/ros_ws/src/rm_gimbal_description) by extension 'ros'
[1.471s] DEBUG:colcon.colcon_core.package_identification:Package '/home/yukki/Downloads/ros_ws/src/rm_gimbal_description' with type 'ros.ament_cmake' and name 'rm_gimbal_description'
[1.471s] Level 1:colcon.colcon_core.package_identification:_identify(/home/yukki/Downloads/ros_ws/src/rm_serial_driver) by extensions ['ignore', 'ignore_ament_install']
[1.472s] Level 1:colcon.colcon_core.package_identification:_identify(/home/yukki/Downloads/ros_ws/src/rm_serial_driver) by extension 'ignore'
[1.472s] Level 1:colcon.colcon_core.package_identification:_identify(/home/yukki/Downloads/ros_ws/src/rm_serial_driver) by extension 'ignore_ament_install'
[1.472s] Level 1:colcon.colcon_core.package_identification:_identify(/home/yukki/Downloads/ros_ws/src/rm_serial_driver) by extensions ['colcon_pkg']
[1.472s] Level 1:colcon.colcon_core.package_identification:_identify(/home/yukki/Downloads/ros_ws/src/rm_serial_driver) by extension 'colcon_pkg'
[1.472s] Level 1:colcon.colcon_core.package_identification:_identify(/home/yukki/Downloads/ros_ws/src/rm_serial_driver) by extensions ['colcon_meta']
[1.472s] Level 1:colcon.colcon_core.package_identification:_identify(/home/yukki/Downloads/ros_ws/src/rm_serial_driver) by extension 'colcon_meta'
[1.472s] Level 1:colcon.colcon_core.package_identification:_identify(/home/yukki/Downloads/ros_ws/src/rm_serial_driver) by extensions ['ros']
[1.472s] Level 1:colcon.colcon_core.package_identification:_identify(/home/yukki/Downloads/ros_ws/src/rm_serial_driver) by extension 'ros'
[1.474s] DEBUG:colcon.colcon_core.package_identification:Package '/home/yukki/Downloads/ros_ws/src/rm_serial_driver' with type 'ros.ament_cmake' and name 'rm_serial_driver'
[1.475s] Level 1:colcon.colcon_core.package_identification:_identify(/home/yukki/Downloads/ros_ws/src/rm_vision) by extensions ['ignore', 'ignore_ament_install']
[1.475s] Level 1:colcon.colcon_core.package_identification:_identify(/home/yukki/Downloads/ros_ws/src/rm_vision) by extension 'ignore'
[1.475s] Level 1:colcon.colcon_core.package_identification:_identify(/home/yukki/Downloads/ros_ws/src/rm_vision) by extension 'ignore_ament_install'
[1.475s] Level 1:colcon.colcon_core.package_identification:_identify(/home/yukki/Downloads/ros_ws/src/rm_vision) by extensions ['colcon_pkg']
[1.475s] Level 1:colcon.colcon_core.package_identification:_identify(/home/yukki/Downloads/ros_ws/src/rm_vision) by extension 'colcon_pkg'
[1.475s] Level 1:colcon.colcon_core.package_identification:_identify(/home/yukki/Downloads/ros_ws/src/rm_vision) by extensions ['colcon_meta']
[1.475s] Level 1:colcon.colcon_core.package_identification:_identify(/home/yukki/Downloads/ros_ws/src/rm_vision) by extension 'colcon_meta'
[1.476s] Level 1:colcon.colcon_core.package_identification:_identify(/home/yukki/Downloads/ros_ws/src/rm_vision) by extensions ['ros']
[1.476s] Level 1:colcon.colcon_core.package_identification:_identify(/home/yukki/Downloads/ros_ws/src/rm_vision) by extension 'ros'
[1.476s] Level 1:colcon.colcon_core.package_identification:_identify(/home/yukki/Downloads/ros_ws/src/rm_vision) by extensions ['cmake', 'python']
[1.476s] Level 1:colcon.colcon_core.package_identification:_identify(/home/yukki/Downloads/ros_ws/src/rm_vision) by extension 'cmake'
[1.476s] Level 1:colcon.colcon_core.package_identification:_identify(/home/yukki/Downloads/ros_ws/src/rm_vision) by extension 'python'
[1.476s] Level 1:colcon.colcon_core.package_identification:_identify(/home/yukki/Downloads/ros_ws/src/rm_vision) by extensions ['python_setup_py']
[1.476s] Level 1:colcon.colcon_core.package_identification:_identify(/home/yukki/Downloads/ros_ws/src/rm_vision) by extension 'python_setup_py'
[1.476s] Level 1:colcon.colcon_core.package_identification:_identify(/home/yukki/Downloads/ros_ws/src/rm_vision/docs) by extensions ['ignore', 'ignore_ament_install']
[1.476s] Level 1:colcon.colcon_core.package_identification:_identify(/home/yukki/Downloads/ros_ws/src/rm_vision/docs) by extension 'ignore'
[1.476s] Level 1:colcon.colcon_core.package_identification:_identify(/home/yukki/Downloads/ros_ws/src/rm_vision/docs) by extension 'ignore_ament_install'
[1.476s] Level 1:colcon.colcon_core.package_identification:_identify(/home/yukki/Downloads/ros_ws/src/rm_vision/docs) by extensions ['colcon_pkg']
[1.476s] Level 1:colcon.colcon_core.package_identification:_identify(/home/yukki/Downloads/ros_ws/src/rm_vision/docs) by extension 'colcon_pkg'
[1.476s] Level 1:colcon.colcon_core.package_identification:_identify(/home/yukki/Downloads/ros_ws/src/rm_vision/docs) by extensions ['colcon_meta']
[1.476s] Level 1:colcon.colcon_core.package_identification:_identify(/home/yukki/Downloads/ros_ws/src/rm_vision/docs) by extension 'colcon_meta'
[1.477s] Level 1:colcon.colcon_core.package_identification:_identify(/home/yukki/Downloads/ros_ws/src/rm_vision/docs) by extensions ['ros']
[1.477s] Level 1:colcon.colcon_core.package_identification:_identify(/home/yukki/Downloads/ros_ws/src/rm_vision/docs) by extension 'ros'
[1.477s] Level 1:colcon.colcon_core.package_identification:_identify(/home/yukki/Downloads/ros_ws/src/rm_vision/docs) by extensions ['cmake', 'python']
[1.477s] Level 1:colcon.colcon_core.package_identification:_identify(/home/yukki/Downloads/ros_ws/src/rm_vision/docs) by extension 'cmake'
[1.477s] Level 1:colcon.colcon_core.package_identification:_identify(/home/yukki/Downloads/ros_ws/src/rm_vision/docs) by extension 'python'
[1.477s] Level 1:colcon.colcon_core.package_identification:_identify(/home/yukki/Downloads/ros_ws/src/rm_vision/docs) by extensions ['python_setup_py']
[1.477s] Level 1:colcon.colcon_core.package_identification:_identify(/home/yukki/Downloads/ros_ws/src/rm_vision/docs) by extension 'python_setup_py'
[1.477s] Level 1:colcon.colcon_core.package_identification:_identify(/home/yukki/Downloads/ros_ws/src/rm_vision/rm_vision_bringup) by extensions ['ignore', 'ignore_ament_install']
[1.477s] Level 1:colcon.colcon_core.package_identification:_identify(/home/yukki/Downloads/ros_ws/src/rm_vision/rm_vision_bringup) by extension 'ignore'
[1.477s] Level 1:colcon.colcon_core.package_identification:_identify(/home/yukki/Downloads/ros_ws/src/rm_vision/rm_vision_bringup) by extension 'ignore_ament_install'
[1.477s] Level 1:colcon.colcon_core.package_identification:_identify(/home/yukki/Downloads/ros_ws/src/rm_vision/rm_vision_bringup) by extensions ['colcon_pkg']
[1.477s] Level 1:colcon.colcon_core.package_identification:_identify(/home/yukki/Downloads/ros_ws/src/rm_vision/rm_vision_bringup) by extension 'colcon_pkg'
[1.478s] Level 1:colcon.colcon_core.package_identification:_identify(/home/yukki/Downloads/ros_ws/src/rm_vision/rm_vision_bringup) by extensions ['colcon_meta']
[1.478s] Level 1:colcon.colcon_core.package_identification:_identify(/home/yukki/Downloads/ros_ws/src/rm_vision/rm_vision_bringup) by extension 'colcon_meta'
[1.478s] Level 1:colcon.colcon_core.package_identification:_identify(/home/yukki/Downloads/ros_ws/src/rm_vision/rm_vision_bringup) by extensions ['ros']
[1.478s] Level 1:colcon.colcon_core.package_identification:_identify(/home/yukki/Downloads/ros_ws/src/rm_vision/rm_vision_bringup) by extension 'ros'
[1.479s] DEBUG:colcon.colcon_core.package_identification:Package '/home/yukki/Downloads/ros_ws/src/rm_vision/rm_vision_bringup' with type 'ros.ament_cmake' and name 'rm_vision_bringup'
[1.479s] Level 1:colcon.colcon_core.package_identification:_identify(/home/yukki/Downloads/ros_ws/src/ros2_hik_camera) by extensions ['ignore', 'ignore_ament_install']
[1.479s] Level 1:colcon.colcon_core.package_identification:_identify(/home/yukki/Downloads/ros_ws/src/ros2_hik_camera) by extension 'ignore'
[1.479s] Level 1:colcon.colcon_core.package_identification:_identify(/home/yukki/Downloads/ros_ws/src/ros2_hik_camera) by extension 'ignore_ament_install'
[1.479s] Level 1:colcon.colcon_core.package_identification:_identify(/home/yukki/Downloads/ros_ws/src/ros2_hik_camera) by extensions ['colcon_pkg']
[1.479s] Level 1:colcon.colcon_core.package_identification:_identify(/home/yukki/Downloads/ros_ws/src/ros2_hik_camera) by extension 'colcon_pkg'
[1.479s] Level 1:colcon.colcon_core.package_identification:_identify(/home/yukki/Downloads/ros_ws/src/ros2_hik_camera) by extensions ['colcon_meta']
[1.479s] Level 1:colcon.colcon_core.package_identification:_identify(/home/yukki/Downloads/ros_ws/src/ros2_hik_camera) by extension 'colcon_meta'
[1.479s] Level 1:colcon.colcon_core.package_identification:_identify(/home/yukki/Downloads/ros_ws/src/ros2_hik_camera) by extensions ['ros']
[1.479s] Level 1:colcon.colcon_core.package_identification:_identify(/home/yukki/Downloads/ros_ws/src/ros2_hik_camera) by extension 'ros'
[1.481s] DEBUG:colcon.colcon_core.package_identification:Package '/home/yukki/Downloads/ros_ws/src/ros2_hik_camera' with type 'ros.ament_cmake' and name 'hik_camera'
[1.482s] Level 1:colcon.colcon_core.package_identification:_identify(/home/yukki/Downloads/ros_ws/src/ros2_mindvision_camera) by extensions ['ignore', 'ignore_ament_install']
[1.482s] Level 1:colcon.colcon_core.package_identification:_identify(/home/yukki/Downloads/ros_ws/src/ros2_mindvision_camera) by extension 'ignore'
[1.482s] Level 1:colcon.colcon_core.package_identification:_identify(/home/yukki/Downloads/ros_ws/src/ros2_mindvision_camera) by extension 'ignore_ament_install'
[1.482s] Level 1:colcon.colcon_core.package_identification:_identify(/home/yukki/Downloads/ros_ws/src/ros2_mindvision_camera) by extensions ['colcon_pkg']
[1.482s] Level 1:colcon.colcon_core.package_identification:_identify(/home/yukki/Downloads/ros_ws/src/ros2_mindvision_camera) by extension 'colcon_pkg'
[1.482s] Level 1:colcon.colcon_core.package_identification:_identify(/home/yukki/Downloads/ros_ws/src/ros2_mindvision_camera) by extensions ['colcon_meta']
[1.482s] Level 1:colcon.colcon_core.package_identification:_identify(/home/yukki/Downloads/ros_ws/src/ros2_mindvision_camera) by extension 'colcon_meta'
[1.482s] Level 1:colcon.colcon_core.package_identification:_identify(/home/yukki/Downloads/ros_ws/src/ros2_mindvision_camera) by extensions ['ros']
[1.482s] Level 1:colcon.colcon_core.package_identification:_identify(/home/yukki/Downloads/ros_ws/src/ros2_mindvision_camera) by extension 'ros'
[1.484s] DEBUG:colcon.colcon_core.package_identification:Package '/home/yukki/Downloads/ros_ws/src/ros2_mindvision_camera' with type 'ros.ament_cmake' and name 'mindvision_camera'
[1.484s] Level 1:colcon.colcon_core.package_discovery:discover_packages(recursive) using defaults
