[0.046s] Invoking command in '/home/yukki/Downloads/ros_ws/build/rm_serial_driver': AMENT_PREFIX_PATH=/home/yukki/Downloads/ros_ws/install/auto_aim_interfaces:${AMENT_PREFIX_PATH} CMAKE_PREFIX_PATH=/home/yukki/Downloads/ros_ws/install/auto_aim_interfaces:/opt/ros/humble LD_LIBRARY_PATH=/home/yukki/Downloads/ros_ws/install/auto_aim_interfaces/lib:/opt/MVS/lib/64:/opt/MVS/lib/32:/opt/ros/humble/opt/rviz_ogre_vendor/lib:/opt/ros/humble/lib/x86_64-linux-gnu:/opt/ros/humble/lib:/opt/MVS/lib/64:/opt/MVS/lib/32:/opt/MVS/lib/64:/opt/MVS/lib/32 PYTHONPATH=/home/yukki/Downloads/ros_ws/install/auto_aim_interfaces/local/lib/python3.10/dist-packages:${PYTHONPATH} /usr/bin/cmake --build /home/yukki/Downloads/ros_ws/build/rm_serial_driver -- -j16 -l16
[0.083s] [35m[1mConsolidate compiler generated dependencies of target rm_serial_driver_node[0m
[0.083s] [35m[1mConsolidate compiler generated dependencies of target rm_serial_driver[0m
[0.101s] [ 40%] Built target rm_serial_driver_node
[0.112s] [100%] Built target rm_serial_driver
[0.124s] Invoked command in '/home/yukki/Downloads/ros_ws/build/rm_serial_driver' returned '0': AMENT_PREFIX_PATH=/home/yukki/Downloads/ros_ws/install/auto_aim_interfaces:${AMENT_PREFIX_PATH} CMAKE_PREFIX_PATH=/home/yukki/Downloads/ros_ws/install/auto_aim_interfaces:/opt/ros/humble LD_LIBRARY_PATH=/home/yukki/Downloads/ros_ws/install/auto_aim_interfaces/lib:/opt/MVS/lib/64:/opt/MVS/lib/32:/opt/ros/humble/opt/rviz_ogre_vendor/lib:/opt/ros/humble/lib/x86_64-linux-gnu:/opt/ros/humble/lib:/opt/MVS/lib/64:/opt/MVS/lib/32:/opt/MVS/lib/64:/opt/MVS/lib/32 PYTHONPATH=/home/yukki/Downloads/ros_ws/install/auto_aim_interfaces/local/lib/python3.10/dist-packages:${PYTHONPATH} /usr/bin/cmake --build /home/yukki/Downloads/ros_ws/build/rm_serial_driver -- -j16 -l16
[0.153s] Invoking command in '/home/yukki/Downloads/ros_ws/build/rm_serial_driver': AMENT_PREFIX_PATH=/home/yukki/Downloads/ros_ws/install/auto_aim_interfaces:${AMENT_PREFIX_PATH} CMAKE_PREFIX_PATH=/home/yukki/Downloads/ros_ws/install/auto_aim_interfaces:/opt/ros/humble LD_LIBRARY_PATH=/home/yukki/Downloads/ros_ws/install/auto_aim_interfaces/lib:/opt/MVS/lib/64:/opt/MVS/lib/32:/opt/ros/humble/opt/rviz_ogre_vendor/lib:/opt/ros/humble/lib/x86_64-linux-gnu:/opt/ros/humble/lib:/opt/MVS/lib/64:/opt/MVS/lib/32:/opt/MVS/lib/64:/opt/MVS/lib/32 PYTHONPATH=/home/yukki/Downloads/ros_ws/install/auto_aim_interfaces/local/lib/python3.10/dist-packages:${PYTHONPATH} /usr/bin/cmake --install /home/yukki/Downloads/ros_ws/build/rm_serial_driver
[0.160s] -- Install configuration: ""
[0.161s] -- Execute custom install script
[0.161s] -- Up-to-date symlink: /home/yukki/Downloads/ros_ws/install/rm_serial_driver/lib/rm_serial_driver/rm_serial_driver_node
[0.161s] -- Up-to-date symlink: /home/yukki/Downloads/ros_ws/install/rm_serial_driver/include/rm_serial_driver/crc.hpp
[0.161s] -- Up-to-date symlink: /home/yukki/Downloads/ros_ws/install/rm_serial_driver/include/rm_serial_driver/packet.hpp
[0.162s] -- Up-to-date symlink: /home/yukki/Downloads/ros_ws/install/rm_serial_driver/include/rm_serial_driver/rm_serial_driver.hpp
[0.162s] -- Up-to-date symlink: /home/yukki/Downloads/ros_ws/install/rm_serial_driver/share/rm_serial_driver/environment/library_path.sh
[0.162s] -- Up-to-date symlink: /home/yukki/Downloads/ros_ws/install/rm_serial_driver/share/rm_serial_driver/environment/library_path.dsv
[0.162s] -- Up-to-date symlink: /home/yukki/Downloads/ros_ws/install/rm_serial_driver/lib/librm_serial_driver.so
[0.162s] -- Up-to-date symlink: /home/yukki/Downloads/ros_ws/install/rm_serial_driver/share/rm_serial_driver/config/serial_driver.yaml
[0.162s] -- Up-to-date symlink: /home/yukki/Downloads/ros_ws/install/rm_serial_driver/share/rm_serial_driver/launch/serial_driver.launch.py
[0.163s] -- Up-to-date symlink: /home/yukki/Downloads/ros_ws/install/rm_serial_driver/share/ament_index/resource_index/package_run_dependencies/rm_serial_driver
[0.163s] -- Up-to-date symlink: /home/yukki/Downloads/ros_ws/install/rm_serial_driver/share/ament_index/resource_index/parent_prefix_path/rm_serial_driver
[0.163s] -- Up-to-date symlink: /home/yukki/Downloads/ros_ws/install/rm_serial_driver/share/rm_serial_driver/environment/ament_prefix_path.sh
[0.163s] -- Up-to-date symlink: /home/yukki/Downloads/ros_ws/install/rm_serial_driver/share/rm_serial_driver/environment/ament_prefix_path.dsv
[0.163s] -- Up-to-date symlink: /home/yukki/Downloads/ros_ws/install/rm_serial_driver/share/rm_serial_driver/environment/path.sh
[0.163s] -- Up-to-date symlink: /home/yukki/Downloads/ros_ws/install/rm_serial_driver/share/rm_serial_driver/environment/path.dsv
[0.163s] -- Up-to-date symlink: /home/yukki/Downloads/ros_ws/install/rm_serial_driver/share/rm_serial_driver/local_setup.bash
[0.163s] -- Up-to-date symlink: /home/yukki/Downloads/ros_ws/install/rm_serial_driver/share/rm_serial_driver/local_setup.sh
[0.164s] -- Up-to-date symlink: /home/yukki/Downloads/ros_ws/install/rm_serial_driver/share/rm_serial_driver/local_setup.zsh
[0.164s] -- Up-to-date symlink: /home/yukki/Downloads/ros_ws/install/rm_serial_driver/share/rm_serial_driver/local_setup.dsv
[0.164s] -- Symlinking: /home/yukki/Downloads/ros_ws/install/rm_serial_driver/share/rm_serial_driver/package.dsv
[0.173s] -- Up-to-date symlink: /home/yukki/Downloads/ros_ws/install/rm_serial_driver/share/ament_index/resource_index/packages/rm_serial_driver
[0.173s] -- Up-to-date symlink: /home/yukki/Downloads/ros_ws/install/rm_serial_driver/share/ament_index/resource_index/rclcpp_components/rm_serial_driver
[0.173s] -- Up-to-date symlink: /home/yukki/Downloads/ros_ws/install/rm_serial_driver/share/rm_serial_driver/cmake/ament_cmake_export_dependencies-extras.cmake
[0.173s] -- Up-to-date symlink: /home/yukki/Downloads/ros_ws/install/rm_serial_driver/share/rm_serial_driver/cmake/ament_cmake_export_include_directories-extras.cmake
[0.173s] -- Up-to-date symlink: /home/yukki/Downloads/ros_ws/install/rm_serial_driver/share/rm_serial_driver/cmake/ament_cmake_export_libraries-extras.cmake
[0.173s] -- Up-to-date symlink: /home/yukki/Downloads/ros_ws/install/rm_serial_driver/share/rm_serial_driver/cmake/rm_serial_driverConfig.cmake
[0.174s] -- Up-to-date symlink: /home/yukki/Downloads/ros_ws/install/rm_serial_driver/share/rm_serial_driver/cmake/rm_serial_driverConfig-version.cmake
[0.174s] -- Up-to-date symlink: /home/yukki/Downloads/ros_ws/install/rm_serial_driver/share/rm_serial_driver/package.xml
[0.176s] Invoked command in '/home/yukki/Downloads/ros_ws/build/rm_serial_driver' returned '0': AMENT_PREFIX_PATH=/home/yukki/Downloads/ros_ws/install/auto_aim_interfaces:${AMENT_PREFIX_PATH} CMAKE_PREFIX_PATH=/home/yukki/Downloads/ros_ws/install/auto_aim_interfaces:/opt/ros/humble LD_LIBRARY_PATH=/home/yukki/Downloads/ros_ws/install/auto_aim_interfaces/lib:/opt/MVS/lib/64:/opt/MVS/lib/32:/opt/ros/humble/opt/rviz_ogre_vendor/lib:/opt/ros/humble/lib/x86_64-linux-gnu:/opt/ros/humble/lib:/opt/MVS/lib/64:/opt/MVS/lib/32:/opt/MVS/lib/64:/opt/MVS/lib/32 PYTHONPATH=/home/yukki/Downloads/ros_ws/install/auto_aim_interfaces/local/lib/python3.10/dist-packages:${PYTHONPATH} /usr/bin/cmake --install /home/yukki/Downloads/ros_ws/build/rm_serial_driver
