[0.164s] Invoking command in '/home/yukki/Downloads/ros_ws/build/auto_aim_interfaces': CMAKE_PREFIX_PATH=/opt/ros/humble /usr/bin/cmake /home/yukki/Downloads/ros_ws/src/rm_auto_aim/auto_aim_interfaces -DAMENT_CMAKE_SYMLINK_INSTALL=1 -DCMAKE_INSTALL_PREFIX=/home/yukki/Downloads/ros_ws/install/auto_aim_interfaces
[0.248s] -- The C compiler identification is GNU 11.4.0
[0.308s] -- The CXX compiler identification is GNU 11.4.0
[0.317s] -- Detecting C compiler ABI info
[0.385s] -- Detecting C compiler ABI info - done
[0.390s] -- Check for working C compiler: /usr/bin/cc - skipped
[0.391s] -- Detecting C compile features
[0.391s] -- Detecting C compile features - done
[0.394s] -- Detecting CXX compiler ABI info
[0.470s] -- Detecting CXX compiler ABI info - done
[0.479s] -- Check for working CXX compiler: /usr/bin/c++ - skipped
[0.480s] -- Detecting CXX compile features
[0.480s] -- Detecting CXX compile features - done
[0.487s] -- Found ament_cmake: 1.3.6 (/opt/ros/humble/share/ament_cmake/cmake)
[0.802s] -- Found Python3: /usr/bin/python3.10 (found version "3.10.12") found components: Interpreter 
[0.867s] -- Override CMake install command with custom implementation using symlinks instead of copying resources
[0.897s] -- Found rosidl_default_generators: 1.2.0 (/opt/ros/humble/share/rosidl_default_generators/cmake)
[0.901s] -- Using all available rosidl_typesupport_c: rosidl_typesupport_fastrtps_c;rosidl_typesupport_introspection_c
[0.908s] -- Found rosidl_adapter: 3.1.5 (/opt/ros/humble/share/rosidl_adapter/cmake)
[0.954s] -- Using all available rosidl_typesupport_cpp: rosidl_typesupport_fastrtps_cpp;rosidl_typesupport_introspection_cpp
[0.991s] -- Found geometry_msgs: 4.2.3 (/opt/ros/humble/share/geometry_msgs/cmake)
[1.401s] -- Found ament_cmake_ros: 0.10.0 (/opt/ros/humble/share/ament_cmake_ros/cmake)
[1.616s] -- Using all available rosidl_typesupport_c: rosidl_typesupport_fastrtps_c;rosidl_typesupport_introspection_c
[1.898s] -- Using all available rosidl_typesupport_cpp: rosidl_typesupport_fastrtps_cpp;rosidl_typesupport_introspection_cpp
[1.918s] -- Found PythonInterp: /usr/bin/python3 (found suitable version "3.10.12", minimum required is "3.6") 
[1.920s] -- Found python_cmake_module: 0.10.0 (/opt/ros/humble/share/python_cmake_module/cmake)
[1.944s] -- Found PythonLibs: /usr/lib/x86_64-linux-gnu/libpython3.10.so (found suitable version "3.10.12", minimum required is "3.5") 
[1.944s] -- Using PYTHON_EXECUTABLE: /usr/bin/python3
[1.944s] -- Using PYTHON_INCLUDE_DIRS: /usr/include/python3.10
[1.944s] -- Using PYTHON_LIBRARIES: /usr/lib/x86_64-linux-gnu/libpython3.10.so
[1.965s] -- Found PythonExtra: .so  
[2.032s] -- Configuring done
[2.081s] -- Generating done
[2.083s] -- Build files have been written to: /home/yukki/Downloads/ros_ws/build/auto_aim_interfaces
[2.093s] Invoked command in '/home/yukki/Downloads/ros_ws/build/auto_aim_interfaces' returned '0': CMAKE_PREFIX_PATH=/opt/ros/humble /usr/bin/cmake /home/yukki/Downloads/ros_ws/src/rm_auto_aim/auto_aim_interfaces -DAMENT_CMAKE_SYMLINK_INSTALL=1 -DCMAKE_INSTALL_PREFIX=/home/yukki/Downloads/ros_ws/install/auto_aim_interfaces
[2.094s] Invoking command in '/home/yukki/Downloads/ros_ws/build/auto_aim_interfaces': CMAKE_PREFIX_PATH=/opt/ros/humble /usr/bin/cmake --build /home/yukki/Downloads/ros_ws/build/auto_aim_interfaces -- -j16 -l16
[2.142s] [  1%] [34m[1mGenerating C code for ROS interfaces[0m
[2.153s] [  1%] [34m[1mGenerating C++ code for ROS interfaces[0m
[2.162s] [  1%] Built target ament_cmake_python_symlink_auto_aim_interfaces
[2.346s] running egg_info
[2.347s] creating auto_aim_interfaces.egg-info
[2.361s] writing auto_aim_interfaces.egg-info/PKG-INFO
[2.362s] writing dependency_links to auto_aim_interfaces.egg-info/dependency_links.txt
[2.362s] writing top-level names to auto_aim_interfaces.egg-info/top_level.txt
[2.362s] writing manifest file 'auto_aim_interfaces.egg-info/SOURCES.txt'
[2.405s] reading manifest file 'auto_aim_interfaces.egg-info/SOURCES.txt'
[2.406s] writing manifest file 'auto_aim_interfaces.egg-info/SOURCES.txt'
[2.436s] [  1%] Built target ament_cmake_python_build_auto_aim_interfaces_egg
[2.846s] [  1%] Built target auto_aim_interfaces__cpp
[2.861s] [  2%] [34m[1mGenerating C++ type support dispatch for ROS interfaces[0m
[2.861s] [  2%] [34m[1mGenerating C++ introspection for ROS interfaces[0m
[2.862s] [  3%] [34m[1mGenerating C++ type support for eProsima Fast-RTPS[0m
[2.989s] [  5%] [32mBuilding C object CMakeFiles/auto_aim_interfaces__rosidl_generator_c.dir/rosidl_generator_c/auto_aim_interfaces/msg/detail/armors__functions.c.o[0m
[2.990s] [  6%] [32mBuilding C object CMakeFiles/auto_aim_interfaces__rosidl_generator_c.dir/rosidl_generator_c/auto_aim_interfaces/msg/detail/debug_light__functions.c.o[0m
[2.990s] [  7%] [32mBuilding C object CMakeFiles/auto_aim_interfaces__rosidl_generator_c.dir/rosidl_generator_c/auto_aim_interfaces/msg/detail/target__functions.c.o[0m
[2.991s] [  5%] [32mBuilding C object CMakeFiles/auto_aim_interfaces__rosidl_generator_c.dir/rosidl_generator_c/auto_aim_interfaces/msg/detail/rune__functions.c.o[0m
[2.991s] [  5%] [32mBuilding C object CMakeFiles/auto_aim_interfaces__rosidl_generator_c.dir/rosidl_generator_c/auto_aim_interfaces/msg/detail/armor__functions.c.o[0m
[2.991s] [  8%] [32mBuilding C object CMakeFiles/auto_aim_interfaces__rosidl_generator_c.dir/rosidl_generator_c/auto_aim_interfaces/msg/detail/target_rune__functions.c.o[0m
[2.991s] [  8%] [32mBuilding C object CMakeFiles/auto_aim_interfaces__rosidl_generator_c.dir/rosidl_generator_c/auto_aim_interfaces/msg/detail/debug_lights__functions.c.o[0m
[2.996s] [  9%] [32mBuilding C object CMakeFiles/auto_aim_interfaces__rosidl_generator_c.dir/rosidl_generator_c/auto_aim_interfaces/msg/detail/debug_armor__functions.c.o[0m
[2.998s] [ 10%] [32mBuilding C object CMakeFiles/auto_aim_interfaces__rosidl_generator_c.dir/rosidl_generator_c/auto_aim_interfaces/msg/detail/tracker_info__functions.c.o[0m
[3.001s] [ 11%] [32mBuilding C object CMakeFiles/auto_aim_interfaces__rosidl_generator_c.dir/rosidl_generator_c/auto_aim_interfaces/msg/detail/debug_armors__functions.c.o[0m
[3.002s] [ 13%] [32mBuilding C object CMakeFiles/auto_aim_interfaces__rosidl_generator_c.dir/rosidl_generator_c/auto_aim_interfaces/msg/detail/debug_rune__functions.c.o[0m
[3.002s] [ 13%] [32mBuilding C object CMakeFiles/auto_aim_interfaces__rosidl_generator_c.dir/rosidl_generator_c/auto_aim_interfaces/msg/detail/debug_send__functions.c.o[0m
[3.003s] [ 13%] [32mBuilding C object CMakeFiles/auto_aim_interfaces__rosidl_generator_c.dir/rosidl_generator_c/auto_aim_interfaces/msg/detail/debug_send_armors__functions.c.o[0m
[3.111s] [ 14%] [32m[1mLinking C shared library libauto_aim_interfaces__rosidl_generator_c.so[0m
[3.159s] [ 14%] Built target auto_aim_interfaces__rosidl_generator_c
[3.172s] [ 15%] [34m[1mGenerating C type support for eProsima Fast-RTPS[0m
[3.172s] [ 16%] [34m[1mGenerating C type support dispatch for ROS interfaces[0m
[3.174s] [ 17%] [34m[1mGenerating C introspection for ROS interfaces[0m
[3.430s] [ 18%] [32mBuilding CXX object CMakeFiles/auto_aim_interfaces__rosidl_typesupport_cpp.dir/rosidl_typesupport_cpp/auto_aim_interfaces/msg/rune__type_support.cpp.o[0m
[3.430s] [ 18%] [32mBuilding CXX object CMakeFiles/auto_aim_interfaces__rosidl_typesupport_cpp.dir/rosidl_typesupport_cpp/auto_aim_interfaces/msg/debug_light__type_support.cpp.o[0m
[3.430s] [ 20%] [32mBuilding CXX object CMakeFiles/auto_aim_interfaces__rosidl_typesupport_cpp.dir/rosidl_typesupport_cpp/auto_aim_interfaces/msg/armor__type_support.cpp.o[0m
[3.431s] [ 21%] [32mBuilding CXX object CMakeFiles/auto_aim_interfaces__rosidl_typesupport_cpp.dir/rosidl_typesupport_cpp/auto_aim_interfaces/msg/debug_lights__type_support.cpp.o[0m
[3.431s] [ 21%] [32mBuilding CXX object CMakeFiles/auto_aim_interfaces__rosidl_typesupport_cpp.dir/rosidl_typesupport_cpp/auto_aim_interfaces/msg/target__type_support.cpp.o[0m
[3.435s] [ 22%] [32mBuilding CXX object CMakeFiles/auto_aim_interfaces__rosidl_typesupport_cpp.dir/rosidl_typesupport_cpp/auto_aim_interfaces/msg/armors__type_support.cpp.o[0m
[3.436s] [ 23%] [32mBuilding CXX object CMakeFiles/auto_aim_interfaces__rosidl_typesupport_cpp.dir/rosidl_typesupport_cpp/auto_aim_interfaces/msg/target_rune__type_support.cpp.o[0m
[3.443s] [ 24%] [32mBuilding CXX object CMakeFiles/auto_aim_interfaces__rosidl_typesupport_cpp.dir/rosidl_typesupport_cpp/auto_aim_interfaces/msg/debug_armors__type_support.cpp.o[0m
[3.444s] [ 24%] [32mBuilding CXX object CMakeFiles/auto_aim_interfaces__rosidl_typesupport_cpp.dir/rosidl_typesupport_cpp/auto_aim_interfaces/msg/debug_armor__type_support.cpp.o[0m
[3.444s] [ 25%] [32mBuilding CXX object CMakeFiles/auto_aim_interfaces__rosidl_typesupport_cpp.dir/rosidl_typesupport_cpp/auto_aim_interfaces/msg/debug_send__type_support.cpp.o[0m
[3.452s] [ 26%] [32mBuilding CXX object CMakeFiles/auto_aim_interfaces__rosidl_typesupport_cpp.dir/rosidl_typesupport_cpp/auto_aim_interfaces/msg/debug_rune__type_support.cpp.o[0m
[3.881s] [ 27%] [32mBuilding CXX object CMakeFiles/auto_aim_interfaces__rosidl_typesupport_cpp.dir/rosidl_typesupport_cpp/auto_aim_interfaces/msg/debug_send_armors__type_support.cpp.o[0m
[3.899s] [ 27%] [32mBuilding CXX object CMakeFiles/auto_aim_interfaces__rosidl_typesupport_cpp.dir/rosidl_typesupport_cpp/auto_aim_interfaces/msg/tracker_info__type_support.cpp.o[0m
[4.027s] [ 28%] [32mBuilding CXX object CMakeFiles/auto_aim_interfaces__rosidl_typesupport_c.dir/rosidl_typesupport_c/auto_aim_interfaces/msg/armors__type_support.cpp.o[0m
[4.027s] [ 30%] [32mBuilding CXX object CMakeFiles/auto_aim_interfaces__rosidl_typesupport_c.dir/rosidl_typesupport_c/auto_aim_interfaces/msg/rune__type_support.cpp.o[0m
[4.027s] [ 30%] [32mBuilding CXX object CMakeFiles/auto_aim_interfaces__rosidl_typesupport_c.dir/rosidl_typesupport_c/auto_aim_interfaces/msg/target__type_support.cpp.o[0m
[4.034s] [ 30%] [32mBuilding CXX object CMakeFiles/auto_aim_interfaces__rosidl_typesupport_c.dir/rosidl_typesupport_c/auto_aim_interfaces/msg/armor__type_support.cpp.o[0m
[4.036s] [ 31%] [32mBuilding CXX object CMakeFiles/auto_aim_interfaces__rosidl_typesupport_c.dir/rosidl_typesupport_c/auto_aim_interfaces/msg/target_rune__type_support.cpp.o[0m
[4.046s] [ 31%] [32mBuilding CXX object CMakeFiles/auto_aim_interfaces__rosidl_typesupport_c.dir/rosidl_typesupport_c/auto_aim_interfaces/msg/debug_light__type_support.cpp.o[0m
[4.062s] [ 32%] [32mBuilding CXX object CMakeFiles/auto_aim_interfaces__rosidl_typesupport_c.dir/rosidl_typesupport_c/auto_aim_interfaces/msg/debug_lights__type_support.cpp.o[0m
[4.081s] [ 33%] [32mBuilding CXX object CMakeFiles/auto_aim_interfaces__rosidl_typesupport_c.dir/rosidl_typesupport_c/auto_aim_interfaces/msg/debug_armor__type_support.cpp.o[0m
[4.091s] [ 34%] [32mBuilding CXX object CMakeFiles/auto_aim_interfaces__rosidl_typesupport_c.dir/rosidl_typesupport_c/auto_aim_interfaces/msg/debug_armors__type_support.cpp.o[0m
[4.102s] [ 35%] [32mBuilding CXX object CMakeFiles/auto_aim_interfaces__rosidl_typesupport_c.dir/rosidl_typesupport_c/auto_aim_interfaces/msg/debug_rune__type_support.cpp.o[0m
[4.116s] [ 36%] [32mBuilding CXX object CMakeFiles/auto_aim_interfaces__rosidl_typesupport_introspection_cpp.dir/rosidl_typesupport_introspection_cpp/auto_aim_interfaces/msg/detail/armor__type_support.cpp.o[0m
[4.133s] [ 36%] [32mBuilding CXX object CMakeFiles/auto_aim_interfaces__rosidl_typesupport_c.dir/rosidl_typesupport_c/auto_aim_interfaces/msg/debug_send__type_support.cpp.o[0m
[4.134s] [ 37%] [32mBuilding CXX object CMakeFiles/auto_aim_interfaces__rosidl_typesupport_introspection_cpp.dir/rosidl_typesupport_introspection_cpp/auto_aim_interfaces/msg/detail/armors__type_support.cpp.o[0m
[4.139s] [ 38%] [32mBuilding CXX object CMakeFiles/auto_aim_interfaces__rosidl_typesupport_introspection_cpp.dir/rosidl_typesupport_introspection_cpp/auto_aim_interfaces/msg/detail/target__type_support.cpp.o[0m
[4.147s] [ 39%] [32mBuilding CXX object CMakeFiles/auto_aim_interfaces__rosidl_typesupport_c.dir/rosidl_typesupport_c/auto_aim_interfaces/msg/debug_send_armors__type_support.cpp.o[0m
[4.148s] [ 39%] [32mBuilding CXX object CMakeFiles/auto_aim_interfaces__rosidl_typesupport_introspection_cpp.dir/rosidl_typesupport_introspection_cpp/auto_aim_interfaces/msg/detail/target_rune__type_support.cpp.o[0m
[4.151s] [ 40%] [32mBuilding CXX object CMakeFiles/auto_aim_interfaces__rosidl_typesupport_introspection_cpp.dir/rosidl_typesupport_introspection_cpp/auto_aim_interfaces/msg/detail/rune__type_support.cpp.o[0m
[4.159s] [ 41%] [32mBuilding CXX object CMakeFiles/auto_aim_interfaces__rosidl_typesupport_c.dir/rosidl_typesupport_c/auto_aim_interfaces/msg/tracker_info__type_support.cpp.o[0m
[4.180s] [ 42%] [32mBuilding CXX object CMakeFiles/auto_aim_interfaces__rosidl_typesupport_introspection_cpp.dir/rosidl_typesupport_introspection_cpp/auto_aim_interfaces/msg/detail/debug_light__type_support.cpp.o[0m
[4.194s] [ 44%] [32mBuilding CXX object CMakeFiles/auto_aim_interfaces__rosidl_typesupport_fastrtps_cpp.dir/rosidl_typesupport_fastrtps_cpp/auto_aim_interfaces/msg/detail/dds_fastrtps/armor__type_support.cpp.o[0m
[4.194s] [ 44%] [32mBuilding CXX object CMakeFiles/auto_aim_interfaces__rosidl_typesupport_introspection_cpp.dir/rosidl_typesupport_introspection_cpp/auto_aim_interfaces/msg/detail/debug_lights__type_support.cpp.o[0m
[4.208s] [ 45%] [32mBuilding CXX object CMakeFiles/auto_aim_interfaces__rosidl_typesupport_introspection_cpp.dir/rosidl_typesupport_introspection_cpp/auto_aim_interfaces/msg/detail/debug_armor__type_support.cpp.o[0m
[4.247s] [ 46%] [32mBuilding CXX object CMakeFiles/auto_aim_interfaces__rosidl_typesupport_introspection_cpp.dir/rosidl_typesupport_introspection_cpp/auto_aim_interfaces/msg/detail/debug_armors__type_support.cpp.o[0m
[4.264s] [ 47%] [32m[1mLinking CXX shared library libauto_aim_interfaces__rosidl_typesupport_c.so[0m
[4.298s] [ 47%] [32mBuilding CXX object CMakeFiles/auto_aim_interfaces__rosidl_typesupport_introspection_cpp.dir/rosidl_typesupport_introspection_cpp/auto_aim_interfaces/msg/detail/debug_rune__type_support.cpp.o[0m
[4.320s] [ 48%] [32mBuilding CXX object CMakeFiles/auto_aim_interfaces__rosidl_typesupport_introspection_cpp.dir/rosidl_typesupport_introspection_cpp/auto_aim_interfaces/msg/detail/debug_send__type_support.cpp.o[0m
[4.415s] [ 48%] Built target auto_aim_interfaces__rosidl_typesupport_c
[4.432s] [ 49%] [32m[1mLinking CXX shared library libauto_aim_interfaces__rosidl_typesupport_cpp.so[0m
[4.633s] [ 49%] Built target auto_aim_interfaces__rosidl_typesupport_cpp
[4.696s] [ 50%] [32mBuilding CXX object CMakeFiles/auto_aim_interfaces__rosidl_typesupport_fastrtps_cpp.dir/rosidl_typesupport_fastrtps_cpp/auto_aim_interfaces/msg/detail/dds_fastrtps/armors__type_support.cpp.o[0m
[4.723s] [ 51%] [32mBuilding CXX object CMakeFiles/auto_aim_interfaces__rosidl_typesupport_fastrtps_cpp.dir/rosidl_typesupport_fastrtps_cpp/auto_aim_interfaces/msg/detail/dds_fastrtps/rune__type_support.cpp.o[0m
[4.785s] [ 52%] [32mBuilding CXX object CMakeFiles/auto_aim_interfaces__rosidl_typesupport_introspection_cpp.dir/rosidl_typesupport_introspection_cpp/auto_aim_interfaces/msg/detail/tracker_info__type_support.cpp.o[0m
[4.794s] [ 52%] [32mBuilding CXX object CMakeFiles/auto_aim_interfaces__rosidl_typesupport_fastrtps_cpp.dir/rosidl_typesupport_fastrtps_cpp/auto_aim_interfaces/msg/detail/dds_fastrtps/target__type_support.cpp.o[0m
[4.805s] [ 53%] [32mBuilding CXX object CMakeFiles/auto_aim_interfaces__rosidl_typesupport_introspection_cpp.dir/rosidl_typesupport_introspection_cpp/auto_aim_interfaces/msg/detail/debug_send_armors__type_support.cpp.o[0m
[4.851s] [ 54%] [32mBuilding CXX object CMakeFiles/auto_aim_interfaces__rosidl_typesupport_fastrtps_cpp.dir/rosidl_typesupport_fastrtps_cpp/auto_aim_interfaces/msg/detail/dds_fastrtps/target_rune__type_support.cpp.o[0m
[4.860s] [ 55%] [32mBuilding C object CMakeFiles/auto_aim_interfaces__rosidl_typesupport_introspection_c.dir/rosidl_typesupport_introspection_c/auto_aim_interfaces/msg/detail/armor__type_support.c.o[0m
[4.865s] [ 56%] [32mBuilding C object CMakeFiles/auto_aim_interfaces__rosidl_typesupport_introspection_c.dir/rosidl_typesupport_introspection_c/auto_aim_interfaces/msg/detail/armors__type_support.c.o[0m
[4.878s] [ 56%] [32mBuilding C object CMakeFiles/auto_aim_interfaces__rosidl_typesupport_introspection_c.dir/rosidl_typesupport_introspection_c/auto_aim_interfaces/msg/detail/rune__type_support.c.o[0m
[4.881s] [ 57%] [32mBuilding CXX object CMakeFiles/auto_aim_interfaces__rosidl_typesupport_fastrtps_cpp.dir/rosidl_typesupport_fastrtps_cpp/auto_aim_interfaces/msg/detail/dds_fastrtps/debug_light__type_support.cpp.o[0m
[4.902s] [ 58%] [32mBuilding CXX object CMakeFiles/auto_aim_interfaces__rosidl_typesupport_fastrtps_cpp.dir/rosidl_typesupport_fastrtps_cpp/auto_aim_interfaces/msg/detail/dds_fastrtps/debug_lights__type_support.cpp.o[0m
[4.923s] [ 59%] [32mBuilding CXX object CMakeFiles/auto_aim_interfaces__rosidl_typesupport_fastrtps_c.dir/rosidl_typesupport_fastrtps_c/auto_aim_interfaces/msg/detail/armor__type_support_c.cpp.o[0m
[4.993s] [ 59%] [32mBuilding CXX object CMakeFiles/auto_aim_interfaces__rosidl_typesupport_fastrtps_c.dir/rosidl_typesupport_fastrtps_c/auto_aim_interfaces/msg/detail/armors__type_support_c.cpp.o[0m
[5.010s] [ 60%] [32mBuilding CXX object CMakeFiles/auto_aim_interfaces__rosidl_typesupport_fastrtps_c.dir/rosidl_typesupport_fastrtps_c/auto_aim_interfaces/msg/detail/rune__type_support_c.cpp.o[0m
[5.019s] [ 61%] [32mBuilding C object CMakeFiles/auto_aim_interfaces__rosidl_typesupport_introspection_c.dir/rosidl_typesupport_introspection_c/auto_aim_interfaces/msg/detail/target__type_support.c.o[0m
[5.020s] [ 62%] [32mBuilding CXX object CMakeFiles/auto_aim_interfaces__rosidl_typesupport_fastrtps_cpp.dir/rosidl_typesupport_fastrtps_cpp/auto_aim_interfaces/msg/detail/dds_fastrtps/debug_armor__type_support.cpp.o[0m
[5.062s] [ 63%] [32mBuilding CXX object CMakeFiles/auto_aim_interfaces__rosidl_typesupport_fastrtps_c.dir/rosidl_typesupport_fastrtps_c/auto_aim_interfaces/msg/detail/target__type_support_c.cpp.o[0m
[5.095s] [ 64%] [32mBuilding C object CMakeFiles/auto_aim_interfaces__rosidl_typesupport_introspection_c.dir/rosidl_typesupport_introspection_c/auto_aim_interfaces/msg/detail/target_rune__type_support.c.o[0m
[5.120s] [ 64%] [32mBuilding CXX object CMakeFiles/auto_aim_interfaces__rosidl_typesupport_fastrtps_cpp.dir/rosidl_typesupport_fastrtps_cpp/auto_aim_interfaces/msg/detail/dds_fastrtps/debug_armors__type_support.cpp.o[0m
[5.192s] [ 65%] [32mBuilding CXX object CMakeFiles/auto_aim_interfaces__rosidl_typesupport_fastrtps_c.dir/rosidl_typesupport_fastrtps_c/auto_aim_interfaces/msg/detail/target_rune__type_support_c.cpp.o[0m
[5.256s] [ 66%] [32mBuilding C object CMakeFiles/auto_aim_interfaces__rosidl_typesupport_introspection_c.dir/rosidl_typesupport_introspection_c/auto_aim_interfaces/msg/detail/debug_light__type_support.c.o[0m
[5.433s] [ 67%] [32mBuilding CXX object CMakeFiles/auto_aim_interfaces__rosidl_typesupport_fastrtps_cpp.dir/rosidl_typesupport_fastrtps_cpp/auto_aim_interfaces/msg/detail/dds_fastrtps/debug_rune__type_support.cpp.o[0m
[5.450s] [ 68%] [32mBuilding C object CMakeFiles/auto_aim_interfaces__rosidl_typesupport_introspection_c.dir/rosidl_typesupport_introspection_c/auto_aim_interfaces/msg/detail/debug_lights__type_support.c.o[0m
[5.484s] [ 69%] [32m[1mLinking CXX shared library libauto_aim_interfaces__rosidl_typesupport_introspection_cpp.so[0m
[5.493s] [ 70%] [32mBuilding CXX object CMakeFiles/auto_aim_interfaces__rosidl_typesupport_fastrtps_cpp.dir/rosidl_typesupport_fastrtps_cpp/auto_aim_interfaces/msg/detail/dds_fastrtps/debug_send__type_support.cpp.o[0m
[5.520s] [ 72%] [32mBuilding CXX object CMakeFiles/auto_aim_interfaces__rosidl_typesupport_fastrtps_cpp.dir/rosidl_typesupport_fastrtps_cpp/auto_aim_interfaces/msg/detail/dds_fastrtps/debug_send_armors__type_support.cpp.o[0m
[5.522s] [ 72%] [32mBuilding CXX object CMakeFiles/auto_aim_interfaces__rosidl_typesupport_fastrtps_c.dir/rosidl_typesupport_fastrtps_c/auto_aim_interfaces/msg/detail/debug_light__type_support_c.cpp.o[0m
[5.533s] [ 73%] [32mBuilding CXX object CMakeFiles/auto_aim_interfaces__rosidl_typesupport_fastrtps_cpp.dir/rosidl_typesupport_fastrtps_cpp/auto_aim_interfaces/msg/detail/dds_fastrtps/tracker_info__type_support.cpp.o[0m
[5.559s] [ 73%] [32mBuilding CXX object CMakeFiles/auto_aim_interfaces__rosidl_typesupport_fastrtps_c.dir/rosidl_typesupport_fastrtps_c/auto_aim_interfaces/msg/detail/debug_lights__type_support_c.cpp.o[0m
[5.614s] [ 73%] [32mBuilding C object CMakeFiles/auto_aim_interfaces__rosidl_typesupport_introspection_c.dir/rosidl_typesupport_introspection_c/auto_aim_interfaces/msg/detail/debug_armor__type_support.c.o[0m
[5.625s] [ 74%] [32mBuilding CXX object CMakeFiles/auto_aim_interfaces__rosidl_typesupport_fastrtps_c.dir/rosidl_typesupport_fastrtps_c/auto_aim_interfaces/msg/detail/debug_armor__type_support_c.cpp.o[0m
[5.683s] [ 75%] [32mBuilding CXX object CMakeFiles/auto_aim_interfaces__rosidl_typesupport_fastrtps_c.dir/rosidl_typesupport_fastrtps_c/auto_aim_interfaces/msg/detail/debug_armors__type_support_c.cpp.o[0m
[5.717s] [ 76%] [32mBuilding CXX object CMakeFiles/auto_aim_interfaces__rosidl_typesupport_fastrtps_c.dir/rosidl_typesupport_fastrtps_c/auto_aim_interfaces/msg/detail/debug_rune__type_support_c.cpp.o[0m
[5.739s] [ 77%] [32mBuilding C object CMakeFiles/auto_aim_interfaces__rosidl_typesupport_introspection_c.dir/rosidl_typesupport_introspection_c/auto_aim_interfaces/msg/detail/debug_armors__type_support.c.o[0m
[5.753s] [ 77%] Built target auto_aim_interfaces__rosidl_typesupport_introspection_cpp
[5.760s] [ 78%] [32mBuilding C object CMakeFiles/auto_aim_interfaces__rosidl_typesupport_introspection_c.dir/rosidl_typesupport_introspection_c/auto_aim_interfaces/msg/detail/debug_rune__type_support.c.o[0m
[5.777s] [ 79%] [32mBuilding CXX object CMakeFiles/auto_aim_interfaces__rosidl_typesupport_fastrtps_c.dir/rosidl_typesupport_fastrtps_c/auto_aim_interfaces/msg/detail/debug_send__type_support_c.cpp.o[0m
[5.808s] [ 80%] [32mBuilding C object CMakeFiles/auto_aim_interfaces__rosidl_typesupport_introspection_c.dir/rosidl_typesupport_introspection_c/auto_aim_interfaces/msg/detail/debug_send__type_support.c.o[0m
[5.855s] [ 80%] [32mBuilding CXX object CMakeFiles/auto_aim_interfaces__rosidl_typesupport_fastrtps_c.dir/rosidl_typesupport_fastrtps_c/auto_aim_interfaces/msg/detail/debug_send_armors__type_support_c.cpp.o[0m
[5.885s] [ 81%] [32mBuilding C object CMakeFiles/auto_aim_interfaces__rosidl_typesupport_introspection_c.dir/rosidl_typesupport_introspection_c/auto_aim_interfaces/msg/detail/debug_send_armors__type_support.c.o[0m
[5.890s] [ 81%] [32mBuilding C object CMakeFiles/auto_aim_interfaces__rosidl_typesupport_introspection_c.dir/rosidl_typesupport_introspection_c/auto_aim_interfaces/msg/detail/tracker_info__type_support.c.o[0m
[5.909s] [ 82%] [32mBuilding CXX object CMakeFiles/auto_aim_interfaces__rosidl_typesupport_fastrtps_c.dir/rosidl_typesupport_fastrtps_c/auto_aim_interfaces/msg/detail/tracker_info__type_support_c.cpp.o[0m
[6.045s] [ 83%] [32m[1mLinking C shared library libauto_aim_interfaces__rosidl_typesupport_introspection_c.so[0m
[6.154s] [ 83%] Built target auto_aim_interfaces__rosidl_typesupport_introspection_c
[6.256s] [ 83%] [32m[1mLinking CXX shared library libauto_aim_interfaces__rosidl_typesupport_fastrtps_cpp.so[0m
[6.357s] [ 83%] Built target auto_aim_interfaces__rosidl_typesupport_fastrtps_cpp
[6.412s] [ 84%] [32m[1mLinking CXX shared library libauto_aim_interfaces__rosidl_typesupport_fastrtps_c.so[0m
[6.515s] [ 84%] Built target auto_aim_interfaces__rosidl_typesupport_fastrtps_c
[6.545s] [ 84%] Built target auto_aim_interfaces
[6.572s] [ 85%] [34m[1mGenerating Python code for ROS interfaces[0m
[7.697s] [ 85%] Built target auto_aim_interfaces__py
[7.723s] [ 86%] [32mBuilding C object CMakeFiles/auto_aim_interfaces__rosidl_generator_py.dir/rosidl_generator_py/auto_aim_interfaces/msg/_armor_s.c.o[0m
[7.723s] [ 86%] [32mBuilding C object CMakeFiles/auto_aim_interfaces__rosidl_generator_py.dir/rosidl_generator_py/auto_aim_interfaces/msg/_armors_s.c.o[0m
[7.723s] [ 87%] [32mBuilding C object CMakeFiles/auto_aim_interfaces__rosidl_generator_py.dir/rosidl_generator_py/auto_aim_interfaces/msg/_debug_lights_s.c.o[0m
[7.723s] [ 87%] [32mBuilding C object CMakeFiles/auto_aim_interfaces__rosidl_generator_py.dir/rosidl_generator_py/auto_aim_interfaces/msg/_target_s.c.o[0m
[7.724s] [ 88%] [32mBuilding C object CMakeFiles/auto_aim_interfaces__rosidl_generator_py.dir/rosidl_generator_py/auto_aim_interfaces/msg/_rune_s.c.o[0m
[7.724s] [ 89%] [32mBuilding C object CMakeFiles/auto_aim_interfaces__rosidl_generator_py.dir/rosidl_generator_py/auto_aim_interfaces/msg/_debug_armor_s.c.o[0m
[7.724s] [ 90%] [32mBuilding C object CMakeFiles/auto_aim_interfaces__rosidl_generator_py.dir/rosidl_generator_py/auto_aim_interfaces/msg/_debug_light_s.c.o[0m
[7.724s] [ 91%] [32mBuilding C object CMakeFiles/auto_aim_interfaces__rosidl_generator_py.dir/rosidl_generator_py/auto_aim_interfaces/msg/_debug_rune_s.c.o[0m
[7.724s] [ 94%] [32mBuilding C object CMakeFiles/auto_aim_interfaces__rosidl_generator_py.dir/rosidl_generator_py/auto_aim_interfaces/msg/_debug_send_s.c.o[0m
[7.724s] [ 94%] [32mBuilding C object CMakeFiles/auto_aim_interfaces__rosidl_generator_py.dir/rosidl_generator_py/auto_aim_interfaces/msg/_target_rune_s.c.o[0m
[7.724s] [ 94%] [32mBuilding C object CMakeFiles/auto_aim_interfaces__rosidl_generator_py.dir/rosidl_generator_py/auto_aim_interfaces/msg/_debug_armors_s.c.o[0m
[7.726s] [ 95%] [32mBuilding C object CMakeFiles/auto_aim_interfaces__rosidl_generator_py.dir/rosidl_generator_py/auto_aim_interfaces/msg/_tracker_info_s.c.o[0m
[7.726s] [ 95%] [32mBuilding C object CMakeFiles/auto_aim_interfaces__rosidl_generator_py.dir/rosidl_generator_py/auto_aim_interfaces/msg/_debug_send_armors_s.c.o[0m
[7.874s] [ 96%] [32m[1mLinking C shared library rosidl_generator_py/auto_aim_interfaces/libauto_aim_interfaces__rosidl_generator_py.so[0m
[7.917s] [ 96%] Built target auto_aim_interfaces__rosidl_generator_py
[7.939s] [ 99%] [32mBuilding C object CMakeFiles/auto_aim_interfaces__rosidl_typesupport_introspection_c__pyext.dir/rosidl_generator_py/auto_aim_interfaces/_auto_aim_interfaces_s.ep.rosidl_typesupport_introspection_c.c.o[0m
[7.939s] [ 99%] [32mBuilding C object CMakeFiles/auto_aim_interfaces__rosidl_typesupport_fastrtps_c__pyext.dir/rosidl_generator_py/auto_aim_interfaces/_auto_aim_interfaces_s.ep.rosidl_typesupport_fastrtps_c.c.o[0m
[7.939s] [ 99%] [32mBuilding C object CMakeFiles/auto_aim_interfaces__rosidl_typesupport_c__pyext.dir/rosidl_generator_py/auto_aim_interfaces/_auto_aim_interfaces_s.ep.rosidl_typesupport_c.c.o[0m
[8.059s] [100%] [32m[1mLinking C shared library rosidl_generator_py/auto_aim_interfaces/auto_aim_interfaces_s__rosidl_typesupport_c.cpython-310-x86_64-linux-gnu.so[0m
[8.059s] [100%] [32m[1mLinking C shared library rosidl_generator_py/auto_aim_interfaces/auto_aim_interfaces_s__rosidl_typesupport_fastrtps_c.cpython-310-x86_64-linux-gnu.so[0m
[8.059s] [100%] [32m[1mLinking C shared library rosidl_generator_py/auto_aim_interfaces/auto_aim_interfaces_s__rosidl_typesupport_introspection_c.cpython-310-x86_64-linux-gnu.so[0m
[8.102s] [100%] Built target auto_aim_interfaces__rosidl_typesupport_c__pyext
[8.103s] [100%] Built target auto_aim_interfaces__rosidl_typesupport_introspection_c__pyext
[8.103s] [100%] Built target auto_aim_interfaces__rosidl_typesupport_fastrtps_c__pyext
[8.118s] Invoked command in '/home/yukki/Downloads/ros_ws/build/auto_aim_interfaces' returned '0': CMAKE_PREFIX_PATH=/opt/ros/humble /usr/bin/cmake --build /home/yukki/Downloads/ros_ws/build/auto_aim_interfaces -- -j16 -l16
[8.415s] Invoking command in '/home/yukki/Downloads/ros_ws/build/auto_aim_interfaces': CMAKE_PREFIX_PATH=/opt/ros/humble /usr/bin/cmake --install /home/yukki/Downloads/ros_ws/build/auto_aim_interfaces
[8.423s] -- Install configuration: ""
[8.423s] -- Execute custom install script
[8.424s] -- Symlinking: /home/yukki/Downloads/ros_ws/install/auto_aim_interfaces/share/ament_index/resource_index/rosidl_interfaces/auto_aim_interfaces
[8.435s] -- Symlinking: /home/yukki/Downloads/ros_ws/install/auto_aim_interfaces/include/auto_aim_interfaces/auto_aim_interfaces/msg/armor.h
[8.446s] -- Symlinking: /home/yukki/Downloads/ros_ws/install/auto_aim_interfaces/include/auto_aim_interfaces/auto_aim_interfaces/msg/armors.h
[8.456s] -- Symlinking: /home/yukki/Downloads/ros_ws/install/auto_aim_interfaces/include/auto_aim_interfaces/auto_aim_interfaces/msg/debug_armor.h
[8.466s] -- Symlinking: /home/yukki/Downloads/ros_ws/install/auto_aim_interfaces/include/auto_aim_interfaces/auto_aim_interfaces/msg/debug_armors.h
[8.476s] -- Symlinking: /home/yukki/Downloads/ros_ws/install/auto_aim_interfaces/include/auto_aim_interfaces/auto_aim_interfaces/msg/debug_light.h
[8.486s] -- Symlinking: /home/yukki/Downloads/ros_ws/install/auto_aim_interfaces/include/auto_aim_interfaces/auto_aim_interfaces/msg/debug_lights.h
[8.496s] -- Symlinking: /home/yukki/Downloads/ros_ws/install/auto_aim_interfaces/include/auto_aim_interfaces/auto_aim_interfaces/msg/debug_rune.h
[8.506s] -- Symlinking: /home/yukki/Downloads/ros_ws/install/auto_aim_interfaces/include/auto_aim_interfaces/auto_aim_interfaces/msg/debug_send.h
[8.516s] -- Symlinking: /home/yukki/Downloads/ros_ws/install/auto_aim_interfaces/include/auto_aim_interfaces/auto_aim_interfaces/msg/debug_send_armors.h
[8.527s] -- Symlinking: /home/yukki/Downloads/ros_ws/install/auto_aim_interfaces/include/auto_aim_interfaces/auto_aim_interfaces/msg/detail/armor__functions.h
[8.538s] -- Symlinking: /home/yukki/Downloads/ros_ws/install/auto_aim_interfaces/include/auto_aim_interfaces/auto_aim_interfaces/msg/detail/armor__struct.h
[8.548s] -- Symlinking: /home/yukki/Downloads/ros_ws/install/auto_aim_interfaces/include/auto_aim_interfaces/auto_aim_interfaces/msg/detail/armor__type_support.h
[8.558s] -- Symlinking: /home/yukki/Downloads/ros_ws/install/auto_aim_interfaces/include/auto_aim_interfaces/auto_aim_interfaces/msg/detail/armors__functions.h
[8.568s] -- Symlinking: /home/yukki/Downloads/ros_ws/install/auto_aim_interfaces/include/auto_aim_interfaces/auto_aim_interfaces/msg/detail/armors__struct.h
[8.579s] -- Symlinking: /home/yukki/Downloads/ros_ws/install/auto_aim_interfaces/include/auto_aim_interfaces/auto_aim_interfaces/msg/detail/armors__type_support.h
[8.589s] -- Symlinking: /home/yukki/Downloads/ros_ws/install/auto_aim_interfaces/include/auto_aim_interfaces/auto_aim_interfaces/msg/detail/debug_armor__functions.h
[8.599s] -- Symlinking: /home/yukki/Downloads/ros_ws/install/auto_aim_interfaces/include/auto_aim_interfaces/auto_aim_interfaces/msg/detail/debug_armor__struct.h
[8.609s] -- Symlinking: /home/yukki/Downloads/ros_ws/install/auto_aim_interfaces/include/auto_aim_interfaces/auto_aim_interfaces/msg/detail/debug_armor__type_support.h
[8.619s] -- Symlinking: /home/yukki/Downloads/ros_ws/install/auto_aim_interfaces/include/auto_aim_interfaces/auto_aim_interfaces/msg/detail/debug_armors__functions.h
[8.629s] -- Symlinking: /home/yukki/Downloads/ros_ws/install/auto_aim_interfaces/include/auto_aim_interfaces/auto_aim_interfaces/msg/detail/debug_armors__struct.h
[8.638s] -- Symlinking: /home/yukki/Downloads/ros_ws/install/auto_aim_interfaces/include/auto_aim_interfaces/auto_aim_interfaces/msg/detail/debug_armors__type_support.h
[8.648s] -- Symlinking: /home/yukki/Downloads/ros_ws/install/auto_aim_interfaces/include/auto_aim_interfaces/auto_aim_interfaces/msg/detail/debug_light__functions.h
[8.659s] -- Symlinking: /home/yukki/Downloads/ros_ws/install/auto_aim_interfaces/include/auto_aim_interfaces/auto_aim_interfaces/msg/detail/debug_light__struct.h
[8.669s] -- Symlinking: /home/yukki/Downloads/ros_ws/install/auto_aim_interfaces/include/auto_aim_interfaces/auto_aim_interfaces/msg/detail/debug_light__type_support.h
[8.677s] -- Symlinking: /home/yukki/Downloads/ros_ws/install/auto_aim_interfaces/include/auto_aim_interfaces/auto_aim_interfaces/msg/detail/debug_lights__functions.h
[8.686s] -- Symlinking: /home/yukki/Downloads/ros_ws/install/auto_aim_interfaces/include/auto_aim_interfaces/auto_aim_interfaces/msg/detail/debug_lights__struct.h
[8.696s] -- Symlinking: /home/yukki/Downloads/ros_ws/install/auto_aim_interfaces/include/auto_aim_interfaces/auto_aim_interfaces/msg/detail/debug_lights__type_support.h
[8.706s] -- Symlinking: /home/yukki/Downloads/ros_ws/install/auto_aim_interfaces/include/auto_aim_interfaces/auto_aim_interfaces/msg/detail/debug_rune__functions.h
[8.715s] -- Symlinking: /home/yukki/Downloads/ros_ws/install/auto_aim_interfaces/include/auto_aim_interfaces/auto_aim_interfaces/msg/detail/debug_rune__struct.h
[8.724s] -- Symlinking: /home/yukki/Downloads/ros_ws/install/auto_aim_interfaces/include/auto_aim_interfaces/auto_aim_interfaces/msg/detail/debug_rune__type_support.h
[8.734s] -- Symlinking: /home/yukki/Downloads/ros_ws/install/auto_aim_interfaces/include/auto_aim_interfaces/auto_aim_interfaces/msg/detail/debug_send__functions.h
[8.744s] -- Symlinking: /home/yukki/Downloads/ros_ws/install/auto_aim_interfaces/include/auto_aim_interfaces/auto_aim_interfaces/msg/detail/debug_send__struct.h
[8.754s] -- Symlinking: /home/yukki/Downloads/ros_ws/install/auto_aim_interfaces/include/auto_aim_interfaces/auto_aim_interfaces/msg/detail/debug_send__type_support.h
[8.763s] -- Symlinking: /home/yukki/Downloads/ros_ws/install/auto_aim_interfaces/include/auto_aim_interfaces/auto_aim_interfaces/msg/detail/debug_send_armors__functions.h
[8.772s] -- Symlinking: /home/yukki/Downloads/ros_ws/install/auto_aim_interfaces/include/auto_aim_interfaces/auto_aim_interfaces/msg/detail/debug_send_armors__struct.h
[8.781s] -- Symlinking: /home/yukki/Downloads/ros_ws/install/auto_aim_interfaces/include/auto_aim_interfaces/auto_aim_interfaces/msg/detail/debug_send_armors__type_support.h
[8.791s] -- Symlinking: /home/yukki/Downloads/ros_ws/install/auto_aim_interfaces/include/auto_aim_interfaces/auto_aim_interfaces/msg/detail/rune__functions.h
[8.800s] -- Symlinking: /home/yukki/Downloads/ros_ws/install/auto_aim_interfaces/include/auto_aim_interfaces/auto_aim_interfaces/msg/detail/rune__struct.h
[8.809s] -- Symlinking: /home/yukki/Downloads/ros_ws/install/auto_aim_interfaces/include/auto_aim_interfaces/auto_aim_interfaces/msg/detail/rune__type_support.h
[8.818s] -- Symlinking: /home/yukki/Downloads/ros_ws/install/auto_aim_interfaces/include/auto_aim_interfaces/auto_aim_interfaces/msg/detail/target__functions.h
[8.828s] -- Symlinking: /home/yukki/Downloads/ros_ws/install/auto_aim_interfaces/include/auto_aim_interfaces/auto_aim_interfaces/msg/detail/target__struct.h
[8.837s] -- Symlinking: /home/yukki/Downloads/ros_ws/install/auto_aim_interfaces/include/auto_aim_interfaces/auto_aim_interfaces/msg/detail/target__type_support.h
[8.846s] -- Symlinking: /home/yukki/Downloads/ros_ws/install/auto_aim_interfaces/include/auto_aim_interfaces/auto_aim_interfaces/msg/detail/target_rune__functions.h
[8.856s] -- Symlinking: /home/yukki/Downloads/ros_ws/install/auto_aim_interfaces/include/auto_aim_interfaces/auto_aim_interfaces/msg/detail/target_rune__struct.h
[8.866s] -- Symlinking: /home/yukki/Downloads/ros_ws/install/auto_aim_interfaces/include/auto_aim_interfaces/auto_aim_interfaces/msg/detail/target_rune__type_support.h
[8.875s] -- Symlinking: /home/yukki/Downloads/ros_ws/install/auto_aim_interfaces/include/auto_aim_interfaces/auto_aim_interfaces/msg/detail/tracker_info__functions.h
[8.885s] -- Symlinking: /home/yukki/Downloads/ros_ws/install/auto_aim_interfaces/include/auto_aim_interfaces/auto_aim_interfaces/msg/detail/tracker_info__struct.h
[8.894s] -- Symlinking: /home/yukki/Downloads/ros_ws/install/auto_aim_interfaces/include/auto_aim_interfaces/auto_aim_interfaces/msg/detail/tracker_info__type_support.h
[8.903s] -- Symlinking: /home/yukki/Downloads/ros_ws/install/auto_aim_interfaces/include/auto_aim_interfaces/auto_aim_interfaces/msg/rosidl_generator_c__visibility_control.h
[8.913s] -- Symlinking: /home/yukki/Downloads/ros_ws/install/auto_aim_interfaces/include/auto_aim_interfaces/auto_aim_interfaces/msg/rune.h
[8.921s] -- Symlinking: /home/yukki/Downloads/ros_ws/install/auto_aim_interfaces/include/auto_aim_interfaces/auto_aim_interfaces/msg/target.h
[8.930s] -- Symlinking: /home/yukki/Downloads/ros_ws/install/auto_aim_interfaces/include/auto_aim_interfaces/auto_aim_interfaces/msg/target_rune.h
[8.939s] -- Symlinking: /home/yukki/Downloads/ros_ws/install/auto_aim_interfaces/include/auto_aim_interfaces/auto_aim_interfaces/msg/tracker_info.h
[8.949s] -- Symlinking: /home/yukki/Downloads/ros_ws/install/auto_aim_interfaces/share/auto_aim_interfaces/environment/library_path.sh
[8.958s] -- Symlinking: /home/yukki/Downloads/ros_ws/install/auto_aim_interfaces/share/auto_aim_interfaces/environment/library_path.dsv
[8.968s] -- Symlinking: /home/yukki/Downloads/ros_ws/install/auto_aim_interfaces/include/auto_aim_interfaces/auto_aim_interfaces/msg/detail/armor__rosidl_typesupport_fastrtps_c.h
[8.977s] -- Symlinking: /home/yukki/Downloads/ros_ws/install/auto_aim_interfaces/include/auto_aim_interfaces/auto_aim_interfaces/msg/detail/armors__rosidl_typesupport_fastrtps_c.h
[8.987s] -- Symlinking: /home/yukki/Downloads/ros_ws/install/auto_aim_interfaces/include/auto_aim_interfaces/auto_aim_interfaces/msg/detail/debug_armor__rosidl_typesupport_fastrtps_c.h
[8.995s] -- Symlinking: /home/yukki/Downloads/ros_ws/install/auto_aim_interfaces/include/auto_aim_interfaces/auto_aim_interfaces/msg/detail/debug_armors__rosidl_typesupport_fastrtps_c.h
[9.007s] -- Symlinking: /home/yukki/Downloads/ros_ws/install/auto_aim_interfaces/include/auto_aim_interfaces/auto_aim_interfaces/msg/detail/debug_light__rosidl_typesupport_fastrtps_c.h
[9.016s] -- Symlinking: /home/yukki/Downloads/ros_ws/install/auto_aim_interfaces/include/auto_aim_interfaces/auto_aim_interfaces/msg/detail/debug_lights__rosidl_typesupport_fastrtps_c.h
[9.026s] -- Symlinking: /home/yukki/Downloads/ros_ws/install/auto_aim_interfaces/include/auto_aim_interfaces/auto_aim_interfaces/msg/detail/debug_rune__rosidl_typesupport_fastrtps_c.h
[9.035s] -- Symlinking: /home/yukki/Downloads/ros_ws/install/auto_aim_interfaces/include/auto_aim_interfaces/auto_aim_interfaces/msg/detail/debug_send__rosidl_typesupport_fastrtps_c.h
[9.045s] -- Symlinking: /home/yukki/Downloads/ros_ws/install/auto_aim_interfaces/include/auto_aim_interfaces/auto_aim_interfaces/msg/detail/debug_send_armors__rosidl_typesupport_fastrtps_c.h
[9.054s] -- Symlinking: /home/yukki/Downloads/ros_ws/install/auto_aim_interfaces/include/auto_aim_interfaces/auto_aim_interfaces/msg/detail/rune__rosidl_typesupport_fastrtps_c.h
[9.064s] -- Symlinking: /home/yukki/Downloads/ros_ws/install/auto_aim_interfaces/include/auto_aim_interfaces/auto_aim_interfaces/msg/detail/target__rosidl_typesupport_fastrtps_c.h
[9.073s] -- Symlinking: /home/yukki/Downloads/ros_ws/install/auto_aim_interfaces/include/auto_aim_interfaces/auto_aim_interfaces/msg/detail/target_rune__rosidl_typesupport_fastrtps_c.h
[9.082s] -- Symlinking: /home/yukki/Downloads/ros_ws/install/auto_aim_interfaces/include/auto_aim_interfaces/auto_aim_interfaces/msg/detail/tracker_info__rosidl_typesupport_fastrtps_c.h
[9.091s] -- Symlinking: /home/yukki/Downloads/ros_ws/install/auto_aim_interfaces/include/auto_aim_interfaces/auto_aim_interfaces/msg/rosidl_typesupport_fastrtps_c__visibility_control.h
[9.101s] -- Symlinking: /home/yukki/Downloads/ros_ws/install/auto_aim_interfaces/include/auto_aim_interfaces/auto_aim_interfaces/msg/detail/armor__rosidl_typesupport_introspection_c.h
[9.110s] -- Symlinking: /home/yukki/Downloads/ros_ws/install/auto_aim_interfaces/include/auto_aim_interfaces/auto_aim_interfaces/msg/detail/armors__rosidl_typesupport_introspection_c.h
[9.119s] -- Symlinking: /home/yukki/Downloads/ros_ws/install/auto_aim_interfaces/include/auto_aim_interfaces/auto_aim_interfaces/msg/detail/debug_armor__rosidl_typesupport_introspection_c.h
[9.128s] -- Symlinking: /home/yukki/Downloads/ros_ws/install/auto_aim_interfaces/include/auto_aim_interfaces/auto_aim_interfaces/msg/detail/debug_armors__rosidl_typesupport_introspection_c.h
[9.137s] -- Symlinking: /home/yukki/Downloads/ros_ws/install/auto_aim_interfaces/include/auto_aim_interfaces/auto_aim_interfaces/msg/detail/debug_light__rosidl_typesupport_introspection_c.h
[9.147s] -- Symlinking: /home/yukki/Downloads/ros_ws/install/auto_aim_interfaces/include/auto_aim_interfaces/auto_aim_interfaces/msg/detail/debug_lights__rosidl_typesupport_introspection_c.h
[9.156s] -- Symlinking: /home/yukki/Downloads/ros_ws/install/auto_aim_interfaces/include/auto_aim_interfaces/auto_aim_interfaces/msg/detail/debug_rune__rosidl_typesupport_introspection_c.h
[9.165s] -- Symlinking: /home/yukki/Downloads/ros_ws/install/auto_aim_interfaces/include/auto_aim_interfaces/auto_aim_interfaces/msg/detail/debug_send__rosidl_typesupport_introspection_c.h
[9.174s] -- Symlinking: /home/yukki/Downloads/ros_ws/install/auto_aim_interfaces/include/auto_aim_interfaces/auto_aim_interfaces/msg/detail/debug_send_armors__rosidl_typesupport_introspection_c.h
[9.184s] -- Symlinking: /home/yukki/Downloads/ros_ws/install/auto_aim_interfaces/include/auto_aim_interfaces/auto_aim_interfaces/msg/detail/rune__rosidl_typesupport_introspection_c.h
[9.193s] -- Symlinking: /home/yukki/Downloads/ros_ws/install/auto_aim_interfaces/include/auto_aim_interfaces/auto_aim_interfaces/msg/detail/target__rosidl_typesupport_introspection_c.h
[9.202s] -- Symlinking: /home/yukki/Downloads/ros_ws/install/auto_aim_interfaces/include/auto_aim_interfaces/auto_aim_interfaces/msg/detail/target_rune__rosidl_typesupport_introspection_c.h
[9.211s] -- Symlinking: /home/yukki/Downloads/ros_ws/install/auto_aim_interfaces/include/auto_aim_interfaces/auto_aim_interfaces/msg/detail/tracker_info__rosidl_typesupport_introspection_c.h
[9.220s] -- Symlinking: /home/yukki/Downloads/ros_ws/install/auto_aim_interfaces/include/auto_aim_interfaces/auto_aim_interfaces/msg/rosidl_typesupport_introspection_c__visibility_control.h
[9.230s] -- Symlinking: /home/yukki/Downloads/ros_ws/install/auto_aim_interfaces/include/auto_aim_interfaces/auto_aim_interfaces/msg/armor.hpp
[9.240s] -- Symlinking: /home/yukki/Downloads/ros_ws/install/auto_aim_interfaces/include/auto_aim_interfaces/auto_aim_interfaces/msg/armors.hpp
[9.250s] -- Symlinking: /home/yukki/Downloads/ros_ws/install/auto_aim_interfaces/include/auto_aim_interfaces/auto_aim_interfaces/msg/debug_armor.hpp
[9.259s] -- Symlinking: /home/yukki/Downloads/ros_ws/install/auto_aim_interfaces/include/auto_aim_interfaces/auto_aim_interfaces/msg/debug_armors.hpp
[9.269s] -- Symlinking: /home/yukki/Downloads/ros_ws/install/auto_aim_interfaces/include/auto_aim_interfaces/auto_aim_interfaces/msg/debug_light.hpp
[9.278s] -- Symlinking: /home/yukki/Downloads/ros_ws/install/auto_aim_interfaces/include/auto_aim_interfaces/auto_aim_interfaces/msg/debug_lights.hpp
[9.287s] -- Symlinking: /home/yukki/Downloads/ros_ws/install/auto_aim_interfaces/include/auto_aim_interfaces/auto_aim_interfaces/msg/debug_rune.hpp
[9.296s] -- Symlinking: /home/yukki/Downloads/ros_ws/install/auto_aim_interfaces/include/auto_aim_interfaces/auto_aim_interfaces/msg/debug_send.hpp
[9.305s] -- Symlinking: /home/yukki/Downloads/ros_ws/install/auto_aim_interfaces/include/auto_aim_interfaces/auto_aim_interfaces/msg/debug_send_armors.hpp
[9.314s] -- Symlinking: /home/yukki/Downloads/ros_ws/install/auto_aim_interfaces/include/auto_aim_interfaces/auto_aim_interfaces/msg/detail/armor__builder.hpp
[9.323s] -- Symlinking: /home/yukki/Downloads/ros_ws/install/auto_aim_interfaces/include/auto_aim_interfaces/auto_aim_interfaces/msg/detail/armor__struct.hpp
[9.332s] -- Symlinking: /home/yukki/Downloads/ros_ws/install/auto_aim_interfaces/include/auto_aim_interfaces/auto_aim_interfaces/msg/detail/armor__traits.hpp
[9.341s] -- Symlinking: /home/yukki/Downloads/ros_ws/install/auto_aim_interfaces/include/auto_aim_interfaces/auto_aim_interfaces/msg/detail/armors__builder.hpp
[9.350s] -- Symlinking: /home/yukki/Downloads/ros_ws/install/auto_aim_interfaces/include/auto_aim_interfaces/auto_aim_interfaces/msg/detail/armors__struct.hpp
[9.359s] -- Symlinking: /home/yukki/Downloads/ros_ws/install/auto_aim_interfaces/include/auto_aim_interfaces/auto_aim_interfaces/msg/detail/armors__traits.hpp
[9.368s] -- Symlinking: /home/yukki/Downloads/ros_ws/install/auto_aim_interfaces/include/auto_aim_interfaces/auto_aim_interfaces/msg/detail/debug_armor__builder.hpp
[9.377s] -- Symlinking: /home/yukki/Downloads/ros_ws/install/auto_aim_interfaces/include/auto_aim_interfaces/auto_aim_interfaces/msg/detail/debug_armor__struct.hpp
[9.387s] -- Symlinking: /home/yukki/Downloads/ros_ws/install/auto_aim_interfaces/include/auto_aim_interfaces/auto_aim_interfaces/msg/detail/debug_armor__traits.hpp
[9.396s] -- Symlinking: /home/yukki/Downloads/ros_ws/install/auto_aim_interfaces/include/auto_aim_interfaces/auto_aim_interfaces/msg/detail/debug_armors__builder.hpp
[9.405s] -- Symlinking: /home/yukki/Downloads/ros_ws/install/auto_aim_interfaces/include/auto_aim_interfaces/auto_aim_interfaces/msg/detail/debug_armors__struct.hpp
[9.414s] -- Symlinking: /home/yukki/Downloads/ros_ws/install/auto_aim_interfaces/include/auto_aim_interfaces/auto_aim_interfaces/msg/detail/debug_armors__traits.hpp
[9.425s] -- Symlinking: /home/yukki/Downloads/ros_ws/install/auto_aim_interfaces/include/auto_aim_interfaces/auto_aim_interfaces/msg/detail/debug_light__builder.hpp
[9.434s] -- Symlinking: /home/yukki/Downloads/ros_ws/install/auto_aim_interfaces/include/auto_aim_interfaces/auto_aim_interfaces/msg/detail/debug_light__struct.hpp
[9.443s] -- Symlinking: /home/yukki/Downloads/ros_ws/install/auto_aim_interfaces/include/auto_aim_interfaces/auto_aim_interfaces/msg/detail/debug_light__traits.hpp
[9.453s] -- Symlinking: /home/yukki/Downloads/ros_ws/install/auto_aim_interfaces/include/auto_aim_interfaces/auto_aim_interfaces/msg/detail/debug_lights__builder.hpp
[9.462s] -- Symlinking: /home/yukki/Downloads/ros_ws/install/auto_aim_interfaces/include/auto_aim_interfaces/auto_aim_interfaces/msg/detail/debug_lights__struct.hpp
[9.471s] -- Symlinking: /home/yukki/Downloads/ros_ws/install/auto_aim_interfaces/include/auto_aim_interfaces/auto_aim_interfaces/msg/detail/debug_lights__traits.hpp
[9.480s] -- Symlinking: /home/yukki/Downloads/ros_ws/install/auto_aim_interfaces/include/auto_aim_interfaces/auto_aim_interfaces/msg/detail/debug_rune__builder.hpp
[9.489s] -- Symlinking: /home/yukki/Downloads/ros_ws/install/auto_aim_interfaces/include/auto_aim_interfaces/auto_aim_interfaces/msg/detail/debug_rune__struct.hpp
[9.498s] -- Symlinking: /home/yukki/Downloads/ros_ws/install/auto_aim_interfaces/include/auto_aim_interfaces/auto_aim_interfaces/msg/detail/debug_rune__traits.hpp
[9.508s] -- Symlinking: /home/yukki/Downloads/ros_ws/install/auto_aim_interfaces/include/auto_aim_interfaces/auto_aim_interfaces/msg/detail/debug_send__builder.hpp
[9.517s] -- Symlinking: /home/yukki/Downloads/ros_ws/install/auto_aim_interfaces/include/auto_aim_interfaces/auto_aim_interfaces/msg/detail/debug_send__struct.hpp
[9.525s] -- Symlinking: /home/yukki/Downloads/ros_ws/install/auto_aim_interfaces/include/auto_aim_interfaces/auto_aim_interfaces/msg/detail/debug_send__traits.hpp
[9.535s] -- Symlinking: /home/yukki/Downloads/ros_ws/install/auto_aim_interfaces/include/auto_aim_interfaces/auto_aim_interfaces/msg/detail/debug_send_armors__builder.hpp
[9.545s] -- Symlinking: /home/yukki/Downloads/ros_ws/install/auto_aim_interfaces/include/auto_aim_interfaces/auto_aim_interfaces/msg/detail/debug_send_armors__struct.hpp
[9.554s] -- Symlinking: /home/yukki/Downloads/ros_ws/install/auto_aim_interfaces/include/auto_aim_interfaces/auto_aim_interfaces/msg/detail/debug_send_armors__traits.hpp
[9.563s] -- Symlinking: /home/yukki/Downloads/ros_ws/install/auto_aim_interfaces/include/auto_aim_interfaces/auto_aim_interfaces/msg/detail/rune__builder.hpp
[9.572s] -- Symlinking: /home/yukki/Downloads/ros_ws/install/auto_aim_interfaces/include/auto_aim_interfaces/auto_aim_interfaces/msg/detail/rune__struct.hpp
[9.581s] -- Symlinking: /home/yukki/Downloads/ros_ws/install/auto_aim_interfaces/include/auto_aim_interfaces/auto_aim_interfaces/msg/detail/rune__traits.hpp
[9.591s] -- Symlinking: /home/yukki/Downloads/ros_ws/install/auto_aim_interfaces/include/auto_aim_interfaces/auto_aim_interfaces/msg/detail/target__builder.hpp
[9.600s] -- Symlinking: /home/yukki/Downloads/ros_ws/install/auto_aim_interfaces/include/auto_aim_interfaces/auto_aim_interfaces/msg/detail/target__struct.hpp
[9.610s] -- Symlinking: /home/yukki/Downloads/ros_ws/install/auto_aim_interfaces/include/auto_aim_interfaces/auto_aim_interfaces/msg/detail/target__traits.hpp
[9.619s] -- Symlinking: /home/yukki/Downloads/ros_ws/install/auto_aim_interfaces/include/auto_aim_interfaces/auto_aim_interfaces/msg/detail/target_rune__builder.hpp
[9.628s] -- Symlinking: /home/yukki/Downloads/ros_ws/install/auto_aim_interfaces/include/auto_aim_interfaces/auto_aim_interfaces/msg/detail/target_rune__struct.hpp
[9.638s] -- Symlinking: /home/yukki/Downloads/ros_ws/install/auto_aim_interfaces/include/auto_aim_interfaces/auto_aim_interfaces/msg/detail/target_rune__traits.hpp
[9.647s] -- Symlinking: /home/yukki/Downloads/ros_ws/install/auto_aim_interfaces/include/auto_aim_interfaces/auto_aim_interfaces/msg/detail/tracker_info__builder.hpp
[9.656s] -- Symlinking: /home/yukki/Downloads/ros_ws/install/auto_aim_interfaces/include/auto_aim_interfaces/auto_aim_interfaces/msg/detail/tracker_info__struct.hpp
[9.666s] -- Symlinking: /home/yukki/Downloads/ros_ws/install/auto_aim_interfaces/include/auto_aim_interfaces/auto_aim_interfaces/msg/detail/tracker_info__traits.hpp
[9.674s] -- Symlinking: /home/yukki/Downloads/ros_ws/install/auto_aim_interfaces/include/auto_aim_interfaces/auto_aim_interfaces/msg/rune.hpp
[9.684s] -- Symlinking: /home/yukki/Downloads/ros_ws/install/auto_aim_interfaces/include/auto_aim_interfaces/auto_aim_interfaces/msg/target.hpp
[9.693s] -- Symlinking: /home/yukki/Downloads/ros_ws/install/auto_aim_interfaces/include/auto_aim_interfaces/auto_aim_interfaces/msg/target_rune.hpp
[9.702s] -- Symlinking: /home/yukki/Downloads/ros_ws/install/auto_aim_interfaces/include/auto_aim_interfaces/auto_aim_interfaces/msg/tracker_info.hpp
[9.712s] -- Symlinking: /home/yukki/Downloads/ros_ws/install/auto_aim_interfaces/include/auto_aim_interfaces/auto_aim_interfaces/msg/detail/armor__rosidl_typesupport_fastrtps_cpp.hpp
[9.721s] -- Symlinking: /home/yukki/Downloads/ros_ws/install/auto_aim_interfaces/include/auto_aim_interfaces/auto_aim_interfaces/msg/detail/armors__rosidl_typesupport_fastrtps_cpp.hpp
[9.730s] -- Symlinking: /home/yukki/Downloads/ros_ws/install/auto_aim_interfaces/include/auto_aim_interfaces/auto_aim_interfaces/msg/detail/debug_armor__rosidl_typesupport_fastrtps_cpp.hpp
[9.739s] -- Symlinking: /home/yukki/Downloads/ros_ws/install/auto_aim_interfaces/include/auto_aim_interfaces/auto_aim_interfaces/msg/detail/debug_armors__rosidl_typesupport_fastrtps_cpp.hpp
[9.749s] -- Symlinking: /home/yukki/Downloads/ros_ws/install/auto_aim_interfaces/include/auto_aim_interfaces/auto_aim_interfaces/msg/detail/debug_light__rosidl_typesupport_fastrtps_cpp.hpp
[9.758s] -- Symlinking: /home/yukki/Downloads/ros_ws/install/auto_aim_interfaces/include/auto_aim_interfaces/auto_aim_interfaces/msg/detail/debug_lights__rosidl_typesupport_fastrtps_cpp.hpp
[9.767s] -- Symlinking: /home/yukki/Downloads/ros_ws/install/auto_aim_interfaces/include/auto_aim_interfaces/auto_aim_interfaces/msg/detail/debug_rune__rosidl_typesupport_fastrtps_cpp.hpp
[9.776s] -- Symlinking: /home/yukki/Downloads/ros_ws/install/auto_aim_interfaces/include/auto_aim_interfaces/auto_aim_interfaces/msg/detail/debug_send__rosidl_typesupport_fastrtps_cpp.hpp
[9.785s] -- Symlinking: /home/yukki/Downloads/ros_ws/install/auto_aim_interfaces/include/auto_aim_interfaces/auto_aim_interfaces/msg/detail/debug_send_armors__rosidl_typesupport_fastrtps_cpp.hpp
[9.794s] -- Symlinking: /home/yukki/Downloads/ros_ws/install/auto_aim_interfaces/include/auto_aim_interfaces/auto_aim_interfaces/msg/detail/rune__rosidl_typesupport_fastrtps_cpp.hpp
[9.803s] -- Symlinking: /home/yukki/Downloads/ros_ws/install/auto_aim_interfaces/include/auto_aim_interfaces/auto_aim_interfaces/msg/detail/target__rosidl_typesupport_fastrtps_cpp.hpp
[9.812s] -- Symlinking: /home/yukki/Downloads/ros_ws/install/auto_aim_interfaces/include/auto_aim_interfaces/auto_aim_interfaces/msg/detail/target_rune__rosidl_typesupport_fastrtps_cpp.hpp
[9.821s] -- Symlinking: /home/yukki/Downloads/ros_ws/install/auto_aim_interfaces/include/auto_aim_interfaces/auto_aim_interfaces/msg/detail/tracker_info__rosidl_typesupport_fastrtps_cpp.hpp
[9.830s] -- Symlinking: /home/yukki/Downloads/ros_ws/install/auto_aim_interfaces/include/auto_aim_interfaces/auto_aim_interfaces/msg/rosidl_typesupport_fastrtps_cpp__visibility_control.h
[9.840s] -- Symlinking: /home/yukki/Downloads/ros_ws/install/auto_aim_interfaces/include/auto_aim_interfaces/auto_aim_interfaces/msg/detail/armor__rosidl_typesupport_introspection_cpp.hpp
[9.850s] -- Symlinking: /home/yukki/Downloads/ros_ws/install/auto_aim_interfaces/include/auto_aim_interfaces/auto_aim_interfaces/msg/detail/armors__rosidl_typesupport_introspection_cpp.hpp
[9.860s] -- Symlinking: /home/yukki/Downloads/ros_ws/install/auto_aim_interfaces/include/auto_aim_interfaces/auto_aim_interfaces/msg/detail/debug_armor__rosidl_typesupport_introspection_cpp.hpp
[9.869s] -- Symlinking: /home/yukki/Downloads/ros_ws/install/auto_aim_interfaces/include/auto_aim_interfaces/auto_aim_interfaces/msg/detail/debug_armors__rosidl_typesupport_introspection_cpp.hpp
[9.879s] -- Symlinking: /home/yukki/Downloads/ros_ws/install/auto_aim_interfaces/include/auto_aim_interfaces/auto_aim_interfaces/msg/detail/debug_light__rosidl_typesupport_introspection_cpp.hpp
[9.888s] -- Symlinking: /home/yukki/Downloads/ros_ws/install/auto_aim_interfaces/include/auto_aim_interfaces/auto_aim_interfaces/msg/detail/debug_lights__rosidl_typesupport_introspection_cpp.hpp
[9.897s] -- Symlinking: /home/yukki/Downloads/ros_ws/install/auto_aim_interfaces/include/auto_aim_interfaces/auto_aim_interfaces/msg/detail/debug_rune__rosidl_typesupport_introspection_cpp.hpp
[9.907s] -- Symlinking: /home/yukki/Downloads/ros_ws/install/auto_aim_interfaces/include/auto_aim_interfaces/auto_aim_interfaces/msg/detail/debug_send__rosidl_typesupport_introspection_cpp.hpp
[9.916s] -- Symlinking: /home/yukki/Downloads/ros_ws/install/auto_aim_interfaces/include/auto_aim_interfaces/auto_aim_interfaces/msg/detail/debug_send_armors__rosidl_typesupport_introspection_cpp.hpp
[9.925s] -- Symlinking: /home/yukki/Downloads/ros_ws/install/auto_aim_interfaces/include/auto_aim_interfaces/auto_aim_interfaces/msg/detail/rune__rosidl_typesupport_introspection_cpp.hpp
[9.934s] -- Symlinking: /home/yukki/Downloads/ros_ws/install/auto_aim_interfaces/include/auto_aim_interfaces/auto_aim_interfaces/msg/detail/target__rosidl_typesupport_introspection_cpp.hpp
[9.943s] -- Symlinking: /home/yukki/Downloads/ros_ws/install/auto_aim_interfaces/include/auto_aim_interfaces/auto_aim_interfaces/msg/detail/target_rune__rosidl_typesupport_introspection_cpp.hpp
[9.953s] -- Symlinking: /home/yukki/Downloads/ros_ws/install/auto_aim_interfaces/include/auto_aim_interfaces/auto_aim_interfaces/msg/detail/tracker_info__rosidl_typesupport_introspection_cpp.hpp
[9.962s] -- Symlinking: /home/yukki/Downloads/ros_ws/install/auto_aim_interfaces/share/auto_aim_interfaces/environment/pythonpath.sh
[9.972s] -- Symlinking: /home/yukki/Downloads/ros_ws/install/auto_aim_interfaces/share/auto_aim_interfaces/environment/pythonpath.dsv
[9.982s] -- Symlinking: /home/yukki/Downloads/ros_ws/install/auto_aim_interfaces/local/lib/python3.10/dist-packages/auto_aim_interfaces-0.0.0-py3.10.egg-info/PKG-INFO
[9.991s] -- Symlinking: /home/yukki/Downloads/ros_ws/install/auto_aim_interfaces/local/lib/python3.10/dist-packages/auto_aim_interfaces-0.0.0-py3.10.egg-info/SOURCES.txt
[9.999s] -- Symlinking: /home/yukki/Downloads/ros_ws/install/auto_aim_interfaces/local/lib/python3.10/dist-packages/auto_aim_interfaces-0.0.0-py3.10.egg-info/dependency_links.txt
[10.008s] -- Symlinking: /home/yukki/Downloads/ros_ws/install/auto_aim_interfaces/local/lib/python3.10/dist-packages/auto_aim_interfaces-0.0.0-py3.10.egg-info/top_level.txt
[10.019s] -- Symlinking: /home/yukki/Downloads/ros_ws/install/auto_aim_interfaces/local/lib/python3.10/dist-packages/auto_aim_interfaces/__init__.py
[10.029s] -- Symlinking: /home/yukki/Downloads/ros_ws/install/auto_aim_interfaces/local/lib/python3.10/dist-packages/auto_aim_interfaces/_auto_aim_interfaces_s.ep.rosidl_typesupport_c.c
[10.038s] -- Symlinking: /home/yukki/Downloads/ros_ws/install/auto_aim_interfaces/local/lib/python3.10/dist-packages/auto_aim_interfaces/_auto_aim_interfaces_s.ep.rosidl_typesupport_fastrtps_c.c
[10.048s] -- Symlinking: /home/yukki/Downloads/ros_ws/install/auto_aim_interfaces/local/lib/python3.10/dist-packages/auto_aim_interfaces/_auto_aim_interfaces_s.ep.rosidl_typesupport_introspection_c.c
[10.058s] -- Symlinking: /home/yukki/Downloads/ros_ws/install/auto_aim_interfaces/local/lib/python3.10/dist-packages/auto_aim_interfaces/auto_aim_interfaces_s__rosidl_typesupport_c.cpython-310-x86_64-linux-gnu.so
[10.067s] -- Symlinking: /home/yukki/Downloads/ros_ws/install/auto_aim_interfaces/local/lib/python3.10/dist-packages/auto_aim_interfaces/auto_aim_interfaces_s__rosidl_typesupport_fastrtps_c.cpython-310-x86_64-linux-gnu.so
[10.076s] -- Symlinking: /home/yukki/Downloads/ros_ws/install/auto_aim_interfaces/local/lib/python3.10/dist-packages/auto_aim_interfaces/auto_aim_interfaces_s__rosidl_typesupport_introspection_c.cpython-310-x86_64-linux-gnu.so
[10.085s] -- Symlinking: /home/yukki/Downloads/ros_ws/install/auto_aim_interfaces/local/lib/python3.10/dist-packages/auto_aim_interfaces/libauto_aim_interfaces__rosidl_generator_py.so
[10.094s] -- Symlinking: /home/yukki/Downloads/ros_ws/install/auto_aim_interfaces/local/lib/python3.10/dist-packages/auto_aim_interfaces/msg/__init__.py
[10.103s] -- Symlinking: /home/yukki/Downloads/ros_ws/install/auto_aim_interfaces/local/lib/python3.10/dist-packages/auto_aim_interfaces/msg/_armor.py
[10.113s] -- Symlinking: /home/yukki/Downloads/ros_ws/install/auto_aim_interfaces/local/lib/python3.10/dist-packages/auto_aim_interfaces/msg/_armor_s.c
[10.122s] -- Symlinking: /home/yukki/Downloads/ros_ws/install/auto_aim_interfaces/local/lib/python3.10/dist-packages/auto_aim_interfaces/msg/_armors.py
[10.131s] -- Symlinking: /home/yukki/Downloads/ros_ws/install/auto_aim_interfaces/local/lib/python3.10/dist-packages/auto_aim_interfaces/msg/_armors_s.c
[10.140s] -- Symlinking: /home/yukki/Downloads/ros_ws/install/auto_aim_interfaces/local/lib/python3.10/dist-packages/auto_aim_interfaces/msg/_debug_armor.py
[10.150s] -- Symlinking: /home/yukki/Downloads/ros_ws/install/auto_aim_interfaces/local/lib/python3.10/dist-packages/auto_aim_interfaces/msg/_debug_armor_s.c
[10.159s] -- Symlinking: /home/yukki/Downloads/ros_ws/install/auto_aim_interfaces/local/lib/python3.10/dist-packages/auto_aim_interfaces/msg/_debug_armors.py
[10.168s] -- Symlinking: /home/yukki/Downloads/ros_ws/install/auto_aim_interfaces/local/lib/python3.10/dist-packages/auto_aim_interfaces/msg/_debug_armors_s.c
[10.178s] -- Symlinking: /home/yukki/Downloads/ros_ws/install/auto_aim_interfaces/local/lib/python3.10/dist-packages/auto_aim_interfaces/msg/_debug_light.py
[10.188s] -- Symlinking: /home/yukki/Downloads/ros_ws/install/auto_aim_interfaces/local/lib/python3.10/dist-packages/auto_aim_interfaces/msg/_debug_light_s.c
[10.197s] -- Symlinking: /home/yukki/Downloads/ros_ws/install/auto_aim_interfaces/local/lib/python3.10/dist-packages/auto_aim_interfaces/msg/_debug_lights.py
[10.206s] -- Symlinking: /home/yukki/Downloads/ros_ws/install/auto_aim_interfaces/local/lib/python3.10/dist-packages/auto_aim_interfaces/msg/_debug_lights_s.c
[10.215s] -- Symlinking: /home/yukki/Downloads/ros_ws/install/auto_aim_interfaces/local/lib/python3.10/dist-packages/auto_aim_interfaces/msg/_debug_rune.py
[10.224s] -- Symlinking: /home/yukki/Downloads/ros_ws/install/auto_aim_interfaces/local/lib/python3.10/dist-packages/auto_aim_interfaces/msg/_debug_rune_s.c
[10.233s] -- Symlinking: /home/yukki/Downloads/ros_ws/install/auto_aim_interfaces/local/lib/python3.10/dist-packages/auto_aim_interfaces/msg/_debug_send.py
[10.242s] -- Symlinking: /home/yukki/Downloads/ros_ws/install/auto_aim_interfaces/local/lib/python3.10/dist-packages/auto_aim_interfaces/msg/_debug_send_armors.py
[10.252s] -- Symlinking: /home/yukki/Downloads/ros_ws/install/auto_aim_interfaces/local/lib/python3.10/dist-packages/auto_aim_interfaces/msg/_debug_send_armors_s.c
[10.261s] -- Symlinking: /home/yukki/Downloads/ros_ws/install/auto_aim_interfaces/local/lib/python3.10/dist-packages/auto_aim_interfaces/msg/_debug_send_s.c
[10.271s] -- Symlinking: /home/yukki/Downloads/ros_ws/install/auto_aim_interfaces/local/lib/python3.10/dist-packages/auto_aim_interfaces/msg/_rune.py
[10.280s] -- Symlinking: /home/yukki/Downloads/ros_ws/install/auto_aim_interfaces/local/lib/python3.10/dist-packages/auto_aim_interfaces/msg/_rune_s.c
[10.289s] -- Symlinking: /home/yukki/Downloads/ros_ws/install/auto_aim_interfaces/local/lib/python3.10/dist-packages/auto_aim_interfaces/msg/_target.py
[10.298s] -- Symlinking: /home/yukki/Downloads/ros_ws/install/auto_aim_interfaces/local/lib/python3.10/dist-packages/auto_aim_interfaces/msg/_target_rune.py
[10.307s] -- Symlinking: /home/yukki/Downloads/ros_ws/install/auto_aim_interfaces/local/lib/python3.10/dist-packages/auto_aim_interfaces/msg/_target_rune_s.c
[10.317s] -- Symlinking: /home/yukki/Downloads/ros_ws/install/auto_aim_interfaces/local/lib/python3.10/dist-packages/auto_aim_interfaces/msg/_target_s.c
[10.325s] -- Symlinking: /home/yukki/Downloads/ros_ws/install/auto_aim_interfaces/local/lib/python3.10/dist-packages/auto_aim_interfaces/msg/_tracker_info.py
[10.334s] -- Symlinking: /home/yukki/Downloads/ros_ws/install/auto_aim_interfaces/local/lib/python3.10/dist-packages/auto_aim_interfaces/msg/_tracker_info_s.c
[10.344s] -- Up-to-date symlink: /home/yukki/Downloads/ros_ws/install/auto_aim_interfaces/local/lib/python3.10/dist-packages/auto_aim_interfaces/auto_aim_interfaces_s__rosidl_typesupport_fastrtps_c.cpython-310-x86_64-linux-gnu.so
[10.344s] -- Up-to-date symlink: /home/yukki/Downloads/ros_ws/install/auto_aim_interfaces/local/lib/python3.10/dist-packages/auto_aim_interfaces/auto_aim_interfaces_s__rosidl_typesupport_introspection_c.cpython-310-x86_64-linux-gnu.so
[10.344s] -- Up-to-date symlink: /home/yukki/Downloads/ros_ws/install/auto_aim_interfaces/local/lib/python3.10/dist-packages/auto_aim_interfaces/auto_aim_interfaces_s__rosidl_typesupport_c.cpython-310-x86_64-linux-gnu.so
[10.344s] -- Symlinking: /home/yukki/Downloads/ros_ws/install/auto_aim_interfaces/share/auto_aim_interfaces/msg/Armor.idl
[10.354s] -- Symlinking: /home/yukki/Downloads/ros_ws/install/auto_aim_interfaces/share/auto_aim_interfaces/msg/Armors.idl
[10.363s] -- Symlinking: /home/yukki/Downloads/ros_ws/install/auto_aim_interfaces/share/auto_aim_interfaces/msg/Rune.idl
[10.372s] -- Symlinking: /home/yukki/Downloads/ros_ws/install/auto_aim_interfaces/share/auto_aim_interfaces/msg/Target.idl
[10.382s] -- Symlinking: /home/yukki/Downloads/ros_ws/install/auto_aim_interfaces/share/auto_aim_interfaces/msg/TargetRune.idl
[10.391s] -- Symlinking: /home/yukki/Downloads/ros_ws/install/auto_aim_interfaces/share/auto_aim_interfaces/msg/DebugLight.idl
[10.400s] -- Symlinking: /home/yukki/Downloads/ros_ws/install/auto_aim_interfaces/share/auto_aim_interfaces/msg/DebugLights.idl
[10.410s] -- Symlinking: /home/yukki/Downloads/ros_ws/install/auto_aim_interfaces/share/auto_aim_interfaces/msg/DebugArmor.idl
[10.419s] -- Symlinking: /home/yukki/Downloads/ros_ws/install/auto_aim_interfaces/share/auto_aim_interfaces/msg/DebugArmors.idl
[10.429s] -- Symlinking: /home/yukki/Downloads/ros_ws/install/auto_aim_interfaces/share/auto_aim_interfaces/msg/DebugRune.idl
[10.438s] -- Symlinking: /home/yukki/Downloads/ros_ws/install/auto_aim_interfaces/share/auto_aim_interfaces/msg/DebugSend.idl
[10.449s] -- Symlinking: /home/yukki/Downloads/ros_ws/install/auto_aim_interfaces/share/auto_aim_interfaces/msg/DebugSendArmors.idl
[10.458s] -- Symlinking: /home/yukki/Downloads/ros_ws/install/auto_aim_interfaces/share/auto_aim_interfaces/msg/TrackerInfo.idl
[10.468s] -- Symlinking: /home/yukki/Downloads/ros_ws/install/auto_aim_interfaces/share/auto_aim_interfaces/msg/Armor.msg
[10.477s] -- Symlinking: /home/yukki/Downloads/ros_ws/install/auto_aim_interfaces/share/auto_aim_interfaces/msg/Armors.msg
[10.486s] -- Symlinking: /home/yukki/Downloads/ros_ws/install/auto_aim_interfaces/share/auto_aim_interfaces/msg/Rune.msg
[10.495s] -- Symlinking: /home/yukki/Downloads/ros_ws/install/auto_aim_interfaces/share/auto_aim_interfaces/msg/Target.msg
[10.505s] -- Symlinking: /home/yukki/Downloads/ros_ws/install/auto_aim_interfaces/share/auto_aim_interfaces/msg/TargetRune.msg
[10.514s] -- Symlinking: /home/yukki/Downloads/ros_ws/install/auto_aim_interfaces/share/auto_aim_interfaces/msg/DebugLight.msg
[10.523s] -- Symlinking: /home/yukki/Downloads/ros_ws/install/auto_aim_interfaces/share/auto_aim_interfaces/msg/DebugLights.msg
[10.532s] -- Symlinking: /home/yukki/Downloads/ros_ws/install/auto_aim_interfaces/share/auto_aim_interfaces/msg/DebugArmor.msg
[10.542s] -- Symlinking: /home/yukki/Downloads/ros_ws/install/auto_aim_interfaces/share/auto_aim_interfaces/msg/DebugArmors.msg
[10.551s] -- Symlinking: /home/yukki/Downloads/ros_ws/install/auto_aim_interfaces/share/auto_aim_interfaces/msg/DebugRune.msg
[10.560s] -- Symlinking: /home/yukki/Downloads/ros_ws/install/auto_aim_interfaces/share/auto_aim_interfaces/msg/DebugSend.msg
[10.569s] -- Symlinking: /home/yukki/Downloads/ros_ws/install/auto_aim_interfaces/share/auto_aim_interfaces/msg/DebugSendArmors.msg
[10.578s] -- Symlinking: /home/yukki/Downloads/ros_ws/install/auto_aim_interfaces/share/auto_aim_interfaces/msg/TrackerInfo.msg
[10.588s] -- Symlinking: /home/yukki/Downloads/ros_ws/install/auto_aim_interfaces/share/ament_index/resource_index/package_run_dependencies/auto_aim_interfaces
[10.597s] -- Symlinking: /home/yukki/Downloads/ros_ws/install/auto_aim_interfaces/share/ament_index/resource_index/parent_prefix_path/auto_aim_interfaces
[10.606s] -- Symlinking: /home/yukki/Downloads/ros_ws/install/auto_aim_interfaces/share/auto_aim_interfaces/environment/ament_prefix_path.sh
[10.615s] -- Symlinking: /home/yukki/Downloads/ros_ws/install/auto_aim_interfaces/share/auto_aim_interfaces/environment/ament_prefix_path.dsv
[10.625s] -- Symlinking: /home/yukki/Downloads/ros_ws/install/auto_aim_interfaces/share/auto_aim_interfaces/environment/path.sh
[10.635s] -- Symlinking: /home/yukki/Downloads/ros_ws/install/auto_aim_interfaces/share/auto_aim_interfaces/environment/path.dsv
[10.644s] -- Symlinking: /home/yukki/Downloads/ros_ws/install/auto_aim_interfaces/share/auto_aim_interfaces/local_setup.bash
[10.655s] -- Symlinking: /home/yukki/Downloads/ros_ws/install/auto_aim_interfaces/share/auto_aim_interfaces/local_setup.sh
[10.664s] -- Symlinking: /home/yukki/Downloads/ros_ws/install/auto_aim_interfaces/share/auto_aim_interfaces/local_setup.zsh
[10.674s] -- Symlinking: /home/yukki/Downloads/ros_ws/install/auto_aim_interfaces/share/auto_aim_interfaces/local_setup.dsv
[10.683s] -- Symlinking: /home/yukki/Downloads/ros_ws/install/auto_aim_interfaces/share/auto_aim_interfaces/package.dsv
[10.692s] -- Symlinking: /home/yukki/Downloads/ros_ws/install/auto_aim_interfaces/share/ament_index/resource_index/packages/auto_aim_interfaces
[10.701s] -- Symlinking: /home/yukki/Downloads/ros_ws/install/auto_aim_interfaces/share/auto_aim_interfaces/cmake/rosidl_cmake-extras.cmake
[10.711s] -- Symlinking: /home/yukki/Downloads/ros_ws/install/auto_aim_interfaces/share/auto_aim_interfaces/cmake/ament_cmake_export_dependencies-extras.cmake
[10.720s] -- Symlinking: /home/yukki/Downloads/ros_ws/install/auto_aim_interfaces/share/auto_aim_interfaces/cmake/ament_cmake_export_include_directories-extras.cmake
[10.729s] -- Symlinking: /home/yukki/Downloads/ros_ws/install/auto_aim_interfaces/share/auto_aim_interfaces/cmake/ament_cmake_export_libraries-extras.cmake
[10.738s] -- Symlinking: /home/yukki/Downloads/ros_ws/install/auto_aim_interfaces/share/auto_aim_interfaces/cmake/ament_cmake_export_targets-extras.cmake
[10.748s] -- Symlinking: /home/yukki/Downloads/ros_ws/install/auto_aim_interfaces/share/auto_aim_interfaces/cmake/rosidl_cmake_export_typesupport_targets-extras.cmake
[10.757s] -- Symlinking: /home/yukki/Downloads/ros_ws/install/auto_aim_interfaces/share/auto_aim_interfaces/cmake/rosidl_cmake_export_typesupport_libraries-extras.cmake
[10.767s] -- Symlinking: /home/yukki/Downloads/ros_ws/install/auto_aim_interfaces/share/auto_aim_interfaces/cmake/auto_aim_interfacesConfig.cmake
[10.776s] -- Symlinking: /home/yukki/Downloads/ros_ws/install/auto_aim_interfaces/share/auto_aim_interfaces/cmake/auto_aim_interfacesConfig-version.cmake
[10.785s] -- Symlinking: /home/yukki/Downloads/ros_ws/install/auto_aim_interfaces/share/auto_aim_interfaces/package.xml
[10.795s] -- Installing: /home/yukki/Downloads/ros_ws/install/auto_aim_interfaces/lib/libauto_aim_interfaces__rosidl_generator_c.so
[10.796s] -- Set runtime path of "/home/yukki/Downloads/ros_ws/install/auto_aim_interfaces/lib/libauto_aim_interfaces__rosidl_generator_c.so" to ""
[10.796s] -- Installing: /home/yukki/Downloads/ros_ws/install/auto_aim_interfaces/lib/libauto_aim_interfaces__rosidl_typesupport_fastrtps_c.so
[10.796s] -- Set runtime path of "/home/yukki/Downloads/ros_ws/install/auto_aim_interfaces/lib/libauto_aim_interfaces__rosidl_typesupport_fastrtps_c.so" to ""
[10.796s] -- Installing: /home/yukki/Downloads/ros_ws/install/auto_aim_interfaces/lib/libauto_aim_interfaces__rosidl_typesupport_introspection_c.so
[10.796s] -- Set runtime path of "/home/yukki/Downloads/ros_ws/install/auto_aim_interfaces/lib/libauto_aim_interfaces__rosidl_typesupport_introspection_c.so" to ""
[10.797s] -- Installing: /home/yukki/Downloads/ros_ws/install/auto_aim_interfaces/lib/libauto_aim_interfaces__rosidl_typesupport_c.so
[10.797s] -- Set runtime path of "/home/yukki/Downloads/ros_ws/install/auto_aim_interfaces/lib/libauto_aim_interfaces__rosidl_typesupport_c.so" to ""
[10.797s] -- Installing: /home/yukki/Downloads/ros_ws/install/auto_aim_interfaces/lib/libauto_aim_interfaces__rosidl_typesupport_fastrtps_cpp.so
[10.797s] -- Set runtime path of "/home/yukki/Downloads/ros_ws/install/auto_aim_interfaces/lib/libauto_aim_interfaces__rosidl_typesupport_fastrtps_cpp.so" to ""
[10.797s] -- Installing: /home/yukki/Downloads/ros_ws/install/auto_aim_interfaces/lib/libauto_aim_interfaces__rosidl_typesupport_introspection_cpp.so
[10.798s] -- Set runtime path of "/home/yukki/Downloads/ros_ws/install/auto_aim_interfaces/lib/libauto_aim_interfaces__rosidl_typesupport_introspection_cpp.so" to ""
[10.798s] -- Installing: /home/yukki/Downloads/ros_ws/install/auto_aim_interfaces/lib/libauto_aim_interfaces__rosidl_typesupport_cpp.so
[10.798s] -- Set runtime path of "/home/yukki/Downloads/ros_ws/install/auto_aim_interfaces/lib/libauto_aim_interfaces__rosidl_typesupport_cpp.so" to ""
[10.843s] Listing '/home/yukki/Downloads/ros_ws/install/auto_aim_interfaces/local/lib/python3.10/dist-packages/auto_aim_interfaces'...
[10.843s] Compiling '/home/yukki/Downloads/ros_ws/install/auto_aim_interfaces/local/lib/python3.10/dist-packages/auto_aim_interfaces/__init__.py'...
[10.843s] Listing '/home/yukki/Downloads/ros_ws/install/auto_aim_interfaces/local/lib/python3.10/dist-packages/auto_aim_interfaces/msg'...
[10.844s] Compiling '/home/yukki/Downloads/ros_ws/install/auto_aim_interfaces/local/lib/python3.10/dist-packages/auto_aim_interfaces/msg/__init__.py'...
[10.844s] Compiling '/home/yukki/Downloads/ros_ws/install/auto_aim_interfaces/local/lib/python3.10/dist-packages/auto_aim_interfaces/msg/_armor.py'...
[10.844s] Compiling '/home/yukki/Downloads/ros_ws/install/auto_aim_interfaces/local/lib/python3.10/dist-packages/auto_aim_interfaces/msg/_armors.py'...
[10.844s] Compiling '/home/yukki/Downloads/ros_ws/install/auto_aim_interfaces/local/lib/python3.10/dist-packages/auto_aim_interfaces/msg/_debug_armor.py'...
[10.844s] Compiling '/home/yukki/Downloads/ros_ws/install/auto_aim_interfaces/local/lib/python3.10/dist-packages/auto_aim_interfaces/msg/_debug_armors.py'...
[10.844s] Compiling '/home/yukki/Downloads/ros_ws/install/auto_aim_interfaces/local/lib/python3.10/dist-packages/auto_aim_interfaces/msg/_debug_light.py'...
[10.844s] Compiling '/home/yukki/Downloads/ros_ws/install/auto_aim_interfaces/local/lib/python3.10/dist-packages/auto_aim_interfaces/msg/_debug_lights.py'...
[10.844s] Compiling '/home/yukki/Downloads/ros_ws/install/auto_aim_interfaces/local/lib/python3.10/dist-packages/auto_aim_interfaces/msg/_debug_rune.py'...
[10.844s] Compiling '/home/yukki/Downloads/ros_ws/install/auto_aim_interfaces/local/lib/python3.10/dist-packages/auto_aim_interfaces/msg/_debug_send.py'...
[10.844s] Compiling '/home/yukki/Downloads/ros_ws/install/auto_aim_interfaces/local/lib/python3.10/dist-packages/auto_aim_interfaces/msg/_debug_send_armors.py'...
[10.844s] Compiling '/home/yukki/Downloads/ros_ws/install/auto_aim_interfaces/local/lib/python3.10/dist-packages/auto_aim_interfaces/msg/_rune.py'...
[10.844s] Compiling '/home/yukki/Downloads/ros_ws/install/auto_aim_interfaces/local/lib/python3.10/dist-packages/auto_aim_interfaces/msg/_target.py'...
[10.844s] Compiling '/home/yukki/Downloads/ros_ws/install/auto_aim_interfaces/local/lib/python3.10/dist-packages/auto_aim_interfaces/msg/_target_rune.py'...
[10.844s] Compiling '/home/yukki/Downloads/ros_ws/install/auto_aim_interfaces/local/lib/python3.10/dist-packages/auto_aim_interfaces/msg/_tracker_info.py'...
[10.847s] -- Installing: /home/yukki/Downloads/ros_ws/install/auto_aim_interfaces/lib/libauto_aim_interfaces__rosidl_generator_py.so
[10.848s] -- Set runtime path of "/home/yukki/Downloads/ros_ws/install/auto_aim_interfaces/lib/libauto_aim_interfaces__rosidl_generator_py.so" to ""
[10.848s] -- Installing: /home/yukki/Downloads/ros_ws/install/auto_aim_interfaces/share/auto_aim_interfaces/cmake/export_auto_aim_interfaces__rosidl_generator_cExport.cmake
[10.848s] -- Installing: /home/yukki/Downloads/ros_ws/install/auto_aim_interfaces/share/auto_aim_interfaces/cmake/export_auto_aim_interfaces__rosidl_generator_cExport-noconfig.cmake
[10.848s] -- Installing: /home/yukki/Downloads/ros_ws/install/auto_aim_interfaces/share/auto_aim_interfaces/cmake/export_auto_aim_interfaces__rosidl_typesupport_fastrtps_cExport.cmake
[10.848s] -- Installing: /home/yukki/Downloads/ros_ws/install/auto_aim_interfaces/share/auto_aim_interfaces/cmake/export_auto_aim_interfaces__rosidl_typesupport_fastrtps_cExport-noconfig.cmake
[10.848s] -- Installing: /home/yukki/Downloads/ros_ws/install/auto_aim_interfaces/share/auto_aim_interfaces/cmake/auto_aim_interfaces__rosidl_typesupport_introspection_cExport.cmake
[10.849s] -- Installing: /home/yukki/Downloads/ros_ws/install/auto_aim_interfaces/share/auto_aim_interfaces/cmake/auto_aim_interfaces__rosidl_typesupport_introspection_cExport-noconfig.cmake
[10.849s] -- Installing: /home/yukki/Downloads/ros_ws/install/auto_aim_interfaces/share/auto_aim_interfaces/cmake/auto_aim_interfaces__rosidl_typesupport_cExport.cmake
[10.849s] -- Installing: /home/yukki/Downloads/ros_ws/install/auto_aim_interfaces/share/auto_aim_interfaces/cmake/auto_aim_interfaces__rosidl_typesupport_cExport-noconfig.cmake
[10.849s] -- Installing: /home/yukki/Downloads/ros_ws/install/auto_aim_interfaces/share/auto_aim_interfaces/cmake/export_auto_aim_interfaces__rosidl_generator_cppExport.cmake
[10.849s] -- Installing: /home/yukki/Downloads/ros_ws/install/auto_aim_interfaces/share/auto_aim_interfaces/cmake/export_auto_aim_interfaces__rosidl_typesupport_fastrtps_cppExport.cmake
[10.849s] -- Installing: /home/yukki/Downloads/ros_ws/install/auto_aim_interfaces/share/auto_aim_interfaces/cmake/export_auto_aim_interfaces__rosidl_typesupport_fastrtps_cppExport-noconfig.cmake
[10.849s] -- Installing: /home/yukki/Downloads/ros_ws/install/auto_aim_interfaces/share/auto_aim_interfaces/cmake/auto_aim_interfaces__rosidl_typesupport_introspection_cppExport.cmake
[10.850s] -- Installing: /home/yukki/Downloads/ros_ws/install/auto_aim_interfaces/share/auto_aim_interfaces/cmake/auto_aim_interfaces__rosidl_typesupport_introspection_cppExport-noconfig.cmake
[10.850s] -- Installing: /home/yukki/Downloads/ros_ws/install/auto_aim_interfaces/share/auto_aim_interfaces/cmake/auto_aim_interfaces__rosidl_typesupport_cppExport.cmake
[10.850s] -- Installing: /home/yukki/Downloads/ros_ws/install/auto_aim_interfaces/share/auto_aim_interfaces/cmake/auto_aim_interfaces__rosidl_typesupport_cppExport-noconfig.cmake
[10.850s] -- Installing: /home/yukki/Downloads/ros_ws/install/auto_aim_interfaces/share/auto_aim_interfaces/cmake/export_auto_aim_interfaces__rosidl_generator_pyExport.cmake
[10.850s] -- Installing: /home/yukki/Downloads/ros_ws/install/auto_aim_interfaces/share/auto_aim_interfaces/cmake/export_auto_aim_interfaces__rosidl_generator_pyExport-noconfig.cmake
[10.853s] Invoked command in '/home/yukki/Downloads/ros_ws/build/auto_aim_interfaces' returned '0': CMAKE_PREFIX_PATH=/opt/ros/humble /usr/bin/cmake --install /home/yukki/Downloads/ros_ws/build/auto_aim_interfaces
