[0.086s] Invoking command in '/home/yukki/Downloads/ros_ws/build/armor_tracker': AMENT_PREFIX_PATH=/home/yukki/Downloads/ros_ws/install/auto_aim_interfaces:${AMENT_PREFIX_PATH} CMAKE_PREFIX_PATH=/home/yukki/Downloads/ros_ws/install/auto_aim_interfaces:/opt/ros/humble LD_LIBRARY_PATH=/home/yukki/Downloads/ros_ws/install/auto_aim_interfaces/lib:/opt/MVS/lib/64:/opt/MVS/lib/32:/opt/ros/humble/opt/rviz_ogre_vendor/lib:/opt/ros/humble/lib/x86_64-linux-gnu:/opt/ros/humble/lib:/opt/MVS/lib/64:/opt/MVS/lib/32:/opt/MVS/lib/64:/opt/MVS/lib/32 PYTHONPATH=/home/yukki/Downloads/ros_ws/install/auto_aim_interfaces/local/lib/python3.10/dist-packages:${PYTHONPATH} /usr/bin/cmake /home/yukki/Downloads/ros_ws/src/rm_auto_aim/armor_tracker -DAMENT_CMAKE_SYMLINK_INSTALL=1 -DCMAKE_INSTALL_PREFIX=/home/yukki/Downloads/ros_ws/install/armor_tracker
[0.131s] -- The C compiler identification is GNU 11.4.0
[0.181s] -- The CXX compiler identification is GNU 11.4.0
[0.187s] -- Detecting C compiler ABI info
[0.250s] -- Detecting C compiler ABI info - done
[0.256s] -- Check for working C compiler: /usr/bin/cc - skipped
[0.256s] -- Detecting C compile features
[0.256s] -- Detecting C compile features - done
[0.259s] -- Detecting CXX compiler ABI info
[0.331s] -- Detecting CXX compiler ABI info - done
[0.337s] -- Check for working CXX compiler: /usr/bin/c++ - skipped
[0.337s] -- Detecting CXX compile features
[0.338s] -- Detecting CXX compile features - done
[0.340s] -- Found ament_cmake_auto: 1.3.6 (/opt/ros/humble/share/ament_cmake_auto/cmake)
[0.660s] -- Found Python3: /usr/bin/python3.10 (found version "3.10.12") found components: Interpreter 
[0.711s] -- Override CMake install command with custom implementation using symlinks instead of copying resources
[0.743s] -- Found OpenCV: /usr/local (found suitable version "4.8.0", minimum required is "4") 
[0.746s] -- Looking for pthread.h
[0.816s] -- Looking for pthread.h - found
[0.816s] -- Performing Test CMAKE_HAVE_LIBC_PTHREAD
[0.885s] -- Performing Test CMAKE_HAVE_LIBC_PTHREAD - Success
[0.886s] -- Found Threads: TRUE  
[0.907s] -- Found CXSparse: /usr/include/suitesparse (found suitable version "3.2.0", minimum required is "3.2.0") 
[1.334s] -- Found AMD headers in: /usr/include/suitesparse
[1.335s] -- Found AMD library: /usr/lib/x86_64-linux-gnu/libamd.so
[1.335s] -- Found CAMD headers in: /usr/include/suitesparse
[1.336s] -- Found CAMD library: /usr/lib/x86_64-linux-gnu/libcamd.so
[1.336s] -- Found CCOLAMD headers in: /usr/include/suitesparse
[1.337s] -- Found CCOLAMD library: /usr/lib/x86_64-linux-gnu/libccolamd.so
[1.337s] -- Found CHOLMOD headers in: /usr/include/suitesparse
[1.338s] -- Found CHOLMOD library: /usr/lib/x86_64-linux-gnu/libcholmod.so
[1.338s] -- Found COLAMD headers in: /usr/include/suitesparse
[1.339s] -- Found COLAMD library: /usr/lib/x86_64-linux-gnu/libcolamd.so
[1.339s] -- Found SPQR headers in: /usr/include/suitesparse
[1.339s] -- Found SPQR library: /usr/lib/x86_64-linux-gnu/libspqr.so
[1.340s] -- Found Config headers in: /usr/include/suitesparse
[1.340s] -- Found Config library: /usr/lib/x86_64-linux-gnu/libsuitesparseconfig.so
[1.343s] -- Found Intel Thread Building Blocks (TBB) library (2021.5 / ) include location: . Assuming SuiteSparseQR was compiled with TBB.
[1.343s] -- Looking for shm_open in rt
[1.409s] -- Looking for shm_open in rt - found
[1.409s] -- Adding librt to SuiteSparse_config libraries (required on Linux & Unix [not OSX] if SuiteSparse is compiled with timing).
[1.415s] -- Could NOT find METIS (missing: METIS_INCLUDE_DIR METIS_LIBRARY) 
[1.416s] -- Found SuiteSparse: /usr/include/suitesparse (found suitable version "5.10.1", minimum required is "5.10.1") found components: AMD CAMD CCOLAMD CHOLMOD COLAMD SPQR Config 
[1.420s] -- Found required Ceres dependency: Eigen version 3.4.0 in /usr/local/share/eigen3/cmake
[1.427s] -- Found required Ceres dependency: glog
[1.427s] -- Found required Ceres dependency: gflags
[1.427s] -- Found Ceres version: 2.1.0 installed in: /usr/local with components: [EigenSparse, SparseLinearAlgebraLibrary, LAPACK, SuiteSparse, CXSparse, SchurSpecializations, Multithreading]
[1.511s] -- Found rosidl_generator_c: 3.1.5 (/opt/ros/humble/share/rosidl_generator_c/cmake)
[1.515s] -- Found rosidl_adapter: 3.1.5 (/opt/ros/humble/share/rosidl_adapter/cmake)
[1.522s] -- Found rosidl_generator_cpp: 3.1.5 (/opt/ros/humble/share/rosidl_generator_cpp/cmake)
[1.533s] -- Using all available rosidl_typesupport_c: rosidl_typesupport_fastrtps_c;rosidl_typesupport_introspection_c
[1.549s] -- Using all available rosidl_typesupport_cpp: rosidl_typesupport_fastrtps_cpp;rosidl_typesupport_introspection_cpp
[1.607s] -- Found rmw_implementation_cmake: 6.1.1 (/opt/ros/humble/share/rmw_implementation_cmake/cmake)
[1.609s] -- Found rmw_fastrtps_cpp: 6.2.5 (/opt/ros/humble/share/rmw_fastrtps_cpp/cmake)
[1.709s] -- Found OpenSSL: /usr/lib/x86_64-linux-gnu/libcrypto.so (found version "3.0.2")  
[1.733s] -- Found FastRTPS: /opt/ros/humble/include  
[1.782s] -- Using RMW implementation 'rmw_fastrtps_cpp' as default
[2.258s] -- Found eigen3_cmake_module: 0.1.1 (/opt/ros/humble/share/eigen3_cmake_module/cmake)
[2.259s] -- Found Eigen3: TRUE (found version "3.4.0") 
[2.259s] -- Ensuring Eigen3 include directory is part of orocos-kdl CMake target
[2.819s] -- Found ament_lint_auto: 0.12.9 (/opt/ros/humble/share/ament_lint_auto/cmake)
[2.857s] -- Added test 'cppcheck' to perform static code analysis on C / C++ code
[2.857s] -- Configured cppcheck include dirs: /home/yukki/Downloads/ros_ws/src/rm_auto_aim/armor_tracker/include
[2.857s] -- Configured cppcheck exclude dirs and/or files: 
[2.858s] -- Added test 'lint_cmake' to check CMake code style
[2.859s] -- Added test 'xmllint' to check XML markup files
[2.862s] -- Added test 'clang_format' to check C / C++ code style
[2.867s] -- Configuring done
[2.907s] -- Generating done
[2.910s] -- Build files have been written to: /home/yukki/Downloads/ros_ws/build/armor_tracker
[2.940s] Invoked command in '/home/yukki/Downloads/ros_ws/build/armor_tracker' returned '0': AMENT_PREFIX_PATH=/home/yukki/Downloads/ros_ws/install/auto_aim_interfaces:${AMENT_PREFIX_PATH} CMAKE_PREFIX_PATH=/home/yukki/Downloads/ros_ws/install/auto_aim_interfaces:/opt/ros/humble LD_LIBRARY_PATH=/home/yukki/Downloads/ros_ws/install/auto_aim_interfaces/lib:/opt/MVS/lib/64:/opt/MVS/lib/32:/opt/ros/humble/opt/rviz_ogre_vendor/lib:/opt/ros/humble/lib/x86_64-linux-gnu:/opt/ros/humble/lib:/opt/MVS/lib/64:/opt/MVS/lib/32:/opt/MVS/lib/64:/opt/MVS/lib/32 PYTHONPATH=/home/yukki/Downloads/ros_ws/install/auto_aim_interfaces/local/lib/python3.10/dist-packages:${PYTHONPATH} /usr/bin/cmake /home/yukki/Downloads/ros_ws/src/rm_auto_aim/armor_tracker -DAMENT_CMAKE_SYMLINK_INSTALL=1 -DCMAKE_INSTALL_PREFIX=/home/yukki/Downloads/ros_ws/install/armor_tracker
[2.942s] Invoking command in '/home/yukki/Downloads/ros_ws/build/armor_tracker': AMENT_PREFIX_PATH=/home/yukki/Downloads/ros_ws/install/auto_aim_interfaces:${AMENT_PREFIX_PATH} CMAKE_PREFIX_PATH=/home/yukki/Downloads/ros_ws/install/auto_aim_interfaces:/opt/ros/humble LD_LIBRARY_PATH=/home/yukki/Downloads/ros_ws/install/auto_aim_interfaces/lib:/opt/MVS/lib/64:/opt/MVS/lib/32:/opt/ros/humble/opt/rviz_ogre_vendor/lib:/opt/ros/humble/lib/x86_64-linux-gnu:/opt/ros/humble/lib:/opt/MVS/lib/64:/opt/MVS/lib/32:/opt/MVS/lib/64:/opt/MVS/lib/32 PYTHONPATH=/home/yukki/Downloads/ros_ws/install/auto_aim_interfaces/local/lib/python3.10/dist-packages:${PYTHONPATH} /usr/bin/cmake --build /home/yukki/Downloads/ros_ws/build/armor_tracker -- -j16 -l16
[3.010s] [ 62%] [32mBuilding CXX object CMakeFiles/armor_tracker.dir/src/tracker.cpp.o[0m
[3.010s] [ 62%] [32mBuilding CXX object CMakeFiles/armor_tracker.dir/src/tracker_node.cpp.o[0m
[3.010s] [ 62%] [32mBuilding CXX object CMakeFiles/armor_tracker.dir/src/rune_predictor.cpp.o[0m
[3.010s] [ 62%] [32mBuilding CXX object CMakeFiles/armor_tracker.dir/src/extended_kalman_filter.cpp.o[0m
[3.010s] [ 62%] [32mBuilding CXX object CMakeFiles/armor_tracker.dir/src/particle_filter.cpp.o[0m
[3.019s] [ 75%] [32mBuilding CXX object CMakeFiles/armor_tracker_node.dir/rclcpp_components/node_main_armor_tracker_node.cpp.o[0m
[7.561s] [ 87%] [32m[1mLinking CXX executable armor_tracker_node[0m
[7.731s] [ 87%] Built target armor_tracker_node
[21.402s] [100%] [32m[1mLinking CXX shared library libarmor_tracker.so[0m
[22.994s] [100%] Built target armor_tracker
[23.006s] Invoked command in '/home/yukki/Downloads/ros_ws/build/armor_tracker' returned '0': AMENT_PREFIX_PATH=/home/yukki/Downloads/ros_ws/install/auto_aim_interfaces:${AMENT_PREFIX_PATH} CMAKE_PREFIX_PATH=/home/yukki/Downloads/ros_ws/install/auto_aim_interfaces:/opt/ros/humble LD_LIBRARY_PATH=/home/yukki/Downloads/ros_ws/install/auto_aim_interfaces/lib:/opt/MVS/lib/64:/opt/MVS/lib/32:/opt/ros/humble/opt/rviz_ogre_vendor/lib:/opt/ros/humble/lib/x86_64-linux-gnu:/opt/ros/humble/lib:/opt/MVS/lib/64:/opt/MVS/lib/32:/opt/MVS/lib/64:/opt/MVS/lib/32 PYTHONPATH=/home/yukki/Downloads/ros_ws/install/auto_aim_interfaces/local/lib/python3.10/dist-packages:${PYTHONPATH} /usr/bin/cmake --build /home/yukki/Downloads/ros_ws/build/armor_tracker -- -j16 -l16
[23.049s] Invoking command in '/home/yukki/Downloads/ros_ws/build/armor_tracker': AMENT_PREFIX_PATH=/home/yukki/Downloads/ros_ws/install/auto_aim_interfaces:${AMENT_PREFIX_PATH} CMAKE_PREFIX_PATH=/home/yukki/Downloads/ros_ws/install/auto_aim_interfaces:/opt/ros/humble LD_LIBRARY_PATH=/home/yukki/Downloads/ros_ws/install/auto_aim_interfaces/lib:/opt/MVS/lib/64:/opt/MVS/lib/32:/opt/ros/humble/opt/rviz_ogre_vendor/lib:/opt/ros/humble/lib/x86_64-linux-gnu:/opt/ros/humble/lib:/opt/MVS/lib/64:/opt/MVS/lib/32:/opt/MVS/lib/64:/opt/MVS/lib/32 PYTHONPATH=/home/yukki/Downloads/ros_ws/install/auto_aim_interfaces/local/lib/python3.10/dist-packages:${PYTHONPATH} /usr/bin/cmake --install /home/yukki/Downloads/ros_ws/build/armor_tracker
[23.056s] -- Install configuration: ""
[23.057s] -- Execute custom install script
[23.057s] -- Symlinking: /home/yukki/Downloads/ros_ws/install/armor_tracker/lib/armor_tracker/armor_tracker_node
[23.068s] -- Symlinking: /home/yukki/Downloads/ros_ws/install/armor_tracker/include/armor_tracker/extended_kalman_filter.hpp
[23.077s] -- Symlinking: /home/yukki/Downloads/ros_ws/install/armor_tracker/include/armor_tracker/tracker.hpp
[23.087s] -- Symlinking: /home/yukki/Downloads/ros_ws/install/armor_tracker/include/armor_tracker/tracker_node.hpp
[23.097s] -- Symlinking: /home/yukki/Downloads/ros_ws/install/armor_tracker/include/rune_predictor/particle_filter.hpp
[23.107s] -- Symlinking: /home/yukki/Downloads/ros_ws/install/armor_tracker/include/rune_predictor/rune_predictor.hpp
[23.116s] -- Symlinking: /home/yukki/Downloads/ros_ws/install/armor_tracker/share/armor_tracker/environment/library_path.sh
[23.126s] -- Symlinking: /home/yukki/Downloads/ros_ws/install/armor_tracker/share/armor_tracker/environment/library_path.dsv
[23.136s] -- Symlinking: /home/yukki/Downloads/ros_ws/install/armor_tracker/lib/libarmor_tracker.so
[23.146s] -- Symlinking: /home/yukki/Downloads/ros_ws/install/armor_tracker/share/ament_index/resource_index/package_run_dependencies/armor_tracker
[23.156s] -- Symlinking: /home/yukki/Downloads/ros_ws/install/armor_tracker/share/ament_index/resource_index/parent_prefix_path/armor_tracker
[23.166s] -- Symlinking: /home/yukki/Downloads/ros_ws/install/armor_tracker/share/armor_tracker/environment/ament_prefix_path.sh
[23.175s] -- Symlinking: /home/yukki/Downloads/ros_ws/install/armor_tracker/share/armor_tracker/environment/ament_prefix_path.dsv
[23.185s] -- Symlinking: /home/yukki/Downloads/ros_ws/install/armor_tracker/share/armor_tracker/environment/path.sh
[23.196s] -- Symlinking: /home/yukki/Downloads/ros_ws/install/armor_tracker/share/armor_tracker/environment/path.dsv
[23.205s] -- Symlinking: /home/yukki/Downloads/ros_ws/install/armor_tracker/share/armor_tracker/local_setup.bash
[23.215s] -- Symlinking: /home/yukki/Downloads/ros_ws/install/armor_tracker/share/armor_tracker/local_setup.sh
[23.225s] -- Symlinking: /home/yukki/Downloads/ros_ws/install/armor_tracker/share/armor_tracker/local_setup.zsh
[23.235s] -- Symlinking: /home/yukki/Downloads/ros_ws/install/armor_tracker/share/armor_tracker/local_setup.dsv
[23.244s] -- Symlinking: /home/yukki/Downloads/ros_ws/install/armor_tracker/share/armor_tracker/package.dsv
[23.254s] -- Symlinking: /home/yukki/Downloads/ros_ws/install/armor_tracker/share/ament_index/resource_index/packages/armor_tracker
[23.263s] -- Symlinking: /home/yukki/Downloads/ros_ws/install/armor_tracker/share/ament_index/resource_index/rclcpp_components/armor_tracker
[23.273s] -- Symlinking: /home/yukki/Downloads/ros_ws/install/armor_tracker/share/armor_tracker/cmake/ament_cmake_export_dependencies-extras.cmake
[23.282s] -- Symlinking: /home/yukki/Downloads/ros_ws/install/armor_tracker/share/armor_tracker/cmake/ament_cmake_export_include_directories-extras.cmake
[23.292s] -- Symlinking: /home/yukki/Downloads/ros_ws/install/armor_tracker/share/armor_tracker/cmake/ament_cmake_export_libraries-extras.cmake
[23.301s] -- Symlinking: /home/yukki/Downloads/ros_ws/install/armor_tracker/share/armor_tracker/cmake/armor_trackerConfig.cmake
[23.311s] -- Symlinking: /home/yukki/Downloads/ros_ws/install/armor_tracker/share/armor_tracker/cmake/armor_trackerConfig-version.cmake
[23.321s] -- Symlinking: /home/yukki/Downloads/ros_ws/install/armor_tracker/share/armor_tracker/package.xml
[23.332s] Invoked command in '/home/yukki/Downloads/ros_ws/build/armor_tracker' returned '0': AMENT_PREFIX_PATH=/home/yukki/Downloads/ros_ws/install/auto_aim_interfaces:${AMENT_PREFIX_PATH} CMAKE_PREFIX_PATH=/home/yukki/Downloads/ros_ws/install/auto_aim_interfaces:/opt/ros/humble LD_LIBRARY_PATH=/home/yukki/Downloads/ros_ws/install/auto_aim_interfaces/lib:/opt/MVS/lib/64:/opt/MVS/lib/32:/opt/ros/humble/opt/rviz_ogre_vendor/lib:/opt/ros/humble/lib/x86_64-linux-gnu:/opt/ros/humble/lib:/opt/MVS/lib/64:/opt/MVS/lib/32:/opt/MVS/lib/64:/opt/MVS/lib/32 PYTHONPATH=/home/yukki/Downloads/ros_ws/install/auto_aim_interfaces/local/lib/python3.10/dist-packages:${PYTHONPATH} /usr/bin/cmake --install /home/yukki/Downloads/ros_ws/build/armor_tracker
