[0.051s] Invoking command in '/home/yukki/Downloads/ros_ws/build/rm_vision_bringup': AMENT_PREFIX_PATH=/home/yukki/Downloads/ros_ws/install/rm_auto_aim:/home/yukki/Downloads/ros_ws/install/rm_serial_driver:/home/yukki/Downloads/ros_ws/install/armor_tracker:/home/yukki/Downloads/ros_ws/install/armor_detector:/home/yukki/Downloads/ros_ws/install/auto_aim_interfaces:${AMENT_PREFIX_PATH} CMAKE_PREFIX_PATH=/home/yukki/Downloads/ros_ws/install/rm_auto_aim:/home/yukki/Downloads/ros_ws/install/rm_serial_driver:/home/yukki/Downloads/ros_ws/install/armor_tracker:/home/yukki/Downloads/ros_ws/install/armor_detector:/home/yukki/Downloads/ros_ws/install/auto_aim_interfaces:/opt/ros/humble LD_LIBRARY_PATH=/home/yukki/Downloads/ros_ws/install/rm_serial_driver/lib:/home/yukki/Downloads/ros_ws/install/armor_tracker/lib:/home/yukki/Downloads/ros_ws/install/armor_detector/lib:/home/yukki/Downloads/ros_ws/install/auto_aim_interfaces/lib:/opt/MVS/lib/64:/opt/MVS/lib/32:/opt/ros/humble/opt/rviz_ogre_vendor/lib:/opt/ros/humble/lib/x86_64-linux-gnu:/opt/ros/humble/lib:/opt/MVS/lib/64:/opt/MVS/lib/32:/opt/MVS/lib/64:/opt/MVS/lib/32 PYTHONPATH=/home/yukki/Downloads/ros_ws/install/auto_aim_interfaces/local/lib/python3.10/dist-packages:${PYTHONPATH} /usr/bin/cmake /home/yukki/Downloads/ros_ws/src/rm_vision/rm_vision_bringup -DAMENT_CMAKE_SYMLINK_INSTALL=1 -DCMAKE_INSTALL_PREFIX=/home/yukki/Downloads/ros_ws/install/rm_vision_bringup
[0.100s] -- The C compiler identification is GNU 11.4.0
[0.148s] -- The CXX compiler identification is GNU 11.4.0
[0.155s] -- Detecting C compiler ABI info
[0.221s] -- Detecting C compiler ABI info - done
[0.226s] -- Check for working C compiler: /usr/bin/cc - skipped
[0.226s] -- Detecting C compile features
[0.227s] -- Detecting C compile features - done
[0.229s] -- Detecting CXX compiler ABI info
[0.303s] -- Detecting CXX compiler ABI info - done
[0.309s] -- Check for working CXX compiler: /usr/bin/c++ - skipped
[0.309s] -- Detecting CXX compile features
[0.309s] -- Detecting CXX compile features - done
[0.311s] -- Found ament_cmake_auto: 1.3.6 (/opt/ros/humble/share/ament_cmake_auto/cmake)
[0.599s] -- Found Python3: /usr/bin/python3.10 (found version "3.10.12") found components: Interpreter 
[0.651s] -- Override CMake install command with custom implementation using symlinks instead of copying resources
[0.680s] -- Found ament_lint_auto: 0.12.9 (/opt/ros/humble/share/ament_lint_auto/cmake)
[0.734s] -- Configuring done
[0.737s] -- Generating done
[0.738s] -- Build files have been written to: /home/yukki/Downloads/ros_ws/build/rm_vision_bringup
[0.742s] Invoked command in '/home/yukki/Downloads/ros_ws/build/rm_vision_bringup' returned '0': AMENT_PREFIX_PATH=/home/yukki/Downloads/ros_ws/install/rm_auto_aim:/home/yukki/Downloads/ros_ws/install/rm_serial_driver:/home/yukki/Downloads/ros_ws/install/armor_tracker:/home/yukki/Downloads/ros_ws/install/armor_detector:/home/yukki/Downloads/ros_ws/install/auto_aim_interfaces:${AMENT_PREFIX_PATH} CMAKE_PREFIX_PATH=/home/yukki/Downloads/ros_ws/install/rm_auto_aim:/home/yukki/Downloads/ros_ws/install/rm_serial_driver:/home/yukki/Downloads/ros_ws/install/armor_tracker:/home/yukki/Downloads/ros_ws/install/armor_detector:/home/yukki/Downloads/ros_ws/install/auto_aim_interfaces:/opt/ros/humble LD_LIBRARY_PATH=/home/yukki/Downloads/ros_ws/install/rm_serial_driver/lib:/home/yukki/Downloads/ros_ws/install/armor_tracker/lib:/home/yukki/Downloads/ros_ws/install/armor_detector/lib:/home/yukki/Downloads/ros_ws/install/auto_aim_interfaces/lib:/opt/MVS/lib/64:/opt/MVS/lib/32:/opt/ros/humble/opt/rviz_ogre_vendor/lib:/opt/ros/humble/lib/x86_64-linux-gnu:/opt/ros/humble/lib:/opt/MVS/lib/64:/opt/MVS/lib/32:/opt/MVS/lib/64:/opt/MVS/lib/32 PYTHONPATH=/home/yukki/Downloads/ros_ws/install/auto_aim_interfaces/local/lib/python3.10/dist-packages:${PYTHONPATH} /usr/bin/cmake /home/yukki/Downloads/ros_ws/src/rm_vision/rm_vision_bringup -DAMENT_CMAKE_SYMLINK_INSTALL=1 -DCMAKE_INSTALL_PREFIX=/home/yukki/Downloads/ros_ws/install/rm_vision_bringup
[0.743s] Invoking command in '/home/yukki/Downloads/ros_ws/build/rm_vision_bringup': AMENT_PREFIX_PATH=/home/yukki/Downloads/ros_ws/install/rm_auto_aim:/home/yukki/Downloads/ros_ws/install/rm_serial_driver:/home/yukki/Downloads/ros_ws/install/armor_tracker:/home/yukki/Downloads/ros_ws/install/armor_detector:/home/yukki/Downloads/ros_ws/install/auto_aim_interfaces:${AMENT_PREFIX_PATH} CMAKE_PREFIX_PATH=/home/yukki/Downloads/ros_ws/install/rm_auto_aim:/home/yukki/Downloads/ros_ws/install/rm_serial_driver:/home/yukki/Downloads/ros_ws/install/armor_tracker:/home/yukki/Downloads/ros_ws/install/armor_detector:/home/yukki/Downloads/ros_ws/install/auto_aim_interfaces:/opt/ros/humble LD_LIBRARY_PATH=/home/yukki/Downloads/ros_ws/install/rm_serial_driver/lib:/home/yukki/Downloads/ros_ws/install/armor_tracker/lib:/home/yukki/Downloads/ros_ws/install/armor_detector/lib:/home/yukki/Downloads/ros_ws/install/auto_aim_interfaces/lib:/opt/MVS/lib/64:/opt/MVS/lib/32:/opt/ros/humble/opt/rviz_ogre_vendor/lib:/opt/ros/humble/lib/x86_64-linux-gnu:/opt/ros/humble/lib:/opt/MVS/lib/64:/opt/MVS/lib/32:/opt/MVS/lib/64:/opt/MVS/lib/32 PYTHONPATH=/home/yukki/Downloads/ros_ws/install/auto_aim_interfaces/local/lib/python3.10/dist-packages:${PYTHONPATH} /usr/bin/cmake --build /home/yukki/Downloads/ros_ws/build/rm_vision_bringup -- -j16 -l16
[0.783s] Invoked command in '/home/yukki/Downloads/ros_ws/build/rm_vision_bringup' returned '0': AMENT_PREFIX_PATH=/home/yukki/Downloads/ros_ws/install/rm_auto_aim:/home/yukki/Downloads/ros_ws/install/rm_serial_driver:/home/yukki/Downloads/ros_ws/install/armor_tracker:/home/yukki/Downloads/ros_ws/install/armor_detector:/home/yukki/Downloads/ros_ws/install/auto_aim_interfaces:${AMENT_PREFIX_PATH} CMAKE_PREFIX_PATH=/home/yukki/Downloads/ros_ws/install/rm_auto_aim:/home/yukki/Downloads/ros_ws/install/rm_serial_driver:/home/yukki/Downloads/ros_ws/install/armor_tracker:/home/yukki/Downloads/ros_ws/install/armor_detector:/home/yukki/Downloads/ros_ws/install/auto_aim_interfaces:/opt/ros/humble LD_LIBRARY_PATH=/home/yukki/Downloads/ros_ws/install/rm_serial_driver/lib:/home/yukki/Downloads/ros_ws/install/armor_tracker/lib:/home/yukki/Downloads/ros_ws/install/armor_detector/lib:/home/yukki/Downloads/ros_ws/install/auto_aim_interfaces/lib:/opt/MVS/lib/64:/opt/MVS/lib/32:/opt/ros/humble/opt/rviz_ogre_vendor/lib:/opt/ros/humble/lib/x86_64-linux-gnu:/opt/ros/humble/lib:/opt/MVS/lib/64:/opt/MVS/lib/32:/opt/MVS/lib/64:/opt/MVS/lib/32 PYTHONPATH=/home/yukki/Downloads/ros_ws/install/auto_aim_interfaces/local/lib/python3.10/dist-packages:${PYTHONPATH} /usr/bin/cmake --build /home/yukki/Downloads/ros_ws/build/rm_vision_bringup -- -j16 -l16
[0.806s] Invoking command in '/home/yukki/Downloads/ros_ws/build/rm_vision_bringup': AMENT_PREFIX_PATH=/home/yukki/Downloads/ros_ws/install/rm_auto_aim:/home/yukki/Downloads/ros_ws/install/rm_serial_driver:/home/yukki/Downloads/ros_ws/install/armor_tracker:/home/yukki/Downloads/ros_ws/install/armor_detector:/home/yukki/Downloads/ros_ws/install/auto_aim_interfaces:${AMENT_PREFIX_PATH} CMAKE_PREFIX_PATH=/home/yukki/Downloads/ros_ws/install/rm_auto_aim:/home/yukki/Downloads/ros_ws/install/rm_serial_driver:/home/yukki/Downloads/ros_ws/install/armor_tracker:/home/yukki/Downloads/ros_ws/install/armor_detector:/home/yukki/Downloads/ros_ws/install/auto_aim_interfaces:/opt/ros/humble LD_LIBRARY_PATH=/home/yukki/Downloads/ros_ws/install/rm_serial_driver/lib:/home/yukki/Downloads/ros_ws/install/armor_tracker/lib:/home/yukki/Downloads/ros_ws/install/armor_detector/lib:/home/yukki/Downloads/ros_ws/install/auto_aim_interfaces/lib:/opt/MVS/lib/64:/opt/MVS/lib/32:/opt/ros/humble/opt/rviz_ogre_vendor/lib:/opt/ros/humble/lib/x86_64-linux-gnu:/opt/ros/humble/lib:/opt/MVS/lib/64:/opt/MVS/lib/32:/opt/MVS/lib/64:/opt/MVS/lib/32 PYTHONPATH=/home/yukki/Downloads/ros_ws/install/auto_aim_interfaces/local/lib/python3.10/dist-packages:${PYTHONPATH} /usr/bin/cmake --install /home/yukki/Downloads/ros_ws/build/rm_vision_bringup
[0.814s] -- Install configuration: ""
[0.814s] -- Execute custom install script
[0.815s] -- Symlinking: /home/yukki/Downloads/ros_ws/install/rm_vision_bringup/share/rm_vision_bringup/launch/common.py
[0.824s] -- Symlinking: /home/yukki/Downloads/ros_ws/install/rm_vision_bringup/share/rm_vision_bringup/launch/no_hardware.launch.py
[0.833s] -- Symlinking: /home/yukki/Downloads/ros_ws/install/rm_vision_bringup/share/rm_vision_bringup/launch/vision_bringup.launch.py
[0.843s] -- Symlinking: /home/yukki/Downloads/ros_ws/install/rm_vision_bringup/share/rm_vision_bringup/config/camera_info.yaml
[0.852s] -- Symlinking: /home/yukki/Downloads/ros_ws/install/rm_vision_bringup/share/rm_vision_bringup/config/launch_params.yaml
[0.861s] -- Symlinking: /home/yukki/Downloads/ros_ws/install/rm_vision_bringup/share/rm_vision_bringup/config/node_params.yaml
[0.870s] -- Symlinking: /home/yukki/Downloads/ros_ws/install/rm_vision_bringup/share/ament_index/resource_index/package_run_dependencies/rm_vision_bringup
[0.880s] -- Symlinking: /home/yukki/Downloads/ros_ws/install/rm_vision_bringup/share/ament_index/resource_index/parent_prefix_path/rm_vision_bringup
[0.889s] -- Symlinking: /home/yukki/Downloads/ros_ws/install/rm_vision_bringup/share/rm_vision_bringup/environment/ament_prefix_path.sh
[0.897s] -- Symlinking: /home/yukki/Downloads/ros_ws/install/rm_vision_bringup/share/rm_vision_bringup/environment/ament_prefix_path.dsv
[0.906s] -- Symlinking: /home/yukki/Downloads/ros_ws/install/rm_vision_bringup/share/rm_vision_bringup/environment/path.sh
[0.917s] -- Symlinking: /home/yukki/Downloads/ros_ws/install/rm_vision_bringup/share/rm_vision_bringup/environment/path.dsv
[0.926s] -- Symlinking: /home/yukki/Downloads/ros_ws/install/rm_vision_bringup/share/rm_vision_bringup/local_setup.bash
[0.935s] -- Symlinking: /home/yukki/Downloads/ros_ws/install/rm_vision_bringup/share/rm_vision_bringup/local_setup.sh
[0.944s] -- Symlinking: /home/yukki/Downloads/ros_ws/install/rm_vision_bringup/share/rm_vision_bringup/local_setup.zsh
[0.952s] -- Symlinking: /home/yukki/Downloads/ros_ws/install/rm_vision_bringup/share/rm_vision_bringup/local_setup.dsv
[0.962s] -- Symlinking: /home/yukki/Downloads/ros_ws/install/rm_vision_bringup/share/rm_vision_bringup/package.dsv
[0.972s] -- Symlinking: /home/yukki/Downloads/ros_ws/install/rm_vision_bringup/share/ament_index/resource_index/packages/rm_vision_bringup
[0.981s] -- Symlinking: /home/yukki/Downloads/ros_ws/install/rm_vision_bringup/share/rm_vision_bringup/cmake/rm_vision_bringupConfig.cmake
[0.990s] -- Symlinking: /home/yukki/Downloads/ros_ws/install/rm_vision_bringup/share/rm_vision_bringup/cmake/rm_vision_bringupConfig-version.cmake
[0.999s] -- Symlinking: /home/yukki/Downloads/ros_ws/install/rm_vision_bringup/share/rm_vision_bringup/package.xml
[1.011s] Invoked command in '/home/yukki/Downloads/ros_ws/build/rm_vision_bringup' returned '0': AMENT_PREFIX_PATH=/home/yukki/Downloads/ros_ws/install/rm_auto_aim:/home/yukki/Downloads/ros_ws/install/rm_serial_driver:/home/yukki/Downloads/ros_ws/install/armor_tracker:/home/yukki/Downloads/ros_ws/install/armor_detector:/home/yukki/Downloads/ros_ws/install/auto_aim_interfaces:${AMENT_PREFIX_PATH} CMAKE_PREFIX_PATH=/home/yukki/Downloads/ros_ws/install/rm_auto_aim:/home/yukki/Downloads/ros_ws/install/rm_serial_driver:/home/yukki/Downloads/ros_ws/install/armor_tracker:/home/yukki/Downloads/ros_ws/install/armor_detector:/home/yukki/Downloads/ros_ws/install/auto_aim_interfaces:/opt/ros/humble LD_LIBRARY_PATH=/home/yukki/Downloads/ros_ws/install/rm_serial_driver/lib:/home/yukki/Downloads/ros_ws/install/armor_tracker/lib:/home/yukki/Downloads/ros_ws/install/armor_detector/lib:/home/yukki/Downloads/ros_ws/install/auto_aim_interfaces/lib:/opt/MVS/lib/64:/opt/MVS/lib/32:/opt/ros/humble/opt/rviz_ogre_vendor/lib:/opt/ros/humble/lib/x86_64-linux-gnu:/opt/ros/humble/lib:/opt/MVS/lib/64:/opt/MVS/lib/32:/opt/MVS/lib/64:/opt/MVS/lib/32 PYTHONPATH=/home/yukki/Downloads/ros_ws/install/auto_aim_interfaces/local/lib/python3.10/dist-packages:${PYTHONPATH} /usr/bin/cmake --install /home/yukki/Downloads/ros_ws/build/rm_vision_bringup
