Info    2023-11-01 09:55:41  DevID:MV-CA003-21UC(00D10039625)  Source-Line:libMvCameraControl.so(CInterfaceManager.cpp-L0810)     Description:Current dynamic library path[/lib/libMvCameraControl.so]     Solution:
Info    2023-11-01 09:55:41  DevID:MV-CA003-21UC(00D10039625)  Source-Line:libMvCameraControl.so(CInterfaceManager.cpp-L0814)     Description:[MV_CC_CreateHandle] return[0x0]     Solution:
Info    2023-11-01 09:55:41  DevID:MV-CA003-21UC(00D10039625)  Source-Line:libMvCameraControl.so(CInterfaceManager.cpp-L5906)     Description:CamCtrl[0x300000a], U3V SDKVersion[0x300000a], DriverVersion[0x0]     Solution:
Info    2023-11-01 09:55:41  DevID:MV-CA003-21UC(00D10039625)  Source-Line:libMvCameraControl.so(CInterfaceManager.cpp-L3992)     Description:[MV_CC_InvalidateNodes] return[0x0]     Solution:
Info    2023-11-01 09:55:41  DevID:MV-CA003-21UC(00D10039625)  Source-Line:libMvCameraControl.so(CInterfaceManager.cpp-L1088)     Description:[MV_CC_OpenDevice] nPrivilegeMode[1], nSwitchoverKey[0], return[0x0]     Solution:
Info    2023-11-01 09:55:41  DevID:MV-CA003-21UC(00D10039625)  Source-Line:libMvCameraControl.so(CInterfaceManager.cpp-L1623)     Description:U3V, DeviceModelName[MV-CA003-21UC], DeviceFirmwareVersion[V1.4.9 190102,19010201], DeviceMaxThroughput[387500000]     Solution:
Info    2023-11-01 09:55:41  DevID:MV-CA003-21UC(00D10039625)  Source-Line:libMvCameraControl.so(CInterfaceManager.cpp-L1628)     Description:U3V, Width[640], Height[480], OffsetX[0], OffsetY[0], PixelFormat[0x2180014], AcquisitionMode[2]     Solution:
Info    2023-11-01 09:55:41  DevID:MV-CA003-21UC(00D10039625)  Source-Line:libMvCameraControl.so(CInterfaceManager.cpp-L1633)     Description:U3V, TriggerMode[0], ResultingFrameRate[400.00], ExposureTime[2313.00], ExposureAuto[0], PayloadSize[921600]     Solution:
Info    2023-11-01 09:55:41  DevID:MV-CA003-21UC(00D10039625)  Source-Line:libMvCameraControl.so(CInterfaceManager.cpp-L5564)     Description:CamCtrl RecvThread Start, ThreadId[2089154304]     Solution:
Info    2023-11-01 09:55:41  DevID:MV-CA003-21UC(00D10039625)  Source-Line:libMvCameraControl.so(CInterfaceManager.cpp-L1712)     Description:There is no registration callback     Solution:
Info    2023-11-01 09:55:41  DevID:MV-CA003-21UC(00D10039625)  Source-Line:libMvCameraControl.so(CInterfaceManager.cpp-L5390)     Description:CamCtrl Display Thread Start, ThreadId[1879045888]     Solution:
Info    2023-11-01 09:55:41  DevID:MV-CA003-21UC(00D10039625)  Source-Line:libMvCameraControl.so(CInterfaceManager.cpp-L1717)     Description:[MV_CC_StartGrabbing] return[0x0]     Solution:
Info    2023-11-01 10:00:06  DevID:MV-CA003-21UC(00D10039625)  Source-Line:libMvCameraControl.so(CInterfaceManager.cpp-L0810)     Description:Current dynamic library path[/lib/libMvCameraControl.so]     Solution:
Info    2023-11-01 10:00:06  DevID:MV-CA003-21UC(00D10039625)  Source-Line:libMvCameraControl.so(CInterfaceManager.cpp-L0814)     Description:[MV_CC_CreateHandle] return[0x0]     Solution:
Info    2023-11-01 10:00:06  DevID:MV-CA003-21UC(00D10039625)  Source-Line:libMvCameraControl.so(CInterfaceManager.cpp-L5906)     Description:CamCtrl[0x300000a], U3V SDKVersion[0x300000a], DriverVersion[0x0]     Solution:
Info    2023-11-01 10:00:06  DevID:MV-CA003-21UC(00D10039625)  Source-Line:libMvCameraControl.so(CInterfaceManager.cpp-L3992)     Description:[MV_CC_InvalidateNodes] return[0x0]     Solution:
Info    2023-11-01 10:00:06  DevID:MV-CA003-21UC(00D10039625)  Source-Line:libMvCameraControl.so(CInterfaceManager.cpp-L1088)     Description:[MV_CC_OpenDevice] nPrivilegeMode[1], nSwitchoverKey[0], return[0x0]     Solution:
Info    2023-11-01 10:00:06  DevID:MV-CA003-21UC(00D10039625)  Source-Line:libMvCameraControl.so(CInterfaceManager.cpp-L1623)     Description:U3V, DeviceModelName[MV-CA003-21UC], DeviceFirmwareVersion[V1.4.9 190102,19010201], DeviceMaxThroughput[387500000]     Solution:
Info    2023-11-01 10:00:06  DevID:MV-CA003-21UC(00D10039625)  Source-Line:libMvCameraControl.so(CInterfaceManager.cpp-L1628)     Description:U3V, Width[640], Height[480], OffsetX[0], OffsetY[0], PixelFormat[0x2180014], AcquisitionMode[2]     Solution:
Info    2023-11-01 10:00:06  DevID:MV-CA003-21UC(00D10039625)  Source-Line:libMvCameraControl.so(CInterfaceManager.cpp-L1633)     Description:U3V, TriggerMode[0], ResultingFrameRate[400.00], ExposureTime[2313.00], ExposureAuto[0], PayloadSize[921600]     Solution:
Info    2023-11-01 10:00:06  DevID:MV-CA003-21UC(00D10039625)  Source-Line:libMvCameraControl.so(CInterfaceManager.cpp-L5564)     Description:CamCtrl RecvThread Start, ThreadId[1566066432]     Solution:
Info    2023-11-01 10:00:06  DevID:MV-CA003-21UC(00D10039625)  Source-Line:libMvCameraControl.so(CInterfaceManager.cpp-L1712)     Description:There is no registration callback     Solution:
Info    2023-11-01 10:00:06  DevID:MV-CA003-21UC(00D10039625)  Source-Line:libMvCameraControl.so(CInterfaceManager.cpp-L5390)     Description:CamCtrl Display Thread Start, ThreadId[1557673728]     Solution:
Info    2023-11-01 10:00:06  DevID:MV-CA003-21UC(00D10039625)  Source-Line:libMvCameraControl.so(CInterfaceManager.cpp-L1717)     Description:[MV_CC_StartGrabbing] return[0x0]     Solution:
Info    2023-11-01 10:04:19  DevID:MV-CS016-10UC(K82868524)  Source-Line:libMvCameraControl.so(CInterfaceManager.cpp-L0810)     Description:Current dynamic library path[/lib/libMvCameraControl.so]     Solution:
Info    2023-11-01 10:04:19  DevID:MV-CS016-10UC(K82868524)  Source-Line:libMvCameraControl.so(CInterfaceManager.cpp-L0814)     Description:[MV_CC_CreateHandle] return[0x0]     Solution:
Info    2023-11-01 10:04:19  DevID:MV-CS016-10UC(K82868524)  Source-Line:libMvCameraControl.so(CInterfaceManager.cpp-L5906)     Description:CamCtrl[0x300000a], U3V SDKVersion[0x300000a], DriverVersion[0x0]     Solution:
Info    2023-11-01 10:04:19  DevID:MV-CS016-10UC(K82868524)  Source-Line:libMvCameraControl.so(CInterfaceManager.cpp-L3992)     Description:[MV_CC_InvalidateNodes] return[0x0]     Solution:
Info    2023-11-01 10:04:19  DevID:MV-CS016-10UC(K82868524)  Source-Line:libMvCameraControl.so(CInterfaceManager.cpp-L1088)     Description:[MV_CC_OpenDevice] nPrivilegeMode[1], nSwitchoverKey[0], return[0x0]     Solution:
Info    2023-11-01 10:04:19  DevID:MV-CS016-10UC(K82868524)  Source-Line:libMvCameraControl.so(CInterfaceManager.cpp-L1623)     Description:U3V, DeviceModelName[MV-CS016-10UC], DeviceFirmwareVersion[V2.1.2 220907884152 22083001], DeviceMaxThroughput[387500]     Solution:
Info    2023-11-01 10:04:19  DevID:MV-CS016-10UC(K82868524)  Source-Line:libMvCameraControl.so(CInterfaceManager.cpp-L1628)     Description:U3V, Width[640], Height[480], OffsetX[0], OffsetY[0], PixelFormat[0x2180014], AcquisitionMode[2]     Solution:
Info    2023-11-01 10:04:19  DevID:MV-CS016-10UC(K82868524)  Source-Line:libMvCameraControl.so(CInterfaceManager.cpp-L1633)     Description:U3V, TriggerMode[0], ResultingFrameRate[169.07], ExposureTime[5000.00], ExposureAuto[0], PayloadSize[921600]     Solution:
Info    2023-11-01 10:04:19  DevID:MV-CS016-10UC(K82868524)  Source-Line:libMvCameraControl.so(CInterfaceManager.cpp-L1712)     Description:There is no registration callback     Solution:
Info    2023-11-01 10:04:19  DevID:MV-CS016-10UC(K82868524)  Source-Line:libMvCameraControl.so(CInterfaceManager.cpp-L5564)     Description:CamCtrl RecvThread Start, ThreadId[-1824962816]     Solution:
Info    2023-11-01 10:04:19  DevID:MV-CS016-10UC(K82868524)  Source-Line:libMvCameraControl.so(CInterfaceManager.cpp-L5390)     Description:CamCtrl Display Thread Start, ThreadId[-1833355520]     Solution:
Info    2023-11-01 10:04:19  DevID:MV-CS016-10UC(K82868524)  Source-Line:libMvCameraControl.so(CInterfaceManager.cpp-L1717)     Description:[MV_CC_StartGrabbing] return[0x0]     Solution:
Info    2023-11-01 10:05:01  DevID:MV-CA003-21UC(00D10039625)  Source-Line:libMvCameraControl.so(CInterfaceManager.cpp-L0810)     Description:Current dynamic library path[/lib/libMvCameraControl.so]     Solution:
Info    2023-11-01 10:05:01  DevID:MV-CA003-21UC(00D10039625)  Source-Line:libMvCameraControl.so(CInterfaceManager.cpp-L0814)     Description:[MV_CC_CreateHandle] return[0x0]     Solution:
Info    2023-11-01 10:05:01  DevID:MV-CA003-21UC(00D10039625)  Source-Line:libMvCameraControl.so(CInterfaceManager.cpp-L5906)     Description:CamCtrl[0x300000a], U3V SDKVersion[0x300000a], DriverVersion[0x0]     Solution:
Info    2023-11-01 10:05:01  DevID:MV-CA003-21UC(00D10039625)  Source-Line:libMvCameraControl.so(CInterfaceManager.cpp-L3992)     Description:[MV_CC_InvalidateNodes] return[0x0]     Solution:
Info    2023-11-01 10:05:01  DevID:MV-CA003-21UC(00D10039625)  Source-Line:libMvCameraControl.so(CInterfaceManager.cpp-L1088)     Description:[MV_CC_OpenDevice] nPrivilegeMode[1], nSwitchoverKey[0], return[0x0]     Solution:
Info    2023-11-01 10:05:01  DevID:MV-CA003-21UC(00D10039625)  Source-Line:libMvCameraControl.so(CInterfaceManager.cpp-L1623)     Description:U3V, DeviceModelName[MV-CA003-21UC], DeviceFirmwareVersion[V1.4.9 190102,19010201], DeviceMaxThroughput[387500000]     Solution:
Info    2023-11-01 10:05:01  DevID:MV-CA003-21UC(00D10039625)  Source-Line:libMvCameraControl.so(CInterfaceManager.cpp-L1628)     Description:U3V, Width[640], Height[480], OffsetX[0], OffsetY[0], PixelFormat[0x2180014], AcquisitionMode[2]     Solution:
Info    2023-11-01 10:05:01  DevID:MV-CA003-21UC(00D10039625)  Source-Line:libMvCameraControl.so(CInterfaceManager.cpp-L1633)     Description:U3V, TriggerMode[0], ResultingFrameRate[400.00], ExposureTime[2313.00], ExposureAuto[0], PayloadSize[921600]     Solution:
Info    2023-11-01 10:05:01  DevID:MV-CA003-21UC(00D10039625)  Source-Line:libMvCameraControl.so(CInterfaceManager.cpp-L1712)     Description:There is no registration callback     Solution:
Info    2023-11-01 10:05:01  DevID:MV-CA003-21UC(00D10039625)  Source-Line:libMvCameraControl.so(CInterfaceManager.cpp-L5390)     Description:CamCtrl Display Thread Start, ThreadId[514156288]     Solution:
Info    2023-11-01 10:05:01  DevID:MV-CA003-21UC(00D10039625)  Source-Line:libMvCameraControl.so(CInterfaceManager.cpp-L5564)     Description:CamCtrl RecvThread Start, ThreadId[522548992]     Solution:
Info    2023-11-01 10:05:01  DevID:MV-CA003-21UC(00D10039625)  Source-Line:libMvCameraControl.so(CInterfaceManager.cpp-L1717)     Description:[MV_CC_StartGrabbing] return[0x0]     Solution:
Info    2023-11-01 10:05:11  DevID:MV-CA003-21UC(00D10039625)  Source-Line:libMvCameraControl.so(CInterfaceManager.cpp-L0810)     Description:Current dynamic library path[/lib/libMvCameraControl.so]     Solution:
Info    2023-11-01 10:05:11  DevID:MV-CA003-21UC(00D10039625)  Source-Line:libMvCameraControl.so(CInterfaceManager.cpp-L0814)     Description:[MV_CC_CreateHandle] return[0x0]     Solution:
Info    2023-11-01 10:05:11  DevID:MV-CA003-21UC(00D10039625)  Source-Line:libMvCameraControl.so(CInterfaceManager.cpp-L5906)     Description:CamCtrl[0x300000a], U3V SDKVersion[0x300000a], DriverVersion[0x0]     Solution:
Info    2023-11-01 10:05:11  DevID:MV-CA003-21UC(00D10039625)  Source-Line:libMvCameraControl.so(CInterfaceManager.cpp-L3992)     Description:[MV_CC_InvalidateNodes] return[0x0]     Solution:
Info    2023-11-01 10:05:11  DevID:MV-CA003-21UC(00D10039625)  Source-Line:libMvCameraControl.so(CInterfaceManager.cpp-L1088)     Description:[MV_CC_OpenDevice] nPrivilegeMode[1], nSwitchoverKey[0], return[0x0]     Solution:
Info    2023-11-01 10:05:11  DevID:MV-CA003-21UC(00D10039625)  Source-Line:libMvCameraControl.so(CInterfaceManager.cpp-L1623)     Description:U3V, DeviceModelName[MV-CA003-21UC], DeviceFirmwareVersion[V1.4.9 190102,19010201], DeviceMaxThroughput[387500000]     Solution:
Info    2023-11-01 10:05:11  DevID:MV-CA003-21UC(00D10039625)  Source-Line:libMvCameraControl.so(CInterfaceManager.cpp-L1628)     Description:U3V, Width[640], Height[480], OffsetX[0], OffsetY[0], PixelFormat[0x2180014], AcquisitionMode[2]     Solution:
Info    2023-11-01 10:05:11  DevID:MV-CA003-21UC(00D10039625)  Source-Line:libMvCameraControl.so(CInterfaceManager.cpp-L1633)     Description:U3V, TriggerMode[0], ResultingFrameRate[390.32], ExposureTime[2400.00], ExposureAuto[0], PayloadSize[921600]     Solution:
Info    2023-11-01 10:05:11  DevID:MV-CA003-21UC(00D10039625)  Source-Line:libMvCameraControl.so(CInterfaceManager.cpp-L1712)     Description:There is no registration callback     Solution:
Info    2023-11-01 10:05:11  DevID:MV-CA003-21UC(00D10039625)  Source-Line:libMvCameraControl.so(CInterfaceManager.cpp-L5564)     Description:CamCtrl RecvThread Start, ThreadId[1033406208]     Solution:
Info    2023-11-01 10:05:11  DevID:MV-CA003-21UC(00D10039625)  Source-Line:libMvCameraControl.so(CInterfaceManager.cpp-L5390)     Description:CamCtrl Display Thread Start, ThreadId[1025013504]     Solution:
Info    2023-11-01 10:05:11  DevID:MV-CA003-21UC(00D10039625)  Source-Line:libMvCameraControl.so(CInterfaceManager.cpp-L1717)     Description:[MV_CC_StartGrabbing] return[0x0]     Solution:
Info    2023-11-02 22:45:30  DevID:MV-CA003-21UC(00D10039625)  Source-Line:libMvCameraControl.so(CInterfaceManager.cpp-L0810)     Description:Current dynamic library path[/lib/libMvCameraControl.so]     Solution:
Info    2023-11-02 22:45:30  DevID:MV-CA003-21UC(00D10039625)  Source-Line:libMvCameraControl.so(CInterfaceManager.cpp-L0814)     Description:[MV_CC_CreateHandle] return[0x0]     Solution:
Info    2023-11-02 22:45:30  DevID:MV-CA003-21UC(00D10039625)  Source-Line:libMvCameraControl.so(CInterfaceManager.cpp-L5906)     Description:CamCtrl[0x300000a], U3V SDKVersion[0x300000a], DriverVersion[0x0]     Solution:
Info    2023-11-02 22:45:30  DevID:MV-CA003-21UC(00D10039625)  Source-Line:libMvCameraControl.so(CInterfaceManager.cpp-L3992)     Description:[MV_CC_InvalidateNodes] return[0x0]     Solution:
Info    2023-11-02 22:45:30  DevID:MV-CA003-21UC(00D10039625)  Source-Line:libMvCameraControl.so(CInterfaceManager.cpp-L1088)     Description:[MV_CC_OpenDevice] nPrivilegeMode[1], nSwitchoverKey[0], return[0x0]     Solution:
Info    2023-11-02 22:45:30  DevID:MV-CA003-21UC(00D10039625)  Source-Line:libMvCameraControl.so(CInterfaceManager.cpp-L1623)     Description:U3V, DeviceModelName[MV-CA003-21UC], DeviceFirmwareVersion[V1.4.9 190102,19010201], DeviceMaxThroughput[387500000]     Solution:
Info    2023-11-02 22:45:30  DevID:MV-CA003-21UC(00D10039625)  Source-Line:libMvCameraControl.so(CInterfaceManager.cpp-L1628)     Description:U3V, Width[640], Height[480], OffsetX[0], OffsetY[0], PixelFormat[0x2180014], AcquisitionMode[2]     Solution:
Info    2023-11-02 22:45:30  DevID:MV-CA003-21UC(00D10039625)  Source-Line:libMvCameraControl.so(CInterfaceManager.cpp-L1633)     Description:U3V, TriggerMode[0], ResultingFrameRate[400.00], ExposureTime[2313.00], ExposureAuto[0], PayloadSize[921600]     Solution:
Info    2023-11-02 22:45:30  DevID:MV-CA003-21UC(00D10039625)  Source-Line:libMvCameraControl.so(CInterfaceManager.cpp-L1712)     Description:There is no registration callback     Solution:
Info    2023-11-02 22:45:30  DevID:MV-CA003-21UC(00D10039625)  Source-Line:libMvCameraControl.so(CInterfaceManager.cpp-L5564)     Description:CamCtrl RecvThread Start, ThreadId[1495398144]     Solution:
Info    2023-11-02 22:45:30  DevID:MV-CA003-21UC(00D10039625)  Source-Line:libMvCameraControl.so(CInterfaceManager.cpp-L5390)     Description:CamCtrl Display Thread Start, ThreadId[1487005440]     Solution:
Info    2023-11-02 22:45:30  DevID:MV-CA003-21UC(00D10039625)  Source-Line:libMvCameraControl.so(CInterfaceManager.cpp-L1717)     Description:[MV_CC_StartGrabbing] return[0x0]     Solution:
