[0.164s] Invoking command in '/home/yukki/Downloads/ros_ws/build/auto_aim_interfaces': CMAKE_PREFIX_PATH=/opt/ros/humble /usr/bin/cmake --build /home/yukki/Downloads/ros_ws/build/auto_aim_interfaces -- -j16 -l16
[0.208s] [35m[1mConsolidate compiler generated dependencies of target auto_aim_interfaces__rosidl_generator_c[0m
[0.216s] [  0%] Built target auto_aim_interfaces__cpp
[0.225s] [  0%] Built target ament_cmake_python_symlink_auto_aim_interfaces
[0.226s] [ 12%] Built target auto_aim_interfaces__rosidl_generator_c
[0.229s] [35m[1mConsolidate compiler generated dependencies of target auto_aim_interfaces__rosidl_typesupport_cpp[0m
[0.232s] [35m[1mConsolidate compiler generated dependencies of target auto_aim_interfaces__rosidl_typesupport_fastrtps_cpp[0m
[0.232s] [35m[1mConsolidate compiler generated dependencies of target auto_aim_interfaces__rosidl_typesupport_introspection_cpp[0m
[0.239s] [35m[1mConsolidate compiler generated dependencies of target auto_aim_interfaces__rosidl_typesupport_introspection_c[0m
[0.240s] [35m[1mConsolidate compiler generated dependencies of target auto_aim_interfaces__rosidl_typesupport_fastrtps_c[0m
[0.243s] [35m[1mConsolidate compiler generated dependencies of target auto_aim_interfaces__rosidl_typesupport_c[0m
[0.257s] [ 29%] Built target auto_aim_interfaces__rosidl_typesupport_introspection_c
[0.257s] [ 36%] Built target auto_aim_interfaces__rosidl_typesupport_cpp
[0.258s] [ 49%] Built target auto_aim_interfaces__rosidl_typesupport_fastrtps_cpp
[0.259s] [ 60%] Built target auto_aim_interfaces__rosidl_typesupport_introspection_cpp
[0.259s] [ 72%] Built target auto_aim_interfaces__rosidl_typesupport_c
[0.265s] [ 84%] Built target auto_aim_interfaces__rosidl_typesupport_fastrtps_c
[0.288s] [ 84%] Built target auto_aim_interfaces
[0.312s] [ 85%] Built target auto_aim_interfaces__py
[0.324s] [35m[1mConsolidate compiler generated dependencies of target auto_aim_interfaces__rosidl_generator_py[0m
[0.350s] [ 96%] Built target auto_aim_interfaces__rosidl_generator_py
[0.360s] [35m[1mConsolidate compiler generated dependencies of target auto_aim_interfaces__rosidl_typesupport_c__pyext[0m
[0.360s] [35m[1mConsolidate compiler generated dependencies of target auto_aim_interfaces__rosidl_typesupport_fastrtps_c__pyext[0m
[0.361s] [35m[1mConsolidate compiler generated dependencies of target auto_aim_interfaces__rosidl_typesupport_introspection_c__pyext[0m
[0.375s] [ 99%] Built target auto_aim_interfaces__rosidl_typesupport_c__pyext
[0.375s] [ 99%] Built target auto_aim_interfaces__rosidl_typesupport_fastrtps_c__pyext
[0.375s] [100%] Built target auto_aim_interfaces__rosidl_typesupport_introspection_c__pyext
[0.396s] running egg_info
[0.409s] writing auto_aim_interfaces.egg-info/PKG-INFO
[0.410s] writing dependency_links to auto_aim_interfaces.egg-info/dependency_links.txt
[0.410s] writing top-level names to auto_aim_interfaces.egg-info/top_level.txt
[0.449s] reading manifest file 'auto_aim_interfaces.egg-info/SOURCES.txt'
[0.450s] writing manifest file 'auto_aim_interfaces.egg-info/SOURCES.txt'
[0.472s] [100%] Built target ament_cmake_python_build_auto_aim_interfaces_egg
[0.577s] Invoked command in '/home/yukki/Downloads/ros_ws/build/auto_aim_interfaces' returned '0': CMAKE_PREFIX_PATH=/opt/ros/humble /usr/bin/cmake --build /home/yukki/Downloads/ros_ws/build/auto_aim_interfaces -- -j16 -l16
[0.884s] Invoking command in '/home/yukki/Downloads/ros_ws/build/auto_aim_interfaces': CMAKE_PREFIX_PATH=/opt/ros/humble /usr/bin/cmake --install /home/yukki/Downloads/ros_ws/build/auto_aim_interfaces
[0.891s] -- Install configuration: ""
[0.900s] -- Execute custom install script
[0.901s] -- Up-to-date symlink: /home/yukki/Downloads/ros_ws/install/auto_aim_interfaces/share/ament_index/resource_index/rosidl_interfaces/auto_aim_interfaces
[0.901s] -- Up-to-date symlink: /home/yukki/Downloads/ros_ws/install/auto_aim_interfaces/include/auto_aim_interfaces/auto_aim_interfaces/msg/armor.h
[0.901s] -- Up-to-date symlink: /home/yukki/Downloads/ros_ws/install/auto_aim_interfaces/include/auto_aim_interfaces/auto_aim_interfaces/msg/armors.h
[0.901s] -- Up-to-date symlink: /home/yukki/Downloads/ros_ws/install/auto_aim_interfaces/include/auto_aim_interfaces/auto_aim_interfaces/msg/debug_armor.h
[0.902s] -- Up-to-date symlink: /home/yukki/Downloads/ros_ws/install/auto_aim_interfaces/include/auto_aim_interfaces/auto_aim_interfaces/msg/debug_armors.h
[0.902s] -- Up-to-date symlink: /home/yukki/Downloads/ros_ws/install/auto_aim_interfaces/include/auto_aim_interfaces/auto_aim_interfaces/msg/debug_light.h
[0.902s] -- Up-to-date symlink: /home/yukki/Downloads/ros_ws/install/auto_aim_interfaces/include/auto_aim_interfaces/auto_aim_interfaces/msg/debug_lights.h
[0.902s] -- Up-to-date symlink: /home/yukki/Downloads/ros_ws/install/auto_aim_interfaces/include/auto_aim_interfaces/auto_aim_interfaces/msg/debug_rune.h
[0.902s] -- Up-to-date symlink: /home/yukki/Downloads/ros_ws/install/auto_aim_interfaces/include/auto_aim_interfaces/auto_aim_interfaces/msg/debug_send.h
[0.902s] -- Up-to-date symlink: /home/yukki/Downloads/ros_ws/install/auto_aim_interfaces/include/auto_aim_interfaces/auto_aim_interfaces/msg/debug_send_armors.h
[0.902s] -- Up-to-date symlink: /home/yukki/Downloads/ros_ws/install/auto_aim_interfaces/include/auto_aim_interfaces/auto_aim_interfaces/msg/detail/armor__functions.h
[0.902s] -- Up-to-date symlink: /home/yukki/Downloads/ros_ws/install/auto_aim_interfaces/include/auto_aim_interfaces/auto_aim_interfaces/msg/detail/armor__struct.h
[0.902s] -- Up-to-date symlink: /home/yukki/Downloads/ros_ws/install/auto_aim_interfaces/include/auto_aim_interfaces/auto_aim_interfaces/msg/detail/armor__type_support.h
[0.902s] -- Up-to-date symlink: /home/yukki/Downloads/ros_ws/install/auto_aim_interfaces/include/auto_aim_interfaces/auto_aim_interfaces/msg/detail/armors__functions.h
[0.903s] -- Up-to-date symlink: /home/yukki/Downloads/ros_ws/install/auto_aim_interfaces/include/auto_aim_interfaces/auto_aim_interfaces/msg/detail/armors__struct.h
[0.903s] -- Up-to-date symlink: /home/yukki/Downloads/ros_ws/install/auto_aim_interfaces/include/auto_aim_interfaces/auto_aim_interfaces/msg/detail/armors__type_support.h
[0.903s] -- Up-to-date symlink: /home/yukki/Downloads/ros_ws/install/auto_aim_interfaces/include/auto_aim_interfaces/auto_aim_interfaces/msg/detail/debug_armor__functions.h
[0.903s] -- Up-to-date symlink: /home/yukki/Downloads/ros_ws/install/auto_aim_interfaces/include/auto_aim_interfaces/auto_aim_interfaces/msg/detail/debug_armor__struct.h
[0.903s] -- Up-to-date symlink: /home/yukki/Downloads/ros_ws/install/auto_aim_interfaces/include/auto_aim_interfaces/auto_aim_interfaces/msg/detail/debug_armor__type_support.h
[0.903s] -- Up-to-date symlink: /home/yukki/Downloads/ros_ws/install/auto_aim_interfaces/include/auto_aim_interfaces/auto_aim_interfaces/msg/detail/debug_armors__functions.h
[0.903s] -- Up-to-date symlink: /home/yukki/Downloads/ros_ws/install/auto_aim_interfaces/include/auto_aim_interfaces/auto_aim_interfaces/msg/detail/debug_armors__struct.h
[0.903s] -- Up-to-date symlink: /home/yukki/Downloads/ros_ws/install/auto_aim_interfaces/include/auto_aim_interfaces/auto_aim_interfaces/msg/detail/debug_armors__type_support.h
[0.903s] -- Up-to-date symlink: /home/yukki/Downloads/ros_ws/install/auto_aim_interfaces/include/auto_aim_interfaces/auto_aim_interfaces/msg/detail/debug_light__functions.h
[0.903s] -- Up-to-date symlink: /home/yukki/Downloads/ros_ws/install/auto_aim_interfaces/include/auto_aim_interfaces/auto_aim_interfaces/msg/detail/debug_light__struct.h
[0.903s] -- Up-to-date symlink: /home/yukki/Downloads/ros_ws/install/auto_aim_interfaces/include/auto_aim_interfaces/auto_aim_interfaces/msg/detail/debug_light__type_support.h
[0.904s] -- Up-to-date symlink: /home/yukki/Downloads/ros_ws/install/auto_aim_interfaces/include/auto_aim_interfaces/auto_aim_interfaces/msg/detail/debug_lights__functions.h
[0.904s] -- Up-to-date symlink: /home/yukki/Downloads/ros_ws/install/auto_aim_interfaces/include/auto_aim_interfaces/auto_aim_interfaces/msg/detail/debug_lights__struct.h
[0.904s] -- Up-to-date symlink: /home/yukki/Downloads/ros_ws/install/auto_aim_interfaces/include/auto_aim_interfaces/auto_aim_interfaces/msg/detail/debug_lights__type_support.h
[0.904s] -- Up-to-date symlink: /home/yukki/Downloads/ros_ws/install/auto_aim_interfaces/include/auto_aim_interfaces/auto_aim_interfaces/msg/detail/debug_rune__functions.h
[0.904s] -- Up-to-date symlink: /home/yukki/Downloads/ros_ws/install/auto_aim_interfaces/include/auto_aim_interfaces/auto_aim_interfaces/msg/detail/debug_rune__struct.h
[0.904s] -- Up-to-date symlink: /home/yukki/Downloads/ros_ws/install/auto_aim_interfaces/include/auto_aim_interfaces/auto_aim_interfaces/msg/detail/debug_rune__type_support.h
[0.904s] -- Up-to-date symlink: /home/yukki/Downloads/ros_ws/install/auto_aim_interfaces/include/auto_aim_interfaces/auto_aim_interfaces/msg/detail/debug_send__functions.h
[0.904s] -- Up-to-date symlink: /home/yukki/Downloads/ros_ws/install/auto_aim_interfaces/include/auto_aim_interfaces/auto_aim_interfaces/msg/detail/debug_send__struct.h
[0.904s] -- Up-to-date symlink: /home/yukki/Downloads/ros_ws/install/auto_aim_interfaces/include/auto_aim_interfaces/auto_aim_interfaces/msg/detail/debug_send__type_support.h
[0.904s] -- Up-to-date symlink: /home/yukki/Downloads/ros_ws/install/auto_aim_interfaces/include/auto_aim_interfaces/auto_aim_interfaces/msg/detail/debug_send_armors__functions.h
[0.905s] -- Up-to-date symlink: /home/yukki/Downloads/ros_ws/install/auto_aim_interfaces/include/auto_aim_interfaces/auto_aim_interfaces/msg/detail/debug_send_armors__struct.h
[0.905s] -- Up-to-date symlink: /home/yukki/Downloads/ros_ws/install/auto_aim_interfaces/include/auto_aim_interfaces/auto_aim_interfaces/msg/detail/debug_send_armors__type_support.h
[0.905s] -- Up-to-date symlink: /home/yukki/Downloads/ros_ws/install/auto_aim_interfaces/include/auto_aim_interfaces/auto_aim_interfaces/msg/detail/rune__functions.h
[0.905s] -- Up-to-date symlink: /home/yukki/Downloads/ros_ws/install/auto_aim_interfaces/include/auto_aim_interfaces/auto_aim_interfaces/msg/detail/rune__struct.h
[0.905s] -- Up-to-date symlink: /home/yukki/Downloads/ros_ws/install/auto_aim_interfaces/include/auto_aim_interfaces/auto_aim_interfaces/msg/detail/rune__type_support.h
[0.905s] -- Up-to-date symlink: /home/yukki/Downloads/ros_ws/install/auto_aim_interfaces/include/auto_aim_interfaces/auto_aim_interfaces/msg/detail/target__functions.h
[0.905s] -- Up-to-date symlink: /home/yukki/Downloads/ros_ws/install/auto_aim_interfaces/include/auto_aim_interfaces/auto_aim_interfaces/msg/detail/target__struct.h
[0.905s] -- Up-to-date symlink: /home/yukki/Downloads/ros_ws/install/auto_aim_interfaces/include/auto_aim_interfaces/auto_aim_interfaces/msg/detail/target__type_support.h
[0.905s] -- Up-to-date symlink: /home/yukki/Downloads/ros_ws/install/auto_aim_interfaces/include/auto_aim_interfaces/auto_aim_interfaces/msg/detail/target_rune__functions.h
[0.905s] -- Up-to-date symlink: /home/yukki/Downloads/ros_ws/install/auto_aim_interfaces/include/auto_aim_interfaces/auto_aim_interfaces/msg/detail/target_rune__struct.h
[0.906s] -- Up-to-date symlink: /home/yukki/Downloads/ros_ws/install/auto_aim_interfaces/include/auto_aim_interfaces/auto_aim_interfaces/msg/detail/target_rune__type_support.h
[0.906s] -- Up-to-date symlink: /home/yukki/Downloads/ros_ws/install/auto_aim_interfaces/include/auto_aim_interfaces/auto_aim_interfaces/msg/detail/tracker_info__functions.h
[0.906s] -- Up-to-date symlink: /home/yukki/Downloads/ros_ws/install/auto_aim_interfaces/include/auto_aim_interfaces/auto_aim_interfaces/msg/detail/tracker_info__struct.h
[0.906s] -- Up-to-date symlink: /home/yukki/Downloads/ros_ws/install/auto_aim_interfaces/include/auto_aim_interfaces/auto_aim_interfaces/msg/detail/tracker_info__type_support.h
[0.906s] -- Up-to-date symlink: /home/yukki/Downloads/ros_ws/install/auto_aim_interfaces/include/auto_aim_interfaces/auto_aim_interfaces/msg/rosidl_generator_c__visibility_control.h
[0.906s] -- Up-to-date symlink: /home/yukki/Downloads/ros_ws/install/auto_aim_interfaces/include/auto_aim_interfaces/auto_aim_interfaces/msg/rune.h
[0.906s] -- Up-to-date symlink: /home/yukki/Downloads/ros_ws/install/auto_aim_interfaces/include/auto_aim_interfaces/auto_aim_interfaces/msg/target.h
[0.906s] -- Up-to-date symlink: /home/yukki/Downloads/ros_ws/install/auto_aim_interfaces/include/auto_aim_interfaces/auto_aim_interfaces/msg/target_rune.h
[0.906s] -- Up-to-date symlink: /home/yukki/Downloads/ros_ws/install/auto_aim_interfaces/include/auto_aim_interfaces/auto_aim_interfaces/msg/tracker_info.h
[0.906s] -- Up-to-date symlink: /home/yukki/Downloads/ros_ws/install/auto_aim_interfaces/share/auto_aim_interfaces/environment/library_path.sh
[0.907s] -- Up-to-date symlink: /home/yukki/Downloads/ros_ws/install/auto_aim_interfaces/share/auto_aim_interfaces/environment/library_path.dsv
[0.907s] -- Up-to-date symlink: /home/yukki/Downloads/ros_ws/install/auto_aim_interfaces/include/auto_aim_interfaces/auto_aim_interfaces/msg/detail/armor__rosidl_typesupport_fastrtps_c.h
[0.907s] -- Up-to-date symlink: /home/yukki/Downloads/ros_ws/install/auto_aim_interfaces/include/auto_aim_interfaces/auto_aim_interfaces/msg/detail/armors__rosidl_typesupport_fastrtps_c.h
[0.907s] -- Up-to-date symlink: /home/yukki/Downloads/ros_ws/install/auto_aim_interfaces/include/auto_aim_interfaces/auto_aim_interfaces/msg/detail/debug_armor__rosidl_typesupport_fastrtps_c.h
[0.907s] -- Up-to-date symlink: /home/yukki/Downloads/ros_ws/install/auto_aim_interfaces/include/auto_aim_interfaces/auto_aim_interfaces/msg/detail/debug_armors__rosidl_typesupport_fastrtps_c.h
[0.908s] -- Up-to-date symlink: /home/yukki/Downloads/ros_ws/install/auto_aim_interfaces/include/auto_aim_interfaces/auto_aim_interfaces/msg/detail/debug_light__rosidl_typesupport_fastrtps_c.h
[0.908s] -- Up-to-date symlink: /home/yukki/Downloads/ros_ws/install/auto_aim_interfaces/include/auto_aim_interfaces/auto_aim_interfaces/msg/detail/debug_lights__rosidl_typesupport_fastrtps_c.h
[0.908s] -- Up-to-date symlink: /home/yukki/Downloads/ros_ws/install/auto_aim_interfaces/include/auto_aim_interfaces/auto_aim_interfaces/msg/detail/debug_rune__rosidl_typesupport_fastrtps_c.h
[0.908s] -- Up-to-date symlink: /home/yukki/Downloads/ros_ws/install/auto_aim_interfaces/include/auto_aim_interfaces/auto_aim_interfaces/msg/detail/debug_send__rosidl_typesupport_fastrtps_c.h
[0.908s] -- Up-to-date symlink: /home/yukki/Downloads/ros_ws/install/auto_aim_interfaces/include/auto_aim_interfaces/auto_aim_interfaces/msg/detail/debug_send_armors__rosidl_typesupport_fastrtps_c.h
[0.908s] -- Up-to-date symlink: /home/yukki/Downloads/ros_ws/install/auto_aim_interfaces/include/auto_aim_interfaces/auto_aim_interfaces/msg/detail/rune__rosidl_typesupport_fastrtps_c.h
[0.908s] -- Up-to-date symlink: /home/yukki/Downloads/ros_ws/install/auto_aim_interfaces/include/auto_aim_interfaces/auto_aim_interfaces/msg/detail/target__rosidl_typesupport_fastrtps_c.h
[0.908s] -- Up-to-date symlink: /home/yukki/Downloads/ros_ws/install/auto_aim_interfaces/include/auto_aim_interfaces/auto_aim_interfaces/msg/detail/target_rune__rosidl_typesupport_fastrtps_c.h
[0.908s] -- Up-to-date symlink: /home/yukki/Downloads/ros_ws/install/auto_aim_interfaces/include/auto_aim_interfaces/auto_aim_interfaces/msg/detail/tracker_info__rosidl_typesupport_fastrtps_c.h
[0.909s] -- Up-to-date symlink: /home/yukki/Downloads/ros_ws/install/auto_aim_interfaces/include/auto_aim_interfaces/auto_aim_interfaces/msg/rosidl_typesupport_fastrtps_c__visibility_control.h
[0.909s] -- Up-to-date symlink: /home/yukki/Downloads/ros_ws/install/auto_aim_interfaces/include/auto_aim_interfaces/auto_aim_interfaces/msg/detail/armor__rosidl_typesupport_introspection_c.h
[0.909s] -- Up-to-date symlink: /home/yukki/Downloads/ros_ws/install/auto_aim_interfaces/include/auto_aim_interfaces/auto_aim_interfaces/msg/detail/armors__rosidl_typesupport_introspection_c.h
[0.909s] -- Up-to-date symlink: /home/yukki/Downloads/ros_ws/install/auto_aim_interfaces/include/auto_aim_interfaces/auto_aim_interfaces/msg/detail/debug_armor__rosidl_typesupport_introspection_c.h
[0.909s] -- Up-to-date symlink: /home/yukki/Downloads/ros_ws/install/auto_aim_interfaces/include/auto_aim_interfaces/auto_aim_interfaces/msg/detail/debug_armors__rosidl_typesupport_introspection_c.h
[0.909s] -- Up-to-date symlink: /home/yukki/Downloads/ros_ws/install/auto_aim_interfaces/include/auto_aim_interfaces/auto_aim_interfaces/msg/detail/debug_light__rosidl_typesupport_introspection_c.h
[0.909s] -- Up-to-date symlink: /home/yukki/Downloads/ros_ws/install/auto_aim_interfaces/include/auto_aim_interfaces/auto_aim_interfaces/msg/detail/debug_lights__rosidl_typesupport_introspection_c.h
[0.910s] -- Up-to-date symlink: /home/yukki/Downloads/ros_ws/install/auto_aim_interfaces/include/auto_aim_interfaces/auto_aim_interfaces/msg/detail/debug_rune__rosidl_typesupport_introspection_c.h
[0.910s] -- Up-to-date symlink: /home/yukki/Downloads/ros_ws/install/auto_aim_interfaces/include/auto_aim_interfaces/auto_aim_interfaces/msg/detail/debug_send__rosidl_typesupport_introspection_c.h
[0.910s] -- Up-to-date symlink: /home/yukki/Downloads/ros_ws/install/auto_aim_interfaces/include/auto_aim_interfaces/auto_aim_interfaces/msg/detail/debug_send_armors__rosidl_typesupport_introspection_c.h
[0.910s] -- Up-to-date symlink: /home/yukki/Downloads/ros_ws/install/auto_aim_interfaces/include/auto_aim_interfaces/auto_aim_interfaces/msg/detail/rune__rosidl_typesupport_introspection_c.h
[0.910s] -- Up-to-date symlink: /home/yukki/Downloads/ros_ws/install/auto_aim_interfaces/include/auto_aim_interfaces/auto_aim_interfaces/msg/detail/target__rosidl_typesupport_introspection_c.h
[0.910s] -- Up-to-date symlink: /home/yukki/Downloads/ros_ws/install/auto_aim_interfaces/include/auto_aim_interfaces/auto_aim_interfaces/msg/detail/target_rune__rosidl_typesupport_introspection_c.h
[0.910s] -- Up-to-date symlink: /home/yukki/Downloads/ros_ws/install/auto_aim_interfaces/include/auto_aim_interfaces/auto_aim_interfaces/msg/detail/tracker_info__rosidl_typesupport_introspection_c.h
[0.910s] -- Up-to-date symlink: /home/yukki/Downloads/ros_ws/install/auto_aim_interfaces/include/auto_aim_interfaces/auto_aim_interfaces/msg/rosidl_typesupport_introspection_c__visibility_control.h
[0.911s] -- Up-to-date symlink: /home/yukki/Downloads/ros_ws/install/auto_aim_interfaces/include/auto_aim_interfaces/auto_aim_interfaces/msg/armor.hpp
[0.911s] -- Up-to-date symlink: /home/yukki/Downloads/ros_ws/install/auto_aim_interfaces/include/auto_aim_interfaces/auto_aim_interfaces/msg/armors.hpp
[0.911s] -- Up-to-date symlink: /home/yukki/Downloads/ros_ws/install/auto_aim_interfaces/include/auto_aim_interfaces/auto_aim_interfaces/msg/debug_armor.hpp
[0.911s] -- Up-to-date symlink: /home/yukki/Downloads/ros_ws/install/auto_aim_interfaces/include/auto_aim_interfaces/auto_aim_interfaces/msg/debug_armors.hpp
[0.911s] -- Up-to-date symlink: /home/yukki/Downloads/ros_ws/install/auto_aim_interfaces/include/auto_aim_interfaces/auto_aim_interfaces/msg/debug_light.hpp
[0.911s] -- Up-to-date symlink: /home/yukki/Downloads/ros_ws/install/auto_aim_interfaces/include/auto_aim_interfaces/auto_aim_interfaces/msg/debug_lights.hpp
[0.911s] -- Up-to-date symlink: /home/yukki/Downloads/ros_ws/install/auto_aim_interfaces/include/auto_aim_interfaces/auto_aim_interfaces/msg/debug_rune.hpp
[0.911s] -- Up-to-date symlink: /home/yukki/Downloads/ros_ws/install/auto_aim_interfaces/include/auto_aim_interfaces/auto_aim_interfaces/msg/debug_send.hpp
[0.912s] -- Up-to-date symlink: /home/yukki/Downloads/ros_ws/install/auto_aim_interfaces/include/auto_aim_interfaces/auto_aim_interfaces/msg/debug_send_armors.hpp
[0.912s] -- Up-to-date symlink: /home/yukki/Downloads/ros_ws/install/auto_aim_interfaces/include/auto_aim_interfaces/auto_aim_interfaces/msg/detail/armor__builder.hpp
[0.912s] -- Up-to-date symlink: /home/yukki/Downloads/ros_ws/install/auto_aim_interfaces/include/auto_aim_interfaces/auto_aim_interfaces/msg/detail/armor__struct.hpp
[0.912s] -- Up-to-date symlink: /home/yukki/Downloads/ros_ws/install/auto_aim_interfaces/include/auto_aim_interfaces/auto_aim_interfaces/msg/detail/armor__traits.hpp
[0.912s] -- Up-to-date symlink: /home/yukki/Downloads/ros_ws/install/auto_aim_interfaces/include/auto_aim_interfaces/auto_aim_interfaces/msg/detail/armors__builder.hpp
[0.912s] -- Up-to-date symlink: /home/yukki/Downloads/ros_ws/install/auto_aim_interfaces/include/auto_aim_interfaces/auto_aim_interfaces/msg/detail/armors__struct.hpp
[0.912s] -- Up-to-date symlink: /home/yukki/Downloads/ros_ws/install/auto_aim_interfaces/include/auto_aim_interfaces/auto_aim_interfaces/msg/detail/armors__traits.hpp
[0.912s] -- Up-to-date symlink: /home/yukki/Downloads/ros_ws/install/auto_aim_interfaces/include/auto_aim_interfaces/auto_aim_interfaces/msg/detail/debug_armor__builder.hpp
[0.912s] -- Up-to-date symlink: /home/yukki/Downloads/ros_ws/install/auto_aim_interfaces/include/auto_aim_interfaces/auto_aim_interfaces/msg/detail/debug_armor__struct.hpp
[0.912s] -- Up-to-date symlink: /home/yukki/Downloads/ros_ws/install/auto_aim_interfaces/include/auto_aim_interfaces/auto_aim_interfaces/msg/detail/debug_armor__traits.hpp
[0.913s] -- Up-to-date symlink: /home/yukki/Downloads/ros_ws/install/auto_aim_interfaces/include/auto_aim_interfaces/auto_aim_interfaces/msg/detail/debug_armors__builder.hpp
[0.913s] -- Up-to-date symlink: /home/yukki/Downloads/ros_ws/install/auto_aim_interfaces/include/auto_aim_interfaces/auto_aim_interfaces/msg/detail/debug_armors__struct.hpp
[0.913s] -- Up-to-date symlink: /home/yukki/Downloads/ros_ws/install/auto_aim_interfaces/include/auto_aim_interfaces/auto_aim_interfaces/msg/detail/debug_armors__traits.hpp
[0.913s] -- Up-to-date symlink: /home/yukki/Downloads/ros_ws/install/auto_aim_interfaces/include/auto_aim_interfaces/auto_aim_interfaces/msg/detail/debug_light__builder.hpp
[0.913s] -- Up-to-date symlink: /home/yukki/Downloads/ros_ws/install/auto_aim_interfaces/include/auto_aim_interfaces/auto_aim_interfaces/msg/detail/debug_light__struct.hpp
[0.913s] -- Up-to-date symlink: /home/yukki/Downloads/ros_ws/install/auto_aim_interfaces/include/auto_aim_interfaces/auto_aim_interfaces/msg/detail/debug_light__traits.hpp
[0.913s] -- Up-to-date symlink: /home/yukki/Downloads/ros_ws/install/auto_aim_interfaces/include/auto_aim_interfaces/auto_aim_interfaces/msg/detail/debug_lights__builder.hpp
[0.913s] -- Up-to-date symlink: /home/yukki/Downloads/ros_ws/install/auto_aim_interfaces/include/auto_aim_interfaces/auto_aim_interfaces/msg/detail/debug_lights__struct.hpp
[0.913s] -- Up-to-date symlink: /home/yukki/Downloads/ros_ws/install/auto_aim_interfaces/include/auto_aim_interfaces/auto_aim_interfaces/msg/detail/debug_lights__traits.hpp
[0.913s] -- Up-to-date symlink: /home/yukki/Downloads/ros_ws/install/auto_aim_interfaces/include/auto_aim_interfaces/auto_aim_interfaces/msg/detail/debug_rune__builder.hpp
[0.914s] -- Up-to-date symlink: /home/yukki/Downloads/ros_ws/install/auto_aim_interfaces/include/auto_aim_interfaces/auto_aim_interfaces/msg/detail/debug_rune__struct.hpp
[0.914s] -- Up-to-date symlink: /home/yukki/Downloads/ros_ws/install/auto_aim_interfaces/include/auto_aim_interfaces/auto_aim_interfaces/msg/detail/debug_rune__traits.hpp
[0.914s] -- Up-to-date symlink: /home/yukki/Downloads/ros_ws/install/auto_aim_interfaces/include/auto_aim_interfaces/auto_aim_interfaces/msg/detail/debug_send__builder.hpp
[0.914s] -- Up-to-date symlink: /home/yukki/Downloads/ros_ws/install/auto_aim_interfaces/include/auto_aim_interfaces/auto_aim_interfaces/msg/detail/debug_send__struct.hpp
[0.914s] -- Up-to-date symlink: /home/yukki/Downloads/ros_ws/install/auto_aim_interfaces/include/auto_aim_interfaces/auto_aim_interfaces/msg/detail/debug_send__traits.hpp
[0.914s] -- Up-to-date symlink: /home/yukki/Downloads/ros_ws/install/auto_aim_interfaces/include/auto_aim_interfaces/auto_aim_interfaces/msg/detail/debug_send_armors__builder.hpp
[0.914s] -- Up-to-date symlink: /home/yukki/Downloads/ros_ws/install/auto_aim_interfaces/include/auto_aim_interfaces/auto_aim_interfaces/msg/detail/debug_send_armors__struct.hpp
[0.914s] -- Up-to-date symlink: /home/yukki/Downloads/ros_ws/install/auto_aim_interfaces/include/auto_aim_interfaces/auto_aim_interfaces/msg/detail/debug_send_armors__traits.hpp
[0.914s] -- Up-to-date symlink: /home/yukki/Downloads/ros_ws/install/auto_aim_interfaces/include/auto_aim_interfaces/auto_aim_interfaces/msg/detail/rune__builder.hpp
[0.914s] -- Up-to-date symlink: /home/yukki/Downloads/ros_ws/install/auto_aim_interfaces/include/auto_aim_interfaces/auto_aim_interfaces/msg/detail/rune__struct.hpp
[0.915s] -- Up-to-date symlink: /home/yukki/Downloads/ros_ws/install/auto_aim_interfaces/include/auto_aim_interfaces/auto_aim_interfaces/msg/detail/rune__traits.hpp
[0.915s] -- Up-to-date symlink: /home/yukki/Downloads/ros_ws/install/auto_aim_interfaces/include/auto_aim_interfaces/auto_aim_interfaces/msg/detail/target__builder.hpp
[0.915s] -- Up-to-date symlink: /home/yukki/Downloads/ros_ws/install/auto_aim_interfaces/include/auto_aim_interfaces/auto_aim_interfaces/msg/detail/target__struct.hpp
[0.915s] -- Up-to-date symlink: /home/yukki/Downloads/ros_ws/install/auto_aim_interfaces/include/auto_aim_interfaces/auto_aim_interfaces/msg/detail/target__traits.hpp
[0.915s] -- Up-to-date symlink: /home/yukki/Downloads/ros_ws/install/auto_aim_interfaces/include/auto_aim_interfaces/auto_aim_interfaces/msg/detail/target_rune__builder.hpp
[0.915s] -- Up-to-date symlink: /home/yukki/Downloads/ros_ws/install/auto_aim_interfaces/include/auto_aim_interfaces/auto_aim_interfaces/msg/detail/target_rune__struct.hpp
[0.915s] -- Up-to-date symlink: /home/yukki/Downloads/ros_ws/install/auto_aim_interfaces/include/auto_aim_interfaces/auto_aim_interfaces/msg/detail/target_rune__traits.hpp
[0.915s] -- Up-to-date symlink: /home/yukki/Downloads/ros_ws/install/auto_aim_interfaces/include/auto_aim_interfaces/auto_aim_interfaces/msg/detail/tracker_info__builder.hpp
[0.915s] -- Up-to-date symlink: /home/yukki/Downloads/ros_ws/install/auto_aim_interfaces/include/auto_aim_interfaces/auto_aim_interfaces/msg/detail/tracker_info__struct.hpp
[0.915s] -- Up-to-date symlink: /home/yukki/Downloads/ros_ws/install/auto_aim_interfaces/include/auto_aim_interfaces/auto_aim_interfaces/msg/detail/tracker_info__traits.hpp
[0.916s] -- Up-to-date symlink: /home/yukki/Downloads/ros_ws/install/auto_aim_interfaces/include/auto_aim_interfaces/auto_aim_interfaces/msg/rune.hpp
[0.916s] -- Up-to-date symlink: /home/yukki/Downloads/ros_ws/install/auto_aim_interfaces/include/auto_aim_interfaces/auto_aim_interfaces/msg/target.hpp
[0.916s] -- Up-to-date symlink: /home/yukki/Downloads/ros_ws/install/auto_aim_interfaces/include/auto_aim_interfaces/auto_aim_interfaces/msg/target_rune.hpp
[0.916s] -- Up-to-date symlink: /home/yukki/Downloads/ros_ws/install/auto_aim_interfaces/include/auto_aim_interfaces/auto_aim_interfaces/msg/tracker_info.hpp
[0.917s] -- Up-to-date symlink: /home/yukki/Downloads/ros_ws/install/auto_aim_interfaces/include/auto_aim_interfaces/auto_aim_interfaces/msg/detail/armor__rosidl_typesupport_fastrtps_cpp.hpp
[0.917s] -- Up-to-date symlink: /home/yukki/Downloads/ros_ws/install/auto_aim_interfaces/include/auto_aim_interfaces/auto_aim_interfaces/msg/detail/armors__rosidl_typesupport_fastrtps_cpp.hpp
[0.917s] -- Up-to-date symlink: /home/yukki/Downloads/ros_ws/install/auto_aim_interfaces/include/auto_aim_interfaces/auto_aim_interfaces/msg/detail/debug_armor__rosidl_typesupport_fastrtps_cpp.hpp
[0.917s] -- Up-to-date symlink: /home/yukki/Downloads/ros_ws/install/auto_aim_interfaces/include/auto_aim_interfaces/auto_aim_interfaces/msg/detail/debug_armors__rosidl_typesupport_fastrtps_cpp.hpp
[0.917s] -- Up-to-date symlink: /home/yukki/Downloads/ros_ws/install/auto_aim_interfaces/include/auto_aim_interfaces/auto_aim_interfaces/msg/detail/debug_light__rosidl_typesupport_fastrtps_cpp.hpp
[0.917s] -- Up-to-date symlink: /home/yukki/Downloads/ros_ws/install/auto_aim_interfaces/include/auto_aim_interfaces/auto_aim_interfaces/msg/detail/debug_lights__rosidl_typesupport_fastrtps_cpp.hpp
[0.917s] -- Up-to-date symlink: /home/yukki/Downloads/ros_ws/install/auto_aim_interfaces/include/auto_aim_interfaces/auto_aim_interfaces/msg/detail/debug_rune__rosidl_typesupport_fastrtps_cpp.hpp
[0.917s] -- Up-to-date symlink: /home/yukki/Downloads/ros_ws/install/auto_aim_interfaces/include/auto_aim_interfaces/auto_aim_interfaces/msg/detail/debug_send__rosidl_typesupport_fastrtps_cpp.hpp
[0.917s] -- Up-to-date symlink: /home/yukki/Downloads/ros_ws/install/auto_aim_interfaces/include/auto_aim_interfaces/auto_aim_interfaces/msg/detail/debug_send_armors__rosidl_typesupport_fastrtps_cpp.hpp
[0.917s] -- Up-to-date symlink: /home/yukki/Downloads/ros_ws/install/auto_aim_interfaces/include/auto_aim_interfaces/auto_aim_interfaces/msg/detail/rune__rosidl_typesupport_fastrtps_cpp.hpp
[0.918s] -- Up-to-date symlink: /home/yukki/Downloads/ros_ws/install/auto_aim_interfaces/include/auto_aim_interfaces/auto_aim_interfaces/msg/detail/target__rosidl_typesupport_fastrtps_cpp.hpp
[0.918s] -- Up-to-date symlink: /home/yukki/Downloads/ros_ws/install/auto_aim_interfaces/include/auto_aim_interfaces/auto_aim_interfaces/msg/detail/target_rune__rosidl_typesupport_fastrtps_cpp.hpp
[0.918s] -- Up-to-date symlink: /home/yukki/Downloads/ros_ws/install/auto_aim_interfaces/include/auto_aim_interfaces/auto_aim_interfaces/msg/detail/tracker_info__rosidl_typesupport_fastrtps_cpp.hpp
[0.918s] -- Up-to-date symlink: /home/yukki/Downloads/ros_ws/install/auto_aim_interfaces/include/auto_aim_interfaces/auto_aim_interfaces/msg/rosidl_typesupport_fastrtps_cpp__visibility_control.h
[0.918s] -- Up-to-date symlink: /home/yukki/Downloads/ros_ws/install/auto_aim_interfaces/include/auto_aim_interfaces/auto_aim_interfaces/msg/detail/armor__rosidl_typesupport_introspection_cpp.hpp
[0.919s] -- Up-to-date symlink: /home/yukki/Downloads/ros_ws/install/auto_aim_interfaces/include/auto_aim_interfaces/auto_aim_interfaces/msg/detail/armors__rosidl_typesupport_introspection_cpp.hpp
[0.919s] -- Up-to-date symlink: /home/yukki/Downloads/ros_ws/install/auto_aim_interfaces/include/auto_aim_interfaces/auto_aim_interfaces/msg/detail/debug_armor__rosidl_typesupport_introspection_cpp.hpp
[0.919s] -- Up-to-date symlink: /home/yukki/Downloads/ros_ws/install/auto_aim_interfaces/include/auto_aim_interfaces/auto_aim_interfaces/msg/detail/debug_armors__rosidl_typesupport_introspection_cpp.hpp
[0.919s] -- Up-to-date symlink: /home/yukki/Downloads/ros_ws/install/auto_aim_interfaces/include/auto_aim_interfaces/auto_aim_interfaces/msg/detail/debug_light__rosidl_typesupport_introspection_cpp.hpp
[0.919s] -- Up-to-date symlink: /home/yukki/Downloads/ros_ws/install/auto_aim_interfaces/include/auto_aim_interfaces/auto_aim_interfaces/msg/detail/debug_lights__rosidl_typesupport_introspection_cpp.hpp
[0.919s] -- Up-to-date symlink: /home/yukki/Downloads/ros_ws/install/auto_aim_interfaces/include/auto_aim_interfaces/auto_aim_interfaces/msg/detail/debug_rune__rosidl_typesupport_introspection_cpp.hpp
[0.919s] -- Up-to-date symlink: /home/yukki/Downloads/ros_ws/install/auto_aim_interfaces/include/auto_aim_interfaces/auto_aim_interfaces/msg/detail/debug_send__rosidl_typesupport_introspection_cpp.hpp
[0.919s] -- Up-to-date symlink: /home/yukki/Downloads/ros_ws/install/auto_aim_interfaces/include/auto_aim_interfaces/auto_aim_interfaces/msg/detail/debug_send_armors__rosidl_typesupport_introspection_cpp.hpp
[0.919s] -- Up-to-date symlink: /home/yukki/Downloads/ros_ws/install/auto_aim_interfaces/include/auto_aim_interfaces/auto_aim_interfaces/msg/detail/rune__rosidl_typesupport_introspection_cpp.hpp
[0.919s] -- Up-to-date symlink: /home/yukki/Downloads/ros_ws/install/auto_aim_interfaces/include/auto_aim_interfaces/auto_aim_interfaces/msg/detail/target__rosidl_typesupport_introspection_cpp.hpp
[0.920s] -- Up-to-date symlink: /home/yukki/Downloads/ros_ws/install/auto_aim_interfaces/include/auto_aim_interfaces/auto_aim_interfaces/msg/detail/target_rune__rosidl_typesupport_introspection_cpp.hpp
[0.920s] -- Up-to-date symlink: /home/yukki/Downloads/ros_ws/install/auto_aim_interfaces/include/auto_aim_interfaces/auto_aim_interfaces/msg/detail/tracker_info__rosidl_typesupport_introspection_cpp.hpp
[0.920s] -- Up-to-date symlink: /home/yukki/Downloads/ros_ws/install/auto_aim_interfaces/share/auto_aim_interfaces/environment/pythonpath.sh
[0.920s] -- Up-to-date symlink: /home/yukki/Downloads/ros_ws/install/auto_aim_interfaces/share/auto_aim_interfaces/environment/pythonpath.dsv
[0.920s] -- Up-to-date symlink: /home/yukki/Downloads/ros_ws/install/auto_aim_interfaces/local/lib/python3.10/dist-packages/auto_aim_interfaces-0.0.0-py3.10.egg-info/PKG-INFO
[0.920s] -- Up-to-date symlink: /home/yukki/Downloads/ros_ws/install/auto_aim_interfaces/local/lib/python3.10/dist-packages/auto_aim_interfaces-0.0.0-py3.10.egg-info/SOURCES.txt
[0.920s] -- Up-to-date symlink: /home/yukki/Downloads/ros_ws/install/auto_aim_interfaces/local/lib/python3.10/dist-packages/auto_aim_interfaces-0.0.0-py3.10.egg-info/dependency_links.txt
[0.920s] -- Up-to-date symlink: /home/yukki/Downloads/ros_ws/install/auto_aim_interfaces/local/lib/python3.10/dist-packages/auto_aim_interfaces-0.0.0-py3.10.egg-info/top_level.txt
[0.921s] -- Up-to-date symlink: /home/yukki/Downloads/ros_ws/install/auto_aim_interfaces/local/lib/python3.10/dist-packages/auto_aim_interfaces/__init__.py
[0.921s] -- Up-to-date symlink: /home/yukki/Downloads/ros_ws/install/auto_aim_interfaces/local/lib/python3.10/dist-packages/auto_aim_interfaces/_auto_aim_interfaces_s.ep.rosidl_typesupport_c.c
[0.921s] -- Up-to-date symlink: /home/yukki/Downloads/ros_ws/install/auto_aim_interfaces/local/lib/python3.10/dist-packages/auto_aim_interfaces/_auto_aim_interfaces_s.ep.rosidl_typesupport_fastrtps_c.c
[0.922s] -- Up-to-date symlink: /home/yukki/Downloads/ros_ws/install/auto_aim_interfaces/local/lib/python3.10/dist-packages/auto_aim_interfaces/_auto_aim_interfaces_s.ep.rosidl_typesupport_introspection_c.c
[0.922s] -- Up-to-date symlink: /home/yukki/Downloads/ros_ws/install/auto_aim_interfaces/local/lib/python3.10/dist-packages/auto_aim_interfaces/auto_aim_interfaces_s__rosidl_typesupport_c.cpython-310-x86_64-linux-gnu.so
[0.922s] -- Up-to-date symlink: /home/yukki/Downloads/ros_ws/install/auto_aim_interfaces/local/lib/python3.10/dist-packages/auto_aim_interfaces/auto_aim_interfaces_s__rosidl_typesupport_fastrtps_c.cpython-310-x86_64-linux-gnu.so
[0.922s] -- Up-to-date symlink: /home/yukki/Downloads/ros_ws/install/auto_aim_interfaces/local/lib/python3.10/dist-packages/auto_aim_interfaces/auto_aim_interfaces_s__rosidl_typesupport_introspection_c.cpython-310-x86_64-linux-gnu.so
[0.922s] -- Up-to-date symlink: /home/yukki/Downloads/ros_ws/install/auto_aim_interfaces/local/lib/python3.10/dist-packages/auto_aim_interfaces/libauto_aim_interfaces__rosidl_generator_py.so
[0.922s] -- Up-to-date symlink: /home/yukki/Downloads/ros_ws/install/auto_aim_interfaces/local/lib/python3.10/dist-packages/auto_aim_interfaces/msg/__init__.py
[0.922s] -- Up-to-date symlink: /home/yukki/Downloads/ros_ws/install/auto_aim_interfaces/local/lib/python3.10/dist-packages/auto_aim_interfaces/msg/_armor.py
[0.922s] -- Up-to-date symlink: /home/yukki/Downloads/ros_ws/install/auto_aim_interfaces/local/lib/python3.10/dist-packages/auto_aim_interfaces/msg/_armor_s.c
[0.922s] -- Up-to-date symlink: /home/yukki/Downloads/ros_ws/install/auto_aim_interfaces/local/lib/python3.10/dist-packages/auto_aim_interfaces/msg/_armors.py
[0.922s] -- Up-to-date symlink: /home/yukki/Downloads/ros_ws/install/auto_aim_interfaces/local/lib/python3.10/dist-packages/auto_aim_interfaces/msg/_armors_s.c
[0.922s] -- Up-to-date symlink: /home/yukki/Downloads/ros_ws/install/auto_aim_interfaces/local/lib/python3.10/dist-packages/auto_aim_interfaces/msg/_debug_armor.py
[0.923s] -- Up-to-date symlink: /home/yukki/Downloads/ros_ws/install/auto_aim_interfaces/local/lib/python3.10/dist-packages/auto_aim_interfaces/msg/_debug_armor_s.c
[0.923s] -- Up-to-date symlink: /home/yukki/Downloads/ros_ws/install/auto_aim_interfaces/local/lib/python3.10/dist-packages/auto_aim_interfaces/msg/_debug_armors.py
[0.923s] -- Up-to-date symlink: /home/yukki/Downloads/ros_ws/install/auto_aim_interfaces/local/lib/python3.10/dist-packages/auto_aim_interfaces/msg/_debug_armors_s.c
[0.923s] -- Up-to-date symlink: /home/yukki/Downloads/ros_ws/install/auto_aim_interfaces/local/lib/python3.10/dist-packages/auto_aim_interfaces/msg/_debug_light.py
[0.923s] -- Up-to-date symlink: /home/yukki/Downloads/ros_ws/install/auto_aim_interfaces/local/lib/python3.10/dist-packages/auto_aim_interfaces/msg/_debug_light_s.c
[0.923s] -- Up-to-date symlink: /home/yukki/Downloads/ros_ws/install/auto_aim_interfaces/local/lib/python3.10/dist-packages/auto_aim_interfaces/msg/_debug_lights.py
[0.923s] -- Up-to-date symlink: /home/yukki/Downloads/ros_ws/install/auto_aim_interfaces/local/lib/python3.10/dist-packages/auto_aim_interfaces/msg/_debug_lights_s.c
[0.923s] -- Up-to-date symlink: /home/yukki/Downloads/ros_ws/install/auto_aim_interfaces/local/lib/python3.10/dist-packages/auto_aim_interfaces/msg/_debug_rune.py
[0.923s] -- Up-to-date symlink: /home/yukki/Downloads/ros_ws/install/auto_aim_interfaces/local/lib/python3.10/dist-packages/auto_aim_interfaces/msg/_debug_rune_s.c
[0.923s] -- Up-to-date symlink: /home/yukki/Downloads/ros_ws/install/auto_aim_interfaces/local/lib/python3.10/dist-packages/auto_aim_interfaces/msg/_debug_send.py
[0.924s] -- Up-to-date symlink: /home/yukki/Downloads/ros_ws/install/auto_aim_interfaces/local/lib/python3.10/dist-packages/auto_aim_interfaces/msg/_debug_send_armors.py
[0.924s] -- Up-to-date symlink: /home/yukki/Downloads/ros_ws/install/auto_aim_interfaces/local/lib/python3.10/dist-packages/auto_aim_interfaces/msg/_debug_send_armors_s.c
[0.924s] -- Up-to-date symlink: /home/yukki/Downloads/ros_ws/install/auto_aim_interfaces/local/lib/python3.10/dist-packages/auto_aim_interfaces/msg/_debug_send_s.c
[0.924s] -- Up-to-date symlink: /home/yukki/Downloads/ros_ws/install/auto_aim_interfaces/local/lib/python3.10/dist-packages/auto_aim_interfaces/msg/_rune.py
[0.924s] -- Up-to-date symlink: /home/yukki/Downloads/ros_ws/install/auto_aim_interfaces/local/lib/python3.10/dist-packages/auto_aim_interfaces/msg/_rune_s.c
[0.924s] -- Up-to-date symlink: /home/yukki/Downloads/ros_ws/install/auto_aim_interfaces/local/lib/python3.10/dist-packages/auto_aim_interfaces/msg/_target.py
[0.924s] -- Up-to-date symlink: /home/yukki/Downloads/ros_ws/install/auto_aim_interfaces/local/lib/python3.10/dist-packages/auto_aim_interfaces/msg/_target_rune.py
[0.924s] -- Up-to-date symlink: /home/yukki/Downloads/ros_ws/install/auto_aim_interfaces/local/lib/python3.10/dist-packages/auto_aim_interfaces/msg/_target_rune_s.c
[0.924s] -- Up-to-date symlink: /home/yukki/Downloads/ros_ws/install/auto_aim_interfaces/local/lib/python3.10/dist-packages/auto_aim_interfaces/msg/_target_s.c
[0.924s] -- Up-to-date symlink: /home/yukki/Downloads/ros_ws/install/auto_aim_interfaces/local/lib/python3.10/dist-packages/auto_aim_interfaces/msg/_tracker_info.py
[0.925s] -- Up-to-date symlink: /home/yukki/Downloads/ros_ws/install/auto_aim_interfaces/local/lib/python3.10/dist-packages/auto_aim_interfaces/msg/_tracker_info_s.c
[0.925s] -- Up-to-date symlink: /home/yukki/Downloads/ros_ws/install/auto_aim_interfaces/local/lib/python3.10/dist-packages/auto_aim_interfaces/auto_aim_interfaces_s__rosidl_typesupport_fastrtps_c.cpython-310-x86_64-linux-gnu.so
[0.925s] -- Up-to-date symlink: /home/yukki/Downloads/ros_ws/install/auto_aim_interfaces/local/lib/python3.10/dist-packages/auto_aim_interfaces/auto_aim_interfaces_s__rosidl_typesupport_introspection_c.cpython-310-x86_64-linux-gnu.so
[0.925s] -- Up-to-date symlink: /home/yukki/Downloads/ros_ws/install/auto_aim_interfaces/local/lib/python3.10/dist-packages/auto_aim_interfaces/auto_aim_interfaces_s__rosidl_typesupport_c.cpython-310-x86_64-linux-gnu.so
[0.925s] -- Up-to-date symlink: /home/yukki/Downloads/ros_ws/install/auto_aim_interfaces/share/auto_aim_interfaces/msg/Armor.idl
[0.925s] -- Up-to-date symlink: /home/yukki/Downloads/ros_ws/install/auto_aim_interfaces/share/auto_aim_interfaces/msg/Armors.idl
[0.925s] -- Up-to-date symlink: /home/yukki/Downloads/ros_ws/install/auto_aim_interfaces/share/auto_aim_interfaces/msg/Rune.idl
[0.926s] -- Up-to-date symlink: /home/yukki/Downloads/ros_ws/install/auto_aim_interfaces/share/auto_aim_interfaces/msg/Target.idl
[0.926s] -- Up-to-date symlink: /home/yukki/Downloads/ros_ws/install/auto_aim_interfaces/share/auto_aim_interfaces/msg/TargetRune.idl
[0.926s] -- Up-to-date symlink: /home/yukki/Downloads/ros_ws/install/auto_aim_interfaces/share/auto_aim_interfaces/msg/DebugLight.idl
[0.926s] -- Up-to-date symlink: /home/yukki/Downloads/ros_ws/install/auto_aim_interfaces/share/auto_aim_interfaces/msg/DebugLights.idl
[0.926s] -- Up-to-date symlink: /home/yukki/Downloads/ros_ws/install/auto_aim_interfaces/share/auto_aim_interfaces/msg/DebugArmor.idl
[0.926s] -- Up-to-date symlink: /home/yukki/Downloads/ros_ws/install/auto_aim_interfaces/share/auto_aim_interfaces/msg/DebugArmors.idl
[0.926s] -- Up-to-date symlink: /home/yukki/Downloads/ros_ws/install/auto_aim_interfaces/share/auto_aim_interfaces/msg/DebugRune.idl
[0.926s] -- Up-to-date symlink: /home/yukki/Downloads/ros_ws/install/auto_aim_interfaces/share/auto_aim_interfaces/msg/DebugSend.idl
[0.927s] -- Up-to-date symlink: /home/yukki/Downloads/ros_ws/install/auto_aim_interfaces/share/auto_aim_interfaces/msg/DebugSendArmors.idl
[0.927s] -- Up-to-date symlink: /home/yukki/Downloads/ros_ws/install/auto_aim_interfaces/share/auto_aim_interfaces/msg/TrackerInfo.idl
[0.927s] -- Up-to-date symlink: /home/yukki/Downloads/ros_ws/install/auto_aim_interfaces/share/auto_aim_interfaces/msg/Armor.msg
[0.927s] -- Up-to-date symlink: /home/yukki/Downloads/ros_ws/install/auto_aim_interfaces/share/auto_aim_interfaces/msg/Armors.msg
[0.927s] -- Up-to-date symlink: /home/yukki/Downloads/ros_ws/install/auto_aim_interfaces/share/auto_aim_interfaces/msg/Rune.msg
[0.927s] -- Up-to-date symlink: /home/yukki/Downloads/ros_ws/install/auto_aim_interfaces/share/auto_aim_interfaces/msg/Target.msg
[0.927s] -- Up-to-date symlink: /home/yukki/Downloads/ros_ws/install/auto_aim_interfaces/share/auto_aim_interfaces/msg/TargetRune.msg
[0.927s] -- Up-to-date symlink: /home/yukki/Downloads/ros_ws/install/auto_aim_interfaces/share/auto_aim_interfaces/msg/DebugLight.msg
[0.927s] -- Up-to-date symlink: /home/yukki/Downloads/ros_ws/install/auto_aim_interfaces/share/auto_aim_interfaces/msg/DebugLights.msg
[0.928s] -- Up-to-date symlink: /home/yukki/Downloads/ros_ws/install/auto_aim_interfaces/share/auto_aim_interfaces/msg/DebugArmor.msg
[0.928s] -- Up-to-date symlink: /home/yukki/Downloads/ros_ws/install/auto_aim_interfaces/share/auto_aim_interfaces/msg/DebugArmors.msg
[0.928s] -- Up-to-date symlink: /home/yukki/Downloads/ros_ws/install/auto_aim_interfaces/share/auto_aim_interfaces/msg/DebugRune.msg
[0.928s] -- Up-to-date symlink: /home/yukki/Downloads/ros_ws/install/auto_aim_interfaces/share/auto_aim_interfaces/msg/DebugSend.msg
[0.928s] -- Up-to-date symlink: /home/yukki/Downloads/ros_ws/install/auto_aim_interfaces/share/auto_aim_interfaces/msg/DebugSendArmors.msg
[0.928s] -- Up-to-date symlink: /home/yukki/Downloads/ros_ws/install/auto_aim_interfaces/share/auto_aim_interfaces/msg/TrackerInfo.msg
[0.928s] -- Up-to-date symlink: /home/yukki/Downloads/ros_ws/install/auto_aim_interfaces/share/ament_index/resource_index/package_run_dependencies/auto_aim_interfaces
[0.928s] -- Up-to-date symlink: /home/yukki/Downloads/ros_ws/install/auto_aim_interfaces/share/ament_index/resource_index/parent_prefix_path/auto_aim_interfaces
[0.929s] -- Up-to-date symlink: /home/yukki/Downloads/ros_ws/install/auto_aim_interfaces/share/auto_aim_interfaces/environment/ament_prefix_path.sh
[0.929s] -- Up-to-date symlink: /home/yukki/Downloads/ros_ws/install/auto_aim_interfaces/share/auto_aim_interfaces/environment/ament_prefix_path.dsv
[0.929s] -- Up-to-date symlink: /home/yukki/Downloads/ros_ws/install/auto_aim_interfaces/share/auto_aim_interfaces/environment/path.sh
[0.929s] -- Up-to-date symlink: /home/yukki/Downloads/ros_ws/install/auto_aim_interfaces/share/auto_aim_interfaces/environment/path.dsv
[0.929s] -- Up-to-date symlink: /home/yukki/Downloads/ros_ws/install/auto_aim_interfaces/share/auto_aim_interfaces/local_setup.bash
[0.929s] -- Up-to-date symlink: /home/yukki/Downloads/ros_ws/install/auto_aim_interfaces/share/auto_aim_interfaces/local_setup.sh
[0.929s] -- Up-to-date symlink: /home/yukki/Downloads/ros_ws/install/auto_aim_interfaces/share/auto_aim_interfaces/local_setup.zsh
[0.929s] -- Up-to-date symlink: /home/yukki/Downloads/ros_ws/install/auto_aim_interfaces/share/auto_aim_interfaces/local_setup.dsv
[0.929s] -- Symlinking: /home/yukki/Downloads/ros_ws/install/auto_aim_interfaces/share/auto_aim_interfaces/package.dsv
[0.939s] -- Up-to-date symlink: /home/yukki/Downloads/ros_ws/install/auto_aim_interfaces/share/ament_index/resource_index/packages/auto_aim_interfaces
[0.939s] -- Up-to-date symlink: /home/yukki/Downloads/ros_ws/install/auto_aim_interfaces/share/auto_aim_interfaces/cmake/rosidl_cmake-extras.cmake
[0.939s] -- Up-to-date symlink: /home/yukki/Downloads/ros_ws/install/auto_aim_interfaces/share/auto_aim_interfaces/cmake/ament_cmake_export_dependencies-extras.cmake
[0.939s] -- Up-to-date symlink: /home/yukki/Downloads/ros_ws/install/auto_aim_interfaces/share/auto_aim_interfaces/cmake/ament_cmake_export_include_directories-extras.cmake
[0.939s] -- Up-to-date symlink: /home/yukki/Downloads/ros_ws/install/auto_aim_interfaces/share/auto_aim_interfaces/cmake/ament_cmake_export_libraries-extras.cmake
[0.939s] -- Up-to-date symlink: /home/yukki/Downloads/ros_ws/install/auto_aim_interfaces/share/auto_aim_interfaces/cmake/ament_cmake_export_targets-extras.cmake
[0.940s] -- Up-to-date symlink: /home/yukki/Downloads/ros_ws/install/auto_aim_interfaces/share/auto_aim_interfaces/cmake/rosidl_cmake_export_typesupport_targets-extras.cmake
[0.940s] -- Up-to-date symlink: /home/yukki/Downloads/ros_ws/install/auto_aim_interfaces/share/auto_aim_interfaces/cmake/rosidl_cmake_export_typesupport_libraries-extras.cmake
[0.940s] -- Up-to-date symlink: /home/yukki/Downloads/ros_ws/install/auto_aim_interfaces/share/auto_aim_interfaces/cmake/auto_aim_interfacesConfig.cmake
[0.940s] -- Up-to-date symlink: /home/yukki/Downloads/ros_ws/install/auto_aim_interfaces/share/auto_aim_interfaces/cmake/auto_aim_interfacesConfig-version.cmake
[0.940s] -- Up-to-date symlink: /home/yukki/Downloads/ros_ws/install/auto_aim_interfaces/share/auto_aim_interfaces/package.xml
[0.940s] -- Up-to-date: /home/yukki/Downloads/ros_ws/install/auto_aim_interfaces/lib/libauto_aim_interfaces__rosidl_generator_c.so
[0.940s] -- Up-to-date: /home/yukki/Downloads/ros_ws/install/auto_aim_interfaces/lib/libauto_aim_interfaces__rosidl_typesupport_fastrtps_c.so
[0.941s] -- Up-to-date: /home/yukki/Downloads/ros_ws/install/auto_aim_interfaces/lib/libauto_aim_interfaces__rosidl_typesupport_introspection_c.so
[0.941s] -- Up-to-date: /home/yukki/Downloads/ros_ws/install/auto_aim_interfaces/lib/libauto_aim_interfaces__rosidl_typesupport_c.so
[0.941s] -- Up-to-date: /home/yukki/Downloads/ros_ws/install/auto_aim_interfaces/lib/libauto_aim_interfaces__rosidl_typesupport_fastrtps_cpp.so
[0.941s] -- Up-to-date: /home/yukki/Downloads/ros_ws/install/auto_aim_interfaces/lib/libauto_aim_interfaces__rosidl_typesupport_introspection_cpp.so
[0.942s] -- Up-to-date: /home/yukki/Downloads/ros_ws/install/auto_aim_interfaces/lib/libauto_aim_interfaces__rosidl_typesupport_cpp.so
[0.966s] Listing '/home/yukki/Downloads/ros_ws/install/auto_aim_interfaces/local/lib/python3.10/dist-packages/auto_aim_interfaces'...
[0.967s] Listing '/home/yukki/Downloads/ros_ws/install/auto_aim_interfaces/local/lib/python3.10/dist-packages/auto_aim_interfaces/msg'...
[0.970s] -- Up-to-date: /home/yukki/Downloads/ros_ws/install/auto_aim_interfaces/lib/libauto_aim_interfaces__rosidl_generator_py.so
[0.970s] -- Up-to-date: /home/yukki/Downloads/ros_ws/install/auto_aim_interfaces/share/auto_aim_interfaces/cmake/export_auto_aim_interfaces__rosidl_generator_cExport.cmake
[0.970s] -- Up-to-date: /home/yukki/Downloads/ros_ws/install/auto_aim_interfaces/share/auto_aim_interfaces/cmake/export_auto_aim_interfaces__rosidl_generator_cExport-noconfig.cmake
[0.970s] -- Up-to-date: /home/yukki/Downloads/ros_ws/install/auto_aim_interfaces/share/auto_aim_interfaces/cmake/export_auto_aim_interfaces__rosidl_typesupport_fastrtps_cExport.cmake
[0.970s] -- Up-to-date: /home/yukki/Downloads/ros_ws/install/auto_aim_interfaces/share/auto_aim_interfaces/cmake/export_auto_aim_interfaces__rosidl_typesupport_fastrtps_cExport-noconfig.cmake
[0.970s] -- Up-to-date: /home/yukki/Downloads/ros_ws/install/auto_aim_interfaces/share/auto_aim_interfaces/cmake/auto_aim_interfaces__rosidl_typesupport_introspection_cExport.cmake
[0.970s] -- Up-to-date: /home/yukki/Downloads/ros_ws/install/auto_aim_interfaces/share/auto_aim_interfaces/cmake/auto_aim_interfaces__rosidl_typesupport_introspection_cExport-noconfig.cmake
[0.970s] -- Up-to-date: /home/yukki/Downloads/ros_ws/install/auto_aim_interfaces/share/auto_aim_interfaces/cmake/auto_aim_interfaces__rosidl_typesupport_cExport.cmake
[0.971s] -- Up-to-date: /home/yukki/Downloads/ros_ws/install/auto_aim_interfaces/share/auto_aim_interfaces/cmake/auto_aim_interfaces__rosidl_typesupport_cExport-noconfig.cmake
[0.971s] -- Up-to-date: /home/yukki/Downloads/ros_ws/install/auto_aim_interfaces/share/auto_aim_interfaces/cmake/export_auto_aim_interfaces__rosidl_generator_cppExport.cmake
[0.971s] -- Up-to-date: /home/yukki/Downloads/ros_ws/install/auto_aim_interfaces/share/auto_aim_interfaces/cmake/export_auto_aim_interfaces__rosidl_typesupport_fastrtps_cppExport.cmake
[0.971s] -- Up-to-date: /home/yukki/Downloads/ros_ws/install/auto_aim_interfaces/share/auto_aim_interfaces/cmake/export_auto_aim_interfaces__rosidl_typesupport_fastrtps_cppExport-noconfig.cmake
[0.971s] -- Up-to-date: /home/yukki/Downloads/ros_ws/install/auto_aim_interfaces/share/auto_aim_interfaces/cmake/auto_aim_interfaces__rosidl_typesupport_introspection_cppExport.cmake
[0.971s] -- Up-to-date: /home/yukki/Downloads/ros_ws/install/auto_aim_interfaces/share/auto_aim_interfaces/cmake/auto_aim_interfaces__rosidl_typesupport_introspection_cppExport-noconfig.cmake
[0.971s] -- Up-to-date: /home/yukki/Downloads/ros_ws/install/auto_aim_interfaces/share/auto_aim_interfaces/cmake/auto_aim_interfaces__rosidl_typesupport_cppExport.cmake
[0.971s] -- Up-to-date: /home/yukki/Downloads/ros_ws/install/auto_aim_interfaces/share/auto_aim_interfaces/cmake/auto_aim_interfaces__rosidl_typesupport_cppExport-noconfig.cmake
[0.971s] -- Up-to-date: /home/yukki/Downloads/ros_ws/install/auto_aim_interfaces/share/auto_aim_interfaces/cmake/export_auto_aim_interfaces__rosidl_generator_pyExport.cmake
[0.971s] -- Up-to-date: /home/yukki/Downloads/ros_ws/install/auto_aim_interfaces/share/auto_aim_interfaces/cmake/export_auto_aim_interfaces__rosidl_generator_pyExport-noconfig.cmake
[0.973s] Invoked command in '/home/yukki/Downloads/ros_ws/build/auto_aim_interfaces' returned '0': CMAKE_PREFIX_PATH=/opt/ros/humble /usr/bin/cmake --install /home/yukki/Downloads/ros_ws/build/auto_aim_interfaces
