[0.050s] Invoking command in '/home/yukki/Downloads/ros_ws/build/rm_auto_aim': AMENT_PREFIX_PATH=/home/yukki/Downloads/ros_ws/install/armor_tracker:/home/yukki/Downloads/ros_ws/install/armor_detector:/home/yukki/Downloads/ros_ws/install/auto_aim_interfaces:${AMENT_PREFIX_PATH} CMAKE_PREFIX_PATH=/home/yukki/Downloads/ros_ws/install/armor_tracker:/home/yukki/Downloads/ros_ws/install/armor_detector:/home/yukki/Downloads/ros_ws/install/auto_aim_interfaces:/opt/ros/humble LD_LIBRARY_PATH=/home/yukki/Downloads/ros_ws/install/armor_tracker/lib:/home/yukki/Downloads/ros_ws/install/armor_detector/lib:/home/yukki/Downloads/ros_ws/install/auto_aim_interfaces/lib:/opt/MVS/lib/64:/opt/MVS/lib/32:/opt/ros/humble/opt/rviz_ogre_vendor/lib:/opt/ros/humble/lib/x86_64-linux-gnu:/opt/ros/humble/lib:/opt/MVS/lib/64:/opt/MVS/lib/32:/opt/MVS/lib/64:/opt/MVS/lib/32 PYTHONPATH=/home/yukki/Downloads/ros_ws/install/auto_aim_interfaces/local/lib/python3.10/dist-packages:${PYTHONPATH} /usr/bin/cmake /home/yukki/Downloads/ros_ws/src/rm_auto_aim/rm_auto_aim -DAMENT_CMAKE_SYMLINK_INSTALL=1 -DCMAKE_INSTALL_PREFIX=/home/yukki/Downloads/ros_ws/install/rm_auto_aim
[0.103s] -- The C compiler identification is GNU 11.4.0
[0.153s] -- The CXX compiler identification is GNU 11.4.0
[0.161s] -- Detecting C compiler ABI info
[0.227s] -- Detecting C compiler ABI info - done
[0.232s] -- Check for working C compiler: /usr/bin/cc - skipped
[0.232s] -- Detecting C compile features
[0.233s] -- Detecting C compile features - done
[0.235s] -- Detecting CXX compiler ABI info
[0.310s] -- Detecting CXX compiler ABI info - done
[0.315s] -- Check for working CXX compiler: /usr/bin/c++ - skipped
[0.315s] -- Detecting CXX compile features
[0.316s] -- Detecting CXX compile features - done
[0.318s] -- Found ament_cmake_auto: 1.3.6 (/opt/ros/humble/share/ament_cmake_auto/cmake)
[0.626s] -- Found Python3: /usr/bin/python3.10 (found version "3.10.12") found components: Interpreter 
[0.678s] -- Override CMake install command with custom implementation using symlinks instead of copying resources
[0.707s] -- Found ament_lint_auto: 0.12.9 (/opt/ros/humble/share/ament_lint_auto/cmake)
[0.777s] -- Added test 'lint_cmake' to check CMake code style
[0.778s] -- Added test 'xmllint' to check XML markup files
[0.779s] -- Configuring done
[0.782s] -- Generating done
[0.783s] -- Build files have been written to: /home/yukki/Downloads/ros_ws/build/rm_auto_aim
[0.787s] Invoked command in '/home/yukki/Downloads/ros_ws/build/rm_auto_aim' returned '0': AMENT_PREFIX_PATH=/home/yukki/Downloads/ros_ws/install/armor_tracker:/home/yukki/Downloads/ros_ws/install/armor_detector:/home/yukki/Downloads/ros_ws/install/auto_aim_interfaces:${AMENT_PREFIX_PATH} CMAKE_PREFIX_PATH=/home/yukki/Downloads/ros_ws/install/armor_tracker:/home/yukki/Downloads/ros_ws/install/armor_detector:/home/yukki/Downloads/ros_ws/install/auto_aim_interfaces:/opt/ros/humble LD_LIBRARY_PATH=/home/yukki/Downloads/ros_ws/install/armor_tracker/lib:/home/yukki/Downloads/ros_ws/install/armor_detector/lib:/home/yukki/Downloads/ros_ws/install/auto_aim_interfaces/lib:/opt/MVS/lib/64:/opt/MVS/lib/32:/opt/ros/humble/opt/rviz_ogre_vendor/lib:/opt/ros/humble/lib/x86_64-linux-gnu:/opt/ros/humble/lib:/opt/MVS/lib/64:/opt/MVS/lib/32:/opt/MVS/lib/64:/opt/MVS/lib/32 PYTHONPATH=/home/yukki/Downloads/ros_ws/install/auto_aim_interfaces/local/lib/python3.10/dist-packages:${PYTHONPATH} /usr/bin/cmake /home/yukki/Downloads/ros_ws/src/rm_auto_aim/rm_auto_aim -DAMENT_CMAKE_SYMLINK_INSTALL=1 -DCMAKE_INSTALL_PREFIX=/home/yukki/Downloads/ros_ws/install/rm_auto_aim
[0.788s] Invoking command in '/home/yukki/Downloads/ros_ws/build/rm_auto_aim': AMENT_PREFIX_PATH=/home/yukki/Downloads/ros_ws/install/armor_tracker:/home/yukki/Downloads/ros_ws/install/armor_detector:/home/yukki/Downloads/ros_ws/install/auto_aim_interfaces:${AMENT_PREFIX_PATH} CMAKE_PREFIX_PATH=/home/yukki/Downloads/ros_ws/install/armor_tracker:/home/yukki/Downloads/ros_ws/install/armor_detector:/home/yukki/Downloads/ros_ws/install/auto_aim_interfaces:/opt/ros/humble LD_LIBRARY_PATH=/home/yukki/Downloads/ros_ws/install/armor_tracker/lib:/home/yukki/Downloads/ros_ws/install/armor_detector/lib:/home/yukki/Downloads/ros_ws/install/auto_aim_interfaces/lib:/opt/MVS/lib/64:/opt/MVS/lib/32:/opt/ros/humble/opt/rviz_ogre_vendor/lib:/opt/ros/humble/lib/x86_64-linux-gnu:/opt/ros/humble/lib:/opt/MVS/lib/64:/opt/MVS/lib/32:/opt/MVS/lib/64:/opt/MVS/lib/32 PYTHONPATH=/home/yukki/Downloads/ros_ws/install/auto_aim_interfaces/local/lib/python3.10/dist-packages:${PYTHONPATH} /usr/bin/cmake --build /home/yukki/Downloads/ros_ws/build/rm_auto_aim -- -j16 -l16
[0.827s] Invoked command in '/home/yukki/Downloads/ros_ws/build/rm_auto_aim' returned '0': AMENT_PREFIX_PATH=/home/yukki/Downloads/ros_ws/install/armor_tracker:/home/yukki/Downloads/ros_ws/install/armor_detector:/home/yukki/Downloads/ros_ws/install/auto_aim_interfaces:${AMENT_PREFIX_PATH} CMAKE_PREFIX_PATH=/home/yukki/Downloads/ros_ws/install/armor_tracker:/home/yukki/Downloads/ros_ws/install/armor_detector:/home/yukki/Downloads/ros_ws/install/auto_aim_interfaces:/opt/ros/humble LD_LIBRARY_PATH=/home/yukki/Downloads/ros_ws/install/armor_tracker/lib:/home/yukki/Downloads/ros_ws/install/armor_detector/lib:/home/yukki/Downloads/ros_ws/install/auto_aim_interfaces/lib:/opt/MVS/lib/64:/opt/MVS/lib/32:/opt/ros/humble/opt/rviz_ogre_vendor/lib:/opt/ros/humble/lib/x86_64-linux-gnu:/opt/ros/humble/lib:/opt/MVS/lib/64:/opt/MVS/lib/32:/opt/MVS/lib/64:/opt/MVS/lib/32 PYTHONPATH=/home/yukki/Downloads/ros_ws/install/auto_aim_interfaces/local/lib/python3.10/dist-packages:${PYTHONPATH} /usr/bin/cmake --build /home/yukki/Downloads/ros_ws/build/rm_auto_aim -- -j16 -l16
[0.851s] Invoking command in '/home/yukki/Downloads/ros_ws/build/rm_auto_aim': AMENT_PREFIX_PATH=/home/yukki/Downloads/ros_ws/install/armor_tracker:/home/yukki/Downloads/ros_ws/install/armor_detector:/home/yukki/Downloads/ros_ws/install/auto_aim_interfaces:${AMENT_PREFIX_PATH} CMAKE_PREFIX_PATH=/home/yukki/Downloads/ros_ws/install/armor_tracker:/home/yukki/Downloads/ros_ws/install/armor_detector:/home/yukki/Downloads/ros_ws/install/auto_aim_interfaces:/opt/ros/humble LD_LIBRARY_PATH=/home/yukki/Downloads/ros_ws/install/armor_tracker/lib:/home/yukki/Downloads/ros_ws/install/armor_detector/lib:/home/yukki/Downloads/ros_ws/install/auto_aim_interfaces/lib:/opt/MVS/lib/64:/opt/MVS/lib/32:/opt/ros/humble/opt/rviz_ogre_vendor/lib:/opt/ros/humble/lib/x86_64-linux-gnu:/opt/ros/humble/lib:/opt/MVS/lib/64:/opt/MVS/lib/32:/opt/MVS/lib/64:/opt/MVS/lib/32 PYTHONPATH=/home/yukki/Downloads/ros_ws/install/auto_aim_interfaces/local/lib/python3.10/dist-packages:${PYTHONPATH} /usr/bin/cmake --install /home/yukki/Downloads/ros_ws/build/rm_auto_aim
[0.858s] -- Install configuration: ""
[0.858s] -- Execute custom install script
[0.859s] -- Symlinking: /home/yukki/Downloads/ros_ws/install/rm_auto_aim/share/ament_index/resource_index/package_run_dependencies/rm_auto_aim
[0.868s] -- Symlinking: /home/yukki/Downloads/ros_ws/install/rm_auto_aim/share/ament_index/resource_index/parent_prefix_path/rm_auto_aim
[0.877s] -- Symlinking: /home/yukki/Downloads/ros_ws/install/rm_auto_aim/share/rm_auto_aim/environment/ament_prefix_path.sh
[0.886s] -- Symlinking: /home/yukki/Downloads/ros_ws/install/rm_auto_aim/share/rm_auto_aim/environment/ament_prefix_path.dsv
[0.895s] -- Symlinking: /home/yukki/Downloads/ros_ws/install/rm_auto_aim/share/rm_auto_aim/environment/path.sh
[0.904s] -- Symlinking: /home/yukki/Downloads/ros_ws/install/rm_auto_aim/share/rm_auto_aim/environment/path.dsv
[0.913s] -- Symlinking: /home/yukki/Downloads/ros_ws/install/rm_auto_aim/share/rm_auto_aim/local_setup.bash
[0.922s] -- Symlinking: /home/yukki/Downloads/ros_ws/install/rm_auto_aim/share/rm_auto_aim/local_setup.sh
[0.932s] -- Symlinking: /home/yukki/Downloads/ros_ws/install/rm_auto_aim/share/rm_auto_aim/local_setup.zsh
[0.941s] -- Symlinking: /home/yukki/Downloads/ros_ws/install/rm_auto_aim/share/rm_auto_aim/local_setup.dsv
[0.950s] -- Symlinking: /home/yukki/Downloads/ros_ws/install/rm_auto_aim/share/rm_auto_aim/package.dsv
[0.959s] -- Symlinking: /home/yukki/Downloads/ros_ws/install/rm_auto_aim/share/ament_index/resource_index/packages/rm_auto_aim
[0.968s] -- Symlinking: /home/yukki/Downloads/ros_ws/install/rm_auto_aim/share/rm_auto_aim/cmake/rm_auto_aimConfig.cmake
[0.977s] -- Symlinking: /home/yukki/Downloads/ros_ws/install/rm_auto_aim/share/rm_auto_aim/cmake/rm_auto_aimConfig-version.cmake
[0.986s] -- Symlinking: /home/yukki/Downloads/ros_ws/install/rm_auto_aim/share/rm_auto_aim/package.xml
[0.998s] Invoked command in '/home/yukki/Downloads/ros_ws/build/rm_auto_aim' returned '0': AMENT_PREFIX_PATH=/home/yukki/Downloads/ros_ws/install/armor_tracker:/home/yukki/Downloads/ros_ws/install/armor_detector:/home/yukki/Downloads/ros_ws/install/auto_aim_interfaces:${AMENT_PREFIX_PATH} CMAKE_PREFIX_PATH=/home/yukki/Downloads/ros_ws/install/armor_tracker:/home/yukki/Downloads/ros_ws/install/armor_detector:/home/yukki/Downloads/ros_ws/install/auto_aim_interfaces:/opt/ros/humble LD_LIBRARY_PATH=/home/yukki/Downloads/ros_ws/install/armor_tracker/lib:/home/yukki/Downloads/ros_ws/install/armor_detector/lib:/home/yukki/Downloads/ros_ws/install/auto_aim_interfaces/lib:/opt/MVS/lib/64:/opt/MVS/lib/32:/opt/ros/humble/opt/rviz_ogre_vendor/lib:/opt/ros/humble/lib/x86_64-linux-gnu:/opt/ros/humble/lib:/opt/MVS/lib/64:/opt/MVS/lib/32:/opt/MVS/lib/64:/opt/MVS/lib/32 PYTHONPATH=/home/yukki/Downloads/ros_ws/install/auto_aim_interfaces/local/lib/python3.10/dist-packages:${PYTHONPATH} /usr/bin/cmake --install /home/yukki/Downloads/ros_ws/build/rm_auto_aim
