[0.091s] Invoking command in '/home/yukki/Downloads/ros_ws/build/mindvision_camera': CMAKE_PREFIX_PATH=/opt/ros/humble /usr/bin/cmake /home/yukki/Downloads/ros_ws/src/ros2_mindvision_camera -DAMENT_CMAKE_SYMLINK_INSTALL=1 -DCMAKE_INSTALL_PREFIX=/home/yukki/Downloads/ros_ws/install/mindvision_camera
[0.161s] -- The C compiler identification is GNU 11.4.0
[0.221s] -- The CXX compiler identification is GNU 11.4.0
[0.230s] -- Detecting C compiler ABI info
[0.298s] -- Detecting C compiler ABI info - done
[0.307s] -- Check for working C compiler: /usr/bin/cc - skipped
[0.308s] -- Detecting C compile features
[0.308s] -- Detecting C compile features - done
[0.311s] -- Detecting CXX compiler ABI info
[0.385s] -- Detecting CXX compiler ABI info - done
[0.391s] -- Check for working CXX compiler: /usr/bin/c++ - skipped
[0.391s] -- Detecting CXX compile features
[0.391s] -- Detecting CXX compile features - done
[0.395s] -- Found ament_cmake_auto: 1.3.6 (/opt/ros/humble/share/ament_cmake_auto/cmake)
[0.719s] -- Found Python3: /usr/bin/python3.10 (found version "3.10.12") found components: Interpreter 
[0.780s] -- Override CMake install command with custom implementation using symlinks instead of copying resources
[0.907s] -- Found rosidl_generator_c: 3.1.5 (/opt/ros/humble/share/rosidl_generator_c/cmake)
[0.910s] -- Found rosidl_adapter: 3.1.5 (/opt/ros/humble/share/rosidl_adapter/cmake)
[0.917s] -- Found rosidl_generator_cpp: 3.1.5 (/opt/ros/humble/share/rosidl_generator_cpp/cmake)
[0.927s] -- Using all available rosidl_typesupport_c: rosidl_typesupport_fastrtps_c;rosidl_typesupport_introspection_c
[0.943s] -- Using all available rosidl_typesupport_cpp: rosidl_typesupport_fastrtps_cpp;rosidl_typesupport_introspection_cpp
[1.006s] -- Found rmw_implementation_cmake: 6.1.1 (/opt/ros/humble/share/rmw_implementation_cmake/cmake)
[1.009s] -- Found rmw_fastrtps_cpp: 6.2.5 (/opt/ros/humble/share/rmw_fastrtps_cpp/cmake)
[1.113s] -- Found OpenSSL: /usr/lib/x86_64-linux-gnu/libcrypto.so (found version "3.0.2")  
[1.142s] -- Found FastRTPS: /opt/ros/humble/include  
[1.189s] -- Using RMW implementation 'rmw_fastrtps_cpp' as default
[1.199s] -- Looking for pthread.h
[1.267s] -- Looking for pthread.h - found
[1.267s] -- Performing Test CMAKE_HAVE_LIBC_PTHREAD
[1.339s] -- Performing Test CMAKE_HAVE_LIBC_PTHREAD - Success
[1.340s] -- Found Threads: TRUE  
[1.717s] -- Found ament_lint_auto: 0.12.9 (/opt/ros/humble/share/ament_lint_auto/cmake)
[1.737s] -- Added test 'cppcheck' to perform static code analysis on C / C++ code
[1.737s] -- Configured cppcheck include dirs: /home/yukki/Downloads/ros_ws/src/ros2_mindvision_camera/mvsdk/include
[1.737s] -- Configured cppcheck exclude dirs and/or files: 
[1.737s] -- Added test 'flake8' to check Python code syntax and style conventions
[1.738s] -- Added test 'lint_cmake' to check CMake code style
[1.739s] -- Added test 'pep257' to check Python code against some of the docstring style conventions in PEP 257
[1.739s] -- Added test 'xmllint' to check XML markup files
[1.742s] -- Configuring done
[1.756s] -- Generating done
[1.757s] -- Build files have been written to: /home/yukki/Downloads/ros_ws/build/mindvision_camera
[1.768s] Invoked command in '/home/yukki/Downloads/ros_ws/build/mindvision_camera' returned '0': CMAKE_PREFIX_PATH=/opt/ros/humble /usr/bin/cmake /home/yukki/Downloads/ros_ws/src/ros2_mindvision_camera -DAMENT_CMAKE_SYMLINK_INSTALL=1 -DCMAKE_INSTALL_PREFIX=/home/yukki/Downloads/ros_ws/install/mindvision_camera
[1.769s] Invoking command in '/home/yukki/Downloads/ros_ws/build/mindvision_camera': CMAKE_PREFIX_PATH=/opt/ros/humble /usr/bin/cmake --build /home/yukki/Downloads/ros_ws/build/mindvision_camera -- -j16 -l16
[1.822s] [ 50%] [32mBuilding CXX object CMakeFiles/mindvision_camera.dir/src/mv_camera_node.cpp.o[0m
[1.822s] [ 50%] [32mBuilding CXX object CMakeFiles/mindvision_camera_node.dir/rclcpp_components/node_main_mindvision_camera_node.cpp.o[0m
[6.356s] [ 75%] [32m[1mLinking CXX executable mindvision_camera_node[0m
[6.518s] [ 75%] Built target mindvision_camera_node
[6.727s] [100%] [32m[1mLinking CXX shared library libmindvision_camera.so[0m
[6.869s] [100%] Built target mindvision_camera
[6.881s] Invoked command in '/home/yukki/Downloads/ros_ws/build/mindvision_camera' returned '0': CMAKE_PREFIX_PATH=/opt/ros/humble /usr/bin/cmake --build /home/yukki/Downloads/ros_ws/build/mindvision_camera -- -j16 -l16
[6.913s] Invoking command in '/home/yukki/Downloads/ros_ws/build/mindvision_camera': CMAKE_PREFIX_PATH=/opt/ros/humble /usr/bin/cmake --install /home/yukki/Downloads/ros_ws/build/mindvision_camera
[6.921s] -- Install configuration: ""
[6.921s] -- Execute custom install script
[6.922s] -- Symlinking: /home/yukki/Downloads/ros_ws/install/mindvision_camera/lib/mindvision_camera/mindvision_camera_node
[6.932s] -- Symlinking: /home/yukki/Downloads/ros_ws/install/mindvision_camera/share/mindvision_camera/environment/library_path.sh
[6.942s] -- Symlinking: /home/yukki/Downloads/ros_ws/install/mindvision_camera/share/mindvision_camera/environment/library_path.dsv
[6.952s] -- Symlinking: /home/yukki/Downloads/ros_ws/install/mindvision_camera/lib/libmindvision_camera.so
[6.964s] -- Symlinking: /home/yukki/Downloads/ros_ws/install/mindvision_camera/share/mindvision_camera/config/camera_info.yaml
[6.974s] -- Symlinking: /home/yukki/Downloads/ros_ws/install/mindvision_camera/share/mindvision_camera/config/camera_params.yaml
[6.985s] -- Symlinking: /home/yukki/Downloads/ros_ws/install/mindvision_camera/share/mindvision_camera/launch/mv_launch.py
[6.995s] -- Symlinking: /home/yukki/Downloads/ros_ws/install/mindvision_camera/share/ament_index/resource_index/package_run_dependencies/mindvision_camera
[7.005s] -- Symlinking: /home/yukki/Downloads/ros_ws/install/mindvision_camera/share/ament_index/resource_index/parent_prefix_path/mindvision_camera
[7.014s] -- Symlinking: /home/yukki/Downloads/ros_ws/install/mindvision_camera/share/mindvision_camera/environment/ament_prefix_path.sh
[7.025s] -- Symlinking: /home/yukki/Downloads/ros_ws/install/mindvision_camera/share/mindvision_camera/environment/ament_prefix_path.dsv
[7.035s] -- Symlinking: /home/yukki/Downloads/ros_ws/install/mindvision_camera/share/mindvision_camera/environment/path.sh
[7.045s] -- Symlinking: /home/yukki/Downloads/ros_ws/install/mindvision_camera/share/mindvision_camera/environment/path.dsv
[7.056s] -- Symlinking: /home/yukki/Downloads/ros_ws/install/mindvision_camera/share/mindvision_camera/local_setup.bash
[7.068s] -- Symlinking: /home/yukki/Downloads/ros_ws/install/mindvision_camera/share/mindvision_camera/local_setup.sh
[7.079s] -- Symlinking: /home/yukki/Downloads/ros_ws/install/mindvision_camera/share/mindvision_camera/local_setup.zsh
[7.089s] -- Symlinking: /home/yukki/Downloads/ros_ws/install/mindvision_camera/share/mindvision_camera/local_setup.dsv
[7.100s] -- Symlinking: /home/yukki/Downloads/ros_ws/install/mindvision_camera/share/mindvision_camera/package.dsv
[7.110s] -- Symlinking: /home/yukki/Downloads/ros_ws/install/mindvision_camera/share/ament_index/resource_index/packages/mindvision_camera
[7.120s] -- Symlinking: /home/yukki/Downloads/ros_ws/install/mindvision_camera/share/ament_index/resource_index/rclcpp_components/mindvision_camera
[7.129s] -- Symlinking: /home/yukki/Downloads/ros_ws/install/mindvision_camera/share/mindvision_camera/cmake/ament_cmake_export_dependencies-extras.cmake
[7.139s] -- Symlinking: /home/yukki/Downloads/ros_ws/install/mindvision_camera/share/mindvision_camera/cmake/ament_cmake_export_libraries-extras.cmake
[7.149s] -- Symlinking: /home/yukki/Downloads/ros_ws/install/mindvision_camera/share/mindvision_camera/cmake/mindvision_cameraConfig.cmake
[7.159s] -- Symlinking: /home/yukki/Downloads/ros_ws/install/mindvision_camera/share/mindvision_camera/cmake/mindvision_cameraConfig-version.cmake
[7.168s] -- Symlinking: /home/yukki/Downloads/ros_ws/install/mindvision_camera/share/mindvision_camera/package.xml
[7.180s] Invoked command in '/home/yukki/Downloads/ros_ws/build/mindvision_camera' returned '0': CMAKE_PREFIX_PATH=/opt/ros/humble /usr/bin/cmake --install /home/yukki/Downloads/ros_ws/build/mindvision_camera
