[0.118s] Invoking command in '/home/yukki/Downloads/ros_ws/build/armor_detector': AMENT_PREFIX_PATH=/home/yukki/Downloads/ros_ws/install/auto_aim_interfaces:${AMENT_PREFIX_PATH} CMAKE_PREFIX_PATH=/home/yukki/Downloads/ros_ws/install/auto_aim_interfaces:/opt/ros/humble LD_LIBRARY_PATH=/home/yukki/Downloads/ros_ws/install/auto_aim_interfaces/lib:/opt/MVS/lib/64:/opt/MVS/lib/32:/opt/ros/humble/opt/rviz_ogre_vendor/lib:/opt/ros/humble/lib/x86_64-linux-gnu:/opt/ros/humble/lib:/opt/MVS/lib/64:/opt/MVS/lib/32:/opt/MVS/lib/64:/opt/MVS/lib/32 PYTHONPATH=/home/yukki/Downloads/ros_ws/install/auto_aim_interfaces/local/lib/python3.10/dist-packages:${PYTHONPATH} /usr/bin/cmake --build /home/yukki/Downloads/ros_ws/build/armor_detector -- -j16 -l16
[0.141s] -- Found ament_cmake_auto: 1.3.6 (/opt/ros/humble/share/ament_cmake_auto/cmake)
[0.255s] -- Override CMake install command with custom implementation using symlinks instead of copying resources
[0.263s] -- Found OpenCV: /usr/local (found suitable exact version "4.8.0") 
[0.339s] -- Found rosidl_generator_c: 3.1.5 (/opt/ros/humble/share/rosidl_generator_c/cmake)
[0.341s] -- Found rosidl_adapter: 3.1.5 (/opt/ros/humble/share/rosidl_adapter/cmake)
[0.346s] -- Found rosidl_generator_cpp: 3.1.5 (/opt/ros/humble/share/rosidl_generator_cpp/cmake)
[0.355s] -- Using all available rosidl_typesupport_c: rosidl_typesupport_fastrtps_c;rosidl_typesupport_introspection_c
[0.368s] -- Using all available rosidl_typesupport_cpp: rosidl_typesupport_fastrtps_cpp;rosidl_typesupport_introspection_cpp
[0.413s] -- Found rmw_implementation_cmake: 6.1.1 (/opt/ros/humble/share/rmw_implementation_cmake/cmake)
[0.414s] -- Found rmw_fastrtps_cpp: 6.2.5 (/opt/ros/humble/share/rmw_fastrtps_cpp/cmake)
[0.530s] -- Using RMW implementation 'rmw_fastrtps_cpp' as default
[0.963s] -- Found eigen3_cmake_module: 0.1.1 (/opt/ros/humble/share/eigen3_cmake_module/cmake)
[0.964s] -- Ensuring Eigen3 include directory is part of orocos-kdl CMake target
[1.170s] -- Found ament_lint_auto: 0.12.9 (/opt/ros/humble/share/ament_lint_auto/cmake)
[1.174s] -- Found ament_cmake_gtest: 1.3.6 (/opt/ros/humble/share/ament_cmake_gtest/cmake)
[1.175s] -- Found gtest sources under '/opt/ros/humble/src/gtest_vendor': C++ tests using 'Google Test' will be built
[1.185s] -- Added test 'cppcheck' to perform static code analysis on C / C++ code
[1.185s] -- Configured cppcheck include dirs: /home/yukki/Downloads/ros_ws/src/rm_auto_aim/armor_detector/include
[1.185s] -- Configured cppcheck exclude dirs and/or files: 
[1.186s] -- Added test 'lint_cmake' to check CMake code style
[1.187s] -- Added test 'xmllint' to check XML markup files
[1.189s] -- Added test 'clang_format' to check C / C++ code style
[1.190s] -- Configuring done
[1.217s] -- Generating done
[1.220s] -- Build files have been written to: /home/yukki/Downloads/ros_ws/build/armor_detector
[1.246s] [35m[1mConsolidate compiler generated dependencies of target gtest_main[0m
[1.246s] [35m[1mConsolidate compiler generated dependencies of target gtest[0m
[1.246s] [35m[1mConsolidate compiler generated dependencies of target armor_detector_node[0m
[1.248s] [35m[1mConsolidate compiler generated dependencies of target armor_detector[0m
[1.260s] [ 25%] Built target gtest_main
[1.260s] [ 25%] Built target gtest
[1.263s] [ 37%] Built target armor_detector_node
[1.277s] [ 75%] Built target armor_detector
[1.288s] [35m[1mConsolidate compiler generated dependencies of target test_number_cls[0m
[1.288s] [35m[1mConsolidate compiler generated dependencies of target test_node_startup[0m
[1.303s] [ 87%] Built target test_number_cls
[1.308s] [100%] Built target test_node_startup
[1.320s] Invoked command in '/home/yukki/Downloads/ros_ws/build/armor_detector' returned '0': AMENT_PREFIX_PATH=/home/yukki/Downloads/ros_ws/install/auto_aim_interfaces:${AMENT_PREFIX_PATH} CMAKE_PREFIX_PATH=/home/yukki/Downloads/ros_ws/install/auto_aim_interfaces:/opt/ros/humble LD_LIBRARY_PATH=/home/yukki/Downloads/ros_ws/install/auto_aim_interfaces/lib:/opt/MVS/lib/64:/opt/MVS/lib/32:/opt/ros/humble/opt/rviz_ogre_vendor/lib:/opt/ros/humble/lib/x86_64-linux-gnu:/opt/ros/humble/lib:/opt/MVS/lib/64:/opt/MVS/lib/32:/opt/MVS/lib/64:/opt/MVS/lib/32 PYTHONPATH=/home/yukki/Downloads/ros_ws/install/auto_aim_interfaces/local/lib/python3.10/dist-packages:${PYTHONPATH} /usr/bin/cmake --build /home/yukki/Downloads/ros_ws/build/armor_detector -- -j16 -l16
[1.367s] Invoking command in '/home/yukki/Downloads/ros_ws/build/armor_detector': AMENT_PREFIX_PATH=/home/yukki/Downloads/ros_ws/install/auto_aim_interfaces:${AMENT_PREFIX_PATH} CMAKE_PREFIX_PATH=/home/yukki/Downloads/ros_ws/install/auto_aim_interfaces:/opt/ros/humble LD_LIBRARY_PATH=/home/yukki/Downloads/ros_ws/install/auto_aim_interfaces/lib:/opt/MVS/lib/64:/opt/MVS/lib/32:/opt/ros/humble/opt/rviz_ogre_vendor/lib:/opt/ros/humble/lib/x86_64-linux-gnu:/opt/ros/humble/lib:/opt/MVS/lib/64:/opt/MVS/lib/32:/opt/MVS/lib/64:/opt/MVS/lib/32 PYTHONPATH=/home/yukki/Downloads/ros_ws/install/auto_aim_interfaces/local/lib/python3.10/dist-packages:${PYTHONPATH} /usr/bin/cmake --install /home/yukki/Downloads/ros_ws/build/armor_detector
[1.374s] -- Install configuration: ""
[1.374s] -- Execute custom install script
[1.374s] -- Up-to-date symlink: /home/yukki/Downloads/ros_ws/install/armor_detector/lib/armor_detector/armor_detector_node
[1.375s] -- Up-to-date symlink: /home/yukki/Downloads/ros_ws/install/armor_detector/include/armor_detector/armor.hpp
[1.375s] -- Up-to-date symlink: /home/yukki/Downloads/ros_ws/install/armor_detector/include/armor_detector/detector.hpp
[1.375s] -- Up-to-date symlink: /home/yukki/Downloads/ros_ws/install/armor_detector/include/armor_detector/detector_node.hpp
[1.375s] -- Up-to-date symlink: /home/yukki/Downloads/ros_ws/install/armor_detector/include/armor_detector/number_classifier.hpp
[1.375s] -- Up-to-date symlink: /home/yukki/Downloads/ros_ws/install/armor_detector/include/armor_detector/pnp_solver.hpp
[1.375s] -- Up-to-date symlink: /home/yukki/Downloads/ros_ws/install/armor_detector/share/armor_detector/environment/library_path.sh
[1.375s] -- Up-to-date symlink: /home/yukki/Downloads/ros_ws/install/armor_detector/share/armor_detector/environment/library_path.dsv
[1.376s] -- Up-to-date symlink: /home/yukki/Downloads/ros_ws/install/armor_detector/lib/libarmor_detector.so
[1.376s] -- Up-to-date symlink: /home/yukki/Downloads/ros_ws/install/armor_detector/share/armor_detector/model/label.txt
[1.376s] -- Up-to-date symlink: /home/yukki/Downloads/ros_ws/install/armor_detector/share/armor_detector/model/mlp.onnx
[1.376s] -- Up-to-date symlink: /home/yukki/Downloads/ros_ws/install/armor_detector/share/ament_index/resource_index/package_run_dependencies/armor_detector
[1.376s] -- Up-to-date symlink: /home/yukki/Downloads/ros_ws/install/armor_detector/share/ament_index/resource_index/parent_prefix_path/armor_detector
[1.376s] -- Up-to-date symlink: /home/yukki/Downloads/ros_ws/install/armor_detector/share/armor_detector/environment/ament_prefix_path.sh
[1.376s] -- Up-to-date symlink: /home/yukki/Downloads/ros_ws/install/armor_detector/share/armor_detector/environment/ament_prefix_path.dsv
[1.377s] -- Up-to-date symlink: /home/yukki/Downloads/ros_ws/install/armor_detector/share/armor_detector/environment/path.sh
[1.377s] -- Up-to-date symlink: /home/yukki/Downloads/ros_ws/install/armor_detector/share/armor_detector/environment/path.dsv
[1.377s] -- Up-to-date symlink: /home/yukki/Downloads/ros_ws/install/armor_detector/share/armor_detector/local_setup.bash
[1.377s] -- Up-to-date symlink: /home/yukki/Downloads/ros_ws/install/armor_detector/share/armor_detector/local_setup.sh
[1.377s] -- Up-to-date symlink: /home/yukki/Downloads/ros_ws/install/armor_detector/share/armor_detector/local_setup.zsh
[1.377s] -- Up-to-date symlink: /home/yukki/Downloads/ros_ws/install/armor_detector/share/armor_detector/local_setup.dsv
[1.377s] -- Symlinking: /home/yukki/Downloads/ros_ws/install/armor_detector/share/armor_detector/package.dsv
[1.387s] -- Up-to-date symlink: /home/yukki/Downloads/ros_ws/install/armor_detector/share/ament_index/resource_index/packages/armor_detector
[1.387s] -- Up-to-date symlink: /home/yukki/Downloads/ros_ws/install/armor_detector/share/ament_index/resource_index/rclcpp_components/armor_detector
[1.387s] -- Up-to-date symlink: /home/yukki/Downloads/ros_ws/install/armor_detector/share/armor_detector/cmake/ament_cmake_export_dependencies-extras.cmake
[1.387s] -- Up-to-date symlink: /home/yukki/Downloads/ros_ws/install/armor_detector/share/armor_detector/cmake/ament_cmake_export_include_directories-extras.cmake
[1.387s] -- Up-to-date symlink: /home/yukki/Downloads/ros_ws/install/armor_detector/share/armor_detector/cmake/ament_cmake_export_libraries-extras.cmake
[1.387s] -- Up-to-date symlink: /home/yukki/Downloads/ros_ws/install/armor_detector/share/armor_detector/cmake/armor_detectorConfig.cmake
[1.387s] -- Up-to-date symlink: /home/yukki/Downloads/ros_ws/install/armor_detector/share/armor_detector/cmake/armor_detectorConfig-version.cmake
[1.387s] -- Up-to-date symlink: /home/yukki/Downloads/ros_ws/install/armor_detector/share/armor_detector/package.xml
[1.389s] Invoked command in '/home/yukki/Downloads/ros_ws/build/armor_detector' returned '0': AMENT_PREFIX_PATH=/home/yukki/Downloads/ros_ws/install/auto_aim_interfaces:${AMENT_PREFIX_PATH} CMAKE_PREFIX_PATH=/home/yukki/Downloads/ros_ws/install/auto_aim_interfaces:/opt/ros/humble LD_LIBRARY_PATH=/home/yukki/Downloads/ros_ws/install/auto_aim_interfaces/lib:/opt/MVS/lib/64:/opt/MVS/lib/32:/opt/ros/humble/opt/rviz_ogre_vendor/lib:/opt/ros/humble/lib/x86_64-linux-gnu:/opt/ros/humble/lib:/opt/MVS/lib/64:/opt/MVS/lib/32:/opt/MVS/lib/64:/opt/MVS/lib/32 PYTHONPATH=/home/yukki/Downloads/ros_ws/install/auto_aim_interfaces/local/lib/python3.10/dist-packages:${PYTHONPATH} /usr/bin/cmake --install /home/yukki/Downloads/ros_ws/build/armor_detector
