[0.145s] Invoking command in '/home/yukki/Downloads/ros_ws/src/build/mindvision_camera': CMAKE_PREFIX_PATH=${CMAKE_PREFIX_PATH}:/opt/ros/humble /usr/bin/cmake /home/yukki/Downloads/ros_ws/src/ros2_mindvision_camera -DAMENT_CMAKE_SYMLINK_INSTALL=1 -DCMAKE_INSTALL_PREFIX=/home/yukki/Downloads/ros_ws/src/install/mindvision_camera
[0.245s] -- The C compiler identification is GNU 11.4.0
[0.320s] -- The CXX compiler identification is GNU 11.4.0
[0.330s] -- Detecting C compiler ABI info
[0.408s] -- Detecting C compiler ABI info - done
[0.413s] -- Check for working C compiler: /usr/bin/cc - skipped
[0.414s] -- Detecting C compile features
[0.414s] -- Detecting C compile features - done
[0.418s] -- Detecting CXX compiler ABI info
[0.506s] -- Detecting CXX compiler ABI info - done
[0.512s] -- Check for working CXX compiler: /usr/bin/c++ - skipped
[0.512s] -- Detecting CXX compile features
[0.512s] -- Detecting CXX compile features - done
[0.516s] -- Found ament_cmake_auto: 1.3.6 (/opt/ros/humble/share/ament_cmake_auto/cmake)
[0.878s] -- Found Python3: /usr/bin/python3.10 (found version "3.10.12") found components: Interpreter 
[0.939s] -- Override CMake install command with custom implementation using symlinks instead of copying resources
[1.121s] -- Found rosidl_generator_c: 3.1.5 (/opt/ros/humble/share/rosidl_generator_c/cmake)
[1.128s] -- Found rosidl_adapter: 3.1.5 (/opt/ros/humble/share/rosidl_adapter/cmake)
[1.140s] -- Found rosidl_generator_cpp: 3.1.5 (/opt/ros/humble/share/rosidl_generator_cpp/cmake)
[1.154s] -- Using all available rosidl_typesupport_c: rosidl_typesupport_fastrtps_c;rosidl_typesupport_introspection_c
[1.179s] -- Using all available rosidl_typesupport_cpp: rosidl_typesupport_fastrtps_cpp;rosidl_typesupport_introspection_cpp
[1.259s] -- Found rmw_implementation_cmake: 6.1.1 (/opt/ros/humble/share/rmw_implementation_cmake/cmake)
[1.264s] -- Found rmw_fastrtps_cpp: 6.2.5 (/opt/ros/humble/share/rmw_fastrtps_cpp/cmake)
[1.403s] -- Found OpenSSL: /usr/lib/x86_64-linux-gnu/libcrypto.so (found version "3.0.2")  
[1.447s] -- Found FastRTPS: /opt/ros/humble/include  
[1.514s] -- Using RMW implementation 'rmw_fastrtps_cpp' as default
[1.530s] -- Looking for pthread.h
[1.619s] -- Looking for pthread.h - found
[1.619s] -- Performing Test CMAKE_HAVE_LIBC_PTHREAD
[1.702s] -- Performing Test CMAKE_HAVE_LIBC_PTHREAD - Success
[1.703s] -- Found Threads: TRUE  
[2.132s] -- Found ament_lint_auto: 0.12.9 (/opt/ros/humble/share/ament_lint_auto/cmake)
[2.171s] -- Added test 'cppcheck' to perform static code analysis on C / C++ code
[2.171s] -- Configured cppcheck include dirs: /home/yukki/Downloads/ros_ws/src/ros2_mindvision_camera/mvsdk/include
[2.171s] -- Configured cppcheck exclude dirs and/or files: 
[2.172s] -- Added test 'flake8' to check Python code syntax and style conventions
[2.173s] -- Added test 'lint_cmake' to check CMake code style
[2.174s] -- Added test 'pep257' to check Python code against some of the docstring style conventions in PEP 257
[2.175s] -- Added test 'xmllint' to check XML markup files
[2.178s] -- Configuring done
[2.195s] -- Generating done
[2.197s] -- Build files have been written to: /home/yukki/Downloads/ros_ws/src/build/mindvision_camera
[2.209s] Invoked command in '/home/yukki/Downloads/ros_ws/src/build/mindvision_camera' returned '0': CMAKE_PREFIX_PATH=${CMAKE_PREFIX_PATH}:/opt/ros/humble /usr/bin/cmake /home/yukki/Downloads/ros_ws/src/ros2_mindvision_camera -DAMENT_CMAKE_SYMLINK_INSTALL=1 -DCMAKE_INSTALL_PREFIX=/home/yukki/Downloads/ros_ws/src/install/mindvision_camera
[2.210s] Invoking command in '/home/yukki/Downloads/ros_ws/src/build/mindvision_camera': CMAKE_PREFIX_PATH=${CMAKE_PREFIX_PATH}:/opt/ros/humble /usr/bin/cmake --build /home/yukki/Downloads/ros_ws/src/build/mindvision_camera -- -j16 -l16
[2.272s] [ 50%] [32mBuilding CXX object CMakeFiles/mindvision_camera.dir/src/mv_camera_node.cpp.o[0m
[2.272s] [ 50%] [32mBuilding CXX object CMakeFiles/mindvision_camera_node.dir/rclcpp_components/node_main_mindvision_camera_node.cpp.o[0m
[7.963s] [ 75%] [32m[1mLinking CXX executable mindvision_camera_node[0m
[8.151s] [100%] [32m[1mLinking CXX shared library libmindvision_camera.so[0m
[8.161s] [100%] Built target mindvision_camera_node
[8.327s] [100%] Built target mindvision_camera
[8.343s] Invoked command in '/home/yukki/Downloads/ros_ws/src/build/mindvision_camera' returned '0': CMAKE_PREFIX_PATH=${CMAKE_PREFIX_PATH}:/opt/ros/humble /usr/bin/cmake --build /home/yukki/Downloads/ros_ws/src/build/mindvision_camera -- -j16 -l16
[8.389s] Invoking command in '/home/yukki/Downloads/ros_ws/src/build/mindvision_camera': CMAKE_PREFIX_PATH=${CMAKE_PREFIX_PATH}:/opt/ros/humble /usr/bin/cmake --install /home/yukki/Downloads/ros_ws/src/build/mindvision_camera
[8.401s] -- Install configuration: ""
[8.401s] -- Execute custom install script
[8.402s] -- Symlinking: /home/yukki/Downloads/ros_ws/src/install/mindvision_camera/lib/mindvision_camera/mindvision_camera_node
[8.417s] -- Symlinking: /home/yukki/Downloads/ros_ws/src/install/mindvision_camera/share/mindvision_camera/environment/library_path.sh
[8.431s] -- Symlinking: /home/yukki/Downloads/ros_ws/src/install/mindvision_camera/share/mindvision_camera/environment/library_path.dsv
[8.445s] -- Symlinking: /home/yukki/Downloads/ros_ws/src/install/mindvision_camera/lib/libmindvision_camera.so
[8.460s] -- Symlinking: /home/yukki/Downloads/ros_ws/src/install/mindvision_camera/share/mindvision_camera/config/camera_info.yaml
[8.472s] -- Symlinking: /home/yukki/Downloads/ros_ws/src/install/mindvision_camera/share/mindvision_camera/config/camera_params.yaml
[8.485s] -- Symlinking: /home/yukki/Downloads/ros_ws/src/install/mindvision_camera/share/mindvision_camera/launch/mv_launch.py
[8.498s] -- Symlinking: /home/yukki/Downloads/ros_ws/src/install/mindvision_camera/share/ament_index/resource_index/package_run_dependencies/mindvision_camera
[8.512s] -- Symlinking: /home/yukki/Downloads/ros_ws/src/install/mindvision_camera/share/ament_index/resource_index/parent_prefix_path/mindvision_camera
[8.525s] -- Symlinking: /home/yukki/Downloads/ros_ws/src/install/mindvision_camera/share/mindvision_camera/environment/ament_prefix_path.sh
[8.538s] -- Symlinking: /home/yukki/Downloads/ros_ws/src/install/mindvision_camera/share/mindvision_camera/environment/ament_prefix_path.dsv
[8.550s] -- Symlinking: /home/yukki/Downloads/ros_ws/src/install/mindvision_camera/share/mindvision_camera/environment/path.sh
[8.562s] -- Symlinking: /home/yukki/Downloads/ros_ws/src/install/mindvision_camera/share/mindvision_camera/environment/path.dsv
[8.573s] -- Symlinking: /home/yukki/Downloads/ros_ws/src/install/mindvision_camera/share/mindvision_camera/local_setup.bash
[8.584s] -- Symlinking: /home/yukki/Downloads/ros_ws/src/install/mindvision_camera/share/mindvision_camera/local_setup.sh
[8.595s] -- Symlinking: /home/yukki/Downloads/ros_ws/src/install/mindvision_camera/share/mindvision_camera/local_setup.zsh
[8.608s] -- Symlinking: /home/yukki/Downloads/ros_ws/src/install/mindvision_camera/share/mindvision_camera/local_setup.dsv
[8.619s] -- Symlinking: /home/yukki/Downloads/ros_ws/src/install/mindvision_camera/share/mindvision_camera/package.dsv
[8.631s] -- Symlinking: /home/yukki/Downloads/ros_ws/src/install/mindvision_camera/share/ament_index/resource_index/packages/mindvision_camera
[8.642s] -- Symlinking: /home/yukki/Downloads/ros_ws/src/install/mindvision_camera/share/ament_index/resource_index/rclcpp_components/mindvision_camera
[8.653s] -- Symlinking: /home/yukki/Downloads/ros_ws/src/install/mindvision_camera/share/mindvision_camera/cmake/ament_cmake_export_dependencies-extras.cmake
[8.664s] -- Symlinking: /home/yukki/Downloads/ros_ws/src/install/mindvision_camera/share/mindvision_camera/cmake/ament_cmake_export_libraries-extras.cmake
[8.674s] -- Symlinking: /home/yukki/Downloads/ros_ws/src/install/mindvision_camera/share/mindvision_camera/cmake/mindvision_cameraConfig.cmake
[8.686s] -- Symlinking: /home/yukki/Downloads/ros_ws/src/install/mindvision_camera/share/mindvision_camera/cmake/mindvision_cameraConfig-version.cmake
[8.698s] -- Symlinking: /home/yukki/Downloads/ros_ws/src/install/mindvision_camera/share/mindvision_camera/package.xml
[8.713s] Invoked command in '/home/yukki/Downloads/ros_ws/src/build/mindvision_camera' returned '0': CMAKE_PREFIX_PATH=${CMAKE_PREFIX_PATH}:/opt/ros/humble /usr/bin/cmake --install /home/yukki/Downloads/ros_ws/src/build/mindvision_camera
