Info    2023-12-27 23:58:45  DevID:MV-CA003-21UC(00D10039619)  Source-Line:libMvCameraControl.so(CInterfaceManager.cpp-L0810)     Description:Current dynamic library path[/usr/local/lib/libMvCameraControl.so]     Solution:
Info    2023-12-27 23:58:45  DevID:MV-CA003-21UC(00D10039619)  Source-Line:libMvCameraControl.so(CInterfaceManager.cpp-L0814)     Description:[MV_CC_CreateHandle] return[0x0]     Solution:
Info    2023-12-27 23:58:45  DevID:MV-CA003-21UC(00D10039619)  Source-Line:libMvCameraControl.so(CInterfaceManager.cpp-L5906)     Description:CamCtrl[0x300000a], U3V SDKVersion[0x300000a], DriverVersion[0x0]     Solution:
Info    2023-12-27 23:58:45  DevID:MV-CA003-21UC(00D10039619)  Source-Line:libMvCameraControl.so(CInterfaceManager.cpp-L3992)     Description:[MV_CC_InvalidateNodes] return[0x0]     Solution:
Info    2023-12-27 23:58:45  DevID:MV-CA003-21UC(00D10039619)  Source-Line:libMvCameraControl.so(CInterfaceManager.cpp-L1088)     Description:[MV_CC_OpenDevice] nPrivilegeMode[1], nSwitchoverKey[0], return[0x0]     Solution:
Error   2023-12-27 23:58:45  DevID:MV-CA003-21UC(00D10039619)  Source-Line:libMvCameraControl.so(XmlParse.cpp-L2269)     Description:SetNodeValue [Width], [Value = 1440 must be equal or smaller than Max = 640. : OutOfRangeException thrown in node 'Width' while calling 'Width.SetValue()' (file 'IntegerT.h', line 79)]     Solution:
Error   2023-12-27 23:58:45  DevID:MV-CA003-21UC(00D10039619)  Source-Line:libMvCameraControl.so(CInterfaceManager.cpp-L3655)     Description:[MV_CC_SetIntValue] Property[Width], Value[1440], return[0x80000102]     Solution:
Info    2023-12-27 23:58:45  DevID:MV-CA003-21UC(00D10039619)  Source-Line:libMvCameraControl.so(CInterfaceManager.cpp-L1623)     Description:U3V, DeviceModelName[MV-CA003-21UC], DeviceFirmwareVersion[V1.4.9 190102,19010201], DeviceMaxThroughput[387500000]     Solution:
Info    2023-12-27 23:58:45  DevID:MV-CA003-21UC(00D10039619)  Source-Line:libMvCameraControl.so(CInterfaceManager.cpp-L1628)     Description:U3V, Width[640], Height[480], OffsetX[0], OffsetY[0], PixelFormat[0x1080009], AcquisitionMode[2]     Solution:
Info    2023-12-27 23:58:45  DevID:MV-CA003-21UC(00D10039619)  Source-Line:libMvCameraControl.so(CInterfaceManager.cpp-L1633)     Description:U3V, TriggerMode[0], ResultingFrameRate[400.00], ExposureTime[2313.00], ExposureAuto[0], PayloadSize[307200]     Solution:
Info    2023-12-27 23:58:45  DevID:MV-CA003-21UC(00D10039619)  Source-Line:libMvCameraControl.so(CInterfaceManager.cpp-L1712)     Description:There is no registration callback     Solution:
Info    2023-12-27 23:58:45  DevID:MV-CA003-21UC(00D10039619)  Source-Line:libMvCameraControl.so(CInterfaceManager.cpp-L5564)     Description:CamCtrl RecvThread Start, ThreadId[1909433920]     Solution:
Info    2023-12-27 23:58:45  DevID:MV-CA003-21UC(00D10039619)  Source-Line:libMvCameraControl.so(CInterfaceManager.cpp-L5390)     Description:CamCtrl Display Thread Start, ThreadId[1901041216]     Solution:
Info    2023-12-27 23:58:45  DevID:MV-CA003-21UC(00D10039619)  Source-Line:libMvCameraControl.so(CInterfaceManager.cpp-L1717)     Description:[MV_CC_StartGrabbing] return[0x0]     Solution:
Info    2023-12-28 00:03:32  DevID:MV-CA003-21UC(00D10039619)  Source-Line:libMvCameraControl.so(CInterfaceManager.cpp-L0810)     Description:Current dynamic library path[/usr/local/lib/libMvCameraControl.so]     Solution:
Info    2023-12-28 00:03:32  DevID:MV-CA003-21UC(00D10039619)  Source-Line:libMvCameraControl.so(CInterfaceManager.cpp-L0814)     Description:[MV_CC_CreateHandle] return[0x0]     Solution:
Info    2023-12-28 00:03:32  DevID:MV-CA003-21UC(00D10039619)  Source-Line:libMvCameraControl.so(CInterfaceManager.cpp-L5906)     Description:CamCtrl[0x300000a], U3V SDKVersion[0x300000a], DriverVersion[0x0]     Solution:
Info    2023-12-28 00:03:33  DevID:MV-CA003-21UC(00D10039619)  Source-Line:libMvCameraControl.so(CInterfaceManager.cpp-L3992)     Description:[MV_CC_InvalidateNodes] return[0x0]     Solution:
Info    2023-12-28 00:03:33  DevID:MV-CA003-21UC(00D10039619)  Source-Line:libMvCameraControl.so(CInterfaceManager.cpp-L1088)     Description:[MV_CC_OpenDevice] nPrivilegeMode[1], nSwitchoverKey[0], return[0x0]     Solution:
Error   2023-12-28 00:03:33  DevID:MV-CA003-21UC(00D10039619)  Source-Line:libMvCameraControl.so(XmlParse.cpp-L2269)     Description:SetNodeValue [Width], [Value = 1440 must be equal or smaller than Max = 640. : OutOfRangeException thrown in node 'Width' while calling 'Width.SetValue()' (file 'IntegerT.h', line 79)]     Solution:
Error   2023-12-28 00:03:33  DevID:MV-CA003-21UC(00D10039619)  Source-Line:libMvCameraControl.so(CInterfaceManager.cpp-L3655)     Description:[MV_CC_SetIntValue] Property[Width], Value[1440], return[0x80000102]     Solution:
Info    2023-12-28 00:03:33  DevID:MV-CA003-21UC(00D10039619)  Source-Line:libMvCameraControl.so(CInterfaceManager.cpp-L1623)     Description:U3V, DeviceModelName[MV-CA003-21UC], DeviceFirmwareVersion[V1.4.9 190102,19010201], DeviceMaxThroughput[387500000]     Solution:
Info    2023-12-28 00:03:33  DevID:MV-CA003-21UC(00D10039619)  Source-Line:libMvCameraControl.so(CInterfaceManager.cpp-L1628)     Description:U3V, Width[640], Height[480], OffsetX[0], OffsetY[0], PixelFormat[0x1080009], AcquisitionMode[2]     Solution:
Info    2023-12-28 00:03:33  DevID:MV-CA003-21UC(00D10039619)  Source-Line:libMvCameraControl.so(CInterfaceManager.cpp-L1633)     Description:U3V, TriggerMode[0], ResultingFrameRate[390.32], ExposureTime[2400.00], ExposureAuto[0], PayloadSize[307200]     Solution:
Info    2023-12-28 00:03:33  DevID:MV-CA003-21UC(00D10039619)  Source-Line:libMvCameraControl.so(CInterfaceManager.cpp-L1712)     Description:There is no registration callback     Solution:
Info    2023-12-28 00:03:33  DevID:MV-CA003-21UC(00D10039619)  Source-Line:libMvCameraControl.so(CInterfaceManager.cpp-L5564)     Description:CamCtrl RecvThread Start, ThreadId[1085249088]     Solution:
Info    2023-12-28 00:03:33  DevID:MV-CA003-21UC(00D10039619)  Source-Line:libMvCameraControl.so(CInterfaceManager.cpp-L5390)     Description:CamCtrl Display Thread Start, ThreadId[805303872]     Solution:
Info    2023-12-28 00:03:33  DevID:MV-CA003-21UC(00D10039619)  Source-Line:libMvCameraControl.so(CInterfaceManager.cpp-L1717)     Description:[MV_CC_StartGrabbing] return[0x0]     Solution:
Info    2023-12-28 00:05:14  DevID:MV-CA003-21UC(00D10039619)  Source-Line:libMvCameraControl.so(CInterfaceManager.cpp-L0810)     Description:Current dynamic library path[/usr/local/lib/libMvCameraControl.so]     Solution:
Info    2023-12-28 00:05:14  DevID:MV-CA003-21UC(00D10039619)  Source-Line:libMvCameraControl.so(CInterfaceManager.cpp-L0814)     Description:[MV_CC_CreateHandle] return[0x0]     Solution:
Info    2023-12-28 00:05:14  DevID:MV-CA003-21UC(00D10039619)  Source-Line:libMvCameraControl.so(CInterfaceManager.cpp-L5906)     Description:CamCtrl[0x300000a], U3V SDKVersion[0x300000a], DriverVersion[0x0]     Solution:
Info    2023-12-28 00:05:15  DevID:MV-CA003-21UC(00D10039619)  Source-Line:libMvCameraControl.so(CInterfaceManager.cpp-L3992)     Description:[MV_CC_InvalidateNodes] return[0x0]     Solution:
Info    2023-12-28 00:05:15  DevID:MV-CA003-21UC(00D10039619)  Source-Line:libMvCameraControl.so(CInterfaceManager.cpp-L1088)     Description:[MV_CC_OpenDevice] nPrivilegeMode[1], nSwitchoverKey[0], return[0x0]     Solution:
Error   2023-12-28 00:05:15  DevID:MV-CA003-21UC(00D10039619)  Source-Line:libMvCameraControl.so(XmlParse.cpp-L2269)     Description:SetNodeValue [Width], [Value = 1440 must be equal or smaller than Max = 640. : OutOfRangeException thrown in node 'Width' while calling 'Width.SetValue()' (file 'IntegerT.h', line 79)]     Solution:
Error   2023-12-28 00:05:15  DevID:MV-CA003-21UC(00D10039619)  Source-Line:libMvCameraControl.so(CInterfaceManager.cpp-L3655)     Description:[MV_CC_SetIntValue] Property[Width], Value[1440], return[0x80000102]     Solution:
Info    2023-12-28 00:05:15  DevID:MV-CA003-21UC(00D10039619)  Source-Line:libMvCameraControl.so(CInterfaceManager.cpp-L1623)     Description:U3V, DeviceModelName[MV-CA003-21UC], DeviceFirmwareVersion[V1.4.9 190102,19010201], DeviceMaxThroughput[387500000]     Solution:
Info    2023-12-28 00:05:15  DevID:MV-CA003-21UC(00D10039619)  Source-Line:libMvCameraControl.so(CInterfaceManager.cpp-L1628)     Description:U3V, Width[640], Height[480], OffsetX[0], OffsetY[0], PixelFormat[0x1080009], AcquisitionMode[2]     Solution:
Info    2023-12-28 00:05:15  DevID:MV-CA003-21UC(00D10039619)  Source-Line:libMvCameraControl.so(CInterfaceManager.cpp-L1633)     Description:U3V, TriggerMode[0], ResultingFrameRate[390.32], ExposureTime[2400.00], ExposureAuto[0], PayloadSize[307200]     Solution:
Info    2023-12-28 00:05:15  DevID:MV-CA003-21UC(00D10039619)  Source-Line:libMvCameraControl.so(CInterfaceManager.cpp-L1712)     Description:There is no registration callback     Solution:
Info    2023-12-28 00:05:15  DevID:MV-CA003-21UC(00D10039619)  Source-Line:libMvCameraControl.so(CInterfaceManager.cpp-L5564)     Description:CamCtrl RecvThread Start, ThreadId[780125760]     Solution:
Info    2023-12-28 00:05:15  DevID:MV-CA003-21UC(00D10039619)  Source-Line:libMvCameraControl.so(CInterfaceManager.cpp-L5390)     Description:CamCtrl Display Thread Start, ThreadId[771733056]     Solution:
Info    2023-12-28 00:05:15  DevID:MV-CA003-21UC(00D10039619)  Source-Line:libMvCameraControl.so(CInterfaceManager.cpp-L1717)     Description:[MV_CC_StartGrabbing] return[0x0]     Solution:
Info    2023-12-28 00:06:12  DevID:MV-CA003-21UC(00D10039619)  Source-Line:libMvCameraControl.so(CInterfaceManager.cpp-L0810)     Description:Current dynamic library path[/usr/local/lib/libMvCameraControl.so]     Solution:
Info    2023-12-28 00:06:12  DevID:MV-CA003-21UC(00D10039619)  Source-Line:libMvCameraControl.so(CInterfaceManager.cpp-L0814)     Description:[MV_CC_CreateHandle] return[0x0]     Solution:
Info    2023-12-28 00:06:12  DevID:MV-CA003-21UC(00D10039619)  Source-Line:libMvCameraControl.so(CInterfaceManager.cpp-L5906)     Description:CamCtrl[0x300000a], U3V SDKVersion[0x300000a], DriverVersion[0x0]     Solution:
Info    2023-12-28 00:06:13  DevID:MV-CA003-21UC(00D10039619)  Source-Line:libMvCameraControl.so(CInterfaceManager.cpp-L3992)     Description:[MV_CC_InvalidateNodes] return[0x0]     Solution:
Info    2023-12-28 00:06:13  DevID:MV-CA003-21UC(00D10039619)  Source-Line:libMvCameraControl.so(CInterfaceManager.cpp-L1088)     Description:[MV_CC_OpenDevice] nPrivilegeMode[1], nSwitchoverKey[0], return[0x0]     Solution:
Error   2023-12-28 00:06:13  DevID:MV-CA003-21UC(00D10039619)  Source-Line:libMvCameraControl.so(XmlParse.cpp-L2269)     Description:SetNodeValue [Width], [Value = 1440 must be equal or smaller than Max = 640. : OutOfRangeException thrown in node 'Width' while calling 'Width.SetValue()' (file 'IntegerT.h', line 79)]     Solution:
Error   2023-12-28 00:06:13  DevID:MV-CA003-21UC(00D10039619)  Source-Line:libMvCameraControl.so(CInterfaceManager.cpp-L3655)     Description:[MV_CC_SetIntValue] Property[Width], Value[1440], return[0x80000102]     Solution:
Info    2023-12-28 00:06:13  DevID:MV-CA003-21UC(00D10039619)  Source-Line:libMvCameraControl.so(CInterfaceManager.cpp-L1623)     Description:U3V, DeviceModelName[MV-CA003-21UC], DeviceFirmwareVersion[V1.4.9 190102,19010201], DeviceMaxThroughput[387500000]     Solution:
Info    2023-12-28 00:06:13  DevID:MV-CA003-21UC(00D10039619)  Source-Line:libMvCameraControl.so(CInterfaceManager.cpp-L1628)     Description:U3V, Width[640], Height[480], OffsetX[0], OffsetY[0], PixelFormat[0x1080009], AcquisitionMode[2]     Solution:
Info    2023-12-28 00:06:13  DevID:MV-CA003-21UC(00D10039619)  Source-Line:libMvCameraControl.so(CInterfaceManager.cpp-L1633)     Description:U3V, TriggerMode[0], ResultingFrameRate[390.32], ExposureTime[2400.00], ExposureAuto[0], PayloadSize[307200]     Solution:
Info    2023-12-28 00:06:13  DevID:MV-CA003-21UC(00D10039619)  Source-Line:libMvCameraControl.so(CInterfaceManager.cpp-L1712)     Description:There is no registration callback     Solution:
Info    2023-12-28 00:06:13  DevID:MV-CA003-21UC(00D10039619)  Source-Line:libMvCameraControl.so(CInterfaceManager.cpp-L5564)     Description:CamCtrl RecvThread Start, ThreadId[58713664]     Solution:
Info    2023-12-28 00:06:13  DevID:MV-CA003-21UC(00D10039619)  Source-Line:libMvCameraControl.so(CInterfaceManager.cpp-L1717)     Description:[MV_CC_StartGrabbing] return[0x0]     Solution:
Info    2023-12-28 00:06:13  DevID:MV-CA003-21UC(00D10039619)  Source-Line:libMvCameraControl.so(CInterfaceManager.cpp-L5390)     Description:CamCtrl Display Thread Start, ThreadId[50320960]     Solution:
Info    2023-12-28 00:08:57  DevID:MV-CA003-21UC(00D10039619)  Source-Line:libMvCameraControl.so(CInterfaceManager.cpp-L0810)     Description:Current dynamic library path[/usr/local/lib/libMvCameraControl.so]     Solution:
Info    2023-12-28 00:08:57  DevID:MV-CA003-21UC(00D10039619)  Source-Line:libMvCameraControl.so(CInterfaceManager.cpp-L0814)     Description:[MV_CC_CreateHandle] return[0x0]     Solution:
Info    2023-12-28 00:08:57  DevID:MV-CA003-21UC(00D10039619)  Source-Line:libMvCameraControl.so(CInterfaceManager.cpp-L5906)     Description:CamCtrl[0x300000a], U3V SDKVersion[0x300000a], DriverVersion[0x0]     Solution:
Info    2023-12-28 00:08:58  DevID:MV-CA003-21UC(00D10039619)  Source-Line:libMvCameraControl.so(CInterfaceManager.cpp-L3992)     Description:[MV_CC_InvalidateNodes] return[0x0]     Solution:
Info    2023-12-28 00:08:58  DevID:MV-CA003-21UC(00D10039619)  Source-Line:libMvCameraControl.so(CInterfaceManager.cpp-L1088)     Description:[MV_CC_OpenDevice] nPrivilegeMode[1], nSwitchoverKey[0], return[0x0]     Solution:
Error   2023-12-28 00:08:58  DevID:MV-CA003-21UC(00D10039619)  Source-Line:libMvCameraControl.so(XmlParse.cpp-L2269)     Description:SetNodeValue [Width], [Value = 1440 must be equal or smaller than Max = 640. : OutOfRangeException thrown in node 'Width' while calling 'Width.SetValue()' (file 'IntegerT.h', line 79)]     Solution:
Error   2023-12-28 00:08:58  DevID:MV-CA003-21UC(00D10039619)  Source-Line:libMvCameraControl.so(CInterfaceManager.cpp-L3655)     Description:[MV_CC_SetIntValue] Property[Width], Value[1440], return[0x80000102]     Solution:
Info    2023-12-28 00:08:58  DevID:MV-CA003-21UC(00D10039619)  Source-Line:libMvCameraControl.so(CInterfaceManager.cpp-L1623)     Description:U3V, DeviceModelName[MV-CA003-21UC], DeviceFirmwareVersion[V1.4.9 190102,19010201], DeviceMaxThroughput[387500000]     Solution:
Info    2023-12-28 00:08:58  DevID:MV-CA003-21UC(00D10039619)  Source-Line:libMvCameraControl.so(CInterfaceManager.cpp-L1628)     Description:U3V, Width[640], Height[480], OffsetX[0], OffsetY[0], PixelFormat[0x1080009], AcquisitionMode[2]     Solution:
Info    2023-12-28 00:08:58  DevID:MV-CA003-21UC(00D10039619)  Source-Line:libMvCameraControl.so(CInterfaceManager.cpp-L1633)     Description:U3V, TriggerMode[0], ResultingFrameRate[390.32], ExposureTime[2400.00], ExposureAuto[0], PayloadSize[307200]     Solution:
Info    2023-12-28 00:08:58  DevID:MV-CA003-21UC(00D10039619)  Source-Line:libMvCameraControl.so(CInterfaceManager.cpp-L1712)     Description:There is no registration callback     Solution:
Info    2023-12-28 00:08:58  DevID:MV-CA003-21UC(00D10039619)  Source-Line:libMvCameraControl.so(CInterfaceManager.cpp-L5564)     Description:CamCtrl RecvThread Start, ThreadId[1384105536]     Solution:
Info    2023-12-28 00:08:58  DevID:MV-CA003-21UC(00D10039619)  Source-Line:libMvCameraControl.so(CInterfaceManager.cpp-L5390)     Description:CamCtrl Display Thread Start, ThreadId[1375712832]     Solution:
Info    2023-12-28 00:08:58  DevID:MV-CA003-21UC(00D10039619)  Source-Line:libMvCameraControl.so(CInterfaceManager.cpp-L1717)     Description:[MV_CC_StartGrabbing] return[0x0]     Solution:
Info    2023-12-28 00:11:33  DevID:MV-CA003-21UC(00D10039619)  Source-Line:libMvCameraControl.so(CInterfaceManager.cpp-L0810)     Description:Current dynamic library path[/usr/local/lib/libMvCameraControl.so]     Solution:
Info    2023-12-28 00:11:33  DevID:MV-CA003-21UC(00D10039619)  Source-Line:libMvCameraControl.so(CInterfaceManager.cpp-L0814)     Description:[MV_CC_CreateHandle] return[0x0]     Solution:
Info    2023-12-28 00:11:33  DevID:MV-CA003-21UC(00D10039619)  Source-Line:libMvCameraControl.so(CInterfaceManager.cpp-L5906)     Description:CamCtrl[0x300000a], U3V SDKVersion[0x300000a], DriverVersion[0x0]     Solution:
Info    2023-12-28 00:11:34  DevID:MV-CA003-21UC(00D10039619)  Source-Line:libMvCameraControl.so(CInterfaceManager.cpp-L3992)     Description:[MV_CC_InvalidateNodes] return[0x0]     Solution:
Info    2023-12-28 00:11:34  DevID:MV-CA003-21UC(00D10039619)  Source-Line:libMvCameraControl.so(CInterfaceManager.cpp-L1088)     Description:[MV_CC_OpenDevice] nPrivilegeMode[1], nSwitchoverKey[0], return[0x0]     Solution:
Error   2023-12-28 00:11:34  DevID:MV-CA003-21UC(00D10039619)  Source-Line:libMvCameraControl.so(XmlParse.cpp-L2269)     Description:SetNodeValue [Width], [Value = 1440 must be equal or smaller than Max = 640. : OutOfRangeException thrown in node 'Width' while calling 'Width.SetValue()' (file 'IntegerT.h', line 79)]     Solution:
Error   2023-12-28 00:11:34  DevID:MV-CA003-21UC(00D10039619)  Source-Line:libMvCameraControl.so(CInterfaceManager.cpp-L3655)     Description:[MV_CC_SetIntValue] Property[Width], Value[1440], return[0x80000102]     Solution:
Info    2023-12-28 00:11:34  DevID:MV-CA003-21UC(00D10039619)  Source-Line:libMvCameraControl.so(CInterfaceManager.cpp-L1623)     Description:U3V, DeviceModelName[MV-CA003-21UC], DeviceFirmwareVersion[V1.4.9 190102,19010201], DeviceMaxThroughput[387500000]     Solution:
Info    2023-12-28 00:11:34  DevID:MV-CA003-21UC(00D10039619)  Source-Line:libMvCameraControl.so(CInterfaceManager.cpp-L1628)     Description:U3V, Width[640], Height[480], OffsetX[0], OffsetY[0], PixelFormat[0x1080009], AcquisitionMode[2]     Solution:
Info    2023-12-28 00:11:34  DevID:MV-CA003-21UC(00D10039619)  Source-Line:libMvCameraControl.so(CInterfaceManager.cpp-L1633)     Description:U3V, TriggerMode[0], ResultingFrameRate[390.32], ExposureTime[2400.00], ExposureAuto[0], PayloadSize[307200]     Solution:
Info    2023-12-28 00:11:34  DevID:MV-CA003-21UC(00D10039619)  Source-Line:libMvCameraControl.so(CInterfaceManager.cpp-L1712)     Description:There is no registration callback     Solution:
Info    2023-12-28 00:11:34  DevID:MV-CA003-21UC(00D10039619)  Source-Line:libMvCameraControl.so(CInterfaceManager.cpp-L5564)     Description:CamCtrl RecvThread Start, ThreadId[-2113948096]     Solution:
Info    2023-12-28 00:11:34  DevID:MV-CA003-21UC(00D10039619)  Source-Line:libMvCameraControl.so(CInterfaceManager.cpp-L5390)     Description:CamCtrl Display Thread Start, ThreadId[-2122340800]     Solution:
Info    2023-12-28 00:11:34  DevID:MV-CA003-21UC(00D10039619)  Source-Line:libMvCameraControl.so(CInterfaceManager.cpp-L1717)     Description:[MV_CC_StartGrabbing] return[0x0]     Solution:
Info    2023-12-28 22:49:45  DevID:MV-CA003-21UC(00D10039619)  Source-Line:libMvCameraControl.so(CInterfaceManager.cpp-L0810)     Description:Current dynamic library path[/usr/local/lib/libMvCameraControl.so]     Solution:
Info    2023-12-28 22:49:45  DevID:MV-CA003-21UC(00D10039619)  Source-Line:libMvCameraControl.so(CInterfaceManager.cpp-L0814)     Description:[MV_CC_CreateHandle] return[0x0]     Solution:
Info    2023-12-28 22:49:45  DevID:MV-CA003-21UC(00D10039619)  Source-Line:libMvCameraControl.so(CInterfaceManager.cpp-L5906)     Description:CamCtrl[0x300000a], U3V SDKVersion[0x300000a], DriverVersion[0x0]     Solution:
Info    2023-12-28 22:49:45  DevID:MV-CA003-21UC(00D10039619)  Source-Line:libMvCameraControl.so(CInterfaceManager.cpp-L3992)     Description:[MV_CC_InvalidateNodes] return[0x0]     Solution:
Info    2023-12-28 22:49:45  DevID:MV-CA003-21UC(00D10039619)  Source-Line:libMvCameraControl.so(CInterfaceManager.cpp-L1088)     Description:[MV_CC_OpenDevice] nPrivilegeMode[1], nSwitchoverKey[0], return[0x0]     Solution:
Error   2023-12-28 22:49:45  DevID:MV-CA003-21UC(00D10039619)  Source-Line:libMvCameraControl.so(XmlParse.cpp-L2269)     Description:SetNodeValue [Width], [Value = 1440 must be equal or smaller than Max = 640. : OutOfRangeException thrown in node 'Width' while calling 'Width.SetValue()' (file 'IntegerT.h', line 79)]     Solution:
Error   2023-12-28 22:49:45  DevID:MV-CA003-21UC(00D10039619)  Source-Line:libMvCameraControl.so(CInterfaceManager.cpp-L3655)     Description:[MV_CC_SetIntValue] Property[Width], Value[1440], return[0x80000102]     Solution:
Info    2023-12-28 22:49:45  DevID:MV-CA003-21UC(00D10039619)  Source-Line:libMvCameraControl.so(CInterfaceManager.cpp-L1623)     Description:U3V, DeviceModelName[MV-CA003-21UC], DeviceFirmwareVersion[V1.4.9 190102,19010201], DeviceMaxThroughput[387500000]     Solution:
Info    2023-12-28 22:49:45  DevID:MV-CA003-21UC(00D10039619)  Source-Line:libMvCameraControl.so(CInterfaceManager.cpp-L1628)     Description:U3V, Width[640], Height[480], OffsetX[0], OffsetY[0], PixelFormat[0x1080009], AcquisitionMode[2]     Solution:
Info    2023-12-28 22:49:45  DevID:MV-CA003-21UC(00D10039619)  Source-Line:libMvCameraControl.so(CInterfaceManager.cpp-L1633)     Description:U3V, TriggerMode[0], ResultingFrameRate[400.00], ExposureTime[2313.00], ExposureAuto[0], PayloadSize[307200]     Solution:
Info    2023-12-28 22:49:45  DevID:MV-CA003-21UC(00D10039619)  Source-Line:libMvCameraControl.so(CInterfaceManager.cpp-L1712)     Description:There is no registration callback     Solution:
Info    2023-12-28 22:49:45  DevID:MV-CA003-21UC(00D10039619)  Source-Line:libMvCameraControl.so(CInterfaceManager.cpp-L5564)     Description:CamCtrl RecvThread Start, ThreadId[567256640]     Solution:
Info    2023-12-28 22:49:45  DevID:MV-CA003-21UC(00D10039619)  Source-Line:libMvCameraControl.so(CInterfaceManager.cpp-L5390)     Description:CamCtrl Display Thread Start, ThreadId[558863936]     Solution:
Info    2023-12-28 22:49:45  DevID:MV-CA003-21UC(00D10039619)  Source-Line:libMvCameraControl.so(CInterfaceManager.cpp-L1717)     Description:[MV_CC_StartGrabbing] return[0x0]     Solution:
Info    2024-01-14 19:40:29  DevID:MV-CA003-21UC(00D10039619)  Source-Line:libMvCameraControl.so(CInterfaceManager.cpp-L0810)     Description:Current dynamic library path[/usr/local/lib/libMvCameraControl.so]     Solution:
Info    2024-01-14 19:40:29  DevID:MV-CA003-21UC(00D10039619)  Source-Line:libMvCameraControl.so(CInterfaceManager.cpp-L0814)     Description:[MV_CC_CreateHandle] return[0x0]     Solution:
Info    2024-01-14 19:40:29  DevID:MV-CA003-21UC(00D10039619)  Source-Line:libMvCameraControl.so(CInterfaceManager.cpp-L5906)     Description:CamCtrl[0x300000a], U3V SDKVersion[0x300000a], DriverVersion[0x0]     Solution:
Info    2024-01-14 19:40:29  DevID:MV-CA003-21UC(00D10039619)  Source-Line:libMvCameraControl.so(CInterfaceManager.cpp-L3992)     Description:[MV_CC_InvalidateNodes] return[0x0]     Solution:
Info    2024-01-14 19:40:29  DevID:MV-CA003-21UC(00D10039619)  Source-Line:libMvCameraControl.so(CInterfaceManager.cpp-L1088)     Description:[MV_CC_OpenDevice] nPrivilegeMode[1], nSwitchoverKey[0], return[0x0]     Solution:
Error   2024-01-14 19:40:29  DevID:MV-CA003-21UC(00D10039619)  Source-Line:libMvCameraControl.so(XmlParse.cpp-L2269)     Description:SetNodeValue [Width], [Value = 1440 must be equal or smaller than Max = 640. : OutOfRangeException thrown in node 'Width' while calling 'Width.SetValue()' (file 'IntegerT.h', line 79)]     Solution:
Error   2024-01-14 19:40:29  DevID:MV-CA003-21UC(00D10039619)  Source-Line:libMvCameraControl.so(CInterfaceManager.cpp-L3655)     Description:[MV_CC_SetIntValue] Property[Width], Value[1440], return[0x80000102]     Solution:
Info    2024-01-14 19:40:29  DevID:MV-CA003-21UC(00D10039619)  Source-Line:libMvCameraControl.so(CInterfaceManager.cpp-L1623)     Description:U3V, DeviceModelName[MV-CA003-21UC], DeviceFirmwareVersion[V1.4.9 190102,19010201], DeviceMaxThroughput[387500000]     Solution:
Info    2024-01-14 19:40:29  DevID:MV-CA003-21UC(00D10039619)  Source-Line:libMvCameraControl.so(CInterfaceManager.cpp-L1628)     Description:U3V, Width[640], Height[480], OffsetX[0], OffsetY[0], PixelFormat[0x1080009], AcquisitionMode[2]     Solution:
Info    2024-01-14 19:40:29  DevID:MV-CA003-21UC(00D10039619)  Source-Line:libMvCameraControl.so(CInterfaceManager.cpp-L1633)     Description:U3V, TriggerMode[0], ResultingFrameRate[400.00], ExposureTime[2313.00], ExposureAuto[0], PayloadSize[307200]     Solution:
Info    2024-01-14 19:40:29  DevID:MV-CA003-21UC(00D10039619)  Source-Line:libMvCameraControl.so(CInterfaceManager.cpp-L1712)     Description:There is no registration callback     Solution:
Info    2024-01-14 19:40:29  DevID:MV-CA003-21UC(00D10039619)  Source-Line:libMvCameraControl.so(CInterfaceManager.cpp-L5564)     Description:CamCtrl RecvThread Start, ThreadId[117429824]     Solution:
Info    2024-01-14 19:40:29  DevID:MV-CA003-21UC(00D10039619)  Source-Line:libMvCameraControl.so(CInterfaceManager.cpp-L5390)     Description:CamCtrl Display Thread Start, ThreadId[109037120]     Solution:
Info    2024-01-14 19:40:29  DevID:MV-CA003-21UC(00D10039619)  Source-Line:libMvCameraControl.so(CInterfaceManager.cpp-L1717)     Description:[MV_CC_StartGrabbing] return[0x0]     Solution:
