[0.268s] Invoking command in '/home/yukki/Downloads/ros_ws/src/build/auto_aim_interfaces': CMAKE_PREFIX_PATH=${CMAKE_PREFIX_PATH}:/opt/ros/humble /usr/bin/cmake /home/yukki/Downloads/ros_ws/src/rm_auto_aim/auto_aim_interfaces -DAMENT_CMAKE_SYMLINK_INSTALL=1 -DCMAKE_INSTALL_PREFIX=/home/yukki/Downloads/ros_ws/src/install/auto_aim_interfaces
[0.381s] -- The C compiler identification is GNU 11.4.0
[0.457s] -- The CXX compiler identification is GNU 11.4.0
[0.467s] -- Detecting C compiler ABI info
[0.545s] -- Detecting C compiler ABI info - done
[0.551s] -- Check for working C compiler: /usr/bin/cc - skipped
[0.551s] -- Detecting C compile features
[0.551s] -- Detecting C compile features - done
[0.554s] -- Detecting CXX compiler ABI info
[0.641s] -- Detecting CXX compiler ABI info - done
[0.650s] -- Check for working CXX compiler: /usr/bin/c++ - skipped
[0.650s] -- Detecting CXX compile features
[0.651s] -- Detecting CXX compile features - done
[0.655s] -- Found ament_cmake: 1.3.6 (/opt/ros/humble/share/ament_cmake/cmake)
[1.008s] -- Found Python3: /usr/bin/python3.10 (found version "3.10.12") found components: Interpreter 
[1.082s] -- Override CMake install command with custom implementation using symlinks instead of copying resources
[1.141s] -- Found rosidl_default_generators: 1.2.0 (/opt/ros/humble/share/rosidl_default_generators/cmake)
[1.148s] -- Using all available rosidl_typesupport_c: rosidl_typesupport_fastrtps_c;rosidl_typesupport_introspection_c
[1.166s] -- Found rosidl_adapter: 3.1.5 (/opt/ros/humble/share/rosidl_adapter/cmake)
[1.235s] -- Using all available rosidl_typesupport_cpp: rosidl_typesupport_fastrtps_cpp;rosidl_typesupport_introspection_cpp
[1.286s] -- Found geometry_msgs: 4.2.3 (/opt/ros/humble/share/geometry_msgs/cmake)
[1.746s] -- Found ament_cmake_ros: 0.10.0 (/opt/ros/humble/share/ament_cmake_ros/cmake)
[1.992s] -- Using all available rosidl_typesupport_c: rosidl_typesupport_fastrtps_c;rosidl_typesupport_introspection_c
[2.296s] -- Using all available rosidl_typesupport_cpp: rosidl_typesupport_fastrtps_cpp;rosidl_typesupport_introspection_cpp
[2.320s] -- Found PythonInterp: /usr/bin/python3 (found suitable version "3.10.12", minimum required is "3.6") 
[2.324s] -- Found python_cmake_module: 0.10.0 (/opt/ros/humble/share/python_cmake_module/cmake)
[2.352s] -- Found PythonLibs: /usr/lib/x86_64-linux-gnu/libpython3.10.so (found suitable version "3.10.12", minimum required is "3.5") 
[2.352s] -- Using PYTHON_EXECUTABLE: /usr/bin/python3
[2.352s] -- Using PYTHON_INCLUDE_DIRS: /usr/include/python3.10
[2.352s] -- Using PYTHON_LIBRARIES: /usr/lib/x86_64-linux-gnu/libpython3.10.so
[2.372s] -- Found PythonExtra: .so  
[2.446s] -- Configuring done
[2.499s] -- Generating done
[2.502s] -- Build files have been written to: /home/yukki/Downloads/ros_ws/src/build/auto_aim_interfaces
[2.518s] Invoked command in '/home/yukki/Downloads/ros_ws/src/build/auto_aim_interfaces' returned '0': CMAKE_PREFIX_PATH=${CMAKE_PREFIX_PATH}:/opt/ros/humble /usr/bin/cmake /home/yukki/Downloads/ros_ws/src/rm_auto_aim/auto_aim_interfaces -DAMENT_CMAKE_SYMLINK_INSTALL=1 -DCMAKE_INSTALL_PREFIX=/home/yukki/Downloads/ros_ws/src/install/auto_aim_interfaces
[2.520s] Invoking command in '/home/yukki/Downloads/ros_ws/src/build/auto_aim_interfaces': CMAKE_PREFIX_PATH=${CMAKE_PREFIX_PATH}:/opt/ros/humble /usr/bin/cmake --build /home/yukki/Downloads/ros_ws/src/build/auto_aim_interfaces -- -j16 -l16
[2.578s] [  1%] [34m[1mGenerating C code for ROS interfaces[0m
[2.592s] [  1%] [34m[1mGenerating C++ code for ROS interfaces[0m
[2.602s] [  1%] Built target ament_cmake_python_symlink_auto_aim_interfaces
[2.841s] running egg_info
[2.842s] creating auto_aim_interfaces.egg-info
[2.859s] writing auto_aim_interfaces.egg-info/PKG-INFO
[2.860s] writing dependency_links to auto_aim_interfaces.egg-info/dependency_links.txt
[2.860s] writing top-level names to auto_aim_interfaces.egg-info/top_level.txt
[2.860s] writing manifest file 'auto_aim_interfaces.egg-info/SOURCES.txt'
[2.913s] reading manifest file 'auto_aim_interfaces.egg-info/SOURCES.txt'
[2.914s] writing manifest file 'auto_aim_interfaces.egg-info/SOURCES.txt'
[2.956s] [  1%] Built target ament_cmake_python_build_auto_aim_interfaces_egg
[3.590s] [  1%] Built target auto_aim_interfaces__cpp
[3.609s] [  2%] [34m[1mGenerating C++ type support dispatch for ROS interfaces[0m
[3.616s] [  4%] [32mBuilding C object CMakeFiles/auto_aim_interfaces__rosidl_generator_c.dir/rosidl_generator_c/auto_aim_interfaces/msg/detail/armor__functions.c.o[0m
[3.616s] [  4%] [32mBuilding C object CMakeFiles/auto_aim_interfaces__rosidl_generator_c.dir/rosidl_generator_c/auto_aim_interfaces/msg/detail/target__functions.c.o[0m
[3.616s] [  4%] [34m[1mGenerating C++ introspection for ROS interfaces[0m
[3.616s] [  5%] [32mBuilding C object CMakeFiles/auto_aim_interfaces__rosidl_generator_c.dir/rosidl_generator_c/auto_aim_interfaces/msg/detail/rune__functions.c.o[0m
[3.619s] [  6%] [32mBuilding C object CMakeFiles/auto_aim_interfaces__rosidl_generator_c.dir/rosidl_generator_c/auto_aim_interfaces/msg/detail/debug_light__functions.c.o[0m
[3.620s] [  8%] [32mBuilding C object CMakeFiles/auto_aim_interfaces__rosidl_generator_c.dir/rosidl_generator_c/auto_aim_interfaces/msg/detail/target_rune__functions.c.o[0m
[3.620s] [  8%] [32mBuilding C object CMakeFiles/auto_aim_interfaces__rosidl_generator_c.dir/rosidl_generator_c/auto_aim_interfaces/msg/detail/debug_armor__functions.c.o[0m
[3.620s] [  8%] [32mBuilding C object CMakeFiles/auto_aim_interfaces__rosidl_generator_c.dir/rosidl_generator_c/auto_aim_interfaces/msg/detail/debug_lights__functions.c.o[0m
[3.625s] [  9%] [34m[1mGenerating C++ type support for eProsima Fast-RTPS[0m
[3.628s] [  9%] [32mBuilding C object CMakeFiles/auto_aim_interfaces__rosidl_generator_c.dir/rosidl_generator_c/auto_aim_interfaces/msg/detail/armors__functions.c.o[0m
[3.635s] [ 10%] [32mBuilding C object CMakeFiles/auto_aim_interfaces__rosidl_generator_c.dir/rosidl_generator_c/auto_aim_interfaces/msg/detail/debug_armors__functions.c.o[0m
[3.668s] [ 10%] [32mBuilding C object CMakeFiles/auto_aim_interfaces__rosidl_generator_c.dir/rosidl_generator_c/auto_aim_interfaces/msg/detail/debug_send_armors__functions.c.o[0m
[3.669s] [ 11%] [32mBuilding C object CMakeFiles/auto_aim_interfaces__rosidl_generator_c.dir/rosidl_generator_c/auto_aim_interfaces/msg/detail/debug_rune__functions.c.o[0m
[3.690s] [ 13%] [32mBuilding C object CMakeFiles/auto_aim_interfaces__rosidl_generator_c.dir/rosidl_generator_c/auto_aim_interfaces/msg/detail/tracker_info__functions.c.o[0m
[3.694s] [ 13%] [32mBuilding C object CMakeFiles/auto_aim_interfaces__rosidl_generator_c.dir/rosidl_generator_c/auto_aim_interfaces/msg/detail/debug_send__functions.c.o[0m
[3.796s] [ 14%] [32m[1mLinking C shared library libauto_aim_interfaces__rosidl_generator_c.so[0m
[3.855s] [ 14%] Built target auto_aim_interfaces__rosidl_generator_c
[3.873s] [ 16%] [34m[1mGenerating C type support dispatch for ROS interfaces[0m
[3.873s] [ 16%] [34m[1mGenerating C introspection for ROS interfaces[0m
[3.875s] [ 17%] [34m[1mGenerating C type support for eProsima Fast-RTPS[0m
[4.527s] [ 18%] [32mBuilding CXX object CMakeFiles/auto_aim_interfaces__rosidl_typesupport_cpp.dir/rosidl_typesupport_cpp/auto_aim_interfaces/msg/armor__type_support.cpp.o[0m
[4.527s] [ 19%] [32mBuilding CXX object CMakeFiles/auto_aim_interfaces__rosidl_typesupport_cpp.dir/rosidl_typesupport_cpp/auto_aim_interfaces/msg/armors__type_support.cpp.o[0m
[4.543s] [ 20%] [32mBuilding CXX object CMakeFiles/auto_aim_interfaces__rosidl_typesupport_cpp.dir/rosidl_typesupport_cpp/auto_aim_interfaces/msg/target_rune__type_support.cpp.o[0m
[4.547s] [ 21%] [32mBuilding CXX object CMakeFiles/auto_aim_interfaces__rosidl_typesupport_cpp.dir/rosidl_typesupport_cpp/auto_aim_interfaces/msg/target__type_support.cpp.o[0m
[4.554s] [ 21%] [32mBuilding CXX object CMakeFiles/auto_aim_interfaces__rosidl_typesupport_cpp.dir/rosidl_typesupport_cpp/auto_aim_interfaces/msg/rune__type_support.cpp.o[0m
[4.559s] [ 22%] [32mBuilding CXX object CMakeFiles/auto_aim_interfaces__rosidl_typesupport_cpp.dir/rosidl_typesupport_cpp/auto_aim_interfaces/msg/debug_light__type_support.cpp.o[0m
[4.592s] [ 23%] [32mBuilding CXX object CMakeFiles/auto_aim_interfaces__rosidl_typesupport_introspection_cpp.dir/rosidl_typesupport_introspection_cpp/auto_aim_interfaces/msg/detail/rune__type_support.cpp.o[0m
[4.601s] [ 23%] [32mBuilding CXX object CMakeFiles/auto_aim_interfaces__rosidl_typesupport_cpp.dir/rosidl_typesupport_cpp/auto_aim_interfaces/msg/debug_armor__type_support.cpp.o[0m
[4.630s] [ 25%] [32mBuilding CXX object CMakeFiles/auto_aim_interfaces__rosidl_typesupport_introspection_cpp.dir/rosidl_typesupport_introspection_cpp/auto_aim_interfaces/msg/detail/armors__type_support.cpp.o[0m
[4.631s] [ 26%] [32mBuilding CXX object CMakeFiles/auto_aim_interfaces__rosidl_typesupport_introspection_cpp.dir/rosidl_typesupport_introspection_cpp/auto_aim_interfaces/msg/detail/armor__type_support.cpp.o[0m
[4.633s] [ 26%] [32mBuilding CXX object CMakeFiles/auto_aim_interfaces__rosidl_typesupport_introspection_cpp.dir/rosidl_typesupport_introspection_cpp/auto_aim_interfaces/msg/detail/target__type_support.cpp.o[0m
[4.639s] [ 27%] [32mBuilding CXX object CMakeFiles/auto_aim_interfaces__rosidl_typesupport_cpp.dir/rosidl_typesupport_cpp/auto_aim_interfaces/msg/debug_lights__type_support.cpp.o[0m
[5.149s] [ 27%] [32mBuilding CXX object CMakeFiles/auto_aim_interfaces__rosidl_typesupport_introspection_cpp.dir/rosidl_typesupport_introspection_cpp/auto_aim_interfaces/msg/detail/target_rune__type_support.cpp.o[0m
[5.231s] [ 28%] [32mBuilding CXX object CMakeFiles/auto_aim_interfaces__rosidl_typesupport_cpp.dir/rosidl_typesupport_cpp/auto_aim_interfaces/msg/debug_armors__type_support.cpp.o[0m
[5.242s] [ 29%] [32mBuilding CXX object CMakeFiles/auto_aim_interfaces__rosidl_typesupport_introspection_cpp.dir/rosidl_typesupport_introspection_cpp/auto_aim_interfaces/msg/detail/debug_light__type_support.cpp.o[0m
[5.272s] [ 30%] [32mBuilding CXX object CMakeFiles/auto_aim_interfaces__rosidl_typesupport_cpp.dir/rosidl_typesupport_cpp/auto_aim_interfaces/msg/debug_send__type_support.cpp.o[0m
[5.274s] [ 31%] [32mBuilding CXX object CMakeFiles/auto_aim_interfaces__rosidl_typesupport_cpp.dir/rosidl_typesupport_cpp/auto_aim_interfaces/msg/debug_rune__type_support.cpp.o[0m
[5.401s] [ 32%] [32mBuilding CXX object CMakeFiles/auto_aim_interfaces__rosidl_typesupport_cpp.dir/rosidl_typesupport_cpp/auto_aim_interfaces/msg/debug_send_armors__type_support.cpp.o[0m
[5.409s] [ 32%] [32mBuilding CXX object CMakeFiles/auto_aim_interfaces__rosidl_typesupport_cpp.dir/rosidl_typesupport_cpp/auto_aim_interfaces/msg/tracker_info__type_support.cpp.o[0m
[5.515s] [ 33%] [32mBuilding CXX object CMakeFiles/auto_aim_interfaces__rosidl_typesupport_introspection_cpp.dir/rosidl_typesupport_introspection_cpp/auto_aim_interfaces/msg/detail/debug_lights__type_support.cpp.o[0m
[5.517s] [ 33%] [32mBuilding CXX object CMakeFiles/auto_aim_interfaces__rosidl_typesupport_c.dir/rosidl_typesupport_c/auto_aim_interfaces/msg/armor__type_support.cpp.o[0m
[5.526s] [ 34%] [32mBuilding CXX object CMakeFiles/auto_aim_interfaces__rosidl_typesupport_c.dir/rosidl_typesupport_c/auto_aim_interfaces/msg/rune__type_support.cpp.o[0m
[5.542s] [ 35%] [32mBuilding CXX object CMakeFiles/auto_aim_interfaces__rosidl_typesupport_c.dir/rosidl_typesupport_c/auto_aim_interfaces/msg/armors__type_support.cpp.o[0m
[5.556s] [ 36%] [32mBuilding CXX object CMakeFiles/auto_aim_interfaces__rosidl_typesupport_introspection_cpp.dir/rosidl_typesupport_introspection_cpp/auto_aim_interfaces/msg/detail/debug_armor__type_support.cpp.o[0m
[5.625s] [ 37%] [32mBuilding CXX object CMakeFiles/auto_aim_interfaces__rosidl_typesupport_fastrtps_c.dir/rosidl_typesupport_fastrtps_c/auto_aim_interfaces/msg/detail/armor__type_support_c.cpp.o[0m
[5.665s] [ 37%] [32mBuilding CXX object CMakeFiles/auto_aim_interfaces__rosidl_typesupport_fastrtps_c.dir/rosidl_typesupport_fastrtps_c/auto_aim_interfaces/msg/detail/armors__type_support_c.cpp.o[0m
[5.685s] [ 38%] [32mBuilding CXX object CMakeFiles/auto_aim_interfaces__rosidl_typesupport_c.dir/rosidl_typesupport_c/auto_aim_interfaces/msg/target__type_support.cpp.o[0m
[5.757s] [ 39%] [32mBuilding CXX object CMakeFiles/auto_aim_interfaces__rosidl_typesupport_c.dir/rosidl_typesupport_c/auto_aim_interfaces/msg/target_rune__type_support.cpp.o[0m
[5.789s] [ 40%] [32mBuilding CXX object CMakeFiles/auto_aim_interfaces__rosidl_typesupport_introspection_cpp.dir/rosidl_typesupport_introspection_cpp/auto_aim_interfaces/msg/detail/debug_armors__type_support.cpp.o[0m
[5.815s] [ 40%] [32mBuilding CXX object CMakeFiles/auto_aim_interfaces__rosidl_typesupport_c.dir/rosidl_typesupport_c/auto_aim_interfaces/msg/debug_light__type_support.cpp.o[0m
[5.839s] [ 40%] [32mBuilding CXX object CMakeFiles/auto_aim_interfaces__rosidl_typesupport_introspection_cpp.dir/rosidl_typesupport_introspection_cpp/auto_aim_interfaces/msg/detail/debug_rune__type_support.cpp.o[0m
[5.865s] [ 41%] [32mBuilding C object CMakeFiles/auto_aim_interfaces__rosidl_typesupport_introspection_c.dir/rosidl_typesupport_introspection_c/auto_aim_interfaces/msg/detail/armor__type_support.c.o[0m
[5.880s] [ 42%] [32mBuilding CXX object CMakeFiles/auto_aim_interfaces__rosidl_typesupport_c.dir/rosidl_typesupport_c/auto_aim_interfaces/msg/debug_lights__type_support.cpp.o[0m
[5.909s] [ 43%] [32mBuilding CXX object CMakeFiles/auto_aim_interfaces__rosidl_typesupport_fastrtps_c.dir/rosidl_typesupport_fastrtps_c/auto_aim_interfaces/msg/detail/rune__type_support_c.cpp.o[0m
[5.914s] [ 44%] [32mBuilding CXX object CMakeFiles/auto_aim_interfaces__rosidl_typesupport_fastrtps_c.dir/rosidl_typesupport_fastrtps_c/auto_aim_interfaces/msg/detail/target__type_support_c.cpp.o[0m
[5.955s] [ 45%] [32mBuilding CXX object CMakeFiles/auto_aim_interfaces__rosidl_typesupport_introspection_cpp.dir/rosidl_typesupport_introspection_cpp/auto_aim_interfaces/msg/detail/debug_send__type_support.cpp.o[0m
[5.962s] [ 46%] [32mBuilding CXX object CMakeFiles/auto_aim_interfaces__rosidl_typesupport_c.dir/rosidl_typesupport_c/auto_aim_interfaces/msg/debug_armor__type_support.cpp.o[0m
[6.012s] [ 47%] [32mBuilding CXX object CMakeFiles/auto_aim_interfaces__rosidl_typesupport_introspection_cpp.dir/rosidl_typesupport_introspection_cpp/auto_aim_interfaces/msg/detail/debug_send_armors__type_support.cpp.o[0m
[6.025s] [ 48%] [32mBuilding CXX object CMakeFiles/auto_aim_interfaces__rosidl_typesupport_c.dir/rosidl_typesupport_c/auto_aim_interfaces/msg/debug_armors__type_support.cpp.o[0m
[6.035s] [ 49%] [32mBuilding C object CMakeFiles/auto_aim_interfaces__rosidl_typesupport_introspection_c.dir/rosidl_typesupport_introspection_c/auto_aim_interfaces/msg/detail/armors__type_support.c.o[0m
[6.062s] [ 50%] [32mBuilding CXX object CMakeFiles/auto_aim_interfaces__rosidl_typesupport_c.dir/rosidl_typesupport_c/auto_aim_interfaces/msg/debug_rune__type_support.cpp.o[0m
[6.132s] [ 51%] [32mBuilding CXX object CMakeFiles/auto_aim_interfaces__rosidl_typesupport_introspection_cpp.dir/rosidl_typesupport_introspection_cpp/auto_aim_interfaces/msg/detail/tracker_info__type_support.cpp.o[0m
[6.147s] [ 52%] [32mBuilding CXX object CMakeFiles/auto_aim_interfaces__rosidl_typesupport_fastrtps_cpp.dir/rosidl_typesupport_fastrtps_cpp/auto_aim_interfaces/msg/detail/dds_fastrtps/armor__type_support.cpp.o[0m
[6.149s] [ 52%] [32mBuilding CXX object CMakeFiles/auto_aim_interfaces__rosidl_typesupport_c.dir/rosidl_typesupport_c/auto_aim_interfaces/msg/debug_send__type_support.cpp.o[0m
[6.183s] [ 53%] [32mBuilding C object CMakeFiles/auto_aim_interfaces__rosidl_typesupport_introspection_c.dir/rosidl_typesupport_introspection_c/auto_aim_interfaces/msg/detail/target__type_support.c.o[0m
[6.191s] [ 53%] [32mBuilding C object CMakeFiles/auto_aim_interfaces__rosidl_typesupport_introspection_c.dir/rosidl_typesupport_introspection_c/auto_aim_interfaces/msg/detail/rune__type_support.c.o[0m
[6.202s] [ 54%] [32m[1mLinking CXX shared library libauto_aim_interfaces__rosidl_typesupport_cpp.so[0m
[6.255s] [ 55%] [32mBuilding CXX object CMakeFiles/auto_aim_interfaces__rosidl_typesupport_c.dir/rosidl_typesupport_c/auto_aim_interfaces/msg/debug_send_armors__type_support.cpp.o[0m
[6.293s] [ 56%] [32mBuilding C object CMakeFiles/auto_aim_interfaces__rosidl_typesupport_introspection_c.dir/rosidl_typesupport_introspection_c/auto_aim_interfaces/msg/detail/target_rune__type_support.c.o[0m
[6.340s] [ 57%] [32mBuilding C object CMakeFiles/auto_aim_interfaces__rosidl_typesupport_introspection_c.dir/rosidl_typesupport_introspection_c/auto_aim_interfaces/msg/detail/debug_light__type_support.c.o[0m
[6.367s] [ 58%] [32mBuilding CXX object CMakeFiles/auto_aim_interfaces__rosidl_typesupport_c.dir/rosidl_typesupport_c/auto_aim_interfaces/msg/tracker_info__type_support.cpp.o[0m
[6.388s] [ 59%] [32mBuilding C object CMakeFiles/auto_aim_interfaces__rosidl_typesupport_introspection_c.dir/rosidl_typesupport_introspection_c/auto_aim_interfaces/msg/detail/debug_lights__type_support.c.o[0m
[6.423s] [ 59%] Built target auto_aim_interfaces__rosidl_typesupport_cpp
[6.439s] [ 59%] [32mBuilding C object CMakeFiles/auto_aim_interfaces__rosidl_typesupport_introspection_c.dir/rosidl_typesupport_introspection_c/auto_aim_interfaces/msg/detail/debug_armor__type_support.c.o[0m
[6.463s] [ 60%] [32m[1mLinking CXX shared library libauto_aim_interfaces__rosidl_typesupport_c.so[0m
[6.471s] [ 61%] [32mBuilding C object CMakeFiles/auto_aim_interfaces__rosidl_typesupport_introspection_c.dir/rosidl_typesupport_introspection_c/auto_aim_interfaces/msg/detail/debug_armors__type_support.c.o[0m
[6.494s] [ 62%] [32mBuilding C object CMakeFiles/auto_aim_interfaces__rosidl_typesupport_introspection_c.dir/rosidl_typesupport_introspection_c/auto_aim_interfaces/msg/detail/debug_rune__type_support.c.o[0m
[6.522s] [ 63%] [32mBuilding CXX object CMakeFiles/auto_aim_interfaces__rosidl_typesupport_fastrtps_c.dir/rosidl_typesupport_fastrtps_c/auto_aim_interfaces/msg/detail/target_rune__type_support_c.cpp.o[0m
[6.560s] [ 64%] [32mBuilding C object CMakeFiles/auto_aim_interfaces__rosidl_typesupport_introspection_c.dir/rosidl_typesupport_introspection_c/auto_aim_interfaces/msg/detail/debug_send__type_support.c.o[0m
[6.564s] [ 65%] [32mBuilding CXX object CMakeFiles/auto_aim_interfaces__rosidl_typesupport_fastrtps_c.dir/rosidl_typesupport_fastrtps_c/auto_aim_interfaces/msg/detail/debug_light__type_support_c.cpp.o[0m
[6.584s] [ 66%] [32mBuilding CXX object CMakeFiles/auto_aim_interfaces__rosidl_typesupport_fastrtps_cpp.dir/rosidl_typesupport_fastrtps_cpp/auto_aim_interfaces/msg/detail/dds_fastrtps/armors__type_support.cpp.o[0m
[6.596s] [ 67%] [32mBuilding C object CMakeFiles/auto_aim_interfaces__rosidl_typesupport_introspection_c.dir/rosidl_typesupport_introspection_c/auto_aim_interfaces/msg/detail/debug_send_armors__type_support.c.o[0m
[6.607s] [ 67%] [32mBuilding CXX object CMakeFiles/auto_aim_interfaces__rosidl_typesupport_fastrtps_c.dir/rosidl_typesupport_fastrtps_c/auto_aim_interfaces/msg/detail/debug_lights__type_support_c.cpp.o[0m
[6.637s] [ 68%] [32mBuilding CXX object CMakeFiles/auto_aim_interfaces__rosidl_typesupport_fastrtps_cpp.dir/rosidl_typesupport_fastrtps_cpp/auto_aim_interfaces/msg/detail/dds_fastrtps/rune__type_support.cpp.o[0m
[6.654s] [ 68%] Built target auto_aim_interfaces__rosidl_typesupport_c
[6.667s] [ 69%] [32mBuilding CXX object CMakeFiles/auto_aim_interfaces__rosidl_typesupport_fastrtps_c.dir/rosidl_typesupport_fastrtps_c/auto_aim_interfaces/msg/detail/debug_armor__type_support_c.cpp.o[0m
[6.675s] [ 69%] [32mBuilding CXX object CMakeFiles/auto_aim_interfaces__rosidl_typesupport_fastrtps_cpp.dir/rosidl_typesupport_fastrtps_cpp/auto_aim_interfaces/msg/detail/dds_fastrtps/target__type_support.cpp.o[0m
[6.685s] [ 70%] [32mBuilding CXX object CMakeFiles/auto_aim_interfaces__rosidl_typesupport_fastrtps_c.dir/rosidl_typesupport_fastrtps_c/auto_aim_interfaces/msg/detail/debug_armors__type_support_c.cpp.o[0m
[6.703s] [ 70%] [32mBuilding C object CMakeFiles/auto_aim_interfaces__rosidl_typesupport_introspection_c.dir/rosidl_typesupport_introspection_c/auto_aim_interfaces/msg/detail/tracker_info__type_support.c.o[0m
[6.719s] [ 71%] [32mBuilding CXX object CMakeFiles/auto_aim_interfaces__rosidl_typesupport_fastrtps_cpp.dir/rosidl_typesupport_fastrtps_cpp/auto_aim_interfaces/msg/detail/dds_fastrtps/target_rune__type_support.cpp.o[0m
[6.736s] [ 72%] [32mBuilding CXX object CMakeFiles/auto_aim_interfaces__rosidl_typesupport_fastrtps_c.dir/rosidl_typesupport_fastrtps_c/auto_aim_interfaces/msg/detail/debug_rune__type_support_c.cpp.o[0m
[6.826s] [ 73%] [32mBuilding CXX object CMakeFiles/auto_aim_interfaces__rosidl_typesupport_fastrtps_cpp.dir/rosidl_typesupport_fastrtps_cpp/auto_aim_interfaces/msg/detail/dds_fastrtps/debug_light__type_support.cpp.o[0m
[6.837s] [ 74%] [32mBuilding CXX object CMakeFiles/auto_aim_interfaces__rosidl_typesupport_fastrtps_cpp.dir/rosidl_typesupport_fastrtps_cpp/auto_aim_interfaces/msg/detail/dds_fastrtps/debug_lights__type_support.cpp.o[0m
[6.919s] [ 76%] [32mBuilding CXX object CMakeFiles/auto_aim_interfaces__rosidl_typesupport_fastrtps_c.dir/rosidl_typesupport_fastrtps_c/auto_aim_interfaces/msg/detail/debug_send__type_support_c.cpp.o[0m
[6.919s] [ 76%] [32m[1mLinking C shared library libauto_aim_interfaces__rosidl_typesupport_introspection_c.so[0m
[7.052s] [ 77%] [32m[1mLinking CXX shared library libauto_aim_interfaces__rosidl_typesupport_introspection_cpp.so[0m
[7.115s] [ 77%] Built target auto_aim_interfaces__rosidl_typesupport_introspection_c
[7.182s] [ 78%] [32mBuilding CXX object CMakeFiles/auto_aim_interfaces__rosidl_typesupport_fastrtps_cpp.dir/rosidl_typesupport_fastrtps_cpp/auto_aim_interfaces/msg/detail/dds_fastrtps/debug_armor__type_support.cpp.o[0m
[7.194s] [ 78%] [32mBuilding CXX object CMakeFiles/auto_aim_interfaces__rosidl_typesupport_fastrtps_c.dir/rosidl_typesupport_fastrtps_c/auto_aim_interfaces/msg/detail/debug_send_armors__type_support_c.cpp.o[0m
[7.240s] [ 78%] [32mBuilding CXX object CMakeFiles/auto_aim_interfaces__rosidl_typesupport_fastrtps_cpp.dir/rosidl_typesupport_fastrtps_cpp/auto_aim_interfaces/msg/detail/dds_fastrtps/debug_armors__type_support.cpp.o[0m
[7.279s] [ 79%] [32mBuilding CXX object CMakeFiles/auto_aim_interfaces__rosidl_typesupport_fastrtps_cpp.dir/rosidl_typesupport_fastrtps_cpp/auto_aim_interfaces/msg/detail/dds_fastrtps/debug_rune__type_support.cpp.o[0m
[7.314s] [ 79%] Built target auto_aim_interfaces__rosidl_typesupport_introspection_cpp
[7.367s] [ 80%] [32mBuilding CXX object CMakeFiles/auto_aim_interfaces__rosidl_typesupport_fastrtps_c.dir/rosidl_typesupport_fastrtps_c/auto_aim_interfaces/msg/detail/tracker_info__type_support_c.cpp.o[0m
[7.376s] [ 81%] [32mBuilding CXX object CMakeFiles/auto_aim_interfaces__rosidl_typesupport_fastrtps_cpp.dir/rosidl_typesupport_fastrtps_cpp/auto_aim_interfaces/msg/detail/dds_fastrtps/debug_send__type_support.cpp.o[0m
[7.410s] [ 82%] [32mBuilding CXX object CMakeFiles/auto_aim_interfaces__rosidl_typesupport_fastrtps_cpp.dir/rosidl_typesupport_fastrtps_cpp/auto_aim_interfaces/msg/detail/dds_fastrtps/debug_send_armors__type_support.cpp.o[0m
[7.479s] [ 83%] [32mBuilding CXX object CMakeFiles/auto_aim_interfaces__rosidl_typesupport_fastrtps_cpp.dir/rosidl_typesupport_fastrtps_cpp/auto_aim_interfaces/msg/detail/dds_fastrtps/tracker_info__type_support.cpp.o[0m
[7.886s] [ 84%] [32m[1mLinking CXX shared library libauto_aim_interfaces__rosidl_typesupport_fastrtps_c.so[0m
[8.021s] [ 84%] Built target auto_aim_interfaces__rosidl_typesupport_fastrtps_c
[8.124s] [ 84%] [32m[1mLinking CXX shared library libauto_aim_interfaces__rosidl_typesupport_fastrtps_cpp.so[0m
[8.246s] [ 84%] Built target auto_aim_interfaces__rosidl_typesupport_fastrtps_cpp
[8.277s] [ 84%] Built target auto_aim_interfaces
[8.304s] [ 85%] [34m[1mGenerating Python code for ROS interfaces[0m
[9.498s] [ 85%] Built target auto_aim_interfaces__py
[9.530s] [ 85%] [32mBuilding C object CMakeFiles/auto_aim_interfaces__rosidl_generator_py.dir/rosidl_generator_py/auto_aim_interfaces/msg/_debug_lights_s.c.o[0m
[9.530s] [ 85%] [32mBuilding C object CMakeFiles/auto_aim_interfaces__rosidl_generator_py.dir/rosidl_generator_py/auto_aim_interfaces/msg/_armors_s.c.o[0m
[9.530s] [ 87%] [32mBuilding C object CMakeFiles/auto_aim_interfaces__rosidl_generator_py.dir/rosidl_generator_py/auto_aim_interfaces/msg/_target_s.c.o[0m
[9.530s] [ 88%] [32mBuilding C object CMakeFiles/auto_aim_interfaces__rosidl_generator_py.dir/rosidl_generator_py/auto_aim_interfaces/msg/_debug_armor_s.c.o[0m
[9.531s] [ 89%] [32mBuilding C object CMakeFiles/auto_aim_interfaces__rosidl_generator_py.dir/rosidl_generator_py/auto_aim_interfaces/msg/_debug_light_s.c.o[0m
[9.531s] [ 91%] [32mBuilding C object CMakeFiles/auto_aim_interfaces__rosidl_generator_py.dir/rosidl_generator_py/auto_aim_interfaces/msg/_target_rune_s.c.o[0m
[9.531s] [ 91%] [32mBuilding C object CMakeFiles/auto_aim_interfaces__rosidl_generator_py.dir/rosidl_generator_py/auto_aim_interfaces/msg/_debug_send_s.c.o[0m
[9.531s] [ 93%] [32mBuilding C object CMakeFiles/auto_aim_interfaces__rosidl_generator_py.dir/rosidl_generator_py/auto_aim_interfaces/msg/_rune_s.c.o[0m
[9.531s] [ 93%] [32mBuilding C object CMakeFiles/auto_aim_interfaces__rosidl_generator_py.dir/rosidl_generator_py/auto_aim_interfaces/msg/_debug_armors_s.c.o[0m
[9.531s] [ 93%] [32mBuilding C object CMakeFiles/auto_aim_interfaces__rosidl_generator_py.dir/rosidl_generator_py/auto_aim_interfaces/msg/_debug_send_armors_s.c.o[0m
[9.531s] [ 93%] [32mBuilding C object CMakeFiles/auto_aim_interfaces__rosidl_generator_py.dir/rosidl_generator_py/auto_aim_interfaces/msg/_armor_s.c.o[0m
[9.532s] [ 94%] [32mBuilding C object CMakeFiles/auto_aim_interfaces__rosidl_generator_py.dir/rosidl_generator_py/auto_aim_interfaces/msg/_debug_rune_s.c.o[0m
[9.532s] [ 95%] [32mBuilding C object CMakeFiles/auto_aim_interfaces__rosidl_generator_py.dir/rosidl_generator_py/auto_aim_interfaces/msg/_tracker_info_s.c.o[0m
[9.692s] [ 96%] [32m[1mLinking C shared library rosidl_generator_py/auto_aim_interfaces/libauto_aim_interfaces__rosidl_generator_py.so[0m
[9.744s] [ 96%] Built target auto_aim_interfaces__rosidl_generator_py
[9.772s] [ 99%] [32mBuilding C object CMakeFiles/auto_aim_interfaces__rosidl_typesupport_c__pyext.dir/rosidl_generator_py/auto_aim_interfaces/_auto_aim_interfaces_s.ep.rosidl_typesupport_c.c.o[0m
[9.772s] [ 99%] [32mBuilding C object CMakeFiles/auto_aim_interfaces__rosidl_typesupport_fastrtps_c__pyext.dir/rosidl_generator_py/auto_aim_interfaces/_auto_aim_interfaces_s.ep.rosidl_typesupport_fastrtps_c.c.o[0m
[9.772s] [ 99%] [32mBuilding C object CMakeFiles/auto_aim_interfaces__rosidl_typesupport_introspection_c__pyext.dir/rosidl_generator_py/auto_aim_interfaces/_auto_aim_interfaces_s.ep.rosidl_typesupport_introspection_c.c.o[0m
[9.895s] [ 99%] [32m[1mLinking C shared library rosidl_generator_py/auto_aim_interfaces/auto_aim_interfaces_s__rosidl_typesupport_c.cpython-310-x86_64-linux-gnu.so[0m
[9.895s] [100%] [32m[1mLinking C shared library rosidl_generator_py/auto_aim_interfaces/auto_aim_interfaces_s__rosidl_typesupport_introspection_c.cpython-310-x86_64-linux-gnu.so[0m
[9.898s] [100%] [32m[1mLinking C shared library rosidl_generator_py/auto_aim_interfaces/auto_aim_interfaces_s__rosidl_typesupport_fastrtps_c.cpython-310-x86_64-linux-gnu.so[0m
[9.943s] [100%] Built target auto_aim_interfaces__rosidl_typesupport_introspection_c__pyext
[9.943s] [100%] Built target auto_aim_interfaces__rosidl_typesupport_fastrtps_c__pyext
[9.944s] [100%] Built target auto_aim_interfaces__rosidl_typesupport_c__pyext
[9.959s] Invoked command in '/home/yukki/Downloads/ros_ws/src/build/auto_aim_interfaces' returned '0': CMAKE_PREFIX_PATH=${CMAKE_PREFIX_PATH}:/opt/ros/humble /usr/bin/cmake --build /home/yukki/Downloads/ros_ws/src/build/auto_aim_interfaces -- -j16 -l16
[10.363s] Invoking command in '/home/yukki/Downloads/ros_ws/src/build/auto_aim_interfaces': CMAKE_PREFIX_PATH=${CMAKE_PREFIX_PATH}:/opt/ros/humble /usr/bin/cmake --install /home/yukki/Downloads/ros_ws/src/build/auto_aim_interfaces
[10.372s] -- Install configuration: ""
[10.373s] -- Execute custom install script
[10.373s] -- Symlinking: /home/yukki/Downloads/ros_ws/src/install/auto_aim_interfaces/share/ament_index/resource_index/rosidl_interfaces/auto_aim_interfaces
[10.385s] -- Symlinking: /home/yukki/Downloads/ros_ws/src/install/auto_aim_interfaces/include/auto_aim_interfaces/auto_aim_interfaces/msg/armor.h
[10.396s] -- Symlinking: /home/yukki/Downloads/ros_ws/src/install/auto_aim_interfaces/include/auto_aim_interfaces/auto_aim_interfaces/msg/armors.h
[10.406s] -- Symlinking: /home/yukki/Downloads/ros_ws/src/install/auto_aim_interfaces/include/auto_aim_interfaces/auto_aim_interfaces/msg/debug_armor.h
[10.416s] -- Symlinking: /home/yukki/Downloads/ros_ws/src/install/auto_aim_interfaces/include/auto_aim_interfaces/auto_aim_interfaces/msg/debug_armors.h
[10.428s] -- Symlinking: /home/yukki/Downloads/ros_ws/src/install/auto_aim_interfaces/include/auto_aim_interfaces/auto_aim_interfaces/msg/debug_light.h
[10.440s] -- Symlinking: /home/yukki/Downloads/ros_ws/src/install/auto_aim_interfaces/include/auto_aim_interfaces/auto_aim_interfaces/msg/debug_lights.h
[10.451s] -- Symlinking: /home/yukki/Downloads/ros_ws/src/install/auto_aim_interfaces/include/auto_aim_interfaces/auto_aim_interfaces/msg/debug_rune.h
[10.461s] -- Symlinking: /home/yukki/Downloads/ros_ws/src/install/auto_aim_interfaces/include/auto_aim_interfaces/auto_aim_interfaces/msg/debug_send.h
[10.473s] -- Symlinking: /home/yukki/Downloads/ros_ws/src/install/auto_aim_interfaces/include/auto_aim_interfaces/auto_aim_interfaces/msg/debug_send_armors.h
[10.483s] -- Symlinking: /home/yukki/Downloads/ros_ws/src/install/auto_aim_interfaces/include/auto_aim_interfaces/auto_aim_interfaces/msg/detail/armor__functions.h
[10.493s] -- Symlinking: /home/yukki/Downloads/ros_ws/src/install/auto_aim_interfaces/include/auto_aim_interfaces/auto_aim_interfaces/msg/detail/armor__struct.h
[10.503s] -- Symlinking: /home/yukki/Downloads/ros_ws/src/install/auto_aim_interfaces/include/auto_aim_interfaces/auto_aim_interfaces/msg/detail/armor__type_support.h
[10.513s] -- Symlinking: /home/yukki/Downloads/ros_ws/src/install/auto_aim_interfaces/include/auto_aim_interfaces/auto_aim_interfaces/msg/detail/armors__functions.h
[10.525s] -- Symlinking: /home/yukki/Downloads/ros_ws/src/install/auto_aim_interfaces/include/auto_aim_interfaces/auto_aim_interfaces/msg/detail/armors__struct.h
[10.537s] -- Symlinking: /home/yukki/Downloads/ros_ws/src/install/auto_aim_interfaces/include/auto_aim_interfaces/auto_aim_interfaces/msg/detail/armors__type_support.h
[10.548s] -- Symlinking: /home/yukki/Downloads/ros_ws/src/install/auto_aim_interfaces/include/auto_aim_interfaces/auto_aim_interfaces/msg/detail/debug_armor__functions.h
[10.559s] -- Symlinking: /home/yukki/Downloads/ros_ws/src/install/auto_aim_interfaces/include/auto_aim_interfaces/auto_aim_interfaces/msg/detail/debug_armor__struct.h
[10.570s] -- Symlinking: /home/yukki/Downloads/ros_ws/src/install/auto_aim_interfaces/include/auto_aim_interfaces/auto_aim_interfaces/msg/detail/debug_armor__type_support.h
[10.581s] -- Symlinking: /home/yukki/Downloads/ros_ws/src/install/auto_aim_interfaces/include/auto_aim_interfaces/auto_aim_interfaces/msg/detail/debug_armors__functions.h
[10.592s] -- Symlinking: /home/yukki/Downloads/ros_ws/src/install/auto_aim_interfaces/include/auto_aim_interfaces/auto_aim_interfaces/msg/detail/debug_armors__struct.h
[10.602s] -- Symlinking: /home/yukki/Downloads/ros_ws/src/install/auto_aim_interfaces/include/auto_aim_interfaces/auto_aim_interfaces/msg/detail/debug_armors__type_support.h
[10.613s] -- Symlinking: /home/yukki/Downloads/ros_ws/src/install/auto_aim_interfaces/include/auto_aim_interfaces/auto_aim_interfaces/msg/detail/debug_light__functions.h
[10.624s] -- Symlinking: /home/yukki/Downloads/ros_ws/src/install/auto_aim_interfaces/include/auto_aim_interfaces/auto_aim_interfaces/msg/detail/debug_light__struct.h
[10.635s] -- Symlinking: /home/yukki/Downloads/ros_ws/src/install/auto_aim_interfaces/include/auto_aim_interfaces/auto_aim_interfaces/msg/detail/debug_light__type_support.h
[10.646s] -- Symlinking: /home/yukki/Downloads/ros_ws/src/install/auto_aim_interfaces/include/auto_aim_interfaces/auto_aim_interfaces/msg/detail/debug_lights__functions.h
[10.657s] -- Symlinking: /home/yukki/Downloads/ros_ws/src/install/auto_aim_interfaces/include/auto_aim_interfaces/auto_aim_interfaces/msg/detail/debug_lights__struct.h
[10.667s] -- Symlinking: /home/yukki/Downloads/ros_ws/src/install/auto_aim_interfaces/include/auto_aim_interfaces/auto_aim_interfaces/msg/detail/debug_lights__type_support.h
[10.679s] -- Symlinking: /home/yukki/Downloads/ros_ws/src/install/auto_aim_interfaces/include/auto_aim_interfaces/auto_aim_interfaces/msg/detail/debug_rune__functions.h
[10.689s] -- Symlinking: /home/yukki/Downloads/ros_ws/src/install/auto_aim_interfaces/include/auto_aim_interfaces/auto_aim_interfaces/msg/detail/debug_rune__struct.h
[10.699s] -- Symlinking: /home/yukki/Downloads/ros_ws/src/install/auto_aim_interfaces/include/auto_aim_interfaces/auto_aim_interfaces/msg/detail/debug_rune__type_support.h
[10.709s] -- Symlinking: /home/yukki/Downloads/ros_ws/src/install/auto_aim_interfaces/include/auto_aim_interfaces/auto_aim_interfaces/msg/detail/debug_send__functions.h
[10.721s] -- Symlinking: /home/yukki/Downloads/ros_ws/src/install/auto_aim_interfaces/include/auto_aim_interfaces/auto_aim_interfaces/msg/detail/debug_send__struct.h
[10.732s] -- Symlinking: /home/yukki/Downloads/ros_ws/src/install/auto_aim_interfaces/include/auto_aim_interfaces/auto_aim_interfaces/msg/detail/debug_send__type_support.h
[10.743s] -- Symlinking: /home/yukki/Downloads/ros_ws/src/install/auto_aim_interfaces/include/auto_aim_interfaces/auto_aim_interfaces/msg/detail/debug_send_armors__functions.h
[10.754s] -- Symlinking: /home/yukki/Downloads/ros_ws/src/install/auto_aim_interfaces/include/auto_aim_interfaces/auto_aim_interfaces/msg/detail/debug_send_armors__struct.h
[10.765s] -- Symlinking: /home/yukki/Downloads/ros_ws/src/install/auto_aim_interfaces/include/auto_aim_interfaces/auto_aim_interfaces/msg/detail/debug_send_armors__type_support.h
[10.776s] -- Symlinking: /home/yukki/Downloads/ros_ws/src/install/auto_aim_interfaces/include/auto_aim_interfaces/auto_aim_interfaces/msg/detail/rune__functions.h
[10.786s] -- Symlinking: /home/yukki/Downloads/ros_ws/src/install/auto_aim_interfaces/include/auto_aim_interfaces/auto_aim_interfaces/msg/detail/rune__struct.h
[10.796s] -- Symlinking: /home/yukki/Downloads/ros_ws/src/install/auto_aim_interfaces/include/auto_aim_interfaces/auto_aim_interfaces/msg/detail/rune__type_support.h
[10.806s] -- Symlinking: /home/yukki/Downloads/ros_ws/src/install/auto_aim_interfaces/include/auto_aim_interfaces/auto_aim_interfaces/msg/detail/target__functions.h
[10.816s] -- Symlinking: /home/yukki/Downloads/ros_ws/src/install/auto_aim_interfaces/include/auto_aim_interfaces/auto_aim_interfaces/msg/detail/target__struct.h
[10.828s] -- Symlinking: /home/yukki/Downloads/ros_ws/src/install/auto_aim_interfaces/include/auto_aim_interfaces/auto_aim_interfaces/msg/detail/target__type_support.h
[10.839s] -- Symlinking: /home/yukki/Downloads/ros_ws/src/install/auto_aim_interfaces/include/auto_aim_interfaces/auto_aim_interfaces/msg/detail/target_rune__functions.h
[10.851s] -- Symlinking: /home/yukki/Downloads/ros_ws/src/install/auto_aim_interfaces/include/auto_aim_interfaces/auto_aim_interfaces/msg/detail/target_rune__struct.h
[10.861s] -- Symlinking: /home/yukki/Downloads/ros_ws/src/install/auto_aim_interfaces/include/auto_aim_interfaces/auto_aim_interfaces/msg/detail/target_rune__type_support.h
[10.872s] -- Symlinking: /home/yukki/Downloads/ros_ws/src/install/auto_aim_interfaces/include/auto_aim_interfaces/auto_aim_interfaces/msg/detail/tracker_info__functions.h
[10.883s] -- Symlinking: /home/yukki/Downloads/ros_ws/src/install/auto_aim_interfaces/include/auto_aim_interfaces/auto_aim_interfaces/msg/detail/tracker_info__struct.h
[10.892s] -- Symlinking: /home/yukki/Downloads/ros_ws/src/install/auto_aim_interfaces/include/auto_aim_interfaces/auto_aim_interfaces/msg/detail/tracker_info__type_support.h
[10.903s] -- Symlinking: /home/yukki/Downloads/ros_ws/src/install/auto_aim_interfaces/include/auto_aim_interfaces/auto_aim_interfaces/msg/rosidl_generator_c__visibility_control.h
[10.913s] -- Symlinking: /home/yukki/Downloads/ros_ws/src/install/auto_aim_interfaces/include/auto_aim_interfaces/auto_aim_interfaces/msg/rune.h
[10.925s] -- Symlinking: /home/yukki/Downloads/ros_ws/src/install/auto_aim_interfaces/include/auto_aim_interfaces/auto_aim_interfaces/msg/target.h
[10.936s] -- Symlinking: /home/yukki/Downloads/ros_ws/src/install/auto_aim_interfaces/include/auto_aim_interfaces/auto_aim_interfaces/msg/target_rune.h
[10.948s] -- Symlinking: /home/yukki/Downloads/ros_ws/src/install/auto_aim_interfaces/include/auto_aim_interfaces/auto_aim_interfaces/msg/tracker_info.h
[10.959s] -- Symlinking: /home/yukki/Downloads/ros_ws/src/install/auto_aim_interfaces/share/auto_aim_interfaces/environment/library_path.sh
[10.970s] -- Symlinking: /home/yukki/Downloads/ros_ws/src/install/auto_aim_interfaces/share/auto_aim_interfaces/environment/library_path.dsv
[10.982s] -- Symlinking: /home/yukki/Downloads/ros_ws/src/install/auto_aim_interfaces/include/auto_aim_interfaces/auto_aim_interfaces/msg/detail/armor__rosidl_typesupport_fastrtps_c.h
[10.992s] -- Symlinking: /home/yukki/Downloads/ros_ws/src/install/auto_aim_interfaces/include/auto_aim_interfaces/auto_aim_interfaces/msg/detail/armors__rosidl_typesupport_fastrtps_c.h
[11.003s] -- Symlinking: /home/yukki/Downloads/ros_ws/src/install/auto_aim_interfaces/include/auto_aim_interfaces/auto_aim_interfaces/msg/detail/debug_armor__rosidl_typesupport_fastrtps_c.h
[11.014s] -- Symlinking: /home/yukki/Downloads/ros_ws/src/install/auto_aim_interfaces/include/auto_aim_interfaces/auto_aim_interfaces/msg/detail/debug_armors__rosidl_typesupport_fastrtps_c.h
[11.025s] -- Symlinking: /home/yukki/Downloads/ros_ws/src/install/auto_aim_interfaces/include/auto_aim_interfaces/auto_aim_interfaces/msg/detail/debug_light__rosidl_typesupport_fastrtps_c.h
[11.036s] -- Symlinking: /home/yukki/Downloads/ros_ws/src/install/auto_aim_interfaces/include/auto_aim_interfaces/auto_aim_interfaces/msg/detail/debug_lights__rosidl_typesupport_fastrtps_c.h
[11.047s] -- Symlinking: /home/yukki/Downloads/ros_ws/src/install/auto_aim_interfaces/include/auto_aim_interfaces/auto_aim_interfaces/msg/detail/debug_rune__rosidl_typesupport_fastrtps_c.h
[11.059s] -- Symlinking: /home/yukki/Downloads/ros_ws/src/install/auto_aim_interfaces/include/auto_aim_interfaces/auto_aim_interfaces/msg/detail/debug_send__rosidl_typesupport_fastrtps_c.h
[11.069s] -- Symlinking: /home/yukki/Downloads/ros_ws/src/install/auto_aim_interfaces/include/auto_aim_interfaces/auto_aim_interfaces/msg/detail/debug_send_armors__rosidl_typesupport_fastrtps_c.h
[11.080s] -- Symlinking: /home/yukki/Downloads/ros_ws/src/install/auto_aim_interfaces/include/auto_aim_interfaces/auto_aim_interfaces/msg/detail/rune__rosidl_typesupport_fastrtps_c.h
[11.091s] -- Symlinking: /home/yukki/Downloads/ros_ws/src/install/auto_aim_interfaces/include/auto_aim_interfaces/auto_aim_interfaces/msg/detail/target__rosidl_typesupport_fastrtps_c.h
[11.101s] -- Symlinking: /home/yukki/Downloads/ros_ws/src/install/auto_aim_interfaces/include/auto_aim_interfaces/auto_aim_interfaces/msg/detail/target_rune__rosidl_typesupport_fastrtps_c.h
[11.112s] -- Symlinking: /home/yukki/Downloads/ros_ws/src/install/auto_aim_interfaces/include/auto_aim_interfaces/auto_aim_interfaces/msg/detail/tracker_info__rosidl_typesupport_fastrtps_c.h
[11.122s] -- Symlinking: /home/yukki/Downloads/ros_ws/src/install/auto_aim_interfaces/include/auto_aim_interfaces/auto_aim_interfaces/msg/rosidl_typesupport_fastrtps_c__visibility_control.h
[11.134s] -- Symlinking: /home/yukki/Downloads/ros_ws/src/install/auto_aim_interfaces/include/auto_aim_interfaces/auto_aim_interfaces/msg/detail/armor__rosidl_typesupport_introspection_c.h
[11.146s] -- Symlinking: /home/yukki/Downloads/ros_ws/src/install/auto_aim_interfaces/include/auto_aim_interfaces/auto_aim_interfaces/msg/detail/armors__rosidl_typesupport_introspection_c.h
[11.157s] -- Symlinking: /home/yukki/Downloads/ros_ws/src/install/auto_aim_interfaces/include/auto_aim_interfaces/auto_aim_interfaces/msg/detail/debug_armor__rosidl_typesupport_introspection_c.h
[11.168s] -- Symlinking: /home/yukki/Downloads/ros_ws/src/install/auto_aim_interfaces/include/auto_aim_interfaces/auto_aim_interfaces/msg/detail/debug_armors__rosidl_typesupport_introspection_c.h
[11.179s] -- Symlinking: /home/yukki/Downloads/ros_ws/src/install/auto_aim_interfaces/include/auto_aim_interfaces/auto_aim_interfaces/msg/detail/debug_light__rosidl_typesupport_introspection_c.h
[11.189s] -- Symlinking: /home/yukki/Downloads/ros_ws/src/install/auto_aim_interfaces/include/auto_aim_interfaces/auto_aim_interfaces/msg/detail/debug_lights__rosidl_typesupport_introspection_c.h
[11.200s] -- Symlinking: /home/yukki/Downloads/ros_ws/src/install/auto_aim_interfaces/include/auto_aim_interfaces/auto_aim_interfaces/msg/detail/debug_rune__rosidl_typesupport_introspection_c.h
[11.210s] -- Symlinking: /home/yukki/Downloads/ros_ws/src/install/auto_aim_interfaces/include/auto_aim_interfaces/auto_aim_interfaces/msg/detail/debug_send__rosidl_typesupport_introspection_c.h
[11.222s] -- Symlinking: /home/yukki/Downloads/ros_ws/src/install/auto_aim_interfaces/include/auto_aim_interfaces/auto_aim_interfaces/msg/detail/debug_send_armors__rosidl_typesupport_introspection_c.h
[11.233s] -- Symlinking: /home/yukki/Downloads/ros_ws/src/install/auto_aim_interfaces/include/auto_aim_interfaces/auto_aim_interfaces/msg/detail/rune__rosidl_typesupport_introspection_c.h
[11.244s] -- Symlinking: /home/yukki/Downloads/ros_ws/src/install/auto_aim_interfaces/include/auto_aim_interfaces/auto_aim_interfaces/msg/detail/target__rosidl_typesupport_introspection_c.h
[11.255s] -- Symlinking: /home/yukki/Downloads/ros_ws/src/install/auto_aim_interfaces/include/auto_aim_interfaces/auto_aim_interfaces/msg/detail/target_rune__rosidl_typesupport_introspection_c.h
[11.267s] -- Symlinking: /home/yukki/Downloads/ros_ws/src/install/auto_aim_interfaces/include/auto_aim_interfaces/auto_aim_interfaces/msg/detail/tracker_info__rosidl_typesupport_introspection_c.h
[11.279s] -- Symlinking: /home/yukki/Downloads/ros_ws/src/install/auto_aim_interfaces/include/auto_aim_interfaces/auto_aim_interfaces/msg/rosidl_typesupport_introspection_c__visibility_control.h
[11.292s] -- Symlinking: /home/yukki/Downloads/ros_ws/src/install/auto_aim_interfaces/include/auto_aim_interfaces/auto_aim_interfaces/msg/armor.hpp
[11.305s] -- Symlinking: /home/yukki/Downloads/ros_ws/src/install/auto_aim_interfaces/include/auto_aim_interfaces/auto_aim_interfaces/msg/armors.hpp
[11.317s] -- Symlinking: /home/yukki/Downloads/ros_ws/src/install/auto_aim_interfaces/include/auto_aim_interfaces/auto_aim_interfaces/msg/debug_armor.hpp
[11.329s] -- Symlinking: /home/yukki/Downloads/ros_ws/src/install/auto_aim_interfaces/include/auto_aim_interfaces/auto_aim_interfaces/msg/debug_armors.hpp
[11.342s] -- Symlinking: /home/yukki/Downloads/ros_ws/src/install/auto_aim_interfaces/include/auto_aim_interfaces/auto_aim_interfaces/msg/debug_light.hpp
[11.353s] -- Symlinking: /home/yukki/Downloads/ros_ws/src/install/auto_aim_interfaces/include/auto_aim_interfaces/auto_aim_interfaces/msg/debug_lights.hpp
[11.365s] -- Symlinking: /home/yukki/Downloads/ros_ws/src/install/auto_aim_interfaces/include/auto_aim_interfaces/auto_aim_interfaces/msg/debug_rune.hpp
[11.377s] -- Symlinking: /home/yukki/Downloads/ros_ws/src/install/auto_aim_interfaces/include/auto_aim_interfaces/auto_aim_interfaces/msg/debug_send.hpp
[11.388s] -- Symlinking: /home/yukki/Downloads/ros_ws/src/install/auto_aim_interfaces/include/auto_aim_interfaces/auto_aim_interfaces/msg/debug_send_armors.hpp
[11.398s] -- Symlinking: /home/yukki/Downloads/ros_ws/src/install/auto_aim_interfaces/include/auto_aim_interfaces/auto_aim_interfaces/msg/detail/armor__builder.hpp
[11.408s] -- Symlinking: /home/yukki/Downloads/ros_ws/src/install/auto_aim_interfaces/include/auto_aim_interfaces/auto_aim_interfaces/msg/detail/armor__struct.hpp
[11.420s] -- Symlinking: /home/yukki/Downloads/ros_ws/src/install/auto_aim_interfaces/include/auto_aim_interfaces/auto_aim_interfaces/msg/detail/armor__traits.hpp
[11.430s] -- Symlinking: /home/yukki/Downloads/ros_ws/src/install/auto_aim_interfaces/include/auto_aim_interfaces/auto_aim_interfaces/msg/detail/armors__builder.hpp
[11.441s] -- Symlinking: /home/yukki/Downloads/ros_ws/src/install/auto_aim_interfaces/include/auto_aim_interfaces/auto_aim_interfaces/msg/detail/armors__struct.hpp
[11.453s] -- Symlinking: /home/yukki/Downloads/ros_ws/src/install/auto_aim_interfaces/include/auto_aim_interfaces/auto_aim_interfaces/msg/detail/armors__traits.hpp
[11.464s] -- Symlinking: /home/yukki/Downloads/ros_ws/src/install/auto_aim_interfaces/include/auto_aim_interfaces/auto_aim_interfaces/msg/detail/debug_armor__builder.hpp
[11.476s] -- Symlinking: /home/yukki/Downloads/ros_ws/src/install/auto_aim_interfaces/include/auto_aim_interfaces/auto_aim_interfaces/msg/detail/debug_armor__struct.hpp
[11.487s] -- Symlinking: /home/yukki/Downloads/ros_ws/src/install/auto_aim_interfaces/include/auto_aim_interfaces/auto_aim_interfaces/msg/detail/debug_armor__traits.hpp
[11.498s] -- Symlinking: /home/yukki/Downloads/ros_ws/src/install/auto_aim_interfaces/include/auto_aim_interfaces/auto_aim_interfaces/msg/detail/debug_armors__builder.hpp
[11.508s] -- Symlinking: /home/yukki/Downloads/ros_ws/src/install/auto_aim_interfaces/include/auto_aim_interfaces/auto_aim_interfaces/msg/detail/debug_armors__struct.hpp
[11.519s] -- Symlinking: /home/yukki/Downloads/ros_ws/src/install/auto_aim_interfaces/include/auto_aim_interfaces/auto_aim_interfaces/msg/detail/debug_armors__traits.hpp
[11.530s] -- Symlinking: /home/yukki/Downloads/ros_ws/src/install/auto_aim_interfaces/include/auto_aim_interfaces/auto_aim_interfaces/msg/detail/debug_light__builder.hpp
[11.541s] -- Symlinking: /home/yukki/Downloads/ros_ws/src/install/auto_aim_interfaces/include/auto_aim_interfaces/auto_aim_interfaces/msg/detail/debug_light__struct.hpp
[11.552s] -- Symlinking: /home/yukki/Downloads/ros_ws/src/install/auto_aim_interfaces/include/auto_aim_interfaces/auto_aim_interfaces/msg/detail/debug_light__traits.hpp
[11.563s] -- Symlinking: /home/yukki/Downloads/ros_ws/src/install/auto_aim_interfaces/include/auto_aim_interfaces/auto_aim_interfaces/msg/detail/debug_lights__builder.hpp
[11.574s] -- Symlinking: /home/yukki/Downloads/ros_ws/src/install/auto_aim_interfaces/include/auto_aim_interfaces/auto_aim_interfaces/msg/detail/debug_lights__struct.hpp
[11.584s] -- Symlinking: /home/yukki/Downloads/ros_ws/src/install/auto_aim_interfaces/include/auto_aim_interfaces/auto_aim_interfaces/msg/detail/debug_lights__traits.hpp
[11.594s] -- Symlinking: /home/yukki/Downloads/ros_ws/src/install/auto_aim_interfaces/include/auto_aim_interfaces/auto_aim_interfaces/msg/detail/debug_rune__builder.hpp
[11.604s] -- Symlinking: /home/yukki/Downloads/ros_ws/src/install/auto_aim_interfaces/include/auto_aim_interfaces/auto_aim_interfaces/msg/detail/debug_rune__struct.hpp
[11.615s] -- Symlinking: /home/yukki/Downloads/ros_ws/src/install/auto_aim_interfaces/include/auto_aim_interfaces/auto_aim_interfaces/msg/detail/debug_rune__traits.hpp
[11.626s] -- Symlinking: /home/yukki/Downloads/ros_ws/src/install/auto_aim_interfaces/include/auto_aim_interfaces/auto_aim_interfaces/msg/detail/debug_send__builder.hpp
[11.637s] -- Symlinking: /home/yukki/Downloads/ros_ws/src/install/auto_aim_interfaces/include/auto_aim_interfaces/auto_aim_interfaces/msg/detail/debug_send__struct.hpp
[11.649s] -- Symlinking: /home/yukki/Downloads/ros_ws/src/install/auto_aim_interfaces/include/auto_aim_interfaces/auto_aim_interfaces/msg/detail/debug_send__traits.hpp
[11.660s] -- Symlinking: /home/yukki/Downloads/ros_ws/src/install/auto_aim_interfaces/include/auto_aim_interfaces/auto_aim_interfaces/msg/detail/debug_send_armors__builder.hpp
[11.671s] -- Symlinking: /home/yukki/Downloads/ros_ws/src/install/auto_aim_interfaces/include/auto_aim_interfaces/auto_aim_interfaces/msg/detail/debug_send_armors__struct.hpp
[11.682s] -- Symlinking: /home/yukki/Downloads/ros_ws/src/install/auto_aim_interfaces/include/auto_aim_interfaces/auto_aim_interfaces/msg/detail/debug_send_armors__traits.hpp
[11.692s] -- Symlinking: /home/yukki/Downloads/ros_ws/src/install/auto_aim_interfaces/include/auto_aim_interfaces/auto_aim_interfaces/msg/detail/rune__builder.hpp
[11.702s] -- Symlinking: /home/yukki/Downloads/ros_ws/src/install/auto_aim_interfaces/include/auto_aim_interfaces/auto_aim_interfaces/msg/detail/rune__struct.hpp
[11.712s] -- Symlinking: /home/yukki/Downloads/ros_ws/src/install/auto_aim_interfaces/include/auto_aim_interfaces/auto_aim_interfaces/msg/detail/rune__traits.hpp
[11.723s] -- Symlinking: /home/yukki/Downloads/ros_ws/src/install/auto_aim_interfaces/include/auto_aim_interfaces/auto_aim_interfaces/msg/detail/target__builder.hpp
[11.734s] -- Symlinking: /home/yukki/Downloads/ros_ws/src/install/auto_aim_interfaces/include/auto_aim_interfaces/auto_aim_interfaces/msg/detail/target__struct.hpp
[11.746s] -- Symlinking: /home/yukki/Downloads/ros_ws/src/install/auto_aim_interfaces/include/auto_aim_interfaces/auto_aim_interfaces/msg/detail/target__traits.hpp
[11.756s] -- Symlinking: /home/yukki/Downloads/ros_ws/src/install/auto_aim_interfaces/include/auto_aim_interfaces/auto_aim_interfaces/msg/detail/target_rune__builder.hpp
[11.767s] -- Symlinking: /home/yukki/Downloads/ros_ws/src/install/auto_aim_interfaces/include/auto_aim_interfaces/auto_aim_interfaces/msg/detail/target_rune__struct.hpp
[11.778s] -- Symlinking: /home/yukki/Downloads/ros_ws/src/install/auto_aim_interfaces/include/auto_aim_interfaces/auto_aim_interfaces/msg/detail/target_rune__traits.hpp
[11.789s] -- Symlinking: /home/yukki/Downloads/ros_ws/src/install/auto_aim_interfaces/include/auto_aim_interfaces/auto_aim_interfaces/msg/detail/tracker_info__builder.hpp
[11.799s] -- Symlinking: /home/yukki/Downloads/ros_ws/src/install/auto_aim_interfaces/include/auto_aim_interfaces/auto_aim_interfaces/msg/detail/tracker_info__struct.hpp
[11.809s] -- Symlinking: /home/yukki/Downloads/ros_ws/src/install/auto_aim_interfaces/include/auto_aim_interfaces/auto_aim_interfaces/msg/detail/tracker_info__traits.hpp
[11.820s] -- Symlinking: /home/yukki/Downloads/ros_ws/src/install/auto_aim_interfaces/include/auto_aim_interfaces/auto_aim_interfaces/msg/rune.hpp
[11.831s] -- Symlinking: /home/yukki/Downloads/ros_ws/src/install/auto_aim_interfaces/include/auto_aim_interfaces/auto_aim_interfaces/msg/target.hpp
[11.843s] -- Symlinking: /home/yukki/Downloads/ros_ws/src/install/auto_aim_interfaces/include/auto_aim_interfaces/auto_aim_interfaces/msg/target_rune.hpp
[11.853s] -- Symlinking: /home/yukki/Downloads/ros_ws/src/install/auto_aim_interfaces/include/auto_aim_interfaces/auto_aim_interfaces/msg/tracker_info.hpp
[11.865s] -- Symlinking: /home/yukki/Downloads/ros_ws/src/install/auto_aim_interfaces/include/auto_aim_interfaces/auto_aim_interfaces/msg/detail/armor__rosidl_typesupport_fastrtps_cpp.hpp
[11.876s] -- Symlinking: /home/yukki/Downloads/ros_ws/src/install/auto_aim_interfaces/include/auto_aim_interfaces/auto_aim_interfaces/msg/detail/armors__rosidl_typesupport_fastrtps_cpp.hpp
[11.886s] -- Symlinking: /home/yukki/Downloads/ros_ws/src/install/auto_aim_interfaces/include/auto_aim_interfaces/auto_aim_interfaces/msg/detail/debug_armor__rosidl_typesupport_fastrtps_cpp.hpp
[11.896s] -- Symlinking: /home/yukki/Downloads/ros_ws/src/install/auto_aim_interfaces/include/auto_aim_interfaces/auto_aim_interfaces/msg/detail/debug_armors__rosidl_typesupport_fastrtps_cpp.hpp
[11.906s] -- Symlinking: /home/yukki/Downloads/ros_ws/src/install/auto_aim_interfaces/include/auto_aim_interfaces/auto_aim_interfaces/msg/detail/debug_light__rosidl_typesupport_fastrtps_cpp.hpp
[11.917s] -- Symlinking: /home/yukki/Downloads/ros_ws/src/install/auto_aim_interfaces/include/auto_aim_interfaces/auto_aim_interfaces/msg/detail/debug_lights__rosidl_typesupport_fastrtps_cpp.hpp
[11.928s] -- Symlinking: /home/yukki/Downloads/ros_ws/src/install/auto_aim_interfaces/include/auto_aim_interfaces/auto_aim_interfaces/msg/detail/debug_rune__rosidl_typesupport_fastrtps_cpp.hpp
[11.939s] -- Symlinking: /home/yukki/Downloads/ros_ws/src/install/auto_aim_interfaces/include/auto_aim_interfaces/auto_aim_interfaces/msg/detail/debug_send__rosidl_typesupport_fastrtps_cpp.hpp
[11.950s] -- Symlinking: /home/yukki/Downloads/ros_ws/src/install/auto_aim_interfaces/include/auto_aim_interfaces/auto_aim_interfaces/msg/detail/debug_send_armors__rosidl_typesupport_fastrtps_cpp.hpp
[11.960s] -- Symlinking: /home/yukki/Downloads/ros_ws/src/install/auto_aim_interfaces/include/auto_aim_interfaces/auto_aim_interfaces/msg/detail/rune__rosidl_typesupport_fastrtps_cpp.hpp
[11.972s] -- Symlinking: /home/yukki/Downloads/ros_ws/src/install/auto_aim_interfaces/include/auto_aim_interfaces/auto_aim_interfaces/msg/detail/target__rosidl_typesupport_fastrtps_cpp.hpp
[11.982s] -- Symlinking: /home/yukki/Downloads/ros_ws/src/install/auto_aim_interfaces/include/auto_aim_interfaces/auto_aim_interfaces/msg/detail/target_rune__rosidl_typesupport_fastrtps_cpp.hpp
[11.993s] -- Symlinking: /home/yukki/Downloads/ros_ws/src/install/auto_aim_interfaces/include/auto_aim_interfaces/auto_aim_interfaces/msg/detail/tracker_info__rosidl_typesupport_fastrtps_cpp.hpp
[12.002s] -- Symlinking: /home/yukki/Downloads/ros_ws/src/install/auto_aim_interfaces/include/auto_aim_interfaces/auto_aim_interfaces/msg/rosidl_typesupport_fastrtps_cpp__visibility_control.h
[12.013s] -- Symlinking: /home/yukki/Downloads/ros_ws/src/install/auto_aim_interfaces/include/auto_aim_interfaces/auto_aim_interfaces/msg/detail/armor__rosidl_typesupport_introspection_cpp.hpp
[12.024s] -- Symlinking: /home/yukki/Downloads/ros_ws/src/install/auto_aim_interfaces/include/auto_aim_interfaces/auto_aim_interfaces/msg/detail/armors__rosidl_typesupport_introspection_cpp.hpp
[12.035s] -- Symlinking: /home/yukki/Downloads/ros_ws/src/install/auto_aim_interfaces/include/auto_aim_interfaces/auto_aim_interfaces/msg/detail/debug_armor__rosidl_typesupport_introspection_cpp.hpp
[12.046s] -- Symlinking: /home/yukki/Downloads/ros_ws/src/install/auto_aim_interfaces/include/auto_aim_interfaces/auto_aim_interfaces/msg/detail/debug_armors__rosidl_typesupport_introspection_cpp.hpp
[12.058s] -- Symlinking: /home/yukki/Downloads/ros_ws/src/install/auto_aim_interfaces/include/auto_aim_interfaces/auto_aim_interfaces/msg/detail/debug_light__rosidl_typesupport_introspection_cpp.hpp
[12.069s] -- Symlinking: /home/yukki/Downloads/ros_ws/src/install/auto_aim_interfaces/include/auto_aim_interfaces/auto_aim_interfaces/msg/detail/debug_lights__rosidl_typesupport_introspection_cpp.hpp
[12.080s] -- Symlinking: /home/yukki/Downloads/ros_ws/src/install/auto_aim_interfaces/include/auto_aim_interfaces/auto_aim_interfaces/msg/detail/debug_rune__rosidl_typesupport_introspection_cpp.hpp
[12.090s] -- Symlinking: /home/yukki/Downloads/ros_ws/src/install/auto_aim_interfaces/include/auto_aim_interfaces/auto_aim_interfaces/msg/detail/debug_send__rosidl_typesupport_introspection_cpp.hpp
[12.100s] -- Symlinking: /home/yukki/Downloads/ros_ws/src/install/auto_aim_interfaces/include/auto_aim_interfaces/auto_aim_interfaces/msg/detail/debug_send_armors__rosidl_typesupport_introspection_cpp.hpp
[12.111s] -- Symlinking: /home/yukki/Downloads/ros_ws/src/install/auto_aim_interfaces/include/auto_aim_interfaces/auto_aim_interfaces/msg/detail/rune__rosidl_typesupport_introspection_cpp.hpp
[12.122s] -- Symlinking: /home/yukki/Downloads/ros_ws/src/install/auto_aim_interfaces/include/auto_aim_interfaces/auto_aim_interfaces/msg/detail/target__rosidl_typesupport_introspection_cpp.hpp
[12.133s] -- Symlinking: /home/yukki/Downloads/ros_ws/src/install/auto_aim_interfaces/include/auto_aim_interfaces/auto_aim_interfaces/msg/detail/target_rune__rosidl_typesupport_introspection_cpp.hpp
[12.144s] -- Symlinking: /home/yukki/Downloads/ros_ws/src/install/auto_aim_interfaces/include/auto_aim_interfaces/auto_aim_interfaces/msg/detail/tracker_info__rosidl_typesupport_introspection_cpp.hpp
[12.156s] -- Symlinking: /home/yukki/Downloads/ros_ws/src/install/auto_aim_interfaces/share/auto_aim_interfaces/environment/pythonpath.sh
[12.167s] -- Symlinking: /home/yukki/Downloads/ros_ws/src/install/auto_aim_interfaces/share/auto_aim_interfaces/environment/pythonpath.dsv
[12.178s] -- Symlinking: /home/yukki/Downloads/ros_ws/src/install/auto_aim_interfaces/local/lib/python3.10/dist-packages/auto_aim_interfaces-0.0.0-py3.10.egg-info/PKG-INFO
[12.189s] -- Symlinking: /home/yukki/Downloads/ros_ws/src/install/auto_aim_interfaces/local/lib/python3.10/dist-packages/auto_aim_interfaces-0.0.0-py3.10.egg-info/SOURCES.txt
[12.199s] -- Symlinking: /home/yukki/Downloads/ros_ws/src/install/auto_aim_interfaces/local/lib/python3.10/dist-packages/auto_aim_interfaces-0.0.0-py3.10.egg-info/dependency_links.txt
[12.209s] -- Symlinking: /home/yukki/Downloads/ros_ws/src/install/auto_aim_interfaces/local/lib/python3.10/dist-packages/auto_aim_interfaces-0.0.0-py3.10.egg-info/top_level.txt
[12.222s] -- Symlinking: /home/yukki/Downloads/ros_ws/src/install/auto_aim_interfaces/local/lib/python3.10/dist-packages/auto_aim_interfaces/__init__.py
[12.233s] -- Symlinking: /home/yukki/Downloads/ros_ws/src/install/auto_aim_interfaces/local/lib/python3.10/dist-packages/auto_aim_interfaces/_auto_aim_interfaces_s.ep.rosidl_typesupport_c.c
[12.244s] -- Symlinking: /home/yukki/Downloads/ros_ws/src/install/auto_aim_interfaces/local/lib/python3.10/dist-packages/auto_aim_interfaces/_auto_aim_interfaces_s.ep.rosidl_typesupport_fastrtps_c.c
[12.255s] -- Symlinking: /home/yukki/Downloads/ros_ws/src/install/auto_aim_interfaces/local/lib/python3.10/dist-packages/auto_aim_interfaces/_auto_aim_interfaces_s.ep.rosidl_typesupport_introspection_c.c
[12.266s] -- Symlinking: /home/yukki/Downloads/ros_ws/src/install/auto_aim_interfaces/local/lib/python3.10/dist-packages/auto_aim_interfaces/auto_aim_interfaces_s__rosidl_typesupport_c.cpython-310-x86_64-linux-gnu.so
[12.277s] -- Symlinking: /home/yukki/Downloads/ros_ws/src/install/auto_aim_interfaces/local/lib/python3.10/dist-packages/auto_aim_interfaces/auto_aim_interfaces_s__rosidl_typesupport_fastrtps_c.cpython-310-x86_64-linux-gnu.so
[12.287s] -- Symlinking: /home/yukki/Downloads/ros_ws/src/install/auto_aim_interfaces/local/lib/python3.10/dist-packages/auto_aim_interfaces/auto_aim_interfaces_s__rosidl_typesupport_introspection_c.cpython-310-x86_64-linux-gnu.so
[12.298s] -- Symlinking: /home/yukki/Downloads/ros_ws/src/install/auto_aim_interfaces/local/lib/python3.10/dist-packages/auto_aim_interfaces/libauto_aim_interfaces__rosidl_generator_py.so
[12.308s] -- Symlinking: /home/yukki/Downloads/ros_ws/src/install/auto_aim_interfaces/local/lib/python3.10/dist-packages/auto_aim_interfaces/msg/__init__.py
[12.319s] -- Symlinking: /home/yukki/Downloads/ros_ws/src/install/auto_aim_interfaces/local/lib/python3.10/dist-packages/auto_aim_interfaces/msg/_armor.py
[12.330s] -- Symlinking: /home/yukki/Downloads/ros_ws/src/install/auto_aim_interfaces/local/lib/python3.10/dist-packages/auto_aim_interfaces/msg/_armor_s.c
[12.342s] -- Symlinking: /home/yukki/Downloads/ros_ws/src/install/auto_aim_interfaces/local/lib/python3.10/dist-packages/auto_aim_interfaces/msg/_armors.py
[12.352s] -- Symlinking: /home/yukki/Downloads/ros_ws/src/install/auto_aim_interfaces/local/lib/python3.10/dist-packages/auto_aim_interfaces/msg/_armors_s.c
[12.363s] -- Symlinking: /home/yukki/Downloads/ros_ws/src/install/auto_aim_interfaces/local/lib/python3.10/dist-packages/auto_aim_interfaces/msg/_debug_armor.py
[12.375s] -- Symlinking: /home/yukki/Downloads/ros_ws/src/install/auto_aim_interfaces/local/lib/python3.10/dist-packages/auto_aim_interfaces/msg/_debug_armor_s.c
[12.386s] -- Symlinking: /home/yukki/Downloads/ros_ws/src/install/auto_aim_interfaces/local/lib/python3.10/dist-packages/auto_aim_interfaces/msg/_debug_armors.py
[12.397s] -- Symlinking: /home/yukki/Downloads/ros_ws/src/install/auto_aim_interfaces/local/lib/python3.10/dist-packages/auto_aim_interfaces/msg/_debug_armors_s.c
[12.408s] -- Symlinking: /home/yukki/Downloads/ros_ws/src/install/auto_aim_interfaces/local/lib/python3.10/dist-packages/auto_aim_interfaces/msg/_debug_light.py
[12.420s] -- Symlinking: /home/yukki/Downloads/ros_ws/src/install/auto_aim_interfaces/local/lib/python3.10/dist-packages/auto_aim_interfaces/msg/_debug_light_s.c
[12.431s] -- Symlinking: /home/yukki/Downloads/ros_ws/src/install/auto_aim_interfaces/local/lib/python3.10/dist-packages/auto_aim_interfaces/msg/_debug_lights.py
[12.442s] -- Symlinking: /home/yukki/Downloads/ros_ws/src/install/auto_aim_interfaces/local/lib/python3.10/dist-packages/auto_aim_interfaces/msg/_debug_lights_s.c
[12.454s] -- Symlinking: /home/yukki/Downloads/ros_ws/src/install/auto_aim_interfaces/local/lib/python3.10/dist-packages/auto_aim_interfaces/msg/_debug_rune.py
[12.465s] -- Symlinking: /home/yukki/Downloads/ros_ws/src/install/auto_aim_interfaces/local/lib/python3.10/dist-packages/auto_aim_interfaces/msg/_debug_rune_s.c
[12.476s] -- Symlinking: /home/yukki/Downloads/ros_ws/src/install/auto_aim_interfaces/local/lib/python3.10/dist-packages/auto_aim_interfaces/msg/_debug_send.py
[12.487s] -- Symlinking: /home/yukki/Downloads/ros_ws/src/install/auto_aim_interfaces/local/lib/python3.10/dist-packages/auto_aim_interfaces/msg/_debug_send_armors.py
[12.498s] -- Symlinking: /home/yukki/Downloads/ros_ws/src/install/auto_aim_interfaces/local/lib/python3.10/dist-packages/auto_aim_interfaces/msg/_debug_send_armors_s.c
[12.509s] -- Symlinking: /home/yukki/Downloads/ros_ws/src/install/auto_aim_interfaces/local/lib/python3.10/dist-packages/auto_aim_interfaces/msg/_debug_send_s.c
[12.521s] -- Symlinking: /home/yukki/Downloads/ros_ws/src/install/auto_aim_interfaces/local/lib/python3.10/dist-packages/auto_aim_interfaces/msg/_rune.py
[12.531s] -- Symlinking: /home/yukki/Downloads/ros_ws/src/install/auto_aim_interfaces/local/lib/python3.10/dist-packages/auto_aim_interfaces/msg/_rune_s.c
[12.543s] -- Symlinking: /home/yukki/Downloads/ros_ws/src/install/auto_aim_interfaces/local/lib/python3.10/dist-packages/auto_aim_interfaces/msg/_target.py
[12.555s] -- Symlinking: /home/yukki/Downloads/ros_ws/src/install/auto_aim_interfaces/local/lib/python3.10/dist-packages/auto_aim_interfaces/msg/_target_rune.py
[12.566s] -- Symlinking: /home/yukki/Downloads/ros_ws/src/install/auto_aim_interfaces/local/lib/python3.10/dist-packages/auto_aim_interfaces/msg/_target_rune_s.c
[12.578s] -- Symlinking: /home/yukki/Downloads/ros_ws/src/install/auto_aim_interfaces/local/lib/python3.10/dist-packages/auto_aim_interfaces/msg/_target_s.c
[12.589s] -- Symlinking: /home/yukki/Downloads/ros_ws/src/install/auto_aim_interfaces/local/lib/python3.10/dist-packages/auto_aim_interfaces/msg/_tracker_info.py
[12.600s] -- Symlinking: /home/yukki/Downloads/ros_ws/src/install/auto_aim_interfaces/local/lib/python3.10/dist-packages/auto_aim_interfaces/msg/_tracker_info_s.c
[12.611s] -- Up-to-date symlink: /home/yukki/Downloads/ros_ws/src/install/auto_aim_interfaces/local/lib/python3.10/dist-packages/auto_aim_interfaces/auto_aim_interfaces_s__rosidl_typesupport_fastrtps_c.cpython-310-x86_64-linux-gnu.so
[12.612s] -- Up-to-date symlink: /home/yukki/Downloads/ros_ws/src/install/auto_aim_interfaces/local/lib/python3.10/dist-packages/auto_aim_interfaces/auto_aim_interfaces_s__rosidl_typesupport_introspection_c.cpython-310-x86_64-linux-gnu.so
[12.612s] -- Up-to-date symlink: /home/yukki/Downloads/ros_ws/src/install/auto_aim_interfaces/local/lib/python3.10/dist-packages/auto_aim_interfaces/auto_aim_interfaces_s__rosidl_typesupport_c.cpython-310-x86_64-linux-gnu.so
[12.612s] -- Symlinking: /home/yukki/Downloads/ros_ws/src/install/auto_aim_interfaces/share/auto_aim_interfaces/msg/Armor.idl
[12.624s] -- Symlinking: /home/yukki/Downloads/ros_ws/src/install/auto_aim_interfaces/share/auto_aim_interfaces/msg/Armors.idl
[12.635s] -- Symlinking: /home/yukki/Downloads/ros_ws/src/install/auto_aim_interfaces/share/auto_aim_interfaces/msg/Rune.idl
[12.647s] -- Symlinking: /home/yukki/Downloads/ros_ws/src/install/auto_aim_interfaces/share/auto_aim_interfaces/msg/Target.idl
[12.658s] -- Symlinking: /home/yukki/Downloads/ros_ws/src/install/auto_aim_interfaces/share/auto_aim_interfaces/msg/TargetRune.idl
[12.669s] -- Symlinking: /home/yukki/Downloads/ros_ws/src/install/auto_aim_interfaces/share/auto_aim_interfaces/msg/DebugLight.idl
[12.680s] -- Symlinking: /home/yukki/Downloads/ros_ws/src/install/auto_aim_interfaces/share/auto_aim_interfaces/msg/DebugLights.idl
[12.692s] -- Symlinking: /home/yukki/Downloads/ros_ws/src/install/auto_aim_interfaces/share/auto_aim_interfaces/msg/DebugArmor.idl
[12.703s] -- Symlinking: /home/yukki/Downloads/ros_ws/src/install/auto_aim_interfaces/share/auto_aim_interfaces/msg/DebugArmors.idl
[12.714s] -- Symlinking: /home/yukki/Downloads/ros_ws/src/install/auto_aim_interfaces/share/auto_aim_interfaces/msg/DebugRune.idl
[12.725s] -- Symlinking: /home/yukki/Downloads/ros_ws/src/install/auto_aim_interfaces/share/auto_aim_interfaces/msg/DebugSend.idl
[12.737s] -- Symlinking: /home/yukki/Downloads/ros_ws/src/install/auto_aim_interfaces/share/auto_aim_interfaces/msg/DebugSendArmors.idl
[12.749s] -- Symlinking: /home/yukki/Downloads/ros_ws/src/install/auto_aim_interfaces/share/auto_aim_interfaces/msg/TrackerInfo.idl
[12.760s] -- Symlinking: /home/yukki/Downloads/ros_ws/src/install/auto_aim_interfaces/share/auto_aim_interfaces/msg/Armor.msg
[12.772s] -- Symlinking: /home/yukki/Downloads/ros_ws/src/install/auto_aim_interfaces/share/auto_aim_interfaces/msg/Armors.msg
[12.783s] -- Symlinking: /home/yukki/Downloads/ros_ws/src/install/auto_aim_interfaces/share/auto_aim_interfaces/msg/Rune.msg
[12.793s] -- Symlinking: /home/yukki/Downloads/ros_ws/src/install/auto_aim_interfaces/share/auto_aim_interfaces/msg/Target.msg
[12.804s] -- Symlinking: /home/yukki/Downloads/ros_ws/src/install/auto_aim_interfaces/share/auto_aim_interfaces/msg/TargetRune.msg
[12.816s] -- Symlinking: /home/yukki/Downloads/ros_ws/src/install/auto_aim_interfaces/share/auto_aim_interfaces/msg/DebugLight.msg
[12.828s] -- Symlinking: /home/yukki/Downloads/ros_ws/src/install/auto_aim_interfaces/share/auto_aim_interfaces/msg/DebugLights.msg
[12.840s] -- Symlinking: /home/yukki/Downloads/ros_ws/src/install/auto_aim_interfaces/share/auto_aim_interfaces/msg/DebugArmor.msg
[12.851s] -- Symlinking: /home/yukki/Downloads/ros_ws/src/install/auto_aim_interfaces/share/auto_aim_interfaces/msg/DebugArmors.msg
[12.862s] -- Symlinking: /home/yukki/Downloads/ros_ws/src/install/auto_aim_interfaces/share/auto_aim_interfaces/msg/DebugRune.msg
[12.875s] -- Symlinking: /home/yukki/Downloads/ros_ws/src/install/auto_aim_interfaces/share/auto_aim_interfaces/msg/DebugSend.msg
[12.886s] -- Symlinking: /home/yukki/Downloads/ros_ws/src/install/auto_aim_interfaces/share/auto_aim_interfaces/msg/DebugSendArmors.msg
[12.898s] -- Symlinking: /home/yukki/Downloads/ros_ws/src/install/auto_aim_interfaces/share/auto_aim_interfaces/msg/TrackerInfo.msg
[12.909s] -- Symlinking: /home/yukki/Downloads/ros_ws/src/install/auto_aim_interfaces/share/ament_index/resource_index/package_run_dependencies/auto_aim_interfaces
[12.921s] -- Symlinking: /home/yukki/Downloads/ros_ws/src/install/auto_aim_interfaces/share/ament_index/resource_index/parent_prefix_path/auto_aim_interfaces
[12.932s] -- Symlinking: /home/yukki/Downloads/ros_ws/src/install/auto_aim_interfaces/share/auto_aim_interfaces/environment/ament_prefix_path.sh
[12.944s] -- Symlinking: /home/yukki/Downloads/ros_ws/src/install/auto_aim_interfaces/share/auto_aim_interfaces/environment/ament_prefix_path.dsv
[12.956s] -- Symlinking: /home/yukki/Downloads/ros_ws/src/install/auto_aim_interfaces/share/auto_aim_interfaces/environment/path.sh
[12.967s] -- Symlinking: /home/yukki/Downloads/ros_ws/src/install/auto_aim_interfaces/share/auto_aim_interfaces/environment/path.dsv
[12.979s] -- Symlinking: /home/yukki/Downloads/ros_ws/src/install/auto_aim_interfaces/share/auto_aim_interfaces/local_setup.bash
[12.990s] -- Symlinking: /home/yukki/Downloads/ros_ws/src/install/auto_aim_interfaces/share/auto_aim_interfaces/local_setup.sh
[13.001s] -- Symlinking: /home/yukki/Downloads/ros_ws/src/install/auto_aim_interfaces/share/auto_aim_interfaces/local_setup.zsh
[13.012s] -- Symlinking: /home/yukki/Downloads/ros_ws/src/install/auto_aim_interfaces/share/auto_aim_interfaces/local_setup.dsv
[13.024s] -- Symlinking: /home/yukki/Downloads/ros_ws/src/install/auto_aim_interfaces/share/auto_aim_interfaces/package.dsv
[13.035s] -- Symlinking: /home/yukki/Downloads/ros_ws/src/install/auto_aim_interfaces/share/ament_index/resource_index/packages/auto_aim_interfaces
[13.047s] -- Symlinking: /home/yukki/Downloads/ros_ws/src/install/auto_aim_interfaces/share/auto_aim_interfaces/cmake/rosidl_cmake-extras.cmake
[13.058s] -- Symlinking: /home/yukki/Downloads/ros_ws/src/install/auto_aim_interfaces/share/auto_aim_interfaces/cmake/ament_cmake_export_dependencies-extras.cmake
[13.070s] -- Symlinking: /home/yukki/Downloads/ros_ws/src/install/auto_aim_interfaces/share/auto_aim_interfaces/cmake/ament_cmake_export_include_directories-extras.cmake
[13.081s] -- Symlinking: /home/yukki/Downloads/ros_ws/src/install/auto_aim_interfaces/share/auto_aim_interfaces/cmake/ament_cmake_export_libraries-extras.cmake
[13.092s] -- Symlinking: /home/yukki/Downloads/ros_ws/src/install/auto_aim_interfaces/share/auto_aim_interfaces/cmake/ament_cmake_export_targets-extras.cmake
[13.103s] -- Symlinking: /home/yukki/Downloads/ros_ws/src/install/auto_aim_interfaces/share/auto_aim_interfaces/cmake/rosidl_cmake_export_typesupport_targets-extras.cmake
[13.115s] -- Symlinking: /home/yukki/Downloads/ros_ws/src/install/auto_aim_interfaces/share/auto_aim_interfaces/cmake/rosidl_cmake_export_typesupport_libraries-extras.cmake
[13.127s] -- Symlinking: /home/yukki/Downloads/ros_ws/src/install/auto_aim_interfaces/share/auto_aim_interfaces/cmake/auto_aim_interfacesConfig.cmake
[13.140s] -- Symlinking: /home/yukki/Downloads/ros_ws/src/install/auto_aim_interfaces/share/auto_aim_interfaces/cmake/auto_aim_interfacesConfig-version.cmake
[13.152s] -- Symlinking: /home/yukki/Downloads/ros_ws/src/install/auto_aim_interfaces/share/auto_aim_interfaces/package.xml
[13.163s] -- Installing: /home/yukki/Downloads/ros_ws/src/install/auto_aim_interfaces/lib/libauto_aim_interfaces__rosidl_generator_c.so
[13.164s] -- Set runtime path of "/home/yukki/Downloads/ros_ws/src/install/auto_aim_interfaces/lib/libauto_aim_interfaces__rosidl_generator_c.so" to ""
[13.164s] -- Installing: /home/yukki/Downloads/ros_ws/src/install/auto_aim_interfaces/lib/libauto_aim_interfaces__rosidl_typesupport_fastrtps_c.so
[13.164s] -- Set runtime path of "/home/yukki/Downloads/ros_ws/src/install/auto_aim_interfaces/lib/libauto_aim_interfaces__rosidl_typesupport_fastrtps_c.so" to ""
[13.164s] -- Installing: /home/yukki/Downloads/ros_ws/src/install/auto_aim_interfaces/lib/libauto_aim_interfaces__rosidl_typesupport_introspection_c.so
[13.165s] -- Set runtime path of "/home/yukki/Downloads/ros_ws/src/install/auto_aim_interfaces/lib/libauto_aim_interfaces__rosidl_typesupport_introspection_c.so" to ""
[13.165s] -- Installing: /home/yukki/Downloads/ros_ws/src/install/auto_aim_interfaces/lib/libauto_aim_interfaces__rosidl_typesupport_c.so
[13.165s] -- Set runtime path of "/home/yukki/Downloads/ros_ws/src/install/auto_aim_interfaces/lib/libauto_aim_interfaces__rosidl_typesupport_c.so" to ""
[13.165s] -- Installing: /home/yukki/Downloads/ros_ws/src/install/auto_aim_interfaces/lib/libauto_aim_interfaces__rosidl_typesupport_fastrtps_cpp.so
[13.166s] -- Set runtime path of "/home/yukki/Downloads/ros_ws/src/install/auto_aim_interfaces/lib/libauto_aim_interfaces__rosidl_typesupport_fastrtps_cpp.so" to ""
[13.166s] -- Installing: /home/yukki/Downloads/ros_ws/src/install/auto_aim_interfaces/lib/libauto_aim_interfaces__rosidl_typesupport_introspection_cpp.so
[13.167s] -- Set runtime path of "/home/yukki/Downloads/ros_ws/src/install/auto_aim_interfaces/lib/libauto_aim_interfaces__rosidl_typesupport_introspection_cpp.so" to ""
[13.167s] -- Installing: /home/yukki/Downloads/ros_ws/src/install/auto_aim_interfaces/lib/libauto_aim_interfaces__rosidl_typesupport_cpp.so
[13.167s] -- Set runtime path of "/home/yukki/Downloads/ros_ws/src/install/auto_aim_interfaces/lib/libauto_aim_interfaces__rosidl_typesupport_cpp.so" to ""
[13.210s] Listing '/home/yukki/Downloads/ros_ws/src/install/auto_aim_interfaces/local/lib/python3.10/dist-packages/auto_aim_interfaces'...
[13.210s] Compiling '/home/yukki/Downloads/ros_ws/src/install/auto_aim_interfaces/local/lib/python3.10/dist-packages/auto_aim_interfaces/__init__.py'...
[13.210s] Listing '/home/yukki/Downloads/ros_ws/src/install/auto_aim_interfaces/local/lib/python3.10/dist-packages/auto_aim_interfaces/msg'...
[13.210s] Compiling '/home/yukki/Downloads/ros_ws/src/install/auto_aim_interfaces/local/lib/python3.10/dist-packages/auto_aim_interfaces/msg/__init__.py'...
[13.210s] Compiling '/home/yukki/Downloads/ros_ws/src/install/auto_aim_interfaces/local/lib/python3.10/dist-packages/auto_aim_interfaces/msg/_armor.py'...
[13.210s] Compiling '/home/yukki/Downloads/ros_ws/src/install/auto_aim_interfaces/local/lib/python3.10/dist-packages/auto_aim_interfaces/msg/_armors.py'...
[13.210s] Compiling '/home/yukki/Downloads/ros_ws/src/install/auto_aim_interfaces/local/lib/python3.10/dist-packages/auto_aim_interfaces/msg/_debug_armor.py'...
[13.210s] Compiling '/home/yukki/Downloads/ros_ws/src/install/auto_aim_interfaces/local/lib/python3.10/dist-packages/auto_aim_interfaces/msg/_debug_armors.py'...
[13.210s] Compiling '/home/yukki/Downloads/ros_ws/src/install/auto_aim_interfaces/local/lib/python3.10/dist-packages/auto_aim_interfaces/msg/_debug_light.py'...
[13.210s] Compiling '/home/yukki/Downloads/ros_ws/src/install/auto_aim_interfaces/local/lib/python3.10/dist-packages/auto_aim_interfaces/msg/_debug_lights.py'...
[13.211s] Compiling '/home/yukki/Downloads/ros_ws/src/install/auto_aim_interfaces/local/lib/python3.10/dist-packages/auto_aim_interfaces/msg/_debug_rune.py'...
[13.211s] Compiling '/home/yukki/Downloads/ros_ws/src/install/auto_aim_interfaces/local/lib/python3.10/dist-packages/auto_aim_interfaces/msg/_debug_send.py'...
[13.211s] Compiling '/home/yukki/Downloads/ros_ws/src/install/auto_aim_interfaces/local/lib/python3.10/dist-packages/auto_aim_interfaces/msg/_debug_send_armors.py'...
[13.211s] Compiling '/home/yukki/Downloads/ros_ws/src/install/auto_aim_interfaces/local/lib/python3.10/dist-packages/auto_aim_interfaces/msg/_rune.py'...
[13.211s] Compiling '/home/yukki/Downloads/ros_ws/src/install/auto_aim_interfaces/local/lib/python3.10/dist-packages/auto_aim_interfaces/msg/_target.py'...
[13.211s] Compiling '/home/yukki/Downloads/ros_ws/src/install/auto_aim_interfaces/local/lib/python3.10/dist-packages/auto_aim_interfaces/msg/_target_rune.py'...
[13.211s] Compiling '/home/yukki/Downloads/ros_ws/src/install/auto_aim_interfaces/local/lib/python3.10/dist-packages/auto_aim_interfaces/msg/_tracker_info.py'...
[13.214s] -- Installing: /home/yukki/Downloads/ros_ws/src/install/auto_aim_interfaces/lib/libauto_aim_interfaces__rosidl_generator_py.so
[13.215s] -- Set runtime path of "/home/yukki/Downloads/ros_ws/src/install/auto_aim_interfaces/lib/libauto_aim_interfaces__rosidl_generator_py.so" to ""
[13.215s] -- Installing: /home/yukki/Downloads/ros_ws/src/install/auto_aim_interfaces/share/auto_aim_interfaces/cmake/export_auto_aim_interfaces__rosidl_generator_cExport.cmake
[13.215s] -- Installing: /home/yukki/Downloads/ros_ws/src/install/auto_aim_interfaces/share/auto_aim_interfaces/cmake/export_auto_aim_interfaces__rosidl_generator_cExport-noconfig.cmake
[13.216s] -- Installing: /home/yukki/Downloads/ros_ws/src/install/auto_aim_interfaces/share/auto_aim_interfaces/cmake/export_auto_aim_interfaces__rosidl_typesupport_fastrtps_cExport.cmake
[13.216s] -- Installing: /home/yukki/Downloads/ros_ws/src/install/auto_aim_interfaces/share/auto_aim_interfaces/cmake/export_auto_aim_interfaces__rosidl_typesupport_fastrtps_cExport-noconfig.cmake
[13.216s] -- Installing: /home/yukki/Downloads/ros_ws/src/install/auto_aim_interfaces/share/auto_aim_interfaces/cmake/auto_aim_interfaces__rosidl_typesupport_introspection_cExport.cmake
[13.216s] -- Installing: /home/yukki/Downloads/ros_ws/src/install/auto_aim_interfaces/share/auto_aim_interfaces/cmake/auto_aim_interfaces__rosidl_typesupport_introspection_cExport-noconfig.cmake
[13.217s] -- Installing: /home/yukki/Downloads/ros_ws/src/install/auto_aim_interfaces/share/auto_aim_interfaces/cmake/auto_aim_interfaces__rosidl_typesupport_cExport.cmake
[13.217s] -- Installing: /home/yukki/Downloads/ros_ws/src/install/auto_aim_interfaces/share/auto_aim_interfaces/cmake/auto_aim_interfaces__rosidl_typesupport_cExport-noconfig.cmake
[13.217s] -- Installing: /home/yukki/Downloads/ros_ws/src/install/auto_aim_interfaces/share/auto_aim_interfaces/cmake/export_auto_aim_interfaces__rosidl_generator_cppExport.cmake
[13.218s] -- Installing: /home/yukki/Downloads/ros_ws/src/install/auto_aim_interfaces/share/auto_aim_interfaces/cmake/export_auto_aim_interfaces__rosidl_typesupport_fastrtps_cppExport.cmake
[13.218s] -- Installing: /home/yukki/Downloads/ros_ws/src/install/auto_aim_interfaces/share/auto_aim_interfaces/cmake/export_auto_aim_interfaces__rosidl_typesupport_fastrtps_cppExport-noconfig.cmake
[13.218s] -- Installing: /home/yukki/Downloads/ros_ws/src/install/auto_aim_interfaces/share/auto_aim_interfaces/cmake/auto_aim_interfaces__rosidl_typesupport_introspection_cppExport.cmake
[13.218s] -- Installing: /home/yukki/Downloads/ros_ws/src/install/auto_aim_interfaces/share/auto_aim_interfaces/cmake/auto_aim_interfaces__rosidl_typesupport_introspection_cppExport-noconfig.cmake
[13.219s] -- Installing: /home/yukki/Downloads/ros_ws/src/install/auto_aim_interfaces/share/auto_aim_interfaces/cmake/auto_aim_interfaces__rosidl_typesupport_cppExport.cmake
[13.219s] -- Installing: /home/yukki/Downloads/ros_ws/src/install/auto_aim_interfaces/share/auto_aim_interfaces/cmake/auto_aim_interfaces__rosidl_typesupport_cppExport-noconfig.cmake
[13.219s] -- Installing: /home/yukki/Downloads/ros_ws/src/install/auto_aim_interfaces/share/auto_aim_interfaces/cmake/export_auto_aim_interfaces__rosidl_generator_pyExport.cmake
[13.219s] -- Installing: /home/yukki/Downloads/ros_ws/src/install/auto_aim_interfaces/share/auto_aim_interfaces/cmake/export_auto_aim_interfaces__rosidl_generator_pyExport-noconfig.cmake
[13.222s] Invoked command in '/home/yukki/Downloads/ros_ws/src/build/auto_aim_interfaces' returned '0': CMAKE_PREFIX_PATH=${CMAKE_PREFIX_PATH}:/opt/ros/humble /usr/bin/cmake --install /home/yukki/Downloads/ros_ws/src/build/auto_aim_interfaces
