Determining if the function sgemm_ exists failed with the following output:
Change Dir: /home/yukki/Downloads/ros_ws/build/armor_tracker/CMakeFiles/CMakeTmp

Run Build Command(s):/usr/bin/gmake -f Makefile cmTC_a3ece/fast && /usr/bin/gmake  -f CMakeFiles/cmTC_a3ece.dir/build.make CMakeFiles/cmTC_a3ece.dir/build
gmake[1]: Entering directory '/home/yukki/Downloads/ros_ws/build/armor_tracker/CMakeFiles/CMakeTmp'
Building C object CMakeFiles/cmTC_a3ece.dir/CheckFunctionExists.c.o
/usr/bin/cc   -DCHECK_FUNCTION_EXISTS=sgemm_ -o CMakeFiles/cmTC_a3ece.dir/CheckFunctionExists.c.o -c /usr/share/cmake-3.22/Modules/CheckFunctionExists.c
Linking C executable cmTC_a3ece
/usr/bin/cmake -E cmake_link_script CMakeFiles/cmTC_a3ece.dir/link.txt --verbose=1
/usr/bin/cc  -DCHECK_FUNCTION_EXISTS=sgemm_ CMakeFiles/cmTC_a3ece.dir/CheckFunctionExists.c.o -o cmTC_a3ece 
/usr/bin/ld: CMakeFiles/cmTC_a3ece.dir/CheckFunctionExists.c.o: in function `main':
CheckFunctionExists.c:(.text+0x14): undefined reference to `sgemm_'
collect2: error: ld returned 1 exit status
gmake[1]: *** [CMakeFiles/cmTC_a3ece.dir/build.make:99: cmTC_a3ece] Error 1
gmake[1]: Leaving directory '/home/yukki/Downloads/ros_ws/build/armor_tracker/CMakeFiles/CMakeTmp'
gmake: *** [Makefile:127: cmTC_a3ece/fast] Error 2



Determining if the function cheev_ exists failed with the following output:
Change Dir: /home/yukki/Downloads/ros_ws/build/armor_tracker/CMakeFiles/CMakeTmp

Run Build Command(s):/usr/bin/gmake -f Makefile cmTC_f115f/fast && /usr/bin/gmake  -f CMakeFiles/cmTC_f115f.dir/build.make CMakeFiles/cmTC_f115f.dir/build
gmake[1]: Entering directory '/home/yukki/Downloads/ros_ws/build/armor_tracker/CMakeFiles/CMakeTmp'
Building C object CMakeFiles/cmTC_f115f.dir/CheckFunctionExists.c.o
/usr/bin/cc   -DCHECK_FUNCTION_EXISTS=cheev_ -o CMakeFiles/cmTC_f115f.dir/CheckFunctionExists.c.o -c /usr/share/cmake-3.22/Modules/CheckFunctionExists.c
Linking C executable cmTC_f115f
/usr/bin/cmake -E cmake_link_script CMakeFiles/cmTC_f115f.dir/link.txt --verbose=1
/usr/bin/cc  -DCHECK_FUNCTION_EXISTS=cheev_ CMakeFiles/cmTC_f115f.dir/CheckFunctionExists.c.o -o cmTC_f115f  /usr/lib/x86_64-linux-gnu/libblas.so /usr/lib/x86_64-linux-gnu/libf77blas.so /usr/lib/x86_64-linux-gnu/libatlas.so -lm -ldl 
/usr/bin/ld: CMakeFiles/cmTC_f115f.dir/CheckFunctionExists.c.o: in function `main':
CheckFunctionExists.c:(.text+0x14): undefined reference to `cheev_'
collect2: error: ld returned 1 exit status
gmake[1]: *** [CMakeFiles/cmTC_f115f.dir/build.make:102: cmTC_f115f] Error 1
gmake[1]: Leaving directory '/home/yukki/Downloads/ros_ws/build/armor_tracker/CMakeFiles/CMakeTmp'
gmake: *** [Makefile:127: cmTC_f115f/fast] Error 2



Determining if the function cheev_ exists failed with the following output:
Change Dir: /home/yukki/Downloads/ros_ws/build/armor_tracker/CMakeFiles/CMakeTmp

Run Build Command(s):/usr/bin/gmake -f Makefile cmTC_43902/fast && /usr/bin/gmake  -f CMakeFiles/cmTC_43902.dir/build.make CMakeFiles/cmTC_43902.dir/build
gmake[1]: Entering directory '/home/yukki/Downloads/ros_ws/build/armor_tracker/CMakeFiles/CMakeTmp'
Building C object CMakeFiles/cmTC_43902.dir/CheckFunctionExists.c.o
/usr/bin/cc   -DCHECK_FUNCTION_EXISTS=cheev_ -o CMakeFiles/cmTC_43902.dir/CheckFunctionExists.c.o -c /usr/share/cmake-3.22/Modules/CheckFunctionExists.c
Linking C executable cmTC_43902
/usr/bin/cmake -E cmake_link_script CMakeFiles/cmTC_43902.dir/link.txt --verbose=1
/usr/bin/cc  -DCHECK_FUNCTION_EXISTS=cheev_ CMakeFiles/cmTC_43902.dir/CheckFunctionExists.c.o -o cmTC_43902  /usr/lib/x86_64-linux-gnu/liblapack.so /usr/lib/x86_64-linux-gnu/libblas.so /usr/lib/x86_64-linux-gnu/libf77blas.so /usr/lib/x86_64-linux-gnu/libatlas.so -fortranlibs 
cc: error: unrecognized command-line option ‘-fortranlibs’
gmake[1]: *** [CMakeFiles/cmTC_43902.dir/build.make:103: cmTC_43902] Error 1
gmake[1]: Leaving directory '/home/yukki/Downloads/ros_ws/build/armor_tracker/CMakeFiles/CMakeTmp'
gmake: *** [Makefile:127: cmTC_43902/fast] Error 2



